ARM GAS  C:\Users\latao\AppData\Local\Temp\ccsPZzIW.s 			page 1


   1              		.syntax unified
   2              		.cpu cortex-m0
   3              		.fpu softvfp
   4              		.eabi_attribute 20, 1
   5              		.eabi_attribute 21, 1
   6              		.eabi_attribute 23, 3
   7              		.eabi_attribute 24, 1
   8              		.eabi_attribute 25, 1
   9              		.eabi_attribute 26, 1
  10              		.eabi_attribute 30, 1
  11              		.eabi_attribute 34, 0
  12              		.eabi_attribute 18, 4
  13              		.thumb
  14              		.syntax unified
  15              		.file	"cyfitter_cfg.c"
  16              		.text
  17              	.Ltext0:
  18              		.cfi_sections	.debug_frame
  19              		.section	.text.cfg_write_bytes32,"ax",%progbits
  20              		.align	2
  21              		.code	16
  22              		.thumb_func
  23              		.type	cfg_write_bytes32, %function
  24              	cfg_write_bytes32:
  25              	.LFB3:
  26              		.file 1 "Generated_Source\\PSoC4\\cyfitter_cfg.c"
   1:Generated_Source\PSoC4/cyfitter_cfg.c **** 
   2:Generated_Source\PSoC4/cyfitter_cfg.c **** /*******************************************************************************
   3:Generated_Source\PSoC4/cyfitter_cfg.c **** * File Name: cyfitter_cfg.c
   4:Generated_Source\PSoC4/cyfitter_cfg.c **** * 
   5:Generated_Source\PSoC4/cyfitter_cfg.c **** * PSoC Creator  4.4
   6:Generated_Source\PSoC4/cyfitter_cfg.c **** *
   7:Generated_Source\PSoC4/cyfitter_cfg.c **** * Description:
   8:Generated_Source\PSoC4/cyfitter_cfg.c **** * This file contains device initialization code.
   9:Generated_Source\PSoC4/cyfitter_cfg.c **** * Except for the user defined sections in CyClockStartupError(), this file should not be modified.
  10:Generated_Source\PSoC4/cyfitter_cfg.c **** * This file is automatically generated by PSoC Creator.
  11:Generated_Source\PSoC4/cyfitter_cfg.c **** *
  12:Generated_Source\PSoC4/cyfitter_cfg.c **** ********************************************************************************
  13:Generated_Source\PSoC4/cyfitter_cfg.c **** * Copyright (c) 2007-2020 Cypress Semiconductor.  All rights reserved.
  14:Generated_Source\PSoC4/cyfitter_cfg.c **** * You may use this file only in accordance with the license, terms, conditions, 
  15:Generated_Source\PSoC4/cyfitter_cfg.c **** * disclaimers, and limitations in the end user license agreement accompanying 
  16:Generated_Source\PSoC4/cyfitter_cfg.c **** * the software package with which this file was provided.
  17:Generated_Source\PSoC4/cyfitter_cfg.c **** ********************************************************************************/
  18:Generated_Source\PSoC4/cyfitter_cfg.c **** 
  19:Generated_Source\PSoC4/cyfitter_cfg.c **** #include <string.h>
  20:Generated_Source\PSoC4/cyfitter_cfg.c **** #include "cytypes.h"
  21:Generated_Source\PSoC4/cyfitter_cfg.c **** #include "cydevice_trm.h"
  22:Generated_Source\PSoC4/cyfitter_cfg.c **** #include "cyfitter.h"
  23:Generated_Source\PSoC4/cyfitter_cfg.c **** #include "CyLib.h"
  24:Generated_Source\PSoC4/cyfitter_cfg.c **** #include "CyLFClk.h"
  25:Generated_Source\PSoC4/cyfitter_cfg.c **** #include "cyfitter_cfg.h"
  26:Generated_Source\PSoC4/cyfitter_cfg.c **** #include "cyapicallbacks.h"
  27:Generated_Source\PSoC4/cyfitter_cfg.c **** 
  28:Generated_Source\PSoC4/cyfitter_cfg.c **** 
  29:Generated_Source\PSoC4/cyfitter_cfg.c **** #if defined(__GNUC__) || defined(__ARMCC_VERSION)
  30:Generated_Source\PSoC4/cyfitter_cfg.c ****     #define CYPACKED 
  31:Generated_Source\PSoC4/cyfitter_cfg.c ****     #define CYPACKED_ATTR __attribute__ ((packed))
ARM GAS  C:\Users\latao\AppData\Local\Temp\ccsPZzIW.s 			page 2


  32:Generated_Source\PSoC4/cyfitter_cfg.c ****     #define CYALIGNED __attribute__ ((aligned))
  33:Generated_Source\PSoC4/cyfitter_cfg.c ****     #define CY_CFG_UNUSED __attribute__ ((unused))
  34:Generated_Source\PSoC4/cyfitter_cfg.c ****     #ifndef CY_CFG_SECTION
  35:Generated_Source\PSoC4/cyfitter_cfg.c ****         #define CY_CFG_SECTION __attribute__ ((section(".psocinit")))
  36:Generated_Source\PSoC4/cyfitter_cfg.c ****     #endif
  37:Generated_Source\PSoC4/cyfitter_cfg.c ****     
  38:Generated_Source\PSoC4/cyfitter_cfg.c ****     #if defined(__ARMCC_VERSION)
  39:Generated_Source\PSoC4/cyfitter_cfg.c ****         #define CY_CFG_MEMORY_BARRIER() __memory_changed()
  40:Generated_Source\PSoC4/cyfitter_cfg.c ****     #else
  41:Generated_Source\PSoC4/cyfitter_cfg.c ****         #define CY_CFG_MEMORY_BARRIER() __sync_synchronize()
  42:Generated_Source\PSoC4/cyfitter_cfg.c ****     #endif
  43:Generated_Source\PSoC4/cyfitter_cfg.c ****     
  44:Generated_Source\PSoC4/cyfitter_cfg.c **** #elif defined(__ICCARM__)
  45:Generated_Source\PSoC4/cyfitter_cfg.c ****     #include <intrinsics.h>
  46:Generated_Source\PSoC4/cyfitter_cfg.c **** 
  47:Generated_Source\PSoC4/cyfitter_cfg.c ****     #define CYPACKED __packed
  48:Generated_Source\PSoC4/cyfitter_cfg.c ****     #define CYPACKED_ATTR 
  49:Generated_Source\PSoC4/cyfitter_cfg.c ****     #define CYALIGNED _Pragma("data_alignment=4")
  50:Generated_Source\PSoC4/cyfitter_cfg.c ****     #define CY_CFG_UNUSED _Pragma("diag_suppress=Pe177")
  51:Generated_Source\PSoC4/cyfitter_cfg.c ****     #define CY_CFG_SECTION _Pragma("location=\".psocinit\"")
  52:Generated_Source\PSoC4/cyfitter_cfg.c ****     
  53:Generated_Source\PSoC4/cyfitter_cfg.c ****     #define CY_CFG_MEMORY_BARRIER() __DMB()
  54:Generated_Source\PSoC4/cyfitter_cfg.c ****     
  55:Generated_Source\PSoC4/cyfitter_cfg.c **** #else
  56:Generated_Source\PSoC4/cyfitter_cfg.c ****     #error Unsupported toolchain
  57:Generated_Source\PSoC4/cyfitter_cfg.c **** #endif
  58:Generated_Source\PSoC4/cyfitter_cfg.c **** 
  59:Generated_Source\PSoC4/cyfitter_cfg.c **** #ifndef CYCODE
  60:Generated_Source\PSoC4/cyfitter_cfg.c ****     #define CYCODE
  61:Generated_Source\PSoC4/cyfitter_cfg.c **** #endif
  62:Generated_Source\PSoC4/cyfitter_cfg.c **** #ifndef CYDATA
  63:Generated_Source\PSoC4/cyfitter_cfg.c ****     #define CYDATA
  64:Generated_Source\PSoC4/cyfitter_cfg.c **** #endif
  65:Generated_Source\PSoC4/cyfitter_cfg.c **** #ifndef CYFAR
  66:Generated_Source\PSoC4/cyfitter_cfg.c ****     #define CYFAR
  67:Generated_Source\PSoC4/cyfitter_cfg.c **** #endif
  68:Generated_Source\PSoC4/cyfitter_cfg.c **** #ifndef CYXDATA
  69:Generated_Source\PSoC4/cyfitter_cfg.c ****     #define CYXDATA
  70:Generated_Source\PSoC4/cyfitter_cfg.c **** #endif
  71:Generated_Source\PSoC4/cyfitter_cfg.c **** 
  72:Generated_Source\PSoC4/cyfitter_cfg.c **** 
  73:Generated_Source\PSoC4/cyfitter_cfg.c **** CY_CFG_UNUSED
  74:Generated_Source\PSoC4/cyfitter_cfg.c **** static void CYMEMZERO(void *s, size_t n);
  75:Generated_Source\PSoC4/cyfitter_cfg.c **** CY_CFG_UNUSED
  76:Generated_Source\PSoC4/cyfitter_cfg.c **** static void CYMEMZERO(void *s, size_t n)
  77:Generated_Source\PSoC4/cyfitter_cfg.c **** {
  78:Generated_Source\PSoC4/cyfitter_cfg.c **** 	(void)memset(s, 0, n);
  79:Generated_Source\PSoC4/cyfitter_cfg.c **** }
  80:Generated_Source\PSoC4/cyfitter_cfg.c **** CY_CFG_UNUSED
  81:Generated_Source\PSoC4/cyfitter_cfg.c **** static void CYCONFIGCPY(void *dest, const void *src, size_t n);
  82:Generated_Source\PSoC4/cyfitter_cfg.c **** CY_CFG_UNUSED
  83:Generated_Source\PSoC4/cyfitter_cfg.c **** static void CYCONFIGCPY(void *dest, const void *src, size_t n)
  84:Generated_Source\PSoC4/cyfitter_cfg.c **** {
  85:Generated_Source\PSoC4/cyfitter_cfg.c **** 	(void)memcpy(dest, src, n);
  86:Generated_Source\PSoC4/cyfitter_cfg.c **** }
  87:Generated_Source\PSoC4/cyfitter_cfg.c **** CY_CFG_UNUSED
  88:Generated_Source\PSoC4/cyfitter_cfg.c **** static void CYCONFIGCPYCODE(void *dest, const void *src, size_t n);
ARM GAS  C:\Users\latao\AppData\Local\Temp\ccsPZzIW.s 			page 3


  89:Generated_Source\PSoC4/cyfitter_cfg.c **** CY_CFG_UNUSED
  90:Generated_Source\PSoC4/cyfitter_cfg.c **** static void CYCONFIGCPYCODE(void *dest, const void *src, size_t n)
  91:Generated_Source\PSoC4/cyfitter_cfg.c **** {
  92:Generated_Source\PSoC4/cyfitter_cfg.c **** 	(void)memcpy(dest, src, n);
  93:Generated_Source\PSoC4/cyfitter_cfg.c **** }
  94:Generated_Source\PSoC4/cyfitter_cfg.c **** 
  95:Generated_Source\PSoC4/cyfitter_cfg.c **** 
  96:Generated_Source\PSoC4/cyfitter_cfg.c **** 
  97:Generated_Source\PSoC4/cyfitter_cfg.c **** 
  98:Generated_Source\PSoC4/cyfitter_cfg.c **** /* Clock startup error codes                                                   */
  99:Generated_Source\PSoC4/cyfitter_cfg.c **** #define CYCLOCKSTART_NO_ERROR    0u
 100:Generated_Source\PSoC4/cyfitter_cfg.c **** #define CYCLOCKSTART_XTAL_ERROR  1u
 101:Generated_Source\PSoC4/cyfitter_cfg.c **** #define CYCLOCKSTART_32KHZ_ERROR 2u
 102:Generated_Source\PSoC4/cyfitter_cfg.c **** #define CYCLOCKSTART_PLL_ERROR   3u
 103:Generated_Source\PSoC4/cyfitter_cfg.c **** #define CYCLOCKSTART_FLL_ERROR   4u
 104:Generated_Source\PSoC4/cyfitter_cfg.c **** #define CYCLOCKSTART_WCO_ERROR   5u
 105:Generated_Source\PSoC4/cyfitter_cfg.c **** 
 106:Generated_Source\PSoC4/cyfitter_cfg.c **** 
 107:Generated_Source\PSoC4/cyfitter_cfg.c **** #ifdef CY_NEED_CYCLOCKSTARTUPERROR
 108:Generated_Source\PSoC4/cyfitter_cfg.c **** /*******************************************************************************
 109:Generated_Source\PSoC4/cyfitter_cfg.c **** * Function Name: CyClockStartupError
 110:Generated_Source\PSoC4/cyfitter_cfg.c **** ********************************************************************************
 111:Generated_Source\PSoC4/cyfitter_cfg.c **** * Summary:
 112:Generated_Source\PSoC4/cyfitter_cfg.c **** *  If an error is encountered during clock configuration (crystal startup error,
 113:Generated_Source\PSoC4/cyfitter_cfg.c **** *  PLL lock error, etc.), the system will end up here.  Unless reimplemented by
 114:Generated_Source\PSoC4/cyfitter_cfg.c **** *  the customer, this function will stop in an infinite loop.
 115:Generated_Source\PSoC4/cyfitter_cfg.c **** *
 116:Generated_Source\PSoC4/cyfitter_cfg.c **** * Parameters:
 117:Generated_Source\PSoC4/cyfitter_cfg.c **** *   void
 118:Generated_Source\PSoC4/cyfitter_cfg.c **** *
 119:Generated_Source\PSoC4/cyfitter_cfg.c **** * Return:
 120:Generated_Source\PSoC4/cyfitter_cfg.c **** *   void
 121:Generated_Source\PSoC4/cyfitter_cfg.c **** *
 122:Generated_Source\PSoC4/cyfitter_cfg.c **** *******************************************************************************/
 123:Generated_Source\PSoC4/cyfitter_cfg.c **** CY_CFG_UNUSED
 124:Generated_Source\PSoC4/cyfitter_cfg.c **** static void CyClockStartupError(uint8 errorCode);
 125:Generated_Source\PSoC4/cyfitter_cfg.c **** CY_CFG_UNUSED
 126:Generated_Source\PSoC4/cyfitter_cfg.c **** static void CyClockStartupError(uint8 errorCode)
 127:Generated_Source\PSoC4/cyfitter_cfg.c **** {
 128:Generated_Source\PSoC4/cyfitter_cfg.c ****     /* To remove the compiler warning if errorCode not used.                */
 129:Generated_Source\PSoC4/cyfitter_cfg.c ****     errorCode = errorCode;
 130:Generated_Source\PSoC4/cyfitter_cfg.c **** 
 131:Generated_Source\PSoC4/cyfitter_cfg.c ****     /* If we have a clock startup error (bad MHz crystal, PLL lock, etc.),  */
 132:Generated_Source\PSoC4/cyfitter_cfg.c ****     /* we will end up here to allow the customer to implement something to  */
 133:Generated_Source\PSoC4/cyfitter_cfg.c ****     /* deal with the clock condition.                                       */
 134:Generated_Source\PSoC4/cyfitter_cfg.c **** 
 135:Generated_Source\PSoC4/cyfitter_cfg.c **** #ifdef CY_CFG_CLOCK_STARTUP_ERROR_CALLBACK
 136:Generated_Source\PSoC4/cyfitter_cfg.c ****     CY_CFG_Clock_Startup_ErrorCallback();
 137:Generated_Source\PSoC4/cyfitter_cfg.c **** #else
 138:Generated_Source\PSoC4/cyfitter_cfg.c ****     /*  If not using CY_CFG_CLOCK_STARTUP_ERROR_CALLBACK, place your clock startup code here. */
 139:Generated_Source\PSoC4/cyfitter_cfg.c ****     /* `#START CyClockStartupError` */
 140:Generated_Source\PSoC4/cyfitter_cfg.c **** 
 141:Generated_Source\PSoC4/cyfitter_cfg.c **** 
 142:Generated_Source\PSoC4/cyfitter_cfg.c **** 
 143:Generated_Source\PSoC4/cyfitter_cfg.c ****     /* `#END` */
 144:Generated_Source\PSoC4/cyfitter_cfg.c **** 
 145:Generated_Source\PSoC4/cyfitter_cfg.c ****     while(1) {}
ARM GAS  C:\Users\latao\AppData\Local\Temp\ccsPZzIW.s 			page 4


 146:Generated_Source\PSoC4/cyfitter_cfg.c **** #endif /* CY_CFG_CLOCK_STARTUP_ERROR_CALLBACK */
 147:Generated_Source\PSoC4/cyfitter_cfg.c **** }
 148:Generated_Source\PSoC4/cyfitter_cfg.c **** #endif
 149:Generated_Source\PSoC4/cyfitter_cfg.c **** 
 150:Generated_Source\PSoC4/cyfitter_cfg.c **** #define CY_CFG_BASE_ADDR_COUNT 4u
 151:Generated_Source\PSoC4/cyfitter_cfg.c **** CYPACKED typedef struct
 152:Generated_Source\PSoC4/cyfitter_cfg.c **** {
 153:Generated_Source\PSoC4/cyfitter_cfg.c **** 	uint8 offset;
 154:Generated_Source\PSoC4/cyfitter_cfg.c **** 	uint8 value;
 155:Generated_Source\PSoC4/cyfitter_cfg.c **** } CYPACKED_ATTR cy_cfg_addrvalue_t;
 156:Generated_Source\PSoC4/cyfitter_cfg.c **** 
 157:Generated_Source\PSoC4/cyfitter_cfg.c **** 
 158:Generated_Source\PSoC4/cyfitter_cfg.c **** 
 159:Generated_Source\PSoC4/cyfitter_cfg.c **** /*******************************************************************************
 160:Generated_Source\PSoC4/cyfitter_cfg.c **** * Function Name: cfg_write_bytes32
 161:Generated_Source\PSoC4/cyfitter_cfg.c **** ********************************************************************************
 162:Generated_Source\PSoC4/cyfitter_cfg.c **** * Summary:
 163:Generated_Source\PSoC4/cyfitter_cfg.c **** *  This function is used for setting up the chip configuration areas that
 164:Generated_Source\PSoC4/cyfitter_cfg.c **** *  contain relatively sparse data.
 165:Generated_Source\PSoC4/cyfitter_cfg.c **** *
 166:Generated_Source\PSoC4/cyfitter_cfg.c **** * Parameters:
 167:Generated_Source\PSoC4/cyfitter_cfg.c **** *   void
 168:Generated_Source\PSoC4/cyfitter_cfg.c **** *
 169:Generated_Source\PSoC4/cyfitter_cfg.c **** * Return:
 170:Generated_Source\PSoC4/cyfitter_cfg.c **** *   void
 171:Generated_Source\PSoC4/cyfitter_cfg.c **** *
 172:Generated_Source\PSoC4/cyfitter_cfg.c **** *******************************************************************************/
 173:Generated_Source\PSoC4/cyfitter_cfg.c **** static void cfg_write_bytes32(const uint32 addr_table[], const cy_cfg_addrvalue_t data_table[]);
 174:Generated_Source\PSoC4/cyfitter_cfg.c **** static void cfg_write_bytes32(const uint32 addr_table[], const cy_cfg_addrvalue_t data_table[])
 175:Generated_Source\PSoC4/cyfitter_cfg.c **** {
  27              		.loc 1 175 0
  28              		.cfi_startproc
  29              		@ args = 0, pretend = 0, frame = 0
  30              		@ frame_needed = 0, uses_anonymous_args = 0
  31              	.LVL0:
  32 0000 F0B5     		push	{r4, r5, r6, r7, lr}
  33              		.cfi_def_cfa_offset 20
  34              		.cfi_offset 4, -20
  35              		.cfi_offset 5, -16
  36              		.cfi_offset 6, -12
  37              		.cfi_offset 7, -8
  38              		.cfi_offset 14, -4
  39              	.LVL1:
 176:Generated_Source\PSoC4/cyfitter_cfg.c **** 	/* For 32-bit little-endian architectures */
 177:Generated_Source\PSoC4/cyfitter_cfg.c **** 	uint32 i, j = 0u;
  40              		.loc 1 177 0
  41 0002 0025     		movs	r5, #0
 178:Generated_Source\PSoC4/cyfitter_cfg.c **** 	for (i = 0u; i < CY_CFG_BASE_ADDR_COUNT; i++)
  42              		.loc 1 178 0
  43 0004 0027     		movs	r7, #0
  44 0006 11E0     		b	.L2
  45              	.LVL2:
  46              	.L5:
  47              	.LBB2:
 179:Generated_Source\PSoC4/cyfitter_cfg.c **** 	{
 180:Generated_Source\PSoC4/cyfitter_cfg.c **** 		uint32 baseAddr = addr_table[i];
  48              		.loc 1 180 0
ARM GAS  C:\Users\latao\AppData\Local\Temp\ccsPZzIW.s 			page 5


  49 0008 BB00     		lsls	r3, r7, #2
  50 000a C658     		ldr	r6, [r0, r3]
  51              	.LVL3:
 181:Generated_Source\PSoC4/cyfitter_cfg.c **** 		uint8 count = (uint8)baseAddr;
  52              		.loc 1 181 0
  53 000c F3B2     		uxtb	r3, r6
  54              	.LVL4:
 182:Generated_Source\PSoC4/cyfitter_cfg.c **** 		baseAddr &= 0xFFFFFF00u;
  55              		.loc 1 182 0
  56 000e FF22     		movs	r2, #255
  57 0010 9643     		bics	r6, r2
  58              	.LVL5:
 183:Generated_Source\PSoC4/cyfitter_cfg.c **** 		while (count != 0u)
  59              		.loc 1 183 0
  60 0012 08E0     		b	.L3
  61              	.L4:
 184:Generated_Source\PSoC4/cyfitter_cfg.c **** 		{
 185:Generated_Source\PSoC4/cyfitter_cfg.c **** 			CY_SET_REG8((void *)(baseAddr + data_table[j].offset), data_table[j].value);
  62              		.loc 1 185 0
  63 0014 6A00     		lsls	r2, r5, #1
  64 0016 8A18     		adds	r2, r1, r2
  65 0018 1478     		ldrb	r4, [r2]
  66 001a A419     		adds	r4, r4, r6
  67 001c 5278     		ldrb	r2, [r2, #1]
  68 001e 2270     		strb	r2, [r4]
 186:Generated_Source\PSoC4/cyfitter_cfg.c **** 			j++;
  69              		.loc 1 186 0
  70 0020 0135     		adds	r5, r5, #1
  71              	.LVL6:
 187:Generated_Source\PSoC4/cyfitter_cfg.c **** 			count--;
  72              		.loc 1 187 0
  73 0022 013B     		subs	r3, r3, #1
  74              	.LVL7:
  75 0024 DBB2     		uxtb	r3, r3
  76              	.LVL8:
  77              	.L3:
 183:Generated_Source\PSoC4/cyfitter_cfg.c **** 		{
  78              		.loc 1 183 0
  79 0026 002B     		cmp	r3, #0
  80 0028 F4D1     		bne	.L4
  81              	.LBE2:
 178:Generated_Source\PSoC4/cyfitter_cfg.c **** 	{
  82              		.loc 1 178 0 discriminator 2
  83 002a 0137     		adds	r7, r7, #1
  84              	.LVL9:
  85              	.L2:
 178:Generated_Source\PSoC4/cyfitter_cfg.c **** 	{
  86              		.loc 1 178 0 is_stmt 0 discriminator 1
  87 002c 032F     		cmp	r7, #3
  88 002e EBD9     		bls	.L5
 188:Generated_Source\PSoC4/cyfitter_cfg.c **** 		}
 189:Generated_Source\PSoC4/cyfitter_cfg.c **** 	}
 190:Generated_Source\PSoC4/cyfitter_cfg.c **** }
  89              		.loc 1 190 0 is_stmt 1
  90              		@ sp needed
  91              	.LVL10:
  92              	.LVL11:
ARM GAS  C:\Users\latao\AppData\Local\Temp\ccsPZzIW.s 			page 6


  93 0030 F0BD     		pop	{r4, r5, r6, r7, pc}
  94              		.cfi_endproc
  95              	.LFE3:
  96              		.size	cfg_write_bytes32, .-cfg_write_bytes32
  97 0032 C046     		.section	.text.CYMEMZERO,"ax",%progbits
  98              		.align	2
  99              		.code	16
 100              		.thumb_func
 101              		.type	CYMEMZERO, %function
 102              	CYMEMZERO:
 103              	.LFB0:
  77:Generated_Source\PSoC4/cyfitter_cfg.c **** 	(void)memset(s, 0, n);
 104              		.loc 1 77 0
 105              		.cfi_startproc
 106              		@ args = 0, pretend = 0, frame = 0
 107              		@ frame_needed = 0, uses_anonymous_args = 0
 108              	.LVL12:
 109 0000 10B5     		push	{r4, lr}
 110              		.cfi_def_cfa_offset 8
 111              		.cfi_offset 4, -8
 112              		.cfi_offset 14, -4
 113 0002 0A00     		movs	r2, r1
  78:Generated_Source\PSoC4/cyfitter_cfg.c **** }
 114              		.loc 1 78 0
 115 0004 0021     		movs	r1, #0
 116              	.LVL13:
 117 0006 FFF7FEFF 		bl	memset
 118              	.LVL14:
  79:Generated_Source\PSoC4/cyfitter_cfg.c **** CY_CFG_UNUSED
 119              		.loc 1 79 0
 120              		@ sp needed
 121 000a 10BD     		pop	{r4, pc}
 122              		.cfi_endproc
 123              	.LFE0:
 124              		.size	CYMEMZERO, .-CYMEMZERO
 125              		.section	.psocinit,"ax",%progbits
 126              		.align	2
 127              		.code	16
 128              		.thumb_func
 129              		.type	ClockSetup, %function
 130              	ClockSetup:
 131              	.LFB4:
 191:Generated_Source\PSoC4/cyfitter_cfg.c **** 
 192:Generated_Source\PSoC4/cyfitter_cfg.c **** 
 193:Generated_Source\PSoC4/cyfitter_cfg.c **** /*******************************************************************************
 194:Generated_Source\PSoC4/cyfitter_cfg.c **** * Function Name: ClockSetup
 195:Generated_Source\PSoC4/cyfitter_cfg.c **** ********************************************************************************
 196:Generated_Source\PSoC4/cyfitter_cfg.c **** *
 197:Generated_Source\PSoC4/cyfitter_cfg.c **** * Summary:
 198:Generated_Source\PSoC4/cyfitter_cfg.c **** *   Performs the initialization of all of the clocks in the device based on the
 199:Generated_Source\PSoC4/cyfitter_cfg.c **** *   settings in the Clock tab of the DWR.  This includes enabling the requested
 200:Generated_Source\PSoC4/cyfitter_cfg.c **** *   clocks and setting the necessary dividers to produce the desired frequency. 
 201:Generated_Source\PSoC4/cyfitter_cfg.c **** *
 202:Generated_Source\PSoC4/cyfitter_cfg.c **** * Parameters:
 203:Generated_Source\PSoC4/cyfitter_cfg.c **** *   void
 204:Generated_Source\PSoC4/cyfitter_cfg.c **** *
 205:Generated_Source\PSoC4/cyfitter_cfg.c **** * Return:
ARM GAS  C:\Users\latao\AppData\Local\Temp\ccsPZzIW.s 			page 7


 206:Generated_Source\PSoC4/cyfitter_cfg.c **** *   void
 207:Generated_Source\PSoC4/cyfitter_cfg.c **** *
 208:Generated_Source\PSoC4/cyfitter_cfg.c **** *******************************************************************************/
 209:Generated_Source\PSoC4/cyfitter_cfg.c **** static void ClockSetup(void);
 210:Generated_Source\PSoC4/cyfitter_cfg.c **** CY_CFG_SECTION
 211:Generated_Source\PSoC4/cyfitter_cfg.c **** static void ClockSetup(void)
 212:Generated_Source\PSoC4/cyfitter_cfg.c **** {
 132              		.loc 1 212 0
 133              		.cfi_startproc
 134              		@ args = 0, pretend = 0, frame = 0
 135              		@ frame_needed = 0, uses_anonymous_args = 0
 136 0000 70B5     		push	{r4, r5, r6, lr}
 137              		.cfi_def_cfa_offset 16
 138              		.cfi_offset 4, -16
 139              		.cfi_offset 5, -12
 140              		.cfi_offset 6, -8
 141              		.cfi_offset 14, -4
 213:Generated_Source\PSoC4/cyfitter_cfg.c **** 	/* Enable HALF_EN before trimming for the flash accelerator. */
 214:Generated_Source\PSoC4/cyfitter_cfg.c **** 	CY_SET_REG32((void CYXDATA *)(CYREG_CLK_SELECT), (CY_GET_REG32((void *)CYREG_CLK_SELECT) | 0x00040
 142              		.loc 1 214 0
 143 0002 134C     		ldr	r4, .L8
 144 0004 2368     		ldr	r3, [r4]
 145 0006 8022     		movs	r2, #128
 146 0008 D202     		lsls	r2, r2, #11
 147 000a 1343     		orrs	r3, r2
 148 000c 2360     		str	r3, [r4]
 215:Generated_Source\PSoC4/cyfitter_cfg.c **** 
 216:Generated_Source\PSoC4/cyfitter_cfg.c **** 	/* Setup and trim IMO based on desired frequency. */
 217:Generated_Source\PSoC4/cyfitter_cfg.c **** 	CySysClkWriteImoFreq(24u);
 149              		.loc 1 217 0
 150 000e 1820     		movs	r0, #24
 151 0010 FFF7FEFF 		bl	CySysClkWriteImoFreq
 152              	.LVL15:
 218:Generated_Source\PSoC4/cyfitter_cfg.c **** 
 219:Generated_Source\PSoC4/cyfitter_cfg.c **** 	/* Disable HALF_EN since it is not required at this IMO frequency. */
 220:Generated_Source\PSoC4/cyfitter_cfg.c **** 	CY_SET_REG32((void CYXDATA *)(CYREG_CLK_SELECT), (CY_GET_REG32((void *)CYREG_CLK_SELECT) & 0xFFFBF
 153              		.loc 1 220 0
 154 0014 2268     		ldr	r2, [r4]
 155 0016 0F4B     		ldr	r3, .L8+4
 156 0018 1340     		ands	r3, r2
 157 001a 2360     		str	r3, [r4]
 221:Generated_Source\PSoC4/cyfitter_cfg.c **** 	/* CYDEV_CLK_ILO_CONFIG Starting address: CYDEV_CLK_ILO_CONFIG */
 222:Generated_Source\PSoC4/cyfitter_cfg.c **** 	CY_SET_REG32((void *)(CYREG_CLK_ILO_CONFIG), 0x80000006u);
 158              		.loc 1 222 0
 159 001c 0E4A     		ldr	r2, .L8+8
 160 001e 0F4B     		ldr	r3, .L8+12
 161 0020 1A60     		str	r2, [r3]
 223:Generated_Source\PSoC4/cyfitter_cfg.c **** 
 224:Generated_Source\PSoC4/cyfitter_cfg.c **** 
 225:Generated_Source\PSoC4/cyfitter_cfg.c **** 	/* CYDEV_CLK_SELECT00 Starting address: CYDEV_CLK_SELECT00 */
 226:Generated_Source\PSoC4/cyfitter_cfg.c **** 	CY_SET_REG32((void *)(CYREG_CLK_SELECT12), 0x00000010u);
 162              		.loc 1 226 0
 163 0022 1022     		movs	r2, #16
 164 0024 0E4B     		ldr	r3, .L8+16
 165 0026 1A60     		str	r2, [r3]
 227:Generated_Source\PSoC4/cyfitter_cfg.c **** 
 228:Generated_Source\PSoC4/cyfitter_cfg.c **** 	/* CYDEV_CLK_IMO_CONFIG Starting address: CYDEV_CLK_IMO_CONFIG */
ARM GAS  C:\Users\latao\AppData\Local\Temp\ccsPZzIW.s 			page 8


 229:Generated_Source\PSoC4/cyfitter_cfg.c **** 	CY_SET_REG32((void *)(CYREG_CLK_IMO_CONFIG), 0x80000000u);
 166              		.loc 1 229 0
 167 0028 8022     		movs	r2, #128
 168 002a 1206     		lsls	r2, r2, #24
 169 002c 0D4B     		ldr	r3, .L8+20
 170 002e 1A60     		str	r2, [r3]
 230:Generated_Source\PSoC4/cyfitter_cfg.c **** 
 231:Generated_Source\PSoC4/cyfitter_cfg.c **** 	/* CYDEV_CLK_SELECT Starting address: CYDEV_CLK_SELECT */
 232:Generated_Source\PSoC4/cyfitter_cfg.c **** 	CY_SET_REG32((void *)(CYREG_CLK_SELECT), 0x00000000u);
 171              		.loc 1 232 0
 172 0030 0025     		movs	r5, #0
 173 0032 2560     		str	r5, [r4]
 233:Generated_Source\PSoC4/cyfitter_cfg.c **** 
 234:Generated_Source\PSoC4/cyfitter_cfg.c **** 	/* CYDEV_CLK_DIVIDER_A00 Starting address: CYDEV_CLK_DIVIDER_A00 */
 235:Generated_Source\PSoC4/cyfitter_cfg.c **** 	CY_SET_REG32((void *)(CYREG_CLK_DIVIDER_A00), 0x8000752Fu);
 174              		.loc 1 235 0
 175 0034 0C4A     		ldr	r2, .L8+24
 176 0036 0D4B     		ldr	r3, .L8+28
 177 0038 1A60     		str	r2, [r3]
 236:Generated_Source\PSoC4/cyfitter_cfg.c **** 
 237:Generated_Source\PSoC4/cyfitter_cfg.c **** 	(void)CyIntSetVector(9u, &CySysWdtIsr);
 178              		.loc 1 237 0
 179 003a 0D49     		ldr	r1, .L8+32
 180 003c 0920     		movs	r0, #9
 181 003e FFF7FEFF 		bl	CyIntSetVector
 182              	.LVL16:
 238:Generated_Source\PSoC4/cyfitter_cfg.c **** 	CyIntEnable(9u);
 183              		.loc 1 238 0
 184 0042 0920     		movs	r0, #9
 185 0044 FFF7FEFF 		bl	CyIntEnable
 186              	.LVL17:
 239:Generated_Source\PSoC4/cyfitter_cfg.c **** 	CY_SET_REG32((void *)(CYREG_WDT_CONFIG), 0x00000000u);
 187              		.loc 1 239 0
 188 0048 0A4B     		ldr	r3, .L8+36
 189 004a 1D60     		str	r5, [r3]
 240:Generated_Source\PSoC4/cyfitter_cfg.c **** }
 190              		.loc 1 240 0
 191              		@ sp needed
 192 004c 70BD     		pop	{r4, r5, r6, pc}
 193              	.L9:
 194 004e C046     		.align	2
 195              	.L8:
 196 0050 00010B40 		.word	1074462976
 197 0054 FFFFFBFF 		.word	-262145
 198 0058 06000080 		.word	-2147483642
 199 005c 04010B40 		.word	1074462980
 200 0060 30020240 		.word	1073873456
 201 0064 08010B40 		.word	1074462984
 202 0068 2F750080 		.word	-2147453649
 203 006c 00000240 		.word	1073872896
 204 0070 00000000 		.word	CySysWdtIsr
 205 0074 0C020B40 		.word	1074463244
 206              		.cfi_endproc
 207              	.LFE4:
 208              		.size	ClockSetup, .-ClockSetup
 209              		.align	2
 210              		.global	cyfitter_cfg
ARM GAS  C:\Users\latao\AppData\Local\Temp\ccsPZzIW.s 			page 9


 211              		.code	16
 212              		.thumb_func
 213              		.type	cyfitter_cfg, %function
 214              	cyfitter_cfg:
 215              	.LFB6:
 241:Generated_Source\PSoC4/cyfitter_cfg.c **** 
 242:Generated_Source\PSoC4/cyfitter_cfg.c **** 
 243:Generated_Source\PSoC4/cyfitter_cfg.c **** /* Analog API Functions */
 244:Generated_Source\PSoC4/cyfitter_cfg.c **** 
 245:Generated_Source\PSoC4/cyfitter_cfg.c **** 
 246:Generated_Source\PSoC4/cyfitter_cfg.c **** /*******************************************************************************
 247:Generated_Source\PSoC4/cyfitter_cfg.c **** * Function Name: AnalogSetDefault
 248:Generated_Source\PSoC4/cyfitter_cfg.c **** ********************************************************************************
 249:Generated_Source\PSoC4/cyfitter_cfg.c **** *
 250:Generated_Source\PSoC4/cyfitter_cfg.c **** * Summary:
 251:Generated_Source\PSoC4/cyfitter_cfg.c **** *  Sets up the analog portions of the chip to default values based on chip
 252:Generated_Source\PSoC4/cyfitter_cfg.c **** *  configuration options from the project.
 253:Generated_Source\PSoC4/cyfitter_cfg.c **** *
 254:Generated_Source\PSoC4/cyfitter_cfg.c **** * Parameters:
 255:Generated_Source\PSoC4/cyfitter_cfg.c **** *  void
 256:Generated_Source\PSoC4/cyfitter_cfg.c **** *
 257:Generated_Source\PSoC4/cyfitter_cfg.c **** * Return:
 258:Generated_Source\PSoC4/cyfitter_cfg.c **** *  void
 259:Generated_Source\PSoC4/cyfitter_cfg.c **** *
 260:Generated_Source\PSoC4/cyfitter_cfg.c **** *******************************************************************************/
 261:Generated_Source\PSoC4/cyfitter_cfg.c **** static void AnalogSetDefault(void);
 262:Generated_Source\PSoC4/cyfitter_cfg.c **** static void AnalogSetDefault(void)
 263:Generated_Source\PSoC4/cyfitter_cfg.c **** {
 264:Generated_Source\PSoC4/cyfitter_cfg.c **** }
 265:Generated_Source\PSoC4/cyfitter_cfg.c **** 
 266:Generated_Source\PSoC4/cyfitter_cfg.c **** 
 267:Generated_Source\PSoC4/cyfitter_cfg.c **** 
 268:Generated_Source\PSoC4/cyfitter_cfg.c **** 
 269:Generated_Source\PSoC4/cyfitter_cfg.c **** /*******************************************************************************
 270:Generated_Source\PSoC4/cyfitter_cfg.c **** * Function Name: cyfitter_cfg
 271:Generated_Source\PSoC4/cyfitter_cfg.c **** ********************************************************************************
 272:Generated_Source\PSoC4/cyfitter_cfg.c **** * Summary:
 273:Generated_Source\PSoC4/cyfitter_cfg.c **** *  This function is called by the start-up code for the selected device. It
 274:Generated_Source\PSoC4/cyfitter_cfg.c **** *  performs all of the necessary device configuration based on the design
 275:Generated_Source\PSoC4/cyfitter_cfg.c **** *  settings.  This includes settings from the Design Wide Resources (DWR) such
 276:Generated_Source\PSoC4/cyfitter_cfg.c **** *  as Clocks and Pins as well as any component configuration that is necessary.
 277:Generated_Source\PSoC4/cyfitter_cfg.c **** *
 278:Generated_Source\PSoC4/cyfitter_cfg.c **** * Parameters:
 279:Generated_Source\PSoC4/cyfitter_cfg.c **** *   void
 280:Generated_Source\PSoC4/cyfitter_cfg.c **** *
 281:Generated_Source\PSoC4/cyfitter_cfg.c **** * Return:
 282:Generated_Source\PSoC4/cyfitter_cfg.c **** *   void
 283:Generated_Source\PSoC4/cyfitter_cfg.c **** *
 284:Generated_Source\PSoC4/cyfitter_cfg.c **** *******************************************************************************/
 285:Generated_Source\PSoC4/cyfitter_cfg.c **** CY_CFG_SECTION
 286:Generated_Source\PSoC4/cyfitter_cfg.c **** void cyfitter_cfg(void)
 287:Generated_Source\PSoC4/cyfitter_cfg.c **** {
 216              		.loc 1 287 0
 217              		.cfi_startproc
 218              		@ args = 0, pretend = 0, frame = 0
 219              		@ frame_needed = 0, uses_anonymous_args = 0
 220 0078 10B5     		push	{r4, lr}
ARM GAS  C:\Users\latao\AppData\Local\Temp\ccsPZzIW.s 			page 10


 221              		.cfi_def_cfa_offset 8
 222              		.cfi_offset 4, -8
 223              		.cfi_offset 14, -4
 288:Generated_Source\PSoC4/cyfitter_cfg.c **** 	/* Disable interrupts by default. Let user enable if/when they want. */
 289:Generated_Source\PSoC4/cyfitter_cfg.c **** 	CyGlobalIntDisable;
 224              		.loc 1 289 0
 225              		.syntax divided
 226              	@ 289 "Generated_Source\PSoC4\cyfitter_cfg.c" 1
 227 007a 72B6     		CPSID   i
 228              	@ 0 "" 2
 229              	.LVL18:
 230              		.thumb
 231              		.syntax unified
 232              	.LBB3:
 290:Generated_Source\PSoC4/cyfitter_cfg.c **** 
 291:Generated_Source\PSoC4/cyfitter_cfg.c **** 	{
 292:Generated_Source\PSoC4/cyfitter_cfg.c **** 		static const uint32 CYCODE cy_cfg_addr_table[] = {
 293:Generated_Source\PSoC4/cyfitter_cfg.c **** 			0x400F3203u, /* Base address: 0x400F3200 Count: 3 */
 294:Generated_Source\PSoC4/cyfitter_cfg.c **** 			0x400F3302u, /* Base address: 0x400F3300 Count: 2 */
 295:Generated_Source\PSoC4/cyfitter_cfg.c **** 			0x400F4304u, /* Base address: 0x400F4300 Count: 4 */
 296:Generated_Source\PSoC4/cyfitter_cfg.c **** 			0x400F6002u, /* Base address: 0x400F6000 Count: 2 */
 297:Generated_Source\PSoC4/cyfitter_cfg.c **** 		};
 298:Generated_Source\PSoC4/cyfitter_cfg.c **** 
 299:Generated_Source\PSoC4/cyfitter_cfg.c **** 		static const cy_cfg_addrvalue_t CYCODE cy_cfg_data_table[] = {
 300:Generated_Source\PSoC4/cyfitter_cfg.c **** 			{0xBAu, 0xC0u},
 301:Generated_Source\PSoC4/cyfitter_cfg.c **** 			{0xD8u, 0x04u},
 302:Generated_Source\PSoC4/cyfitter_cfg.c **** 			{0xDFu, 0x01u},
 303:Generated_Source\PSoC4/cyfitter_cfg.c **** 			{0x18u, 0x01u},
 304:Generated_Source\PSoC4/cyfitter_cfg.c **** 			{0x8Cu, 0x01u},
 305:Generated_Source\PSoC4/cyfitter_cfg.c **** 			{0x61u, 0x02u},
 306:Generated_Source\PSoC4/cyfitter_cfg.c **** 			{0x8Du, 0x02u},
 307:Generated_Source\PSoC4/cyfitter_cfg.c **** 			{0xD8u, 0x02u},
 308:Generated_Source\PSoC4/cyfitter_cfg.c **** 			{0xE4u, 0x08u},
 309:Generated_Source\PSoC4/cyfitter_cfg.c **** 			{0x01u, 0x01u},
 310:Generated_Source\PSoC4/cyfitter_cfg.c **** 			{0x10u, 0x01u},
 311:Generated_Source\PSoC4/cyfitter_cfg.c **** 		};
 312:Generated_Source\PSoC4/cyfitter_cfg.c **** 
 313:Generated_Source\PSoC4/cyfitter_cfg.c **** 
 314:Generated_Source\PSoC4/cyfitter_cfg.c **** 
 315:Generated_Source\PSoC4/cyfitter_cfg.c **** 		CYPACKED typedef struct {
 316:Generated_Source\PSoC4/cyfitter_cfg.c **** 			void CYFAR *address;
 317:Generated_Source\PSoC4/cyfitter_cfg.c **** 			uint16 size;
 318:Generated_Source\PSoC4/cyfitter_cfg.c **** 		} CYPACKED_ATTR cfg_memset_t;
 319:Generated_Source\PSoC4/cyfitter_cfg.c **** 
 320:Generated_Source\PSoC4/cyfitter_cfg.c **** 		static const cfg_memset_t CYCODE cfg_memset_list[] = {
 321:Generated_Source\PSoC4/cyfitter_cfg.c **** 			/* address, size */
 322:Generated_Source\PSoC4/cyfitter_cfg.c **** 			{(void CYFAR *)(CYDEV_UDB_P0_U0_BASE), 1024u},
 323:Generated_Source\PSoC4/cyfitter_cfg.c **** 			{(void CYFAR *)(CYDEV_UDB_DSI0_BASE), 1024u},
 324:Generated_Source\PSoC4/cyfitter_cfg.c **** 		};
 325:Generated_Source\PSoC4/cyfitter_cfg.c **** 
 326:Generated_Source\PSoC4/cyfitter_cfg.c **** 		uint8 CYDATA i;
 327:Generated_Source\PSoC4/cyfitter_cfg.c **** 
 328:Generated_Source\PSoC4/cyfitter_cfg.c **** 		/* Zero out critical memory blocks before beginning configuration */
 329:Generated_Source\PSoC4/cyfitter_cfg.c **** 		for (i = 0u; i < (sizeof(cfg_memset_list)/sizeof(cfg_memset_list[0])); i++)
 233              		.loc 1 329 0
 234 007c 0024     		movs	r4, #0
 235 007e 0FE0     		b	.L11
ARM GAS  C:\Users\latao\AppData\Local\Temp\ccsPZzIW.s 			page 11


 236              	.LVL19:
 237              	.L12:
 238              	.LBB4:
 330:Generated_Source\PSoC4/cyfitter_cfg.c **** 		{
 331:Generated_Source\PSoC4/cyfitter_cfg.c **** 			const cfg_memset_t CYCODE * CYDATA ms = &cfg_memset_list[i];
 332:Generated_Source\PSoC4/cyfitter_cfg.c **** 			CYMEMZERO(ms->address, (size_t)(uint32)(ms->size));
 239              		.loc 1 332 0 discriminator 3
 240 0080 1C48     		ldr	r0, .L13
 241 0082 6200     		lsls	r2, r4, #1
 242 0084 1319     		adds	r3, r2, r4
 243 0086 5900     		lsls	r1, r3, #1
 244 0088 0B00     		movs	r3, r1
 245 008a 4118     		adds	r1, r0, r1
 246 008c 8988     		ldrh	r1, [r1, #4]
 247 008e 1A5A     		ldrh	r2, [r3, r0]
 248 0090 C318     		adds	r3, r0, r3
 249 0092 5888     		ldrh	r0, [r3, #2]
 250 0094 0004     		lsls	r0, r0, #16
 251 0096 1043     		orrs	r0, r2
 252 0098 FFF7FEFF 		bl	CYMEMZERO
 253              	.LVL20:
 254              	.LBE4:
 329:Generated_Source\PSoC4/cyfitter_cfg.c **** 		{
 255              		.loc 1 329 0 discriminator 3
 256 009c 0134     		adds	r4, r4, #1
 257              	.LVL21:
 258 009e E4B2     		uxtb	r4, r4
 259              	.LVL22:
 260              	.L11:
 329:Generated_Source\PSoC4/cyfitter_cfg.c **** 		{
 261              		.loc 1 329 0 is_stmt 0 discriminator 1
 262 00a0 012C     		cmp	r4, #1
 263 00a2 EDD9     		bls	.L12
 333:Generated_Source\PSoC4/cyfitter_cfg.c **** 		}
 334:Generated_Source\PSoC4/cyfitter_cfg.c **** 
 335:Generated_Source\PSoC4/cyfitter_cfg.c **** 		cfg_write_bytes32(cy_cfg_addr_table, cy_cfg_data_table);
 264              		.loc 1 335 0 is_stmt 1
 265 00a4 1348     		ldr	r0, .L13
 266 00a6 0100     		movs	r1, r0
 267 00a8 0C31     		adds	r1, r1, #12
 268 00aa 2430     		adds	r0, r0, #36
 269 00ac FFF7FEFF 		bl	cfg_write_bytes32
 270              	.LVL23:
 336:Generated_Source\PSoC4/cyfitter_cfg.c **** 
 337:Generated_Source\PSoC4/cyfitter_cfg.c **** 		/* HSIOM Starting address: CYDEV_HSIOM_BASE */
 338:Generated_Source\PSoC4/cyfitter_cfg.c **** 		CY_SET_REG32((void *)(CYREG_HSIOM_PORT_SEL3), 0x0030EE00u);
 271              		.loc 1 338 0
 272 00b0 114A     		ldr	r2, .L13+4
 273 00b2 124B     		ldr	r3, .L13+8
 274 00b4 1A60     		str	r2, [r3]
 339:Generated_Source\PSoC4/cyfitter_cfg.c **** 
 340:Generated_Source\PSoC4/cyfitter_cfg.c **** 		/* UDB_PA_3 Starting address: CYDEV_UDB_PA3_BASE */
 341:Generated_Source\PSoC4/cyfitter_cfg.c **** 		CY_SET_REG32((void *)(CYDEV_UDB_PA3_BASE), 0x00990000u);
 275              		.loc 1 341 0
 276 00b6 9922     		movs	r2, #153
 277 00b8 1204     		lsls	r2, r2, #16
 278 00ba 114B     		ldr	r3, .L13+12
ARM GAS  C:\Users\latao\AppData\Local\Temp\ccsPZzIW.s 			page 12


 279 00bc 1A60     		str	r2, [r3]
 342:Generated_Source\PSoC4/cyfitter_cfg.c **** 		CY_SET_REG32((void *)(CYREG_UDB_PA3_CFG8), 0x08000000u);
 280              		.loc 1 342 0
 281 00be 8022     		movs	r2, #128
 282 00c0 1205     		lsls	r2, r2, #20
 283 00c2 104B     		ldr	r3, .L13+16
 284 00c4 1A60     		str	r2, [r3]
 343:Generated_Source\PSoC4/cyfitter_cfg.c **** 
 344:Generated_Source\PSoC4/cyfitter_cfg.c **** 		/* Enable UDB array and digital routing */
 345:Generated_Source\PSoC4/cyfitter_cfg.c **** 		CY_SET_XTND_REG8((void *)CYREG_UDB_UDBIF_WAIT_CFG, (uint8)((CY_GET_XTND_REG8((void *)CYREG_UDB_UD
 285              		.loc 1 345 0
 286 00c6 1049     		ldr	r1, .L13+20
 287 00c8 0B78     		ldrb	r3, [r1]
 288 00ca 3C22     		movs	r2, #60
 289 00cc 9343     		bics	r3, r2
 290 00ce 1422     		movs	r2, #20
 291 00d0 1343     		orrs	r3, r2
 292 00d2 DBB2     		uxtb	r3, r3
 293 00d4 0B70     		strb	r3, [r1]
 346:Generated_Source\PSoC4/cyfitter_cfg.c **** 		CY_SET_XTND_REG8((void *)CYREG_UDB_UDBIF_BANK_CTL, (uint8)(CY_GET_XTND_REG8((void *)CYREG_UDB_UDB
 294              		.loc 1 346 0
 295 00d6 0D4A     		ldr	r2, .L13+24
 296 00d8 1178     		ldrb	r1, [r2]
 297 00da 1623     		movs	r3, #22
 298 00dc 0B43     		orrs	r3, r1
 299 00de DBB2     		uxtb	r3, r3
 300 00e0 1370     		strb	r3, [r2]
 301              	.LBE3:
 347:Generated_Source\PSoC4/cyfitter_cfg.c **** 	}
 348:Generated_Source\PSoC4/cyfitter_cfg.c **** 
 349:Generated_Source\PSoC4/cyfitter_cfg.c **** 	/* Perform second pass device configuration. These items must be configured in specific order afte
 350:Generated_Source\PSoC4/cyfitter_cfg.c **** 	/* IOPINS0_3 Starting address: CYDEV_PRT3_BASE */
 351:Generated_Source\PSoC4/cyfitter_cfg.c **** 	CY_SET_REG32((void *)(CYDEV_PRT3_BASE), 0x00000020u);
 302              		.loc 1 351 0
 303 00e2 2022     		movs	r2, #32
 304 00e4 0A4B     		ldr	r3, .L13+28
 305 00e6 1A60     		str	r2, [r3]
 352:Generated_Source\PSoC4/cyfitter_cfg.c **** 	CY_SET_REG32((void *)(CYREG_PRT3_PC), 0x00030D80u);
 306              		.loc 1 352 0
 307 00e8 0A4A     		ldr	r2, .L13+32
 308 00ea 0B4B     		ldr	r3, .L13+36
 309 00ec 1A60     		str	r2, [r3]
 353:Generated_Source\PSoC4/cyfitter_cfg.c **** 
 354:Generated_Source\PSoC4/cyfitter_cfg.c **** 
 355:Generated_Source\PSoC4/cyfitter_cfg.c **** 	/* Setup clocks based on selections from Clock DWR */
 356:Generated_Source\PSoC4/cyfitter_cfg.c **** 	ClockSetup();
 310              		.loc 1 356 0
 311 00ee FFF787FF 		bl	ClockSetup
 312              	.LVL24:
 357:Generated_Source\PSoC4/cyfitter_cfg.c **** 
 358:Generated_Source\PSoC4/cyfitter_cfg.c **** 	/* Perform basic analog initialization to defaults */
 359:Generated_Source\PSoC4/cyfitter_cfg.c **** 	AnalogSetDefault();
 360:Generated_Source\PSoC4/cyfitter_cfg.c **** 
 361:Generated_Source\PSoC4/cyfitter_cfg.c **** }
 313              		.loc 1 361 0
 314              		@ sp needed
 315              	.LVL25:
ARM GAS  C:\Users\latao\AppData\Local\Temp\ccsPZzIW.s 			page 13


 316 00f2 10BD     		pop	{r4, pc}
 317              	.L14:
 318              		.align	2
 319              	.L13:
 320 00f4 00000000 		.word	.LANCHOR0
 321 00f8 00EE3000 		.word	3206656
 322 00fc 0C000140 		.word	1073807372
 323 0100 30500F40 		.word	1074745392
 324 0104 38500F40 		.word	1074745400
 325 0108 01700F40 		.word	1074753537
 326 010c 00700F40 		.word	1074753536
 327 0110 00030440 		.word	1074004736
 328 0114 800D0300 		.word	200064
 329 0118 08030440 		.word	1074004744
 330              		.cfi_endproc
 331              	.LFE6:
 332              		.size	cyfitter_cfg, .-cyfitter_cfg
 333              		.section	.rodata
 334              		.align	2
 335              		.set	.LANCHOR0,. + 0
 336              		.type	cfg_memset_list.4870, %object
 337              		.size	cfg_memset_list.4870, 12
 338              	cfg_memset_list.4870:
 339 0000 00300F40 		.word	1074737152
 340 0004 0004     		.short	1024
 341 0006 00400F40 		.4byte	1074741248
 342 000a 0004     		.short	1024
 343              		.type	cy_cfg_data_table.4865, %object
 344              		.size	cy_cfg_data_table.4865, 22
 345              	cy_cfg_data_table.4865:
 346 000c BA       		.byte	-70
 347 000d C0       		.byte	-64
 348 000e D8       		.byte	-40
 349 000f 04       		.byte	4
 350 0010 DF       		.byte	-33
 351 0011 01       		.byte	1
 352 0012 18       		.byte	24
 353 0013 01       		.byte	1
 354 0014 8C       		.byte	-116
 355 0015 01       		.byte	1
 356 0016 61       		.byte	97
 357 0017 02       		.byte	2
 358 0018 8D       		.byte	-115
 359 0019 02       		.byte	2
 360 001a D8       		.byte	-40
 361 001b 02       		.byte	2
 362 001c E4       		.byte	-28
 363 001d 08       		.byte	8
 364 001e 01       		.byte	1
 365 001f 01       		.byte	1
 366 0020 10       		.byte	16
 367 0021 01       		.byte	1
 368 0022 0000     		.space	2
 369              		.type	cy_cfg_addr_table.4864, %object
 370              		.size	cy_cfg_addr_table.4864, 16
 371              	cy_cfg_addr_table.4864:
 372 0024 03320F40 		.word	1074737667
ARM GAS  C:\Users\latao\AppData\Local\Temp\ccsPZzIW.s 			page 14


 373 0028 02330F40 		.word	1074737922
 374 002c 04430F40 		.word	1074742020
 375 0030 02600F40 		.word	1074749442
 376              		.text
 377              	.Letext0:
 378              		.file 2 "c:\\program files (x86)\\cypress\\psoc creator\\4.4\\psoc creator\\import\\gnu\\arm\\5.4.
 379              		.file 3 "Generated_Source\\PSoC4\\cytypes.h"
 380              		.file 4 "Generated_Source\\PSoC4\\CyLib.h"
 381              		.section	.debug_info,"",%progbits
 382              	.Ldebug_info0:
 383 0000 9C030000 		.4byte	0x39c
 384 0004 0400     		.2byte	0x4
 385 0006 00000000 		.4byte	.Ldebug_abbrev0
 386 000a 04       		.byte	0x4
 387 000b 01       		.uleb128 0x1
 388 000c 5C010000 		.4byte	.LASF39
 389 0010 0C       		.byte	0xc
 390 0011 89020000 		.4byte	.LASF40
 391 0015 5D000000 		.4byte	.LASF41
 392 0019 00000000 		.4byte	.Ldebug_ranges0+0
 393 001d 00000000 		.4byte	0
 394 0021 00000000 		.4byte	.Ldebug_line0
 395 0025 02       		.uleb128 0x2
 396 0026 04       		.byte	0x4
 397 0027 05       		.byte	0x5
 398 0028 696E7400 		.ascii	"int\000"
 399 002c 03       		.uleb128 0x3
 400 002d 06000000 		.4byte	.LASF12
 401 0031 02       		.byte	0x2
 402 0032 D8       		.byte	0xd8
 403 0033 37000000 		.4byte	0x37
 404 0037 04       		.uleb128 0x4
 405 0038 04       		.byte	0x4
 406 0039 07       		.byte	0x7
 407 003a 23010000 		.4byte	.LASF0
 408 003e 04       		.uleb128 0x4
 409 003f 08       		.byte	0x8
 410 0040 05       		.byte	0x5
 411 0041 1C020000 		.4byte	.LASF1
 412 0045 04       		.uleb128 0x4
 413 0046 08       		.byte	0x8
 414 0047 04       		.byte	0x4
 415 0048 71020000 		.4byte	.LASF2
 416 004c 04       		.uleb128 0x4
 417 004d 01       		.byte	0x1
 418 004e 06       		.byte	0x6
 419 004f 7D020000 		.4byte	.LASF3
 420 0053 04       		.uleb128 0x4
 421 0054 01       		.byte	0x1
 422 0055 08       		.byte	0x8
 423 0056 C5000000 		.4byte	.LASF4
 424 005a 04       		.uleb128 0x4
 425 005b 02       		.byte	0x2
 426 005c 05       		.byte	0x5
 427 005d 49020000 		.4byte	.LASF5
 428 0061 04       		.uleb128 0x4
 429 0062 02       		.byte	0x2
ARM GAS  C:\Users\latao\AppData\Local\Temp\ccsPZzIW.s 			page 15


 430 0063 07       		.byte	0x7
 431 0064 09020000 		.4byte	.LASF6
 432 0068 04       		.uleb128 0x4
 433 0069 04       		.byte	0x4
 434 006a 05       		.byte	0x5
 435 006b 68020000 		.4byte	.LASF7
 436 006f 04       		.uleb128 0x4
 437 0070 04       		.byte	0x4
 438 0071 07       		.byte	0x7
 439 0072 A3000000 		.4byte	.LASF8
 440 0076 04       		.uleb128 0x4
 441 0077 08       		.byte	0x8
 442 0078 07       		.byte	0x7
 443 0079 45010000 		.4byte	.LASF9
 444 007d 04       		.uleb128 0x4
 445 007e 04       		.byte	0x4
 446 007f 07       		.byte	0x7
 447 0080 00020000 		.4byte	.LASF10
 448 0084 05       		.uleb128 0x5
 449 0085 04       		.byte	0x4
 450 0086 04       		.uleb128 0x4
 451 0087 01       		.byte	0x1
 452 0088 08       		.byte	0x8
 453 0089 2A020000 		.4byte	.LASF11
 454 008d 06       		.uleb128 0x6
 455 008e B5000000 		.4byte	.LASF13
 456 0092 03       		.byte	0x3
 457 0093 FB01     		.2byte	0x1fb
 458 0095 53000000 		.4byte	0x53
 459 0099 06       		.uleb128 0x6
 460 009a 0A010000 		.4byte	.LASF14
 461 009e 03       		.byte	0x3
 462 009f FC01     		.2byte	0x1fc
 463 00a1 61000000 		.4byte	0x61
 464 00a5 06       		.uleb128 0x6
 465 00a6 1C010000 		.4byte	.LASF15
 466 00aa 03       		.byte	0x3
 467 00ab FD01     		.2byte	0x1fd
 468 00ad 6F000000 		.4byte	0x6f
 469 00b1 04       		.uleb128 0x4
 470 00b2 04       		.byte	0x4
 471 00b3 04       		.byte	0x4
 472 00b4 57000000 		.4byte	.LASF16
 473 00b8 04       		.uleb128 0x4
 474 00b9 08       		.byte	0x8
 475 00ba 04       		.byte	0x4
 476 00bb DA000000 		.4byte	.LASF17
 477 00bf 06       		.uleb128 0x6
 478 00c0 9E000000 		.4byte	.LASF18
 479 00c4 03       		.byte	0x3
 480 00c5 A502     		.2byte	0x2a5
 481 00c7 CB000000 		.4byte	0xcb
 482 00cb 07       		.uleb128 0x7
 483 00cc 8D000000 		.4byte	0x8d
 484 00d0 06       		.uleb128 0x6
 485 00d1 00000000 		.4byte	.LASF19
 486 00d5 03       		.byte	0x3
ARM GAS  C:\Users\latao\AppData\Local\Temp\ccsPZzIW.s 			page 16


 487 00d6 A702     		.2byte	0x2a7
 488 00d8 DC000000 		.4byte	0xdc
 489 00dc 07       		.uleb128 0x7
 490 00dd A5000000 		.4byte	0xa5
 491 00e1 08       		.uleb128 0x8
 492 00e2 02       		.byte	0x2
 493 00e3 01       		.byte	0x1
 494 00e4 97       		.byte	0x97
 495 00e5 02010000 		.4byte	0x102
 496 00e9 09       		.uleb128 0x9
 497 00ea 42020000 		.4byte	.LASF20
 498 00ee 01       		.byte	0x1
 499 00ef 99       		.byte	0x99
 500 00f0 8D000000 		.4byte	0x8d
 501 00f4 00       		.byte	0
 502 00f5 09       		.uleb128 0x9
 503 00f6 1C000000 		.4byte	.LASF21
 504 00fa 01       		.byte	0x1
 505 00fb 9A       		.byte	0x9a
 506 00fc 8D000000 		.4byte	0x8d
 507 0100 01       		.byte	0x1
 508 0101 00       		.byte	0
 509 0102 03       		.uleb128 0x3
 510 0103 2F020000 		.4byte	.LASF22
 511 0107 01       		.byte	0x1
 512 0108 9B       		.byte	0x9b
 513 0109 E1000000 		.4byte	0xe1
 514 010d 0A       		.uleb128 0xa
 515 010e E1000000 		.4byte	.LASF27
 516 0112 01       		.byte	0x1
 517 0113 AE       		.byte	0xae
 518 0114 00000000 		.4byte	.LFB3
 519 0118 32000000 		.4byte	.LFE3-.LFB3
 520 011c 01       		.uleb128 0x1
 521 011d 9C       		.byte	0x9c
 522 011e 7F010000 		.4byte	0x17f
 523 0122 0B       		.uleb128 0xb
 524 0123 FF000000 		.4byte	.LASF23
 525 0127 01       		.byte	0x1
 526 0128 AE       		.byte	0xae
 527 0129 7F010000 		.4byte	0x17f
 528 012d 01       		.uleb128 0x1
 529 012e 50       		.byte	0x50
 530 012f 0B       		.uleb128 0xb
 531 0130 11010000 		.4byte	.LASF24
 532 0134 01       		.byte	0x1
 533 0135 AE       		.byte	0xae
 534 0136 8A010000 		.4byte	0x18a
 535 013a 01       		.uleb128 0x1
 536 013b 51       		.byte	0x51
 537 013c 0C       		.uleb128 0xc
 538 013d 6900     		.ascii	"i\000"
 539 013f 01       		.byte	0x1
 540 0140 B1       		.byte	0xb1
 541 0141 A5000000 		.4byte	0xa5
 542 0145 00000000 		.4byte	.LLST0
 543 0149 0C       		.uleb128 0xc
ARM GAS  C:\Users\latao\AppData\Local\Temp\ccsPZzIW.s 			page 17


 544 014a 6A00     		.ascii	"j\000"
 545 014c 01       		.byte	0x1
 546 014d B1       		.byte	0xb1
 547 014e A5000000 		.4byte	0xa5
 548 0152 1F000000 		.4byte	.LLST1
 549 0156 0D       		.uleb128 0xd
 550 0157 08000000 		.4byte	.LBB2
 551 015b 22000000 		.4byte	.LBE2-.LBB2
 552 015f 0E       		.uleb128 0xe
 553 0160 F7010000 		.4byte	.LASF25
 554 0164 01       		.byte	0x1
 555 0165 B4       		.byte	0xb4
 556 0166 A5000000 		.4byte	0xa5
 557 016a 3E000000 		.4byte	.LLST2
 558 016e 0E       		.uleb128 0xe
 559 016f 22000000 		.4byte	.LASF26
 560 0173 01       		.byte	0x1
 561 0174 B5       		.byte	0xb5
 562 0175 8D000000 		.4byte	0x8d
 563 0179 51000000 		.4byte	.LLST3
 564 017d 00       		.byte	0
 565 017e 00       		.byte	0
 566 017f 0F       		.uleb128 0xf
 567 0180 04       		.byte	0x4
 568 0181 85010000 		.4byte	0x185
 569 0185 10       		.uleb128 0x10
 570 0186 A5000000 		.4byte	0xa5
 571 018a 0F       		.uleb128 0xf
 572 018b 04       		.byte	0x4
 573 018c 90010000 		.4byte	0x190
 574 0190 10       		.uleb128 0x10
 575 0191 02010000 		.4byte	0x102
 576 0195 0A       		.uleb128 0xa
 577 0196 BB000000 		.4byte	.LASF28
 578 019a 01       		.byte	0x1
 579 019b 4C       		.byte	0x4c
 580 019c 00000000 		.4byte	.LFB0
 581 01a0 0C000000 		.4byte	.LFE0-.LFB0
 582 01a4 01       		.uleb128 0x1
 583 01a5 9C       		.byte	0x9c
 584 01a6 E2010000 		.4byte	0x1e2
 585 01aa 11       		.uleb128 0x11
 586 01ab 7300     		.ascii	"s\000"
 587 01ad 01       		.byte	0x1
 588 01ae 4C       		.byte	0x4c
 589 01af 84000000 		.4byte	0x84
 590 01b3 6F000000 		.4byte	.LLST4
 591 01b7 11       		.uleb128 0x11
 592 01b8 6E00     		.ascii	"n\000"
 593 01ba 01       		.byte	0x1
 594 01bb 4C       		.byte	0x4c
 595 01bc 2C000000 		.4byte	0x2c
 596 01c0 90000000 		.4byte	.LLST5
 597 01c4 12       		.uleb128 0x12
 598 01c5 0A000000 		.4byte	.LVL14
 599 01c9 75030000 		.4byte	0x375
 600 01cd 13       		.uleb128 0x13
ARM GAS  C:\Users\latao\AppData\Local\Temp\ccsPZzIW.s 			page 18


 601 01ce 01       		.uleb128 0x1
 602 01cf 50       		.byte	0x50
 603 01d0 03       		.uleb128 0x3
 604 01d1 F3       		.byte	0xf3
 605 01d2 01       		.uleb128 0x1
 606 01d3 50       		.byte	0x50
 607 01d4 13       		.uleb128 0x13
 608 01d5 01       		.uleb128 0x1
 609 01d6 51       		.byte	0x51
 610 01d7 01       		.uleb128 0x1
 611 01d8 30       		.byte	0x30
 612 01d9 13       		.uleb128 0x13
 613 01da 01       		.uleb128 0x1
 614 01db 52       		.byte	0x52
 615 01dc 03       		.uleb128 0x3
 616 01dd F3       		.byte	0xf3
 617 01de 01       		.uleb128 0x1
 618 01df 51       		.byte	0x51
 619 01e0 00       		.byte	0
 620 01e1 00       		.byte	0
 621 01e2 0A       		.uleb128 0xa
 622 01e3 28000000 		.4byte	.LASF29
 623 01e7 01       		.byte	0x1
 624 01e8 D3       		.byte	0xd3
 625 01e9 00000000 		.4byte	.LFB4
 626 01ed 78000000 		.4byte	.LFE4-.LFB4
 627 01f1 01       		.uleb128 0x1
 628 01f2 9C       		.byte	0x9c
 629 01f3 2D020000 		.4byte	0x22d
 630 01f7 14       		.uleb128 0x14
 631 01f8 14000000 		.4byte	.LVL15
 632 01fc 7E030000 		.4byte	0x37e
 633 0200 0A020000 		.4byte	0x20a
 634 0204 13       		.uleb128 0x13
 635 0205 01       		.uleb128 0x1
 636 0206 50       		.byte	0x50
 637 0207 01       		.uleb128 0x1
 638 0208 48       		.byte	0x48
 639 0209 00       		.byte	0
 640 020a 14       		.uleb128 0x14
 641 020b 42000000 		.4byte	.LVL16
 642 020f 89030000 		.4byte	0x389
 643 0213 1D020000 		.4byte	0x21d
 644 0217 13       		.uleb128 0x13
 645 0218 01       		.uleb128 0x1
 646 0219 50       		.byte	0x50
 647 021a 01       		.uleb128 0x1
 648 021b 39       		.byte	0x39
 649 021c 00       		.byte	0
 650 021d 12       		.uleb128 0x12
 651 021e 48000000 		.4byte	.LVL17
 652 0222 94030000 		.4byte	0x394
 653 0226 13       		.uleb128 0x13
 654 0227 01       		.uleb128 0x1
 655 0228 50       		.byte	0x50
 656 0229 01       		.uleb128 0x1
 657 022a 39       		.byte	0x39
ARM GAS  C:\Users\latao\AppData\Local\Temp\ccsPZzIW.s 			page 19


 658 022b 00       		.byte	0
 659 022c 00       		.byte	0
 660 022d 15       		.uleb128 0x15
 661 022e 30010000 		.4byte	.LASF42
 662 0232 01       		.byte	0x1
 663 0233 1E01     		.2byte	0x11e
 664 0235 78000000 		.4byte	.LFB6
 665 0239 A4000000 		.4byte	.LFE6-.LFB6
 666 023d 01       		.uleb128 0x1
 667 023e 9C       		.byte	0x9c
 668 023f 4B030000 		.4byte	0x34b
 669 0243 16       		.uleb128 0x16
 670 0244 7C000000 		.4byte	.LBB3
 671 0248 66000000 		.4byte	.LBE3-.LBB3
 672 024c 41030000 		.4byte	0x341
 673 0250 17       		.uleb128 0x17
 674 0251 33000000 		.4byte	.LASF30
 675 0255 01       		.byte	0x1
 676 0256 2401     		.2byte	0x124
 677 0258 5B030000 		.4byte	0x35b
 678 025c 05       		.uleb128 0x5
 679 025d 03       		.byte	0x3
 680 025e 24000000 		.4byte	cy_cfg_addr_table.4864
 681 0262 17       		.uleb128 0x17
 682 0263 45000000 		.4byte	.LASF31
 683 0267 01       		.byte	0x1
 684 0268 2B01     		.2byte	0x12b
 685 026a 70030000 		.4byte	0x370
 686 026e 05       		.uleb128 0x5
 687 026f 03       		.byte	0x3
 688 0270 0C000000 		.4byte	cy_cfg_data_table.4865
 689 0274 18       		.uleb128 0x18
 690 0275 06       		.byte	0x6
 691 0276 01       		.byte	0x1
 692 0277 3B01     		.2byte	0x13b
 693 0279 98020000 		.4byte	0x298
 694 027d 19       		.uleb128 0x19
 695 027e 3D010000 		.4byte	.LASF32
 696 0282 01       		.byte	0x1
 697 0283 3C01     		.2byte	0x13c
 698 0285 84000000 		.4byte	0x84
 699 0289 00       		.byte	0
 700 028a 19       		.uleb128 0x19
 701 028b 99000000 		.4byte	.LASF33
 702 028f 01       		.byte	0x1
 703 0290 3D01     		.2byte	0x13d
 704 0292 99000000 		.4byte	0x99
 705 0296 04       		.byte	0x4
 706 0297 00       		.byte	0
 707 0298 06       		.uleb128 0x6
 708 0299 EA010000 		.4byte	.LASF34
 709 029d 01       		.byte	0x1
 710 029e 3E01     		.2byte	0x13e
 711 02a0 74020000 		.4byte	0x274
 712 02a4 1A       		.uleb128 0x1a
 713 02a5 B4020000 		.4byte	0x2b4
 714 02a9 B4020000 		.4byte	0x2b4
ARM GAS  C:\Users\latao\AppData\Local\Temp\ccsPZzIW.s 			page 20


 715 02ad 1B       		.uleb128 0x1b
 716 02ae 7D000000 		.4byte	0x7d
 717 02b2 01       		.byte	0x1
 718 02b3 00       		.byte	0
 719 02b4 10       		.uleb128 0x10
 720 02b5 98020000 		.4byte	0x298
 721 02b9 17       		.uleb128 0x17
 722 02ba 89000000 		.4byte	.LASF35
 723 02be 01       		.byte	0x1
 724 02bf 4001     		.2byte	0x140
 725 02c1 CB020000 		.4byte	0x2cb
 726 02c5 05       		.uleb128 0x5
 727 02c6 03       		.byte	0x3
 728 02c7 00000000 		.4byte	cfg_memset_list.4870
 729 02cb 10       		.uleb128 0x10
 730 02cc A4020000 		.4byte	0x2a4
 731 02d0 1C       		.uleb128 0x1c
 732 02d1 6900     		.ascii	"i\000"
 733 02d3 01       		.byte	0x1
 734 02d4 4601     		.2byte	0x146
 735 02d6 8D000000 		.4byte	0x8d
 736 02da BC000000 		.4byte	.LLST6
 737 02de 16       		.uleb128 0x16
 738 02df 80000000 		.4byte	.LBB4
 739 02e3 1C000000 		.4byte	.LBE4-.LBB4
 740 02e7 24030000 		.4byte	0x324
 741 02eb 1C       		.uleb128 0x1c
 742 02ec 6D7300   		.ascii	"ms\000"
 743 02ef 01       		.byte	0x1
 744 02f0 4B01     		.2byte	0x14b
 745 02f2 FA020000 		.4byte	0x2fa
 746 02f6 E6000000 		.4byte	.LLST7
 747 02fa 0F       		.uleb128 0xf
 748 02fb 04       		.byte	0x4
 749 02fc B4020000 		.4byte	0x2b4
 750 0300 12       		.uleb128 0x12
 751 0301 9C000000 		.4byte	.LVL20
 752 0305 95010000 		.4byte	0x195
 753 0309 13       		.uleb128 0x13
 754 030a 01       		.uleb128 0x1
 755 030b 51       		.byte	0x51
 756 030c 15       		.uleb128 0x15
 757 030d 74       		.byte	0x74
 758 030e 00       		.sleb128 0
 759 030f 31       		.byte	0x31
 760 0310 24       		.byte	0x24
 761 0311 74       		.byte	0x74
 762 0312 00       		.sleb128 0
 763 0313 22       		.byte	0x22
 764 0314 31       		.byte	0x31
 765 0315 24       		.byte	0x24
 766 0316 03       		.byte	0x3
 767 0317 04000000 		.4byte	.LANCHOR0+4
 768 031b 22       		.byte	0x22
 769 031c 94       		.byte	0x94
 770 031d 02       		.byte	0x2
 771 031e 0A       		.byte	0xa
ARM GAS  C:\Users\latao\AppData\Local\Temp\ccsPZzIW.s 			page 21


 772 031f FFFF     		.2byte	0xffff
 773 0321 1A       		.byte	0x1a
 774 0322 00       		.byte	0
 775 0323 00       		.byte	0
 776 0324 12       		.uleb128 0x12
 777 0325 B0000000 		.4byte	.LVL23
 778 0329 0D010000 		.4byte	0x10d
 779 032d 13       		.uleb128 0x13
 780 032e 01       		.uleb128 0x1
 781 032f 50       		.byte	0x50
 782 0330 05       		.uleb128 0x5
 783 0331 03       		.byte	0x3
 784 0332 24000000 		.4byte	.LANCHOR0+36
 785 0336 13       		.uleb128 0x13
 786 0337 01       		.uleb128 0x1
 787 0338 51       		.byte	0x51
 788 0339 05       		.uleb128 0x5
 789 033a 03       		.byte	0x3
 790 033b 0C000000 		.4byte	.LANCHOR0+12
 791 033f 00       		.byte	0
 792 0340 00       		.byte	0
 793 0341 1D       		.uleb128 0x1d
 794 0342 F2000000 		.4byte	.LVL24
 795 0346 E2010000 		.4byte	0x1e2
 796 034a 00       		.byte	0
 797 034b 1A       		.uleb128 0x1a
 798 034c 85010000 		.4byte	0x185
 799 0350 5B030000 		.4byte	0x35b
 800 0354 1B       		.uleb128 0x1b
 801 0355 7D000000 		.4byte	0x7d
 802 0359 03       		.byte	0x3
 803 035a 00       		.byte	0
 804 035b 10       		.uleb128 0x10
 805 035c 4B030000 		.4byte	0x34b
 806 0360 1A       		.uleb128 0x1a
 807 0361 90010000 		.4byte	0x190
 808 0365 70030000 		.4byte	0x370
 809 0369 1B       		.uleb128 0x1b
 810 036a 7D000000 		.4byte	0x7d
 811 036e 0A       		.byte	0xa
 812 036f 00       		.byte	0
 813 0370 10       		.uleb128 0x10
 814 0371 60030000 		.4byte	0x360
 815 0375 1E       		.uleb128 0x1e
 816 0376 D3000000 		.4byte	.LASF43
 817 037a D3000000 		.4byte	.LASF43
 818 037e 1F       		.uleb128 0x1f
 819 037f 53020000 		.4byte	.LASF36
 820 0383 53020000 		.4byte	.LASF36
 821 0387 04       		.byte	0x4
 822 0388 6C       		.byte	0x6c
 823 0389 1F       		.uleb128 0x1f
 824 038a 0D000000 		.4byte	.LASF37
 825 038e 0D000000 		.4byte	.LASF37
 826 0392 04       		.byte	0x4
 827 0393 D0       		.byte	0xd0
 828 0394 1F       		.uleb128 0x1f
ARM GAS  C:\Users\latao\AppData\Local\Temp\ccsPZzIW.s 			page 22


 829 0395 F3000000 		.4byte	.LASF38
 830 0399 F3000000 		.4byte	.LASF38
 831 039d 04       		.byte	0x4
 832 039e D6       		.byte	0xd6
 833 039f 00       		.byte	0
 834              		.section	.debug_abbrev,"",%progbits
 835              	.Ldebug_abbrev0:
 836 0000 01       		.uleb128 0x1
 837 0001 11       		.uleb128 0x11
 838 0002 01       		.byte	0x1
 839 0003 25       		.uleb128 0x25
 840 0004 0E       		.uleb128 0xe
 841 0005 13       		.uleb128 0x13
 842 0006 0B       		.uleb128 0xb
 843 0007 03       		.uleb128 0x3
 844 0008 0E       		.uleb128 0xe
 845 0009 1B       		.uleb128 0x1b
 846 000a 0E       		.uleb128 0xe
 847 000b 55       		.uleb128 0x55
 848 000c 17       		.uleb128 0x17
 849 000d 11       		.uleb128 0x11
 850 000e 01       		.uleb128 0x1
 851 000f 10       		.uleb128 0x10
 852 0010 17       		.uleb128 0x17
 853 0011 00       		.byte	0
 854 0012 00       		.byte	0
 855 0013 02       		.uleb128 0x2
 856 0014 24       		.uleb128 0x24
 857 0015 00       		.byte	0
 858 0016 0B       		.uleb128 0xb
 859 0017 0B       		.uleb128 0xb
 860 0018 3E       		.uleb128 0x3e
 861 0019 0B       		.uleb128 0xb
 862 001a 03       		.uleb128 0x3
 863 001b 08       		.uleb128 0x8
 864 001c 00       		.byte	0
 865 001d 00       		.byte	0
 866 001e 03       		.uleb128 0x3
 867 001f 16       		.uleb128 0x16
 868 0020 00       		.byte	0
 869 0021 03       		.uleb128 0x3
 870 0022 0E       		.uleb128 0xe
 871 0023 3A       		.uleb128 0x3a
 872 0024 0B       		.uleb128 0xb
 873 0025 3B       		.uleb128 0x3b
 874 0026 0B       		.uleb128 0xb
 875 0027 49       		.uleb128 0x49
 876 0028 13       		.uleb128 0x13
 877 0029 00       		.byte	0
 878 002a 00       		.byte	0
 879 002b 04       		.uleb128 0x4
 880 002c 24       		.uleb128 0x24
 881 002d 00       		.byte	0
 882 002e 0B       		.uleb128 0xb
 883 002f 0B       		.uleb128 0xb
 884 0030 3E       		.uleb128 0x3e
 885 0031 0B       		.uleb128 0xb
ARM GAS  C:\Users\latao\AppData\Local\Temp\ccsPZzIW.s 			page 23


 886 0032 03       		.uleb128 0x3
 887 0033 0E       		.uleb128 0xe
 888 0034 00       		.byte	0
 889 0035 00       		.byte	0
 890 0036 05       		.uleb128 0x5
 891 0037 0F       		.uleb128 0xf
 892 0038 00       		.byte	0
 893 0039 0B       		.uleb128 0xb
 894 003a 0B       		.uleb128 0xb
 895 003b 00       		.byte	0
 896 003c 00       		.byte	0
 897 003d 06       		.uleb128 0x6
 898 003e 16       		.uleb128 0x16
 899 003f 00       		.byte	0
 900 0040 03       		.uleb128 0x3
 901 0041 0E       		.uleb128 0xe
 902 0042 3A       		.uleb128 0x3a
 903 0043 0B       		.uleb128 0xb
 904 0044 3B       		.uleb128 0x3b
 905 0045 05       		.uleb128 0x5
 906 0046 49       		.uleb128 0x49
 907 0047 13       		.uleb128 0x13
 908 0048 00       		.byte	0
 909 0049 00       		.byte	0
 910 004a 07       		.uleb128 0x7
 911 004b 35       		.uleb128 0x35
 912 004c 00       		.byte	0
 913 004d 49       		.uleb128 0x49
 914 004e 13       		.uleb128 0x13
 915 004f 00       		.byte	0
 916 0050 00       		.byte	0
 917 0051 08       		.uleb128 0x8
 918 0052 13       		.uleb128 0x13
 919 0053 01       		.byte	0x1
 920 0054 0B       		.uleb128 0xb
 921 0055 0B       		.uleb128 0xb
 922 0056 3A       		.uleb128 0x3a
 923 0057 0B       		.uleb128 0xb
 924 0058 3B       		.uleb128 0x3b
 925 0059 0B       		.uleb128 0xb
 926 005a 01       		.uleb128 0x1
 927 005b 13       		.uleb128 0x13
 928 005c 00       		.byte	0
 929 005d 00       		.byte	0
 930 005e 09       		.uleb128 0x9
 931 005f 0D       		.uleb128 0xd
 932 0060 00       		.byte	0
 933 0061 03       		.uleb128 0x3
 934 0062 0E       		.uleb128 0xe
 935 0063 3A       		.uleb128 0x3a
 936 0064 0B       		.uleb128 0xb
 937 0065 3B       		.uleb128 0x3b
 938 0066 0B       		.uleb128 0xb
 939 0067 49       		.uleb128 0x49
 940 0068 13       		.uleb128 0x13
 941 0069 38       		.uleb128 0x38
 942 006a 0B       		.uleb128 0xb
ARM GAS  C:\Users\latao\AppData\Local\Temp\ccsPZzIW.s 			page 24


 943 006b 00       		.byte	0
 944 006c 00       		.byte	0
 945 006d 0A       		.uleb128 0xa
 946 006e 2E       		.uleb128 0x2e
 947 006f 01       		.byte	0x1
 948 0070 03       		.uleb128 0x3
 949 0071 0E       		.uleb128 0xe
 950 0072 3A       		.uleb128 0x3a
 951 0073 0B       		.uleb128 0xb
 952 0074 3B       		.uleb128 0x3b
 953 0075 0B       		.uleb128 0xb
 954 0076 27       		.uleb128 0x27
 955 0077 19       		.uleb128 0x19
 956 0078 11       		.uleb128 0x11
 957 0079 01       		.uleb128 0x1
 958 007a 12       		.uleb128 0x12
 959 007b 06       		.uleb128 0x6
 960 007c 40       		.uleb128 0x40
 961 007d 18       		.uleb128 0x18
 962 007e 9742     		.uleb128 0x2117
 963 0080 19       		.uleb128 0x19
 964 0081 01       		.uleb128 0x1
 965 0082 13       		.uleb128 0x13
 966 0083 00       		.byte	0
 967 0084 00       		.byte	0
 968 0085 0B       		.uleb128 0xb
 969 0086 05       		.uleb128 0x5
 970 0087 00       		.byte	0
 971 0088 03       		.uleb128 0x3
 972 0089 0E       		.uleb128 0xe
 973 008a 3A       		.uleb128 0x3a
 974 008b 0B       		.uleb128 0xb
 975 008c 3B       		.uleb128 0x3b
 976 008d 0B       		.uleb128 0xb
 977 008e 49       		.uleb128 0x49
 978 008f 13       		.uleb128 0x13
 979 0090 02       		.uleb128 0x2
 980 0091 18       		.uleb128 0x18
 981 0092 00       		.byte	0
 982 0093 00       		.byte	0
 983 0094 0C       		.uleb128 0xc
 984 0095 34       		.uleb128 0x34
 985 0096 00       		.byte	0
 986 0097 03       		.uleb128 0x3
 987 0098 08       		.uleb128 0x8
 988 0099 3A       		.uleb128 0x3a
 989 009a 0B       		.uleb128 0xb
 990 009b 3B       		.uleb128 0x3b
 991 009c 0B       		.uleb128 0xb
 992 009d 49       		.uleb128 0x49
 993 009e 13       		.uleb128 0x13
 994 009f 02       		.uleb128 0x2
 995 00a0 17       		.uleb128 0x17
 996 00a1 00       		.byte	0
 997 00a2 00       		.byte	0
 998 00a3 0D       		.uleb128 0xd
 999 00a4 0B       		.uleb128 0xb
ARM GAS  C:\Users\latao\AppData\Local\Temp\ccsPZzIW.s 			page 25


 1000 00a5 01       		.byte	0x1
 1001 00a6 11       		.uleb128 0x11
 1002 00a7 01       		.uleb128 0x1
 1003 00a8 12       		.uleb128 0x12
 1004 00a9 06       		.uleb128 0x6
 1005 00aa 00       		.byte	0
 1006 00ab 00       		.byte	0
 1007 00ac 0E       		.uleb128 0xe
 1008 00ad 34       		.uleb128 0x34
 1009 00ae 00       		.byte	0
 1010 00af 03       		.uleb128 0x3
 1011 00b0 0E       		.uleb128 0xe
 1012 00b1 3A       		.uleb128 0x3a
 1013 00b2 0B       		.uleb128 0xb
 1014 00b3 3B       		.uleb128 0x3b
 1015 00b4 0B       		.uleb128 0xb
 1016 00b5 49       		.uleb128 0x49
 1017 00b6 13       		.uleb128 0x13
 1018 00b7 02       		.uleb128 0x2
 1019 00b8 17       		.uleb128 0x17
 1020 00b9 00       		.byte	0
 1021 00ba 00       		.byte	0
 1022 00bb 0F       		.uleb128 0xf
 1023 00bc 0F       		.uleb128 0xf
 1024 00bd 00       		.byte	0
 1025 00be 0B       		.uleb128 0xb
 1026 00bf 0B       		.uleb128 0xb
 1027 00c0 49       		.uleb128 0x49
 1028 00c1 13       		.uleb128 0x13
 1029 00c2 00       		.byte	0
 1030 00c3 00       		.byte	0
 1031 00c4 10       		.uleb128 0x10
 1032 00c5 26       		.uleb128 0x26
 1033 00c6 00       		.byte	0
 1034 00c7 49       		.uleb128 0x49
 1035 00c8 13       		.uleb128 0x13
 1036 00c9 00       		.byte	0
 1037 00ca 00       		.byte	0
 1038 00cb 11       		.uleb128 0x11
 1039 00cc 05       		.uleb128 0x5
 1040 00cd 00       		.byte	0
 1041 00ce 03       		.uleb128 0x3
 1042 00cf 08       		.uleb128 0x8
 1043 00d0 3A       		.uleb128 0x3a
 1044 00d1 0B       		.uleb128 0xb
 1045 00d2 3B       		.uleb128 0x3b
 1046 00d3 0B       		.uleb128 0xb
 1047 00d4 49       		.uleb128 0x49
 1048 00d5 13       		.uleb128 0x13
 1049 00d6 02       		.uleb128 0x2
 1050 00d7 17       		.uleb128 0x17
 1051 00d8 00       		.byte	0
 1052 00d9 00       		.byte	0
 1053 00da 12       		.uleb128 0x12
 1054 00db 898201   		.uleb128 0x4109
 1055 00de 01       		.byte	0x1
 1056 00df 11       		.uleb128 0x11
ARM GAS  C:\Users\latao\AppData\Local\Temp\ccsPZzIW.s 			page 26


 1057 00e0 01       		.uleb128 0x1
 1058 00e1 31       		.uleb128 0x31
 1059 00e2 13       		.uleb128 0x13
 1060 00e3 00       		.byte	0
 1061 00e4 00       		.byte	0
 1062 00e5 13       		.uleb128 0x13
 1063 00e6 8A8201   		.uleb128 0x410a
 1064 00e9 00       		.byte	0
 1065 00ea 02       		.uleb128 0x2
 1066 00eb 18       		.uleb128 0x18
 1067 00ec 9142     		.uleb128 0x2111
 1068 00ee 18       		.uleb128 0x18
 1069 00ef 00       		.byte	0
 1070 00f0 00       		.byte	0
 1071 00f1 14       		.uleb128 0x14
 1072 00f2 898201   		.uleb128 0x4109
 1073 00f5 01       		.byte	0x1
 1074 00f6 11       		.uleb128 0x11
 1075 00f7 01       		.uleb128 0x1
 1076 00f8 31       		.uleb128 0x31
 1077 00f9 13       		.uleb128 0x13
 1078 00fa 01       		.uleb128 0x1
 1079 00fb 13       		.uleb128 0x13
 1080 00fc 00       		.byte	0
 1081 00fd 00       		.byte	0
 1082 00fe 15       		.uleb128 0x15
 1083 00ff 2E       		.uleb128 0x2e
 1084 0100 01       		.byte	0x1
 1085 0101 3F       		.uleb128 0x3f
 1086 0102 19       		.uleb128 0x19
 1087 0103 03       		.uleb128 0x3
 1088 0104 0E       		.uleb128 0xe
 1089 0105 3A       		.uleb128 0x3a
 1090 0106 0B       		.uleb128 0xb
 1091 0107 3B       		.uleb128 0x3b
 1092 0108 05       		.uleb128 0x5
 1093 0109 27       		.uleb128 0x27
 1094 010a 19       		.uleb128 0x19
 1095 010b 11       		.uleb128 0x11
 1096 010c 01       		.uleb128 0x1
 1097 010d 12       		.uleb128 0x12
 1098 010e 06       		.uleb128 0x6
 1099 010f 40       		.uleb128 0x40
 1100 0110 18       		.uleb128 0x18
 1101 0111 9742     		.uleb128 0x2117
 1102 0113 19       		.uleb128 0x19
 1103 0114 01       		.uleb128 0x1
 1104 0115 13       		.uleb128 0x13
 1105 0116 00       		.byte	0
 1106 0117 00       		.byte	0
 1107 0118 16       		.uleb128 0x16
 1108 0119 0B       		.uleb128 0xb
 1109 011a 01       		.byte	0x1
 1110 011b 11       		.uleb128 0x11
 1111 011c 01       		.uleb128 0x1
 1112 011d 12       		.uleb128 0x12
 1113 011e 06       		.uleb128 0x6
ARM GAS  C:\Users\latao\AppData\Local\Temp\ccsPZzIW.s 			page 27


 1114 011f 01       		.uleb128 0x1
 1115 0120 13       		.uleb128 0x13
 1116 0121 00       		.byte	0
 1117 0122 00       		.byte	0
 1118 0123 17       		.uleb128 0x17
 1119 0124 34       		.uleb128 0x34
 1120 0125 00       		.byte	0
 1121 0126 03       		.uleb128 0x3
 1122 0127 0E       		.uleb128 0xe
 1123 0128 3A       		.uleb128 0x3a
 1124 0129 0B       		.uleb128 0xb
 1125 012a 3B       		.uleb128 0x3b
 1126 012b 05       		.uleb128 0x5
 1127 012c 49       		.uleb128 0x49
 1128 012d 13       		.uleb128 0x13
 1129 012e 02       		.uleb128 0x2
 1130 012f 18       		.uleb128 0x18
 1131 0130 00       		.byte	0
 1132 0131 00       		.byte	0
 1133 0132 18       		.uleb128 0x18
 1134 0133 13       		.uleb128 0x13
 1135 0134 01       		.byte	0x1
 1136 0135 0B       		.uleb128 0xb
 1137 0136 0B       		.uleb128 0xb
 1138 0137 3A       		.uleb128 0x3a
 1139 0138 0B       		.uleb128 0xb
 1140 0139 3B       		.uleb128 0x3b
 1141 013a 05       		.uleb128 0x5
 1142 013b 01       		.uleb128 0x1
 1143 013c 13       		.uleb128 0x13
 1144 013d 00       		.byte	0
 1145 013e 00       		.byte	0
 1146 013f 19       		.uleb128 0x19
 1147 0140 0D       		.uleb128 0xd
 1148 0141 00       		.byte	0
 1149 0142 03       		.uleb128 0x3
 1150 0143 0E       		.uleb128 0xe
 1151 0144 3A       		.uleb128 0x3a
 1152 0145 0B       		.uleb128 0xb
 1153 0146 3B       		.uleb128 0x3b
 1154 0147 05       		.uleb128 0x5
 1155 0148 49       		.uleb128 0x49
 1156 0149 13       		.uleb128 0x13
 1157 014a 38       		.uleb128 0x38
 1158 014b 0B       		.uleb128 0xb
 1159 014c 00       		.byte	0
 1160 014d 00       		.byte	0
 1161 014e 1A       		.uleb128 0x1a
 1162 014f 01       		.uleb128 0x1
 1163 0150 01       		.byte	0x1
 1164 0151 49       		.uleb128 0x49
 1165 0152 13       		.uleb128 0x13
 1166 0153 01       		.uleb128 0x1
 1167 0154 13       		.uleb128 0x13
 1168 0155 00       		.byte	0
 1169 0156 00       		.byte	0
 1170 0157 1B       		.uleb128 0x1b
ARM GAS  C:\Users\latao\AppData\Local\Temp\ccsPZzIW.s 			page 28


 1171 0158 21       		.uleb128 0x21
 1172 0159 00       		.byte	0
 1173 015a 49       		.uleb128 0x49
 1174 015b 13       		.uleb128 0x13
 1175 015c 2F       		.uleb128 0x2f
 1176 015d 0B       		.uleb128 0xb
 1177 015e 00       		.byte	0
 1178 015f 00       		.byte	0
 1179 0160 1C       		.uleb128 0x1c
 1180 0161 34       		.uleb128 0x34
 1181 0162 00       		.byte	0
 1182 0163 03       		.uleb128 0x3
 1183 0164 08       		.uleb128 0x8
 1184 0165 3A       		.uleb128 0x3a
 1185 0166 0B       		.uleb128 0xb
 1186 0167 3B       		.uleb128 0x3b
 1187 0168 05       		.uleb128 0x5
 1188 0169 49       		.uleb128 0x49
 1189 016a 13       		.uleb128 0x13
 1190 016b 02       		.uleb128 0x2
 1191 016c 17       		.uleb128 0x17
 1192 016d 00       		.byte	0
 1193 016e 00       		.byte	0
 1194 016f 1D       		.uleb128 0x1d
 1195 0170 898201   		.uleb128 0x4109
 1196 0173 00       		.byte	0
 1197 0174 11       		.uleb128 0x11
 1198 0175 01       		.uleb128 0x1
 1199 0176 31       		.uleb128 0x31
 1200 0177 13       		.uleb128 0x13
 1201 0178 00       		.byte	0
 1202 0179 00       		.byte	0
 1203 017a 1E       		.uleb128 0x1e
 1204 017b 2E       		.uleb128 0x2e
 1205 017c 00       		.byte	0
 1206 017d 3F       		.uleb128 0x3f
 1207 017e 19       		.uleb128 0x19
 1208 017f 3C       		.uleb128 0x3c
 1209 0180 19       		.uleb128 0x19
 1210 0181 6E       		.uleb128 0x6e
 1211 0182 0E       		.uleb128 0xe
 1212 0183 03       		.uleb128 0x3
 1213 0184 0E       		.uleb128 0xe
 1214 0185 00       		.byte	0
 1215 0186 00       		.byte	0
 1216 0187 1F       		.uleb128 0x1f
 1217 0188 2E       		.uleb128 0x2e
 1218 0189 00       		.byte	0
 1219 018a 3F       		.uleb128 0x3f
 1220 018b 19       		.uleb128 0x19
 1221 018c 3C       		.uleb128 0x3c
 1222 018d 19       		.uleb128 0x19
 1223 018e 6E       		.uleb128 0x6e
 1224 018f 0E       		.uleb128 0xe
 1225 0190 03       		.uleb128 0x3
 1226 0191 0E       		.uleb128 0xe
 1227 0192 3A       		.uleb128 0x3a
ARM GAS  C:\Users\latao\AppData\Local\Temp\ccsPZzIW.s 			page 29


 1228 0193 0B       		.uleb128 0xb
 1229 0194 3B       		.uleb128 0x3b
 1230 0195 0B       		.uleb128 0xb
 1231 0196 00       		.byte	0
 1232 0197 00       		.byte	0
 1233 0198 00       		.byte	0
 1234              		.section	.debug_loc,"",%progbits
 1235              	.Ldebug_loc0:
 1236              	.LLST0:
 1237 0000 02000000 		.4byte	.LVL1
 1238 0004 08000000 		.4byte	.LVL2
 1239 0008 0200     		.2byte	0x2
 1240 000a 30       		.byte	0x30
 1241 000b 9F       		.byte	0x9f
 1242 000c 08000000 		.4byte	.LVL2
 1243 0010 30000000 		.4byte	.LVL11
 1244 0014 0100     		.2byte	0x1
 1245 0016 57       		.byte	0x57
 1246 0017 00000000 		.4byte	0
 1247 001b 00000000 		.4byte	0
 1248              	.LLST1:
 1249 001f 02000000 		.4byte	.LVL1
 1250 0023 08000000 		.4byte	.LVL2
 1251 0027 0200     		.2byte	0x2
 1252 0029 30       		.byte	0x30
 1253 002a 9F       		.byte	0x9f
 1254 002b 08000000 		.4byte	.LVL2
 1255 002f 30000000 		.4byte	.LVL10
 1256 0033 0100     		.2byte	0x1
 1257 0035 55       		.byte	0x55
 1258 0036 00000000 		.4byte	0
 1259 003a 00000000 		.4byte	0
 1260              	.LLST2:
 1261 003e 0C000000 		.4byte	.LVL3
 1262 0042 2C000000 		.4byte	.LVL9
 1263 0046 0100     		.2byte	0x1
 1264 0048 56       		.byte	0x56
 1265 0049 00000000 		.4byte	0
 1266 004d 00000000 		.4byte	0
 1267              	.LLST3:
 1268 0051 0E000000 		.4byte	.LVL4
 1269 0055 24000000 		.4byte	.LVL7
 1270 0059 0100     		.2byte	0x1
 1271 005b 53       		.byte	0x53
 1272 005c 26000000 		.4byte	.LVL8
 1273 0060 2C000000 		.4byte	.LVL9
 1274 0064 0100     		.2byte	0x1
 1275 0066 53       		.byte	0x53
 1276 0067 00000000 		.4byte	0
 1277 006b 00000000 		.4byte	0
 1278              	.LLST4:
 1279 006f 00000000 		.4byte	.LVL12
 1280 0073 09000000 		.4byte	.LVL14-1
 1281 0077 0100     		.2byte	0x1
 1282 0079 50       		.byte	0x50
 1283 007a 09000000 		.4byte	.LVL14-1
 1284 007e 0C000000 		.4byte	.LFE0
ARM GAS  C:\Users\latao\AppData\Local\Temp\ccsPZzIW.s 			page 30


 1285 0082 0400     		.2byte	0x4
 1286 0084 F3       		.byte	0xf3
 1287 0085 01       		.uleb128 0x1
 1288 0086 50       		.byte	0x50
 1289 0087 9F       		.byte	0x9f
 1290 0088 00000000 		.4byte	0
 1291 008c 00000000 		.4byte	0
 1292              	.LLST5:
 1293 0090 00000000 		.4byte	.LVL12
 1294 0094 06000000 		.4byte	.LVL13
 1295 0098 0100     		.2byte	0x1
 1296 009a 51       		.byte	0x51
 1297 009b 06000000 		.4byte	.LVL13
 1298 009f 09000000 		.4byte	.LVL14-1
 1299 00a3 0100     		.2byte	0x1
 1300 00a5 52       		.byte	0x52
 1301 00a6 09000000 		.4byte	.LVL14-1
 1302 00aa 0C000000 		.4byte	.LFE0
 1303 00ae 0400     		.2byte	0x4
 1304 00b0 F3       		.byte	0xf3
 1305 00b1 01       		.uleb128 0x1
 1306 00b2 51       		.byte	0x51
 1307 00b3 9F       		.byte	0x9f
 1308 00b4 00000000 		.4byte	0
 1309 00b8 00000000 		.4byte	0
 1310              	.LLST6:
 1311 00bc 7C000000 		.4byte	.LVL18
 1312 00c0 80000000 		.4byte	.LVL19
 1313 00c4 0200     		.2byte	0x2
 1314 00c6 30       		.byte	0x30
 1315 00c7 9F       		.byte	0x9f
 1316 00c8 80000000 		.4byte	.LVL19
 1317 00cc 9E000000 		.4byte	.LVL21
 1318 00d0 0100     		.2byte	0x1
 1319 00d2 54       		.byte	0x54
 1320 00d3 A0000000 		.4byte	.LVL22
 1321 00d7 F2000000 		.4byte	.LVL25
 1322 00db 0100     		.2byte	0x1
 1323 00dd 54       		.byte	0x54
 1324 00de 00000000 		.4byte	0
 1325 00e2 00000000 		.4byte	0
 1326              	.LLST7:
 1327 00e6 80000000 		.4byte	.LVL19
 1328 00ea 9E000000 		.4byte	.LVL21
 1329 00ee 0B00     		.2byte	0xb
 1330 00f0 74       		.byte	0x74
 1331 00f1 00       		.sleb128 0
 1332 00f2 36       		.byte	0x36
 1333 00f3 1E       		.byte	0x1e
 1334 00f4 03       		.byte	0x3
 1335 00f5 00000000 		.4byte	cfg_memset_list.4870
 1336 00f9 22       		.byte	0x22
 1337 00fa 9F       		.byte	0x9f
 1338 00fb 9E000000 		.4byte	.LVL21
 1339 00ff A0000000 		.4byte	.LVL22
 1340 0103 0B00     		.2byte	0xb
 1341 0105 74       		.byte	0x74
ARM GAS  C:\Users\latao\AppData\Local\Temp\ccsPZzIW.s 			page 31


 1342 0106 7F       		.sleb128 -1
 1343 0107 36       		.byte	0x36
 1344 0108 1E       		.byte	0x1e
 1345 0109 03       		.byte	0x3
 1346 010a 00000000 		.4byte	cfg_memset_list.4870
 1347 010e 22       		.byte	0x22
 1348 010f 9F       		.byte	0x9f
 1349 0110 00000000 		.4byte	0
 1350 0114 00000000 		.4byte	0
 1351              		.section	.debug_aranges,"",%progbits
 1352 0000 34000000 		.4byte	0x34
 1353 0004 0200     		.2byte	0x2
 1354 0006 00000000 		.4byte	.Ldebug_info0
 1355 000a 04       		.byte	0x4
 1356 000b 00       		.byte	0
 1357 000c 0000     		.2byte	0
 1358 000e 0000     		.2byte	0
 1359 0010 00000000 		.4byte	.LFB3
 1360 0014 32000000 		.4byte	.LFE3-.LFB3
 1361 0018 00000000 		.4byte	.LFB0
 1362 001c 0C000000 		.4byte	.LFE0-.LFB0
 1363 0020 00000000 		.4byte	.LFB4
 1364 0024 78000000 		.4byte	.LFE4-.LFB4
 1365 0028 78000000 		.4byte	.LFB6
 1366 002c A4000000 		.4byte	.LFE6-.LFB6
 1367 0030 00000000 		.4byte	0
 1368 0034 00000000 		.4byte	0
 1369              		.section	.debug_ranges,"",%progbits
 1370              	.Ldebug_ranges0:
 1371 0000 00000000 		.4byte	.LFB3
 1372 0004 32000000 		.4byte	.LFE3
 1373 0008 00000000 		.4byte	.LFB0
 1374 000c 0C000000 		.4byte	.LFE0
 1375 0010 00000000 		.4byte	.LFB4
 1376 0014 78000000 		.4byte	.LFE4
 1377 0018 78000000 		.4byte	.LFB6
 1378 001c 1C010000 		.4byte	.LFE6
 1379 0020 00000000 		.4byte	0
 1380 0024 00000000 		.4byte	0
 1381              		.section	.debug_line,"",%progbits
 1382              	.Ldebug_line0:
 1383 0000 56010000 		.section	.debug_str,"MS",%progbits,1
 1383      0200D600 
 1383      00000201 
 1383      FB0E0D00 
 1383      01010101 
 1384              	.LASF19:
 1385 0000 72656733 		.ascii	"reg32\000"
 1385      3200
 1386              	.LASF12:
 1387 0006 73697A65 		.ascii	"size_t\000"
 1387      5F7400
 1388              	.LASF37:
 1389 000d 4379496E 		.ascii	"CyIntSetVector\000"
 1389      74536574 
 1389      56656374 
 1389      6F7200
ARM GAS  C:\Users\latao\AppData\Local\Temp\ccsPZzIW.s 			page 32


 1390              	.LASF21:
 1391 001c 76616C75 		.ascii	"value\000"
 1391      6500
 1392              	.LASF26:
 1393 0022 636F756E 		.ascii	"count\000"
 1393      7400
 1394              	.LASF29:
 1395 0028 436C6F63 		.ascii	"ClockSetup\000"
 1395      6B536574 
 1395      757000
 1396              	.LASF30:
 1397 0033 63795F63 		.ascii	"cy_cfg_addr_table\000"
 1397      66675F61 
 1397      6464725F 
 1397      7461626C 
 1397      6500
 1398              	.LASF31:
 1399 0045 63795F63 		.ascii	"cy_cfg_data_table\000"
 1399      66675F64 
 1399      6174615F 
 1399      7461626C 
 1399      6500
 1400              	.LASF16:
 1401 0057 666C6F61 		.ascii	"float\000"
 1401      7400
 1402              	.LASF41:
 1403 005d 433A5C44 		.ascii	"C:\\DenysProjects\\Workspace01\\Design06.cydsn\000"
 1403      656E7973 
 1403      50726F6A 
 1403      65637473 
 1403      5C576F72 
 1404              	.LASF35:
 1405 0089 6366675F 		.ascii	"cfg_memset_list\000"
 1405      6D656D73 
 1405      65745F6C 
 1405      69737400 
 1406              	.LASF33:
 1407 0099 73697A65 		.ascii	"size\000"
 1407      00
 1408              	.LASF18:
 1409 009e 72656738 		.ascii	"reg8\000"
 1409      00
 1410              	.LASF8:
 1411 00a3 6C6F6E67 		.ascii	"long unsigned int\000"
 1411      20756E73 
 1411      69676E65 
 1411      6420696E 
 1411      7400
 1412              	.LASF13:
 1413 00b5 75696E74 		.ascii	"uint8\000"
 1413      3800
 1414              	.LASF28:
 1415 00bb 43594D45 		.ascii	"CYMEMZERO\000"
 1415      4D5A4552 
 1415      4F00
 1416              	.LASF4:
 1417 00c5 756E7369 		.ascii	"unsigned char\000"
ARM GAS  C:\Users\latao\AppData\Local\Temp\ccsPZzIW.s 			page 33


 1417      676E6564 
 1417      20636861 
 1417      7200
 1418              	.LASF43:
 1419 00d3 6D656D73 		.ascii	"memset\000"
 1419      657400
 1420              	.LASF17:
 1421 00da 646F7562 		.ascii	"double\000"
 1421      6C6500
 1422              	.LASF27:
 1423 00e1 6366675F 		.ascii	"cfg_write_bytes32\000"
 1423      77726974 
 1423      655F6279 
 1423      74657333 
 1423      3200
 1424              	.LASF38:
 1425 00f3 4379496E 		.ascii	"CyIntEnable\000"
 1425      74456E61 
 1425      626C6500 
 1426              	.LASF23:
 1427 00ff 61646472 		.ascii	"addr_table\000"
 1427      5F746162 
 1427      6C6500
 1428              	.LASF14:
 1429 010a 75696E74 		.ascii	"uint16\000"
 1429      313600
 1430              	.LASF24:
 1431 0111 64617461 		.ascii	"data_table\000"
 1431      5F746162 
 1431      6C6500
 1432              	.LASF15:
 1433 011c 75696E74 		.ascii	"uint32\000"
 1433      333200
 1434              	.LASF0:
 1435 0123 756E7369 		.ascii	"unsigned int\000"
 1435      676E6564 
 1435      20696E74 
 1435      00
 1436              	.LASF42:
 1437 0130 63796669 		.ascii	"cyfitter_cfg\000"
 1437      74746572 
 1437      5F636667 
 1437      00
 1438              	.LASF32:
 1439 013d 61646472 		.ascii	"address\000"
 1439      65737300 
 1440              	.LASF9:
 1441 0145 6C6F6E67 		.ascii	"long long unsigned int\000"
 1441      206C6F6E 
 1441      6720756E 
 1441      7369676E 
 1441      65642069 
 1442              	.LASF39:
 1443 015c 474E5520 		.ascii	"GNU C11 5.4.1 20160609 (release) [ARM/embedded-5-br"
 1443      43313120 
 1443      352E342E 
 1443      31203230 
ARM GAS  C:\Users\latao\AppData\Local\Temp\ccsPZzIW.s 			page 34


 1443      31363036 
 1444 018f 616E6368 		.ascii	"anch revision 237715] -mcpu=cortex-m0 -mthumb -g -O"
 1444      20726576 
 1444      6973696F 
 1444      6E203233 
 1444      37373135 
 1445 01c2 67202D66 		.ascii	"g -ffunction-sections -ffat-lto-objects\000"
 1445      66756E63 
 1445      74696F6E 
 1445      2D736563 
 1445      74696F6E 
 1446              	.LASF34:
 1447 01ea 6366675F 		.ascii	"cfg_memset_t\000"
 1447      6D656D73 
 1447      65745F74 
 1447      00
 1448              	.LASF25:
 1449 01f7 62617365 		.ascii	"baseAddr\000"
 1449      41646472 
 1449      00
 1450              	.LASF10:
 1451 0200 73697A65 		.ascii	"sizetype\000"
 1451      74797065 
 1451      00
 1452              	.LASF6:
 1453 0209 73686F72 		.ascii	"short unsigned int\000"
 1453      7420756E 
 1453      7369676E 
 1453      65642069 
 1453      6E7400
 1454              	.LASF1:
 1455 021c 6C6F6E67 		.ascii	"long long int\000"
 1455      206C6F6E 
 1455      6720696E 
 1455      7400
 1456              	.LASF11:
 1457 022a 63686172 		.ascii	"char\000"
 1457      00
 1458              	.LASF22:
 1459 022f 63795F63 		.ascii	"cy_cfg_addrvalue_t\000"
 1459      66675F61 
 1459      64647276 
 1459      616C7565 
 1459      5F7400
 1460              	.LASF20:
 1461 0242 6F666673 		.ascii	"offset\000"
 1461      657400
 1462              	.LASF5:
 1463 0249 73686F72 		.ascii	"short int\000"
 1463      7420696E 
 1463      7400
 1464              	.LASF36:
 1465 0253 43795379 		.ascii	"CySysClkWriteImoFreq\000"
 1465      73436C6B 
 1465      57726974 
 1465      65496D6F 
 1465      46726571 
ARM GAS  C:\Users\latao\AppData\Local\Temp\ccsPZzIW.s 			page 35


 1466              	.LASF7:
 1467 0268 6C6F6E67 		.ascii	"long int\000"
 1467      20696E74 
 1467      00
 1468              	.LASF2:
 1469 0271 6C6F6E67 		.ascii	"long double\000"
 1469      20646F75 
 1469      626C6500 
 1470              	.LASF3:
 1471 027d 7369676E 		.ascii	"signed char\000"
 1471      65642063 
 1471      68617200 
 1472              	.LASF40:
 1473 0289 47656E65 		.ascii	"Generated_Source\\PSoC4\\cyfitter_cfg.c\000"
 1473      72617465 
 1473      645F536F 
 1473      75726365 
 1473      5C50536F 
 1474              		.ident	"GCC: (GNU Tools for ARM Embedded Processors) 5.4.1 20160609 (release) [ARM/embedded-5-bran
