ARM GAS  C:\Users\latao\AppData\Local\Temp\ccA51lKs.s 			page 1


   1              		.syntax unified
   2              		.cpu cortex-m0
   3              		.fpu softvfp
   4              		.eabi_attribute 20, 1
   5              		.eabi_attribute 21, 1
   6              		.eabi_attribute 23, 3
   7              		.eabi_attribute 24, 1
   8              		.eabi_attribute 25, 1
   9              		.eabi_attribute 26, 1
  10              		.eabi_attribute 30, 1
  11              		.eabi_attribute 34, 0
  12              		.eabi_attribute 18, 4
  13              		.thumb
  14              		.syntax unified
  15              		.file	"cyfitter_cfg.c"
  16              		.text
  17              	.Ltext0:
  18              		.cfi_sections	.debug_frame
  19              		.section	.text.cfg_write_bytes32,"ax",%progbits
  20              		.align	2
  21              		.code	16
  22              		.thumb_func
  23              		.type	cfg_write_bytes32, %function
  24              	cfg_write_bytes32:
  25              	.LFB3:
  26              		.file 1 "Generated_Source\\PSoC4\\cyfitter_cfg.c"
   1:Generated_Source\PSoC4/cyfitter_cfg.c **** 
   2:Generated_Source\PSoC4/cyfitter_cfg.c **** /*******************************************************************************
   3:Generated_Source\PSoC4/cyfitter_cfg.c **** * File Name: cyfitter_cfg.c
   4:Generated_Source\PSoC4/cyfitter_cfg.c **** * 
   5:Generated_Source\PSoC4/cyfitter_cfg.c **** * PSoC Creator  4.4
   6:Generated_Source\PSoC4/cyfitter_cfg.c **** *
   7:Generated_Source\PSoC4/cyfitter_cfg.c **** * Description:
   8:Generated_Source\PSoC4/cyfitter_cfg.c **** * This file contains device initialization code.
   9:Generated_Source\PSoC4/cyfitter_cfg.c **** * Except for the user defined sections in CyClockStartupError(), this file should not be modified.
  10:Generated_Source\PSoC4/cyfitter_cfg.c **** * This file is automatically generated by PSoC Creator.
  11:Generated_Source\PSoC4/cyfitter_cfg.c **** *
  12:Generated_Source\PSoC4/cyfitter_cfg.c **** ********************************************************************************
  13:Generated_Source\PSoC4/cyfitter_cfg.c **** * Copyright (c) 2007-2020 Cypress Semiconductor.  All rights reserved.
  14:Generated_Source\PSoC4/cyfitter_cfg.c **** * You may use this file only in accordance with the license, terms, conditions, 
  15:Generated_Source\PSoC4/cyfitter_cfg.c **** * disclaimers, and limitations in the end user license agreement accompanying 
  16:Generated_Source\PSoC4/cyfitter_cfg.c **** * the software package with which this file was provided.
  17:Generated_Source\PSoC4/cyfitter_cfg.c **** ********************************************************************************/
  18:Generated_Source\PSoC4/cyfitter_cfg.c **** 
  19:Generated_Source\PSoC4/cyfitter_cfg.c **** #include <string.h>
  20:Generated_Source\PSoC4/cyfitter_cfg.c **** #include "cytypes.h"
  21:Generated_Source\PSoC4/cyfitter_cfg.c **** #include "cydevice_trm.h"
  22:Generated_Source\PSoC4/cyfitter_cfg.c **** #include "cyfitter.h"
  23:Generated_Source\PSoC4/cyfitter_cfg.c **** #include "CyLib.h"
  24:Generated_Source\PSoC4/cyfitter_cfg.c **** #include "CyLFClk.h"
  25:Generated_Source\PSoC4/cyfitter_cfg.c **** #include "cyfitter_cfg.h"
  26:Generated_Source\PSoC4/cyfitter_cfg.c **** #include "cyapicallbacks.h"
  27:Generated_Source\PSoC4/cyfitter_cfg.c **** 
  28:Generated_Source\PSoC4/cyfitter_cfg.c **** 
  29:Generated_Source\PSoC4/cyfitter_cfg.c **** #if defined(__GNUC__) || defined(__ARMCC_VERSION)
  30:Generated_Source\PSoC4/cyfitter_cfg.c ****     #define CYPACKED 
  31:Generated_Source\PSoC4/cyfitter_cfg.c ****     #define CYPACKED_ATTR __attribute__ ((packed))
ARM GAS  C:\Users\latao\AppData\Local\Temp\ccA51lKs.s 			page 2


  32:Generated_Source\PSoC4/cyfitter_cfg.c ****     #define CYALIGNED __attribute__ ((aligned))
  33:Generated_Source\PSoC4/cyfitter_cfg.c ****     #define CY_CFG_UNUSED __attribute__ ((unused))
  34:Generated_Source\PSoC4/cyfitter_cfg.c ****     #ifndef CY_CFG_SECTION
  35:Generated_Source\PSoC4/cyfitter_cfg.c ****         #define CY_CFG_SECTION __attribute__ ((section(".psocinit")))
  36:Generated_Source\PSoC4/cyfitter_cfg.c ****     #endif
  37:Generated_Source\PSoC4/cyfitter_cfg.c ****     
  38:Generated_Source\PSoC4/cyfitter_cfg.c ****     #if defined(__ARMCC_VERSION)
  39:Generated_Source\PSoC4/cyfitter_cfg.c ****         #define CY_CFG_MEMORY_BARRIER() __memory_changed()
  40:Generated_Source\PSoC4/cyfitter_cfg.c ****     #else
  41:Generated_Source\PSoC4/cyfitter_cfg.c ****         #define CY_CFG_MEMORY_BARRIER() __sync_synchronize()
  42:Generated_Source\PSoC4/cyfitter_cfg.c ****     #endif
  43:Generated_Source\PSoC4/cyfitter_cfg.c ****     
  44:Generated_Source\PSoC4/cyfitter_cfg.c **** #elif defined(__ICCARM__)
  45:Generated_Source\PSoC4/cyfitter_cfg.c ****     #include <intrinsics.h>
  46:Generated_Source\PSoC4/cyfitter_cfg.c **** 
  47:Generated_Source\PSoC4/cyfitter_cfg.c ****     #define CYPACKED __packed
  48:Generated_Source\PSoC4/cyfitter_cfg.c ****     #define CYPACKED_ATTR 
  49:Generated_Source\PSoC4/cyfitter_cfg.c ****     #define CYALIGNED _Pragma("data_alignment=4")
  50:Generated_Source\PSoC4/cyfitter_cfg.c ****     #define CY_CFG_UNUSED _Pragma("diag_suppress=Pe177")
  51:Generated_Source\PSoC4/cyfitter_cfg.c ****     #define CY_CFG_SECTION _Pragma("location=\".psocinit\"")
  52:Generated_Source\PSoC4/cyfitter_cfg.c ****     
  53:Generated_Source\PSoC4/cyfitter_cfg.c ****     #define CY_CFG_MEMORY_BARRIER() __DMB()
  54:Generated_Source\PSoC4/cyfitter_cfg.c ****     
  55:Generated_Source\PSoC4/cyfitter_cfg.c **** #else
  56:Generated_Source\PSoC4/cyfitter_cfg.c ****     #error Unsupported toolchain
  57:Generated_Source\PSoC4/cyfitter_cfg.c **** #endif
  58:Generated_Source\PSoC4/cyfitter_cfg.c **** 
  59:Generated_Source\PSoC4/cyfitter_cfg.c **** #ifndef CYCODE
  60:Generated_Source\PSoC4/cyfitter_cfg.c ****     #define CYCODE
  61:Generated_Source\PSoC4/cyfitter_cfg.c **** #endif
  62:Generated_Source\PSoC4/cyfitter_cfg.c **** #ifndef CYDATA
  63:Generated_Source\PSoC4/cyfitter_cfg.c ****     #define CYDATA
  64:Generated_Source\PSoC4/cyfitter_cfg.c **** #endif
  65:Generated_Source\PSoC4/cyfitter_cfg.c **** #ifndef CYFAR
  66:Generated_Source\PSoC4/cyfitter_cfg.c ****     #define CYFAR
  67:Generated_Source\PSoC4/cyfitter_cfg.c **** #endif
  68:Generated_Source\PSoC4/cyfitter_cfg.c **** #ifndef CYXDATA
  69:Generated_Source\PSoC4/cyfitter_cfg.c ****     #define CYXDATA
  70:Generated_Source\PSoC4/cyfitter_cfg.c **** #endif
  71:Generated_Source\PSoC4/cyfitter_cfg.c **** 
  72:Generated_Source\PSoC4/cyfitter_cfg.c **** 
  73:Generated_Source\PSoC4/cyfitter_cfg.c **** CY_CFG_UNUSED
  74:Generated_Source\PSoC4/cyfitter_cfg.c **** static void CYMEMZERO(void *s, size_t n);
  75:Generated_Source\PSoC4/cyfitter_cfg.c **** CY_CFG_UNUSED
  76:Generated_Source\PSoC4/cyfitter_cfg.c **** static void CYMEMZERO(void *s, size_t n)
  77:Generated_Source\PSoC4/cyfitter_cfg.c **** {
  78:Generated_Source\PSoC4/cyfitter_cfg.c **** 	(void)memset(s, 0, n);
  79:Generated_Source\PSoC4/cyfitter_cfg.c **** }
  80:Generated_Source\PSoC4/cyfitter_cfg.c **** CY_CFG_UNUSED
  81:Generated_Source\PSoC4/cyfitter_cfg.c **** static void CYCONFIGCPY(void *dest, const void *src, size_t n);
  82:Generated_Source\PSoC4/cyfitter_cfg.c **** CY_CFG_UNUSED
  83:Generated_Source\PSoC4/cyfitter_cfg.c **** static void CYCONFIGCPY(void *dest, const void *src, size_t n)
  84:Generated_Source\PSoC4/cyfitter_cfg.c **** {
  85:Generated_Source\PSoC4/cyfitter_cfg.c **** 	(void)memcpy(dest, src, n);
  86:Generated_Source\PSoC4/cyfitter_cfg.c **** }
  87:Generated_Source\PSoC4/cyfitter_cfg.c **** CY_CFG_UNUSED
  88:Generated_Source\PSoC4/cyfitter_cfg.c **** static void CYCONFIGCPYCODE(void *dest, const void *src, size_t n);
ARM GAS  C:\Users\latao\AppData\Local\Temp\ccA51lKs.s 			page 3


  89:Generated_Source\PSoC4/cyfitter_cfg.c **** CY_CFG_UNUSED
  90:Generated_Source\PSoC4/cyfitter_cfg.c **** static void CYCONFIGCPYCODE(void *dest, const void *src, size_t n)
  91:Generated_Source\PSoC4/cyfitter_cfg.c **** {
  92:Generated_Source\PSoC4/cyfitter_cfg.c **** 	(void)memcpy(dest, src, n);
  93:Generated_Source\PSoC4/cyfitter_cfg.c **** }
  94:Generated_Source\PSoC4/cyfitter_cfg.c **** 
  95:Generated_Source\PSoC4/cyfitter_cfg.c **** 
  96:Generated_Source\PSoC4/cyfitter_cfg.c **** 
  97:Generated_Source\PSoC4/cyfitter_cfg.c **** 
  98:Generated_Source\PSoC4/cyfitter_cfg.c **** /* Clock startup error codes                                                   */
  99:Generated_Source\PSoC4/cyfitter_cfg.c **** #define CYCLOCKSTART_NO_ERROR    0u
 100:Generated_Source\PSoC4/cyfitter_cfg.c **** #define CYCLOCKSTART_XTAL_ERROR  1u
 101:Generated_Source\PSoC4/cyfitter_cfg.c **** #define CYCLOCKSTART_32KHZ_ERROR 2u
 102:Generated_Source\PSoC4/cyfitter_cfg.c **** #define CYCLOCKSTART_PLL_ERROR   3u
 103:Generated_Source\PSoC4/cyfitter_cfg.c **** #define CYCLOCKSTART_FLL_ERROR   4u
 104:Generated_Source\PSoC4/cyfitter_cfg.c **** #define CYCLOCKSTART_WCO_ERROR   5u
 105:Generated_Source\PSoC4/cyfitter_cfg.c **** 
 106:Generated_Source\PSoC4/cyfitter_cfg.c **** 
 107:Generated_Source\PSoC4/cyfitter_cfg.c **** #ifdef CY_NEED_CYCLOCKSTARTUPERROR
 108:Generated_Source\PSoC4/cyfitter_cfg.c **** /*******************************************************************************
 109:Generated_Source\PSoC4/cyfitter_cfg.c **** * Function Name: CyClockStartupError
 110:Generated_Source\PSoC4/cyfitter_cfg.c **** ********************************************************************************
 111:Generated_Source\PSoC4/cyfitter_cfg.c **** * Summary:
 112:Generated_Source\PSoC4/cyfitter_cfg.c **** *  If an error is encountered during clock configuration (crystal startup error,
 113:Generated_Source\PSoC4/cyfitter_cfg.c **** *  PLL lock error, etc.), the system will end up here.  Unless reimplemented by
 114:Generated_Source\PSoC4/cyfitter_cfg.c **** *  the customer, this function will stop in an infinite loop.
 115:Generated_Source\PSoC4/cyfitter_cfg.c **** *
 116:Generated_Source\PSoC4/cyfitter_cfg.c **** * Parameters:
 117:Generated_Source\PSoC4/cyfitter_cfg.c **** *   void
 118:Generated_Source\PSoC4/cyfitter_cfg.c **** *
 119:Generated_Source\PSoC4/cyfitter_cfg.c **** * Return:
 120:Generated_Source\PSoC4/cyfitter_cfg.c **** *   void
 121:Generated_Source\PSoC4/cyfitter_cfg.c **** *
 122:Generated_Source\PSoC4/cyfitter_cfg.c **** *******************************************************************************/
 123:Generated_Source\PSoC4/cyfitter_cfg.c **** CY_CFG_UNUSED
 124:Generated_Source\PSoC4/cyfitter_cfg.c **** static void CyClockStartupError(uint8 errorCode);
 125:Generated_Source\PSoC4/cyfitter_cfg.c **** CY_CFG_UNUSED
 126:Generated_Source\PSoC4/cyfitter_cfg.c **** static void CyClockStartupError(uint8 errorCode)
 127:Generated_Source\PSoC4/cyfitter_cfg.c **** {
 128:Generated_Source\PSoC4/cyfitter_cfg.c ****     /* To remove the compiler warning if errorCode not used.                */
 129:Generated_Source\PSoC4/cyfitter_cfg.c ****     errorCode = errorCode;
 130:Generated_Source\PSoC4/cyfitter_cfg.c **** 
 131:Generated_Source\PSoC4/cyfitter_cfg.c ****     /* If we have a clock startup error (bad MHz crystal, PLL lock, etc.),  */
 132:Generated_Source\PSoC4/cyfitter_cfg.c ****     /* we will end up here to allow the customer to implement something to  */
 133:Generated_Source\PSoC4/cyfitter_cfg.c ****     /* deal with the clock condition.                                       */
 134:Generated_Source\PSoC4/cyfitter_cfg.c **** 
 135:Generated_Source\PSoC4/cyfitter_cfg.c **** #ifdef CY_CFG_CLOCK_STARTUP_ERROR_CALLBACK
 136:Generated_Source\PSoC4/cyfitter_cfg.c ****     CY_CFG_Clock_Startup_ErrorCallback();
 137:Generated_Source\PSoC4/cyfitter_cfg.c **** #else
 138:Generated_Source\PSoC4/cyfitter_cfg.c ****     /*  If not using CY_CFG_CLOCK_STARTUP_ERROR_CALLBACK, place your clock startup code here. */
 139:Generated_Source\PSoC4/cyfitter_cfg.c ****     /* `#START CyClockStartupError` */
 140:Generated_Source\PSoC4/cyfitter_cfg.c **** 
 141:Generated_Source\PSoC4/cyfitter_cfg.c **** 
 142:Generated_Source\PSoC4/cyfitter_cfg.c **** 
 143:Generated_Source\PSoC4/cyfitter_cfg.c ****     /* `#END` */
 144:Generated_Source\PSoC4/cyfitter_cfg.c **** 
 145:Generated_Source\PSoC4/cyfitter_cfg.c ****     while(1) {}
ARM GAS  C:\Users\latao\AppData\Local\Temp\ccA51lKs.s 			page 4


 146:Generated_Source\PSoC4/cyfitter_cfg.c **** #endif /* CY_CFG_CLOCK_STARTUP_ERROR_CALLBACK */
 147:Generated_Source\PSoC4/cyfitter_cfg.c **** }
 148:Generated_Source\PSoC4/cyfitter_cfg.c **** #endif
 149:Generated_Source\PSoC4/cyfitter_cfg.c **** 
 150:Generated_Source\PSoC4/cyfitter_cfg.c **** #define CY_CFG_BASE_ADDR_COUNT 6u
 151:Generated_Source\PSoC4/cyfitter_cfg.c **** CYPACKED typedef struct
 152:Generated_Source\PSoC4/cyfitter_cfg.c **** {
 153:Generated_Source\PSoC4/cyfitter_cfg.c **** 	uint8 offset;
 154:Generated_Source\PSoC4/cyfitter_cfg.c **** 	uint8 value;
 155:Generated_Source\PSoC4/cyfitter_cfg.c **** } CYPACKED_ATTR cy_cfg_addrvalue_t;
 156:Generated_Source\PSoC4/cyfitter_cfg.c **** 
 157:Generated_Source\PSoC4/cyfitter_cfg.c **** 
 158:Generated_Source\PSoC4/cyfitter_cfg.c **** 
 159:Generated_Source\PSoC4/cyfitter_cfg.c **** /*******************************************************************************
 160:Generated_Source\PSoC4/cyfitter_cfg.c **** * Function Name: cfg_write_bytes32
 161:Generated_Source\PSoC4/cyfitter_cfg.c **** ********************************************************************************
 162:Generated_Source\PSoC4/cyfitter_cfg.c **** * Summary:
 163:Generated_Source\PSoC4/cyfitter_cfg.c **** *  This function is used for setting up the chip configuration areas that
 164:Generated_Source\PSoC4/cyfitter_cfg.c **** *  contain relatively sparse data.
 165:Generated_Source\PSoC4/cyfitter_cfg.c **** *
 166:Generated_Source\PSoC4/cyfitter_cfg.c **** * Parameters:
 167:Generated_Source\PSoC4/cyfitter_cfg.c **** *   void
 168:Generated_Source\PSoC4/cyfitter_cfg.c **** *
 169:Generated_Source\PSoC4/cyfitter_cfg.c **** * Return:
 170:Generated_Source\PSoC4/cyfitter_cfg.c **** *   void
 171:Generated_Source\PSoC4/cyfitter_cfg.c **** *
 172:Generated_Source\PSoC4/cyfitter_cfg.c **** *******************************************************************************/
 173:Generated_Source\PSoC4/cyfitter_cfg.c **** static void cfg_write_bytes32(const uint32 addr_table[], const cy_cfg_addrvalue_t data_table[]);
 174:Generated_Source\PSoC4/cyfitter_cfg.c **** static void cfg_write_bytes32(const uint32 addr_table[], const cy_cfg_addrvalue_t data_table[])
 175:Generated_Source\PSoC4/cyfitter_cfg.c **** {
  27              		.loc 1 175 0
  28              		.cfi_startproc
  29              		@ args = 0, pretend = 0, frame = 0
  30              		@ frame_needed = 0, uses_anonymous_args = 0
  31              	.LVL0:
  32 0000 F0B5     		push	{r4, r5, r6, r7, lr}
  33              		.cfi_def_cfa_offset 20
  34              		.cfi_offset 4, -20
  35              		.cfi_offset 5, -16
  36              		.cfi_offset 6, -12
  37              		.cfi_offset 7, -8
  38              		.cfi_offset 14, -4
  39              	.LVL1:
 176:Generated_Source\PSoC4/cyfitter_cfg.c **** 	/* For 32-bit little-endian architectures */
 177:Generated_Source\PSoC4/cyfitter_cfg.c **** 	uint32 i, j = 0u;
  40              		.loc 1 177 0
  41 0002 0025     		movs	r5, #0
 178:Generated_Source\PSoC4/cyfitter_cfg.c **** 	for (i = 0u; i < CY_CFG_BASE_ADDR_COUNT; i++)
  42              		.loc 1 178 0
  43 0004 0027     		movs	r7, #0
  44 0006 11E0     		b	.L2
  45              	.LVL2:
  46              	.L5:
  47              	.LBB2:
 179:Generated_Source\PSoC4/cyfitter_cfg.c **** 	{
 180:Generated_Source\PSoC4/cyfitter_cfg.c **** 		uint32 baseAddr = addr_table[i];
  48              		.loc 1 180 0
ARM GAS  C:\Users\latao\AppData\Local\Temp\ccA51lKs.s 			page 5


  49 0008 BB00     		lsls	r3, r7, #2
  50 000a C658     		ldr	r6, [r0, r3]
  51              	.LVL3:
 181:Generated_Source\PSoC4/cyfitter_cfg.c **** 		uint8 count = (uint8)baseAddr;
  52              		.loc 1 181 0
  53 000c F3B2     		uxtb	r3, r6
  54              	.LVL4:
 182:Generated_Source\PSoC4/cyfitter_cfg.c **** 		baseAddr &= 0xFFFFFF00u;
  55              		.loc 1 182 0
  56 000e FF22     		movs	r2, #255
  57 0010 9643     		bics	r6, r2
  58              	.LVL5:
 183:Generated_Source\PSoC4/cyfitter_cfg.c **** 		while (count != 0u)
  59              		.loc 1 183 0
  60 0012 08E0     		b	.L3
  61              	.L4:
 184:Generated_Source\PSoC4/cyfitter_cfg.c **** 		{
 185:Generated_Source\PSoC4/cyfitter_cfg.c **** 			CY_SET_REG8((void *)(baseAddr + data_table[j].offset), data_table[j].value);
  62              		.loc 1 185 0
  63 0014 6A00     		lsls	r2, r5, #1
  64 0016 8A18     		adds	r2, r1, r2
  65 0018 1478     		ldrb	r4, [r2]
  66 001a A419     		adds	r4, r4, r6
  67 001c 5278     		ldrb	r2, [r2, #1]
  68 001e 2270     		strb	r2, [r4]
 186:Generated_Source\PSoC4/cyfitter_cfg.c **** 			j++;
  69              		.loc 1 186 0
  70 0020 0135     		adds	r5, r5, #1
  71              	.LVL6:
 187:Generated_Source\PSoC4/cyfitter_cfg.c **** 			count--;
  72              		.loc 1 187 0
  73 0022 013B     		subs	r3, r3, #1
  74              	.LVL7:
  75 0024 DBB2     		uxtb	r3, r3
  76              	.LVL8:
  77              	.L3:
 183:Generated_Source\PSoC4/cyfitter_cfg.c **** 		{
  78              		.loc 1 183 0
  79 0026 002B     		cmp	r3, #0
  80 0028 F4D1     		bne	.L4
  81              	.LBE2:
 178:Generated_Source\PSoC4/cyfitter_cfg.c **** 	{
  82              		.loc 1 178 0 discriminator 2
  83 002a 0137     		adds	r7, r7, #1
  84              	.LVL9:
  85              	.L2:
 178:Generated_Source\PSoC4/cyfitter_cfg.c **** 	{
  86              		.loc 1 178 0 is_stmt 0 discriminator 1
  87 002c 052F     		cmp	r7, #5
  88 002e EBD9     		bls	.L5
 188:Generated_Source\PSoC4/cyfitter_cfg.c **** 		}
 189:Generated_Source\PSoC4/cyfitter_cfg.c **** 	}
 190:Generated_Source\PSoC4/cyfitter_cfg.c **** }
  89              		.loc 1 190 0 is_stmt 1
  90              		@ sp needed
  91              	.LVL10:
  92              	.LVL11:
ARM GAS  C:\Users\latao\AppData\Local\Temp\ccA51lKs.s 			page 6


  93 0030 F0BD     		pop	{r4, r5, r6, r7, pc}
  94              		.cfi_endproc
  95              	.LFE3:
  96              		.size	cfg_write_bytes32, .-cfg_write_bytes32
  97 0032 C046     		.section	.text.CYMEMZERO,"ax",%progbits
  98              		.align	2
  99              		.code	16
 100              		.thumb_func
 101              		.type	CYMEMZERO, %function
 102              	CYMEMZERO:
 103              	.LFB0:
  77:Generated_Source\PSoC4/cyfitter_cfg.c **** 	(void)memset(s, 0, n);
 104              		.loc 1 77 0
 105              		.cfi_startproc
 106              		@ args = 0, pretend = 0, frame = 0
 107              		@ frame_needed = 0, uses_anonymous_args = 0
 108              	.LVL12:
 109 0000 10B5     		push	{r4, lr}
 110              		.cfi_def_cfa_offset 8
 111              		.cfi_offset 4, -8
 112              		.cfi_offset 14, -4
 113 0002 0A00     		movs	r2, r1
  78:Generated_Source\PSoC4/cyfitter_cfg.c **** }
 114              		.loc 1 78 0
 115 0004 0021     		movs	r1, #0
 116              	.LVL13:
 117 0006 FFF7FEFF 		bl	memset
 118              	.LVL14:
  79:Generated_Source\PSoC4/cyfitter_cfg.c **** CY_CFG_UNUSED
 119              		.loc 1 79 0
 120              		@ sp needed
 121 000a 10BD     		pop	{r4, pc}
 122              		.cfi_endproc
 123              	.LFE0:
 124              		.size	CYMEMZERO, .-CYMEMZERO
 125              		.section	.psocinit,"ax",%progbits
 126              		.align	2
 127              		.code	16
 128              		.thumb_func
 129              		.type	ClockSetup, %function
 130              	ClockSetup:
 131              	.LFB4:
 191:Generated_Source\PSoC4/cyfitter_cfg.c **** 
 192:Generated_Source\PSoC4/cyfitter_cfg.c **** 
 193:Generated_Source\PSoC4/cyfitter_cfg.c **** /*******************************************************************************
 194:Generated_Source\PSoC4/cyfitter_cfg.c **** * Function Name: ClockSetup
 195:Generated_Source\PSoC4/cyfitter_cfg.c **** ********************************************************************************
 196:Generated_Source\PSoC4/cyfitter_cfg.c **** *
 197:Generated_Source\PSoC4/cyfitter_cfg.c **** * Summary:
 198:Generated_Source\PSoC4/cyfitter_cfg.c **** *   Performs the initialization of all of the clocks in the device based on the
 199:Generated_Source\PSoC4/cyfitter_cfg.c **** *   settings in the Clock tab of the DWR.  This includes enabling the requested
 200:Generated_Source\PSoC4/cyfitter_cfg.c **** *   clocks and setting the necessary dividers to produce the desired frequency. 
 201:Generated_Source\PSoC4/cyfitter_cfg.c **** *
 202:Generated_Source\PSoC4/cyfitter_cfg.c **** * Parameters:
 203:Generated_Source\PSoC4/cyfitter_cfg.c **** *   void
 204:Generated_Source\PSoC4/cyfitter_cfg.c **** *
 205:Generated_Source\PSoC4/cyfitter_cfg.c **** * Return:
ARM GAS  C:\Users\latao\AppData\Local\Temp\ccA51lKs.s 			page 7


 206:Generated_Source\PSoC4/cyfitter_cfg.c **** *   void
 207:Generated_Source\PSoC4/cyfitter_cfg.c **** *
 208:Generated_Source\PSoC4/cyfitter_cfg.c **** *******************************************************************************/
 209:Generated_Source\PSoC4/cyfitter_cfg.c **** static void ClockSetup(void);
 210:Generated_Source\PSoC4/cyfitter_cfg.c **** CY_CFG_SECTION
 211:Generated_Source\PSoC4/cyfitter_cfg.c **** static void ClockSetup(void)
 212:Generated_Source\PSoC4/cyfitter_cfg.c **** {
 132              		.loc 1 212 0
 133              		.cfi_startproc
 134              		@ args = 0, pretend = 0, frame = 0
 135              		@ frame_needed = 0, uses_anonymous_args = 0
 136 0000 70B5     		push	{r4, r5, r6, lr}
 137              		.cfi_def_cfa_offset 16
 138              		.cfi_offset 4, -16
 139              		.cfi_offset 5, -12
 140              		.cfi_offset 6, -8
 141              		.cfi_offset 14, -4
 213:Generated_Source\PSoC4/cyfitter_cfg.c **** 	/* Enable HALF_EN before trimming for the flash accelerator. */
 214:Generated_Source\PSoC4/cyfitter_cfg.c **** 	CY_SET_REG32((void CYXDATA *)(CYREG_CLK_SELECT), (CY_GET_REG32((void *)CYREG_CLK_SELECT) | 0x00040
 142              		.loc 1 214 0
 143 0002 144C     		ldr	r4, .L8
 144 0004 2368     		ldr	r3, [r4]
 145 0006 8022     		movs	r2, #128
 146 0008 D202     		lsls	r2, r2, #11
 147 000a 1343     		orrs	r3, r2
 148 000c 2360     		str	r3, [r4]
 215:Generated_Source\PSoC4/cyfitter_cfg.c **** 
 216:Generated_Source\PSoC4/cyfitter_cfg.c **** 	/* Setup and trim IMO based on desired frequency. */
 217:Generated_Source\PSoC4/cyfitter_cfg.c **** 	CySysClkWriteImoFreq(24u);
 149              		.loc 1 217 0
 150 000e 1820     		movs	r0, #24
 151 0010 FFF7FEFF 		bl	CySysClkWriteImoFreq
 152              	.LVL15:
 218:Generated_Source\PSoC4/cyfitter_cfg.c **** 
 219:Generated_Source\PSoC4/cyfitter_cfg.c **** 	/* Disable HALF_EN since it is not required at this IMO frequency. */
 220:Generated_Source\PSoC4/cyfitter_cfg.c **** 	CY_SET_REG32((void CYXDATA *)(CYREG_CLK_SELECT), (CY_GET_REG32((void *)CYREG_CLK_SELECT) & 0xFFFBF
 153              		.loc 1 220 0
 154 0014 2268     		ldr	r2, [r4]
 155 0016 104B     		ldr	r3, .L8+4
 156 0018 1340     		ands	r3, r2
 157 001a 2360     		str	r3, [r4]
 221:Generated_Source\PSoC4/cyfitter_cfg.c **** 	/* CYDEV_CLK_ILO_CONFIG Starting address: CYDEV_CLK_ILO_CONFIG */
 222:Generated_Source\PSoC4/cyfitter_cfg.c **** 	CY_SET_REG32((void *)(CYREG_CLK_ILO_CONFIG), 0x80000006u);
 158              		.loc 1 222 0
 159 001c 0F4A     		ldr	r2, .L8+8
 160 001e 104B     		ldr	r3, .L8+12
 161 0020 1A60     		str	r2, [r3]
 223:Generated_Source\PSoC4/cyfitter_cfg.c **** 
 224:Generated_Source\PSoC4/cyfitter_cfg.c **** 
 225:Generated_Source\PSoC4/cyfitter_cfg.c **** 	/* CYDEV_CLK_SELECT00 Starting address: CYDEV_CLK_SELECT00 */
 226:Generated_Source\PSoC4/cyfitter_cfg.c **** 	CY_SET_REG32((void *)(CYREG_CLK_SELECT12), 0x00000020u);
 162              		.loc 1 226 0
 163 0022 2022     		movs	r2, #32
 164 0024 0F4B     		ldr	r3, .L8+16
 165 0026 1A60     		str	r2, [r3]
 227:Generated_Source\PSoC4/cyfitter_cfg.c **** 
 228:Generated_Source\PSoC4/cyfitter_cfg.c **** 	/* CYDEV_CLK_IMO_CONFIG Starting address: CYDEV_CLK_IMO_CONFIG */
ARM GAS  C:\Users\latao\AppData\Local\Temp\ccA51lKs.s 			page 8


 229:Generated_Source\PSoC4/cyfitter_cfg.c **** 	CY_SET_REG32((void *)(CYREG_CLK_IMO_CONFIG), 0x80000000u);
 166              		.loc 1 229 0
 167 0028 8022     		movs	r2, #128
 168 002a 1206     		lsls	r2, r2, #24
 169 002c 0E4B     		ldr	r3, .L8+20
 170 002e 1A60     		str	r2, [r3]
 230:Generated_Source\PSoC4/cyfitter_cfg.c **** 
 231:Generated_Source\PSoC4/cyfitter_cfg.c **** 	/* CYDEV_CLK_SELECT Starting address: CYDEV_CLK_SELECT */
 232:Generated_Source\PSoC4/cyfitter_cfg.c **** 	CY_SET_REG32((void *)(CYREG_CLK_SELECT), 0x00000000u);
 171              		.loc 1 232 0
 172 0030 0025     		movs	r5, #0
 173 0032 2560     		str	r5, [r4]
 233:Generated_Source\PSoC4/cyfitter_cfg.c **** 
 234:Generated_Source\PSoC4/cyfitter_cfg.c **** 	/* CYDEV_CLK_DIVIDER_A00 Starting address: CYDEV_CLK_DIVIDER_A00 */
 235:Generated_Source\PSoC4/cyfitter_cfg.c **** 	CY_SET_REG32((void *)(CYREG_CLK_DIVIDER_A00), 0x80000EA5u);
 174              		.loc 1 235 0
 175 0034 0D4A     		ldr	r2, .L8+24
 176 0036 0E4B     		ldr	r3, .L8+28
 177 0038 1A60     		str	r2, [r3]
 236:Generated_Source\PSoC4/cyfitter_cfg.c **** 
 237:Generated_Source\PSoC4/cyfitter_cfg.c **** 	/* CYDEV_CLK_DIVIDER_B00 Starting address: CYDEV_CLK_DIVIDER_B00 */
 238:Generated_Source\PSoC4/cyfitter_cfg.c **** 	CY_SET_REG32((void *)(CYREG_CLK_DIVIDER_B00), 0xC0000C7Fu);
 178              		.loc 1 238 0
 179 003a 0E4A     		ldr	r2, .L8+32
 180 003c 0E4B     		ldr	r3, .L8+36
 181 003e 1A60     		str	r2, [r3]
 239:Generated_Source\PSoC4/cyfitter_cfg.c **** 
 240:Generated_Source\PSoC4/cyfitter_cfg.c **** 	(void)CyIntSetVector(9u, &CySysWdtIsr);
 182              		.loc 1 240 0
 183 0040 0E49     		ldr	r1, .L8+40
 184 0042 0920     		movs	r0, #9
 185 0044 FFF7FEFF 		bl	CyIntSetVector
 186              	.LVL16:
 241:Generated_Source\PSoC4/cyfitter_cfg.c **** 	CyIntEnable(9u);
 187              		.loc 1 241 0
 188 0048 0920     		movs	r0, #9
 189 004a FFF7FEFF 		bl	CyIntEnable
 190              	.LVL17:
 242:Generated_Source\PSoC4/cyfitter_cfg.c **** 	CY_SET_REG32((void *)(CYREG_WDT_CONFIG), 0x00000000u);
 191              		.loc 1 242 0
 192 004e 0C4B     		ldr	r3, .L8+44
 193 0050 1D60     		str	r5, [r3]
 243:Generated_Source\PSoC4/cyfitter_cfg.c **** }
 194              		.loc 1 243 0
 195              		@ sp needed
 196 0052 70BD     		pop	{r4, r5, r6, pc}
 197              	.L9:
 198              		.align	2
 199              	.L8:
 200 0054 00010B40 		.word	1074462976
 201 0058 FFFFFBFF 		.word	-262145
 202 005c 06000080 		.word	-2147483642
 203 0060 04010B40 		.word	1074462980
 204 0064 30020240 		.word	1073873456
 205 0068 08010B40 		.word	1074462984
 206 006c A50E0080 		.word	-2147479899
 207 0070 00000240 		.word	1073872896
ARM GAS  C:\Users\latao\AppData\Local\Temp\ccA51lKs.s 			page 9


 208 0074 7F0C00C0 		.word	-1073738625
 209 0078 40000240 		.word	1073872960
 210 007c 00000000 		.word	CySysWdtIsr
 211 0080 0C020B40 		.word	1074463244
 212              		.cfi_endproc
 213              	.LFE4:
 214              		.size	ClockSetup, .-ClockSetup
 215              		.align	2
 216              		.global	cyfitter_cfg
 217              		.code	16
 218              		.thumb_func
 219              		.type	cyfitter_cfg, %function
 220              	cyfitter_cfg:
 221              	.LFB6:
 244:Generated_Source\PSoC4/cyfitter_cfg.c **** 
 245:Generated_Source\PSoC4/cyfitter_cfg.c **** 
 246:Generated_Source\PSoC4/cyfitter_cfg.c **** /* Analog API Functions */
 247:Generated_Source\PSoC4/cyfitter_cfg.c **** 
 248:Generated_Source\PSoC4/cyfitter_cfg.c **** 
 249:Generated_Source\PSoC4/cyfitter_cfg.c **** /*******************************************************************************
 250:Generated_Source\PSoC4/cyfitter_cfg.c **** * Function Name: AnalogSetDefault
 251:Generated_Source\PSoC4/cyfitter_cfg.c **** ********************************************************************************
 252:Generated_Source\PSoC4/cyfitter_cfg.c **** *
 253:Generated_Source\PSoC4/cyfitter_cfg.c **** * Summary:
 254:Generated_Source\PSoC4/cyfitter_cfg.c **** *  Sets up the analog portions of the chip to default values based on chip
 255:Generated_Source\PSoC4/cyfitter_cfg.c **** *  configuration options from the project.
 256:Generated_Source\PSoC4/cyfitter_cfg.c **** *
 257:Generated_Source\PSoC4/cyfitter_cfg.c **** * Parameters:
 258:Generated_Source\PSoC4/cyfitter_cfg.c **** *  void
 259:Generated_Source\PSoC4/cyfitter_cfg.c **** *
 260:Generated_Source\PSoC4/cyfitter_cfg.c **** * Return:
 261:Generated_Source\PSoC4/cyfitter_cfg.c **** *  void
 262:Generated_Source\PSoC4/cyfitter_cfg.c **** *
 263:Generated_Source\PSoC4/cyfitter_cfg.c **** *******************************************************************************/
 264:Generated_Source\PSoC4/cyfitter_cfg.c **** static void AnalogSetDefault(void);
 265:Generated_Source\PSoC4/cyfitter_cfg.c **** static void AnalogSetDefault(void)
 266:Generated_Source\PSoC4/cyfitter_cfg.c **** {
 267:Generated_Source\PSoC4/cyfitter_cfg.c **** }
 268:Generated_Source\PSoC4/cyfitter_cfg.c **** 
 269:Generated_Source\PSoC4/cyfitter_cfg.c **** 
 270:Generated_Source\PSoC4/cyfitter_cfg.c **** 
 271:Generated_Source\PSoC4/cyfitter_cfg.c **** 
 272:Generated_Source\PSoC4/cyfitter_cfg.c **** /*******************************************************************************
 273:Generated_Source\PSoC4/cyfitter_cfg.c **** * Function Name: cyfitter_cfg
 274:Generated_Source\PSoC4/cyfitter_cfg.c **** ********************************************************************************
 275:Generated_Source\PSoC4/cyfitter_cfg.c **** * Summary:
 276:Generated_Source\PSoC4/cyfitter_cfg.c **** *  This function is called by the start-up code for the selected device. It
 277:Generated_Source\PSoC4/cyfitter_cfg.c **** *  performs all of the necessary device configuration based on the design
 278:Generated_Source\PSoC4/cyfitter_cfg.c **** *  settings.  This includes settings from the Design Wide Resources (DWR) such
 279:Generated_Source\PSoC4/cyfitter_cfg.c **** *  as Clocks and Pins as well as any component configuration that is necessary.
 280:Generated_Source\PSoC4/cyfitter_cfg.c **** *
 281:Generated_Source\PSoC4/cyfitter_cfg.c **** * Parameters:
 282:Generated_Source\PSoC4/cyfitter_cfg.c **** *   void
 283:Generated_Source\PSoC4/cyfitter_cfg.c **** *
 284:Generated_Source\PSoC4/cyfitter_cfg.c **** * Return:
 285:Generated_Source\PSoC4/cyfitter_cfg.c **** *   void
 286:Generated_Source\PSoC4/cyfitter_cfg.c **** *
ARM GAS  C:\Users\latao\AppData\Local\Temp\ccA51lKs.s 			page 10


 287:Generated_Source\PSoC4/cyfitter_cfg.c **** *******************************************************************************/
 288:Generated_Source\PSoC4/cyfitter_cfg.c **** CY_CFG_SECTION
 289:Generated_Source\PSoC4/cyfitter_cfg.c **** void cyfitter_cfg(void)
 290:Generated_Source\PSoC4/cyfitter_cfg.c **** {
 222              		.loc 1 290 0
 223              		.cfi_startproc
 224              		@ args = 0, pretend = 0, frame = 0
 225              		@ frame_needed = 0, uses_anonymous_args = 0
 226 0084 10B5     		push	{r4, lr}
 227              		.cfi_def_cfa_offset 8
 228              		.cfi_offset 4, -8
 229              		.cfi_offset 14, -4
 291:Generated_Source\PSoC4/cyfitter_cfg.c **** 	/* Disable interrupts by default. Let user enable if/when they want. */
 292:Generated_Source\PSoC4/cyfitter_cfg.c **** 	CyGlobalIntDisable;
 230              		.loc 1 292 0
 231              		.syntax divided
 232              	@ 292 "Generated_Source\PSoC4\cyfitter_cfg.c" 1
 233 0086 72B6     		CPSID   i
 234              	@ 0 "" 2
 235              	.LVL18:
 236              		.thumb
 237              		.syntax unified
 238              	.LBB3:
 293:Generated_Source\PSoC4/cyfitter_cfg.c **** 
 294:Generated_Source\PSoC4/cyfitter_cfg.c **** 	{
 295:Generated_Source\PSoC4/cyfitter_cfg.c **** 		static const uint32 CYCODE cy_cfg_addr_table[] = {
 296:Generated_Source\PSoC4/cyfitter_cfg.c **** 			0x400F3003u, /* Base address: 0x400F3000 Count: 3 */
 297:Generated_Source\PSoC4/cyfitter_cfg.c **** 			0x400F3101u, /* Base address: 0x400F3100 Count: 1 */
 298:Generated_Source\PSoC4/cyfitter_cfg.c **** 			0x400F3301u, /* Base address: 0x400F3300 Count: 1 */
 299:Generated_Source\PSoC4/cyfitter_cfg.c **** 			0x400F4002u, /* Base address: 0x400F4000 Count: 2 */
 300:Generated_Source\PSoC4/cyfitter_cfg.c **** 			0x400F4102u, /* Base address: 0x400F4100 Count: 2 */
 301:Generated_Source\PSoC4/cyfitter_cfg.c **** 			0x400F6002u, /* Base address: 0x400F6000 Count: 2 */
 302:Generated_Source\PSoC4/cyfitter_cfg.c **** 		};
 303:Generated_Source\PSoC4/cyfitter_cfg.c **** 
 304:Generated_Source\PSoC4/cyfitter_cfg.c **** 		static const cy_cfg_addrvalue_t CYCODE cy_cfg_data_table[] = {
 305:Generated_Source\PSoC4/cyfitter_cfg.c **** 			{0xBAu, 0xC0u},
 306:Generated_Source\PSoC4/cyfitter_cfg.c **** 			{0xD8u, 0x04u},
 307:Generated_Source\PSoC4/cyfitter_cfg.c **** 			{0xDFu, 0x01u},
 308:Generated_Source\PSoC4/cyfitter_cfg.c **** 			{0x1Fu, 0x80u},
 309:Generated_Source\PSoC4/cyfitter_cfg.c **** 			{0xAFu, 0x80u},
 310:Generated_Source\PSoC4/cyfitter_cfg.c **** 			{0x57u, 0x20u},
 311:Generated_Source\PSoC4/cyfitter_cfg.c **** 			{0xD4u, 0x40u},
 312:Generated_Source\PSoC4/cyfitter_cfg.c **** 			{0xAFu, 0x20u},
 313:Generated_Source\PSoC4/cyfitter_cfg.c **** 			{0xEEu, 0x10u},
 314:Generated_Source\PSoC4/cyfitter_cfg.c **** 			{0x01u, 0x01u},
 315:Generated_Source\PSoC4/cyfitter_cfg.c **** 			{0x10u, 0x01u},
 316:Generated_Source\PSoC4/cyfitter_cfg.c **** 		};
 317:Generated_Source\PSoC4/cyfitter_cfg.c **** 
 318:Generated_Source\PSoC4/cyfitter_cfg.c **** 
 319:Generated_Source\PSoC4/cyfitter_cfg.c **** 
 320:Generated_Source\PSoC4/cyfitter_cfg.c **** 		CYPACKED typedef struct {
 321:Generated_Source\PSoC4/cyfitter_cfg.c **** 			void CYFAR *address;
 322:Generated_Source\PSoC4/cyfitter_cfg.c **** 			uint16 size;
 323:Generated_Source\PSoC4/cyfitter_cfg.c **** 		} CYPACKED_ATTR cfg_memset_t;
 324:Generated_Source\PSoC4/cyfitter_cfg.c **** 
 325:Generated_Source\PSoC4/cyfitter_cfg.c **** 		static const cfg_memset_t CYCODE cfg_memset_list[] = {
 326:Generated_Source\PSoC4/cyfitter_cfg.c **** 			/* address, size */
ARM GAS  C:\Users\latao\AppData\Local\Temp\ccA51lKs.s 			page 11


 327:Generated_Source\PSoC4/cyfitter_cfg.c **** 			{(void CYFAR *)(CYDEV_UDB_P0_U0_BASE), 1024u},
 328:Generated_Source\PSoC4/cyfitter_cfg.c **** 			{(void CYFAR *)(CYDEV_UDB_DSI0_BASE), 1024u},
 329:Generated_Source\PSoC4/cyfitter_cfg.c **** 		};
 330:Generated_Source\PSoC4/cyfitter_cfg.c **** 
 331:Generated_Source\PSoC4/cyfitter_cfg.c **** 		uint8 CYDATA i;
 332:Generated_Source\PSoC4/cyfitter_cfg.c **** 
 333:Generated_Source\PSoC4/cyfitter_cfg.c **** 		/* Zero out critical memory blocks before beginning configuration */
 334:Generated_Source\PSoC4/cyfitter_cfg.c **** 		for (i = 0u; i < (sizeof(cfg_memset_list)/sizeof(cfg_memset_list[0])); i++)
 239              		.loc 1 334 0
 240 0088 0024     		movs	r4, #0
 241 008a 0FE0     		b	.L11
 242              	.LVL19:
 243              	.L12:
 244              	.LBB4:
 335:Generated_Source\PSoC4/cyfitter_cfg.c **** 		{
 336:Generated_Source\PSoC4/cyfitter_cfg.c **** 			const cfg_memset_t CYCODE * CYDATA ms = &cfg_memset_list[i];
 337:Generated_Source\PSoC4/cyfitter_cfg.c **** 			CYMEMZERO(ms->address, (size_t)(uint32)(ms->size));
 245              		.loc 1 337 0 discriminator 3
 246 008c 2248     		ldr	r0, .L13
 247 008e 6200     		lsls	r2, r4, #1
 248 0090 1319     		adds	r3, r2, r4
 249 0092 5900     		lsls	r1, r3, #1
 250 0094 0B00     		movs	r3, r1
 251 0096 4118     		adds	r1, r0, r1
 252 0098 8988     		ldrh	r1, [r1, #4]
 253 009a 1A5A     		ldrh	r2, [r3, r0]
 254 009c C318     		adds	r3, r0, r3
 255 009e 5888     		ldrh	r0, [r3, #2]
 256 00a0 0004     		lsls	r0, r0, #16
 257 00a2 1043     		orrs	r0, r2
 258 00a4 FFF7FEFF 		bl	CYMEMZERO
 259              	.LVL20:
 260              	.LBE4:
 334:Generated_Source\PSoC4/cyfitter_cfg.c **** 		{
 261              		.loc 1 334 0 discriminator 3
 262 00a8 0134     		adds	r4, r4, #1
 263              	.LVL21:
 264 00aa E4B2     		uxtb	r4, r4
 265              	.LVL22:
 266              	.L11:
 334:Generated_Source\PSoC4/cyfitter_cfg.c **** 		{
 267              		.loc 1 334 0 is_stmt 0 discriminator 1
 268 00ac 012C     		cmp	r4, #1
 269 00ae EDD9     		bls	.L12
 338:Generated_Source\PSoC4/cyfitter_cfg.c **** 		}
 339:Generated_Source\PSoC4/cyfitter_cfg.c **** 
 340:Generated_Source\PSoC4/cyfitter_cfg.c **** 		cfg_write_bytes32(cy_cfg_addr_table, cy_cfg_data_table);
 270              		.loc 1 340 0 is_stmt 1
 271 00b0 1948     		ldr	r0, .L13
 272 00b2 0100     		movs	r1, r0
 273 00b4 0C31     		adds	r1, r1, #12
 274 00b6 2430     		adds	r0, r0, #36
 275 00b8 FFF7FEFF 		bl	cfg_write_bytes32
 276              	.LVL23:
 341:Generated_Source\PSoC4/cyfitter_cfg.c **** 
 342:Generated_Source\PSoC4/cyfitter_cfg.c **** 		/* HSIOM Starting address: CYDEV_HSIOM_BASE */
 343:Generated_Source\PSoC4/cyfitter_cfg.c **** 		CY_SET_REG32((void *)(CYDEV_HSIOM_BASE), 0x00003000u);
ARM GAS  C:\Users\latao\AppData\Local\Temp\ccA51lKs.s 			page 12


 277              		.loc 1 343 0
 278 00bc C022     		movs	r2, #192
 279 00be 9201     		lsls	r2, r2, #6
 280 00c0 164B     		ldr	r3, .L13+4
 281 00c2 1A60     		str	r2, [r3]
 344:Generated_Source\PSoC4/cyfitter_cfg.c **** 		CY_SET_REG32((void *)(CYREG_HSIOM_PORT_SEL3), 0x0000EE00u);
 282              		.loc 1 344 0
 283 00c4 EE22     		movs	r2, #238
 284 00c6 1202     		lsls	r2, r2, #8
 285 00c8 154B     		ldr	r3, .L13+8
 286 00ca 1A60     		str	r2, [r3]
 345:Generated_Source\PSoC4/cyfitter_cfg.c **** 
 346:Generated_Source\PSoC4/cyfitter_cfg.c **** 		/* UDB_PA_0 Starting address: CYDEV_UDB_PA0_BASE */
 347:Generated_Source\PSoC4/cyfitter_cfg.c **** 		CY_SET_REG32((void *)(CYDEV_UDB_PA0_BASE), 0x00990000u);
 287              		.loc 1 347 0
 288 00cc 9923     		movs	r3, #153
 289 00ce 1B04     		lsls	r3, r3, #16
 290 00d0 144A     		ldr	r2, .L13+12
 291 00d2 1360     		str	r3, [r2]
 348:Generated_Source\PSoC4/cyfitter_cfg.c **** 		CY_SET_REG32((void *)(CYREG_UDB_PA0_CFG8), 0x00400000u);
 292              		.loc 1 348 0
 293 00d4 8021     		movs	r1, #128
 294 00d6 C903     		lsls	r1, r1, #15
 295 00d8 134A     		ldr	r2, .L13+16
 296 00da 1160     		str	r1, [r2]
 349:Generated_Source\PSoC4/cyfitter_cfg.c **** 
 350:Generated_Source\PSoC4/cyfitter_cfg.c **** 		/* UDB_PA_3 Starting address: CYDEV_UDB_PA3_BASE */
 351:Generated_Source\PSoC4/cyfitter_cfg.c **** 		CY_SET_REG32((void *)(CYDEV_UDB_PA3_BASE), 0x00990000u);
 297              		.loc 1 351 0
 298 00dc 134A     		ldr	r2, .L13+20
 299 00de 1360     		str	r3, [r2]
 352:Generated_Source\PSoC4/cyfitter_cfg.c **** 
 353:Generated_Source\PSoC4/cyfitter_cfg.c **** 		/* Enable UDB array and digital routing */
 354:Generated_Source\PSoC4/cyfitter_cfg.c **** 		CY_SET_XTND_REG8((void *)CYREG_UDB_UDBIF_WAIT_CFG, (uint8)((CY_GET_XTND_REG8((void *)CYREG_UDB_UD
 300              		.loc 1 354 0
 301 00e0 1349     		ldr	r1, .L13+24
 302 00e2 0B78     		ldrb	r3, [r1]
 303 00e4 3C22     		movs	r2, #60
 304 00e6 9343     		bics	r3, r2
 305 00e8 1422     		movs	r2, #20
 306 00ea 1343     		orrs	r3, r2
 307 00ec DBB2     		uxtb	r3, r3
 308 00ee 0B70     		strb	r3, [r1]
 355:Generated_Source\PSoC4/cyfitter_cfg.c **** 		CY_SET_XTND_REG8((void *)CYREG_UDB_UDBIF_BANK_CTL, (uint8)(CY_GET_XTND_REG8((void *)CYREG_UDB_UDB
 309              		.loc 1 355 0
 310 00f0 104A     		ldr	r2, .L13+28
 311 00f2 1178     		ldrb	r1, [r2]
 312 00f4 1623     		movs	r3, #22
 313 00f6 0B43     		orrs	r3, r1
 314 00f8 DBB2     		uxtb	r3, r3
 315 00fa 1370     		strb	r3, [r2]
 316              	.LBE3:
 356:Generated_Source\PSoC4/cyfitter_cfg.c **** 	}
 357:Generated_Source\PSoC4/cyfitter_cfg.c **** 
 358:Generated_Source\PSoC4/cyfitter_cfg.c **** 	/* Perform second pass device configuration. These items must be configured in specific order afte
 359:Generated_Source\PSoC4/cyfitter_cfg.c **** 	/* IOPINS0_0 Starting address: CYDEV_PRT0_BASE */
 360:Generated_Source\PSoC4/cyfitter_cfg.c **** 	CY_SET_REG32((void *)(CYDEV_PRT0_BASE), 0x00000008u);
ARM GAS  C:\Users\latao\AppData\Local\Temp\ccA51lKs.s 			page 13


 317              		.loc 1 360 0
 318 00fc 0822     		movs	r2, #8
 319 00fe 0E4B     		ldr	r3, .L13+32
 320 0100 1A60     		str	r2, [r3]
 361:Generated_Source\PSoC4/cyfitter_cfg.c **** 	CY_SET_REG32((void *)(CYREG_PRT0_PC), 0x00000C00u);
 321              		.loc 1 361 0
 322 0102 C022     		movs	r2, #192
 323 0104 1201     		lsls	r2, r2, #4
 324 0106 0D4B     		ldr	r3, .L13+36
 325 0108 1A60     		str	r2, [r3]
 362:Generated_Source\PSoC4/cyfitter_cfg.c **** 
 363:Generated_Source\PSoC4/cyfitter_cfg.c **** 	/* IOPINS0_3 Starting address: CYDEV_PRT3_BASE */
 364:Generated_Source\PSoC4/cyfitter_cfg.c **** 	CY_SET_REG32((void *)(CYREG_PRT3_PC), 0x00000D80u);
 326              		.loc 1 364 0
 327 010a 8132     		adds	r2, r2, #129
 328 010c FF32     		adds	r2, r2, #255
 329 010e 0C4B     		ldr	r3, .L13+40
 330 0110 1A60     		str	r2, [r3]
 365:Generated_Source\PSoC4/cyfitter_cfg.c **** 
 366:Generated_Source\PSoC4/cyfitter_cfg.c **** 
 367:Generated_Source\PSoC4/cyfitter_cfg.c **** 	/* Setup clocks based on selections from Clock DWR */
 368:Generated_Source\PSoC4/cyfitter_cfg.c **** 	ClockSetup();
 331              		.loc 1 368 0
 332 0112 FFF775FF 		bl	ClockSetup
 333              	.LVL24:
 369:Generated_Source\PSoC4/cyfitter_cfg.c **** 
 370:Generated_Source\PSoC4/cyfitter_cfg.c **** 	/* Perform basic analog initialization to defaults */
 371:Generated_Source\PSoC4/cyfitter_cfg.c **** 	AnalogSetDefault();
 372:Generated_Source\PSoC4/cyfitter_cfg.c **** 
 373:Generated_Source\PSoC4/cyfitter_cfg.c **** }
 334              		.loc 1 373 0
 335              		@ sp needed
 336              	.LVL25:
 337 0116 10BD     		pop	{r4, pc}
 338              	.L14:
 339              		.align	2
 340              	.L13:
 341 0118 00000000 		.word	.LANCHOR0
 342 011c 00000140 		.word	1073807360
 343 0120 0C000140 		.word	1073807372
 344 0124 00500F40 		.word	1074745344
 345 0128 08500F40 		.word	1074745352
 346 012c 30500F40 		.word	1074745392
 347 0130 01700F40 		.word	1074753537
 348 0134 00700F40 		.word	1074753536
 349 0138 00000440 		.word	1074003968
 350 013c 08000440 		.word	1074003976
 351 0140 08030440 		.word	1074004744
 352              		.cfi_endproc
 353              	.LFE6:
 354              		.size	cyfitter_cfg, .-cyfitter_cfg
 355              		.section	.rodata
 356              		.align	2
 357              		.set	.LANCHOR0,. + 0
 358              		.type	cfg_memset_list.4870, %object
 359              		.size	cfg_memset_list.4870, 12
 360              	cfg_memset_list.4870:
ARM GAS  C:\Users\latao\AppData\Local\Temp\ccA51lKs.s 			page 14


 361 0000 00300F40 		.word	1074737152
 362 0004 0004     		.short	1024
 363 0006 00400F40 		.4byte	1074741248
 364 000a 0004     		.short	1024
 365              		.type	cy_cfg_data_table.4865, %object
 366              		.size	cy_cfg_data_table.4865, 22
 367              	cy_cfg_data_table.4865:
 368 000c BA       		.byte	-70
 369 000d C0       		.byte	-64
 370 000e D8       		.byte	-40
 371 000f 04       		.byte	4
 372 0010 DF       		.byte	-33
 373 0011 01       		.byte	1
 374 0012 1F       		.byte	31
 375 0013 80       		.byte	-128
 376 0014 AF       		.byte	-81
 377 0015 80       		.byte	-128
 378 0016 57       		.byte	87
 379 0017 20       		.byte	32
 380 0018 D4       		.byte	-44
 381 0019 40       		.byte	64
 382 001a AF       		.byte	-81
 383 001b 20       		.byte	32
 384 001c EE       		.byte	-18
 385 001d 10       		.byte	16
 386 001e 01       		.byte	1
 387 001f 01       		.byte	1
 388 0020 10       		.byte	16
 389 0021 01       		.byte	1
 390 0022 0000     		.space	2
 391              		.type	cy_cfg_addr_table.4864, %object
 392              		.size	cy_cfg_addr_table.4864, 24
 393              	cy_cfg_addr_table.4864:
 394 0024 03300F40 		.word	1074737155
 395 0028 01310F40 		.word	1074737409
 396 002c 01330F40 		.word	1074737921
 397 0030 02400F40 		.word	1074741250
 398 0034 02410F40 		.word	1074741506
 399 0038 02600F40 		.word	1074749442
 400              		.text
 401              	.Letext0:
 402              		.file 2 "c:\\program files (x86)\\cypress\\psoc creator\\4.4\\psoc creator\\import\\gnu\\arm\\5.4.
 403              		.file 3 "Generated_Source\\PSoC4\\cytypes.h"
 404              		.file 4 "Generated_Source\\PSoC4\\CyLib.h"
 405              		.section	.debug_info,"",%progbits
 406              	.Ldebug_info0:
 407 0000 9C030000 		.4byte	0x39c
 408 0004 0400     		.2byte	0x4
 409 0006 00000000 		.4byte	.Ldebug_abbrev0
 410 000a 04       		.byte	0x4
 411 000b 01       		.uleb128 0x1
 412 000c 5C010000 		.4byte	.LASF39
 413 0010 0C       		.byte	0xc
 414 0011 89020000 		.4byte	.LASF40
 415 0015 00000000 		.4byte	.LASF41
 416 0019 00000000 		.4byte	.Ldebug_ranges0+0
 417 001d 00000000 		.4byte	0
ARM GAS  C:\Users\latao\AppData\Local\Temp\ccA51lKs.s 			page 15


 418 0021 00000000 		.4byte	.Ldebug_line0
 419 0025 02       		.uleb128 0x2
 420 0026 04       		.byte	0x4
 421 0027 05       		.byte	0x5
 422 0028 696E7400 		.ascii	"int\000"
 423 002c 03       		.uleb128 0x3
 424 002d 32000000 		.4byte	.LASF12
 425 0031 02       		.byte	0x2
 426 0032 D8       		.byte	0xd8
 427 0033 37000000 		.4byte	0x37
 428 0037 04       		.uleb128 0x4
 429 0038 04       		.byte	0x4
 430 0039 07       		.byte	0x7
 431 003a 23010000 		.4byte	.LASF0
 432 003e 04       		.uleb128 0x4
 433 003f 08       		.byte	0x8
 434 0040 05       		.byte	0x5
 435 0041 1C020000 		.4byte	.LASF1
 436 0045 04       		.uleb128 0x4
 437 0046 08       		.byte	0x8
 438 0047 04       		.byte	0x4
 439 0048 71020000 		.4byte	.LASF2
 440 004c 04       		.uleb128 0x4
 441 004d 01       		.byte	0x1
 442 004e 06       		.byte	0x6
 443 004f 7D020000 		.4byte	.LASF3
 444 0053 04       		.uleb128 0x4
 445 0054 01       		.byte	0x1
 446 0055 08       		.byte	0x8
 447 0056 C5000000 		.4byte	.LASF4
 448 005a 04       		.uleb128 0x4
 449 005b 02       		.byte	0x2
 450 005c 05       		.byte	0x5
 451 005d 49020000 		.4byte	.LASF5
 452 0061 04       		.uleb128 0x4
 453 0062 02       		.byte	0x2
 454 0063 07       		.byte	0x7
 455 0064 09020000 		.4byte	.LASF6
 456 0068 04       		.uleb128 0x4
 457 0069 04       		.byte	0x4
 458 006a 05       		.byte	0x5
 459 006b 68020000 		.4byte	.LASF7
 460 006f 04       		.uleb128 0x4
 461 0070 04       		.byte	0x4
 462 0071 07       		.byte	0x7
 463 0072 A3000000 		.4byte	.LASF8
 464 0076 04       		.uleb128 0x4
 465 0077 08       		.byte	0x8
 466 0078 07       		.byte	0x7
 467 0079 45010000 		.4byte	.LASF9
 468 007d 04       		.uleb128 0x4
 469 007e 04       		.byte	0x4
 470 007f 07       		.byte	0x7
 471 0080 00020000 		.4byte	.LASF10
 472 0084 05       		.uleb128 0x5
 473 0085 04       		.byte	0x4
 474 0086 04       		.uleb128 0x4
ARM GAS  C:\Users\latao\AppData\Local\Temp\ccA51lKs.s 			page 16


 475 0087 01       		.byte	0x1
 476 0088 08       		.byte	0x8
 477 0089 2A020000 		.4byte	.LASF11
 478 008d 06       		.uleb128 0x6
 479 008e B5000000 		.4byte	.LASF13
 480 0092 03       		.byte	0x3
 481 0093 FB01     		.2byte	0x1fb
 482 0095 53000000 		.4byte	0x53
 483 0099 06       		.uleb128 0x6
 484 009a 0A010000 		.4byte	.LASF14
 485 009e 03       		.byte	0x3
 486 009f FC01     		.2byte	0x1fc
 487 00a1 61000000 		.4byte	0x61
 488 00a5 06       		.uleb128 0x6
 489 00a6 1C010000 		.4byte	.LASF15
 490 00aa 03       		.byte	0x3
 491 00ab FD01     		.2byte	0x1fd
 492 00ad 6F000000 		.4byte	0x6f
 493 00b1 04       		.uleb128 0x4
 494 00b2 04       		.byte	0x4
 495 00b3 04       		.byte	0x4
 496 00b4 83000000 		.4byte	.LASF16
 497 00b8 04       		.uleb128 0x4
 498 00b9 08       		.byte	0x8
 499 00ba 04       		.byte	0x4
 500 00bb DA000000 		.4byte	.LASF17
 501 00bf 06       		.uleb128 0x6
 502 00c0 9E000000 		.4byte	.LASF18
 503 00c4 03       		.byte	0x3
 504 00c5 A502     		.2byte	0x2a5
 505 00c7 CB000000 		.4byte	0xcb
 506 00cb 07       		.uleb128 0x7
 507 00cc 8D000000 		.4byte	0x8d
 508 00d0 06       		.uleb128 0x6
 509 00d1 2C000000 		.4byte	.LASF19
 510 00d5 03       		.byte	0x3
 511 00d6 A702     		.2byte	0x2a7
 512 00d8 DC000000 		.4byte	0xdc
 513 00dc 07       		.uleb128 0x7
 514 00dd A5000000 		.4byte	0xa5
 515 00e1 08       		.uleb128 0x8
 516 00e2 02       		.byte	0x2
 517 00e3 01       		.byte	0x1
 518 00e4 97       		.byte	0x97
 519 00e5 02010000 		.4byte	0x102
 520 00e9 09       		.uleb128 0x9
 521 00ea 42020000 		.4byte	.LASF20
 522 00ee 01       		.byte	0x1
 523 00ef 99       		.byte	0x99
 524 00f0 8D000000 		.4byte	0x8d
 525 00f4 00       		.byte	0
 526 00f5 09       		.uleb128 0x9
 527 00f6 48000000 		.4byte	.LASF21
 528 00fa 01       		.byte	0x1
 529 00fb 9A       		.byte	0x9a
 530 00fc 8D000000 		.4byte	0x8d
 531 0100 01       		.byte	0x1
ARM GAS  C:\Users\latao\AppData\Local\Temp\ccA51lKs.s 			page 17


 532 0101 00       		.byte	0
 533 0102 03       		.uleb128 0x3
 534 0103 2F020000 		.4byte	.LASF22
 535 0107 01       		.byte	0x1
 536 0108 9B       		.byte	0x9b
 537 0109 E1000000 		.4byte	0xe1
 538 010d 0A       		.uleb128 0xa
 539 010e E1000000 		.4byte	.LASF27
 540 0112 01       		.byte	0x1
 541 0113 AE       		.byte	0xae
 542 0114 00000000 		.4byte	.LFB3
 543 0118 32000000 		.4byte	.LFE3-.LFB3
 544 011c 01       		.uleb128 0x1
 545 011d 9C       		.byte	0x9c
 546 011e 7F010000 		.4byte	0x17f
 547 0122 0B       		.uleb128 0xb
 548 0123 FF000000 		.4byte	.LASF23
 549 0127 01       		.byte	0x1
 550 0128 AE       		.byte	0xae
 551 0129 7F010000 		.4byte	0x17f
 552 012d 01       		.uleb128 0x1
 553 012e 50       		.byte	0x50
 554 012f 0B       		.uleb128 0xb
 555 0130 11010000 		.4byte	.LASF24
 556 0134 01       		.byte	0x1
 557 0135 AE       		.byte	0xae
 558 0136 8A010000 		.4byte	0x18a
 559 013a 01       		.uleb128 0x1
 560 013b 51       		.byte	0x51
 561 013c 0C       		.uleb128 0xc
 562 013d 6900     		.ascii	"i\000"
 563 013f 01       		.byte	0x1
 564 0140 B1       		.byte	0xb1
 565 0141 A5000000 		.4byte	0xa5
 566 0145 00000000 		.4byte	.LLST0
 567 0149 0C       		.uleb128 0xc
 568 014a 6A00     		.ascii	"j\000"
 569 014c 01       		.byte	0x1
 570 014d B1       		.byte	0xb1
 571 014e A5000000 		.4byte	0xa5
 572 0152 1F000000 		.4byte	.LLST1
 573 0156 0D       		.uleb128 0xd
 574 0157 08000000 		.4byte	.LBB2
 575 015b 22000000 		.4byte	.LBE2-.LBB2
 576 015f 0E       		.uleb128 0xe
 577 0160 F7010000 		.4byte	.LASF25
 578 0164 01       		.byte	0x1
 579 0165 B4       		.byte	0xb4
 580 0166 A5000000 		.4byte	0xa5
 581 016a 3E000000 		.4byte	.LLST2
 582 016e 0E       		.uleb128 0xe
 583 016f 4E000000 		.4byte	.LASF26
 584 0173 01       		.byte	0x1
 585 0174 B5       		.byte	0xb5
 586 0175 8D000000 		.4byte	0x8d
 587 0179 51000000 		.4byte	.LLST3
 588 017d 00       		.byte	0
ARM GAS  C:\Users\latao\AppData\Local\Temp\ccA51lKs.s 			page 18


 589 017e 00       		.byte	0
 590 017f 0F       		.uleb128 0xf
 591 0180 04       		.byte	0x4
 592 0181 85010000 		.4byte	0x185
 593 0185 10       		.uleb128 0x10
 594 0186 A5000000 		.4byte	0xa5
 595 018a 0F       		.uleb128 0xf
 596 018b 04       		.byte	0x4
 597 018c 90010000 		.4byte	0x190
 598 0190 10       		.uleb128 0x10
 599 0191 02010000 		.4byte	0x102
 600 0195 0A       		.uleb128 0xa
 601 0196 BB000000 		.4byte	.LASF28
 602 019a 01       		.byte	0x1
 603 019b 4C       		.byte	0x4c
 604 019c 00000000 		.4byte	.LFB0
 605 01a0 0C000000 		.4byte	.LFE0-.LFB0
 606 01a4 01       		.uleb128 0x1
 607 01a5 9C       		.byte	0x9c
 608 01a6 E2010000 		.4byte	0x1e2
 609 01aa 11       		.uleb128 0x11
 610 01ab 7300     		.ascii	"s\000"
 611 01ad 01       		.byte	0x1
 612 01ae 4C       		.byte	0x4c
 613 01af 84000000 		.4byte	0x84
 614 01b3 6F000000 		.4byte	.LLST4
 615 01b7 11       		.uleb128 0x11
 616 01b8 6E00     		.ascii	"n\000"
 617 01ba 01       		.byte	0x1
 618 01bb 4C       		.byte	0x4c
 619 01bc 2C000000 		.4byte	0x2c
 620 01c0 90000000 		.4byte	.LLST5
 621 01c4 12       		.uleb128 0x12
 622 01c5 0A000000 		.4byte	.LVL14
 623 01c9 75030000 		.4byte	0x375
 624 01cd 13       		.uleb128 0x13
 625 01ce 01       		.uleb128 0x1
 626 01cf 50       		.byte	0x50
 627 01d0 03       		.uleb128 0x3
 628 01d1 F3       		.byte	0xf3
 629 01d2 01       		.uleb128 0x1
 630 01d3 50       		.byte	0x50
 631 01d4 13       		.uleb128 0x13
 632 01d5 01       		.uleb128 0x1
 633 01d6 51       		.byte	0x51
 634 01d7 01       		.uleb128 0x1
 635 01d8 30       		.byte	0x30
 636 01d9 13       		.uleb128 0x13
 637 01da 01       		.uleb128 0x1
 638 01db 52       		.byte	0x52
 639 01dc 03       		.uleb128 0x3
 640 01dd F3       		.byte	0xf3
 641 01de 01       		.uleb128 0x1
 642 01df 51       		.byte	0x51
 643 01e0 00       		.byte	0
 644 01e1 00       		.byte	0
 645 01e2 0A       		.uleb128 0xa
ARM GAS  C:\Users\latao\AppData\Local\Temp\ccA51lKs.s 			page 19


 646 01e3 54000000 		.4byte	.LASF29
 647 01e7 01       		.byte	0x1
 648 01e8 D3       		.byte	0xd3
 649 01e9 00000000 		.4byte	.LFB4
 650 01ed 84000000 		.4byte	.LFE4-.LFB4
 651 01f1 01       		.uleb128 0x1
 652 01f2 9C       		.byte	0x9c
 653 01f3 2D020000 		.4byte	0x22d
 654 01f7 14       		.uleb128 0x14
 655 01f8 14000000 		.4byte	.LVL15
 656 01fc 7E030000 		.4byte	0x37e
 657 0200 0A020000 		.4byte	0x20a
 658 0204 13       		.uleb128 0x13
 659 0205 01       		.uleb128 0x1
 660 0206 50       		.byte	0x50
 661 0207 01       		.uleb128 0x1
 662 0208 48       		.byte	0x48
 663 0209 00       		.byte	0
 664 020a 14       		.uleb128 0x14
 665 020b 48000000 		.4byte	.LVL16
 666 020f 89030000 		.4byte	0x389
 667 0213 1D020000 		.4byte	0x21d
 668 0217 13       		.uleb128 0x13
 669 0218 01       		.uleb128 0x1
 670 0219 50       		.byte	0x50
 671 021a 01       		.uleb128 0x1
 672 021b 39       		.byte	0x39
 673 021c 00       		.byte	0
 674 021d 12       		.uleb128 0x12
 675 021e 4E000000 		.4byte	.LVL17
 676 0222 94030000 		.4byte	0x394
 677 0226 13       		.uleb128 0x13
 678 0227 01       		.uleb128 0x1
 679 0228 50       		.byte	0x50
 680 0229 01       		.uleb128 0x1
 681 022a 39       		.byte	0x39
 682 022b 00       		.byte	0
 683 022c 00       		.byte	0
 684 022d 15       		.uleb128 0x15
 685 022e 30010000 		.4byte	.LASF42
 686 0232 01       		.byte	0x1
 687 0233 2101     		.2byte	0x121
 688 0235 84000000 		.4byte	.LFB6
 689 0239 C0000000 		.4byte	.LFE6-.LFB6
 690 023d 01       		.uleb128 0x1
 691 023e 9C       		.byte	0x9c
 692 023f 4B030000 		.4byte	0x34b
 693 0243 16       		.uleb128 0x16
 694 0244 88000000 		.4byte	.LBB3
 695 0248 74000000 		.4byte	.LBE3-.LBB3
 696 024c 41030000 		.4byte	0x341
 697 0250 17       		.uleb128 0x17
 698 0251 5F000000 		.4byte	.LASF30
 699 0255 01       		.byte	0x1
 700 0256 2701     		.2byte	0x127
 701 0258 5B030000 		.4byte	0x35b
 702 025c 05       		.uleb128 0x5
ARM GAS  C:\Users\latao\AppData\Local\Temp\ccA51lKs.s 			page 20


 703 025d 03       		.byte	0x3
 704 025e 24000000 		.4byte	cy_cfg_addr_table.4864
 705 0262 17       		.uleb128 0x17
 706 0263 71000000 		.4byte	.LASF31
 707 0267 01       		.byte	0x1
 708 0268 3001     		.2byte	0x130
 709 026a 70030000 		.4byte	0x370
 710 026e 05       		.uleb128 0x5
 711 026f 03       		.byte	0x3
 712 0270 0C000000 		.4byte	cy_cfg_data_table.4865
 713 0274 18       		.uleb128 0x18
 714 0275 06       		.byte	0x6
 715 0276 01       		.byte	0x1
 716 0277 4001     		.2byte	0x140
 717 0279 98020000 		.4byte	0x298
 718 027d 19       		.uleb128 0x19
 719 027e 3D010000 		.4byte	.LASF32
 720 0282 01       		.byte	0x1
 721 0283 4101     		.2byte	0x141
 722 0285 84000000 		.4byte	0x84
 723 0289 00       		.byte	0
 724 028a 19       		.uleb128 0x19
 725 028b 99000000 		.4byte	.LASF33
 726 028f 01       		.byte	0x1
 727 0290 4201     		.2byte	0x142
 728 0292 99000000 		.4byte	0x99
 729 0296 04       		.byte	0x4
 730 0297 00       		.byte	0
 731 0298 06       		.uleb128 0x6
 732 0299 EA010000 		.4byte	.LASF34
 733 029d 01       		.byte	0x1
 734 029e 4301     		.2byte	0x143
 735 02a0 74020000 		.4byte	0x274
 736 02a4 1A       		.uleb128 0x1a
 737 02a5 B4020000 		.4byte	0x2b4
 738 02a9 B4020000 		.4byte	0x2b4
 739 02ad 1B       		.uleb128 0x1b
 740 02ae 7D000000 		.4byte	0x7d
 741 02b2 01       		.byte	0x1
 742 02b3 00       		.byte	0
 743 02b4 10       		.uleb128 0x10
 744 02b5 98020000 		.4byte	0x298
 745 02b9 17       		.uleb128 0x17
 746 02ba 89000000 		.4byte	.LASF35
 747 02be 01       		.byte	0x1
 748 02bf 4501     		.2byte	0x145
 749 02c1 CB020000 		.4byte	0x2cb
 750 02c5 05       		.uleb128 0x5
 751 02c6 03       		.byte	0x3
 752 02c7 00000000 		.4byte	cfg_memset_list.4870
 753 02cb 10       		.uleb128 0x10
 754 02cc A4020000 		.4byte	0x2a4
 755 02d0 1C       		.uleb128 0x1c
 756 02d1 6900     		.ascii	"i\000"
 757 02d3 01       		.byte	0x1
 758 02d4 4B01     		.2byte	0x14b
 759 02d6 8D000000 		.4byte	0x8d
ARM GAS  C:\Users\latao\AppData\Local\Temp\ccA51lKs.s 			page 21


 760 02da BC000000 		.4byte	.LLST6
 761 02de 16       		.uleb128 0x16
 762 02df 8C000000 		.4byte	.LBB4
 763 02e3 1C000000 		.4byte	.LBE4-.LBB4
 764 02e7 24030000 		.4byte	0x324
 765 02eb 1C       		.uleb128 0x1c
 766 02ec 6D7300   		.ascii	"ms\000"
 767 02ef 01       		.byte	0x1
 768 02f0 5001     		.2byte	0x150
 769 02f2 FA020000 		.4byte	0x2fa
 770 02f6 E6000000 		.4byte	.LLST7
 771 02fa 0F       		.uleb128 0xf
 772 02fb 04       		.byte	0x4
 773 02fc B4020000 		.4byte	0x2b4
 774 0300 12       		.uleb128 0x12
 775 0301 A8000000 		.4byte	.LVL20
 776 0305 95010000 		.4byte	0x195
 777 0309 13       		.uleb128 0x13
 778 030a 01       		.uleb128 0x1
 779 030b 51       		.byte	0x51
 780 030c 15       		.uleb128 0x15
 781 030d 74       		.byte	0x74
 782 030e 00       		.sleb128 0
 783 030f 31       		.byte	0x31
 784 0310 24       		.byte	0x24
 785 0311 74       		.byte	0x74
 786 0312 00       		.sleb128 0
 787 0313 22       		.byte	0x22
 788 0314 31       		.byte	0x31
 789 0315 24       		.byte	0x24
 790 0316 03       		.byte	0x3
 791 0317 04000000 		.4byte	.LANCHOR0+4
 792 031b 22       		.byte	0x22
 793 031c 94       		.byte	0x94
 794 031d 02       		.byte	0x2
 795 031e 0A       		.byte	0xa
 796 031f FFFF     		.2byte	0xffff
 797 0321 1A       		.byte	0x1a
 798 0322 00       		.byte	0
 799 0323 00       		.byte	0
 800 0324 12       		.uleb128 0x12
 801 0325 BC000000 		.4byte	.LVL23
 802 0329 0D010000 		.4byte	0x10d
 803 032d 13       		.uleb128 0x13
 804 032e 01       		.uleb128 0x1
 805 032f 50       		.byte	0x50
 806 0330 05       		.uleb128 0x5
 807 0331 03       		.byte	0x3
 808 0332 24000000 		.4byte	.LANCHOR0+36
 809 0336 13       		.uleb128 0x13
 810 0337 01       		.uleb128 0x1
 811 0338 51       		.byte	0x51
 812 0339 05       		.uleb128 0x5
 813 033a 03       		.byte	0x3
 814 033b 0C000000 		.4byte	.LANCHOR0+12
 815 033f 00       		.byte	0
 816 0340 00       		.byte	0
ARM GAS  C:\Users\latao\AppData\Local\Temp\ccA51lKs.s 			page 22


 817 0341 1D       		.uleb128 0x1d
 818 0342 16010000 		.4byte	.LVL24
 819 0346 E2010000 		.4byte	0x1e2
 820 034a 00       		.byte	0
 821 034b 1A       		.uleb128 0x1a
 822 034c 85010000 		.4byte	0x185
 823 0350 5B030000 		.4byte	0x35b
 824 0354 1B       		.uleb128 0x1b
 825 0355 7D000000 		.4byte	0x7d
 826 0359 05       		.byte	0x5
 827 035a 00       		.byte	0
 828 035b 10       		.uleb128 0x10
 829 035c 4B030000 		.4byte	0x34b
 830 0360 1A       		.uleb128 0x1a
 831 0361 90010000 		.4byte	0x190
 832 0365 70030000 		.4byte	0x370
 833 0369 1B       		.uleb128 0x1b
 834 036a 7D000000 		.4byte	0x7d
 835 036e 0A       		.byte	0xa
 836 036f 00       		.byte	0
 837 0370 10       		.uleb128 0x10
 838 0371 60030000 		.4byte	0x360
 839 0375 1E       		.uleb128 0x1e
 840 0376 D3000000 		.4byte	.LASF43
 841 037a D3000000 		.4byte	.LASF43
 842 037e 1F       		.uleb128 0x1f
 843 037f 53020000 		.4byte	.LASF36
 844 0383 53020000 		.4byte	.LASF36
 845 0387 04       		.byte	0x4
 846 0388 6C       		.byte	0x6c
 847 0389 1F       		.uleb128 0x1f
 848 038a 39000000 		.4byte	.LASF37
 849 038e 39000000 		.4byte	.LASF37
 850 0392 04       		.byte	0x4
 851 0393 D0       		.byte	0xd0
 852 0394 1F       		.uleb128 0x1f
 853 0395 F3000000 		.4byte	.LASF38
 854 0399 F3000000 		.4byte	.LASF38
 855 039d 04       		.byte	0x4
 856 039e D6       		.byte	0xd6
 857 039f 00       		.byte	0
 858              		.section	.debug_abbrev,"",%progbits
 859              	.Ldebug_abbrev0:
 860 0000 01       		.uleb128 0x1
 861 0001 11       		.uleb128 0x11
 862 0002 01       		.byte	0x1
 863 0003 25       		.uleb128 0x25
 864 0004 0E       		.uleb128 0xe
 865 0005 13       		.uleb128 0x13
 866 0006 0B       		.uleb128 0xb
 867 0007 03       		.uleb128 0x3
 868 0008 0E       		.uleb128 0xe
 869 0009 1B       		.uleb128 0x1b
 870 000a 0E       		.uleb128 0xe
 871 000b 55       		.uleb128 0x55
 872 000c 17       		.uleb128 0x17
 873 000d 11       		.uleb128 0x11
ARM GAS  C:\Users\latao\AppData\Local\Temp\ccA51lKs.s 			page 23


 874 000e 01       		.uleb128 0x1
 875 000f 10       		.uleb128 0x10
 876 0010 17       		.uleb128 0x17
 877 0011 00       		.byte	0
 878 0012 00       		.byte	0
 879 0013 02       		.uleb128 0x2
 880 0014 24       		.uleb128 0x24
 881 0015 00       		.byte	0
 882 0016 0B       		.uleb128 0xb
 883 0017 0B       		.uleb128 0xb
 884 0018 3E       		.uleb128 0x3e
 885 0019 0B       		.uleb128 0xb
 886 001a 03       		.uleb128 0x3
 887 001b 08       		.uleb128 0x8
 888 001c 00       		.byte	0
 889 001d 00       		.byte	0
 890 001e 03       		.uleb128 0x3
 891 001f 16       		.uleb128 0x16
 892 0020 00       		.byte	0
 893 0021 03       		.uleb128 0x3
 894 0022 0E       		.uleb128 0xe
 895 0023 3A       		.uleb128 0x3a
 896 0024 0B       		.uleb128 0xb
 897 0025 3B       		.uleb128 0x3b
 898 0026 0B       		.uleb128 0xb
 899 0027 49       		.uleb128 0x49
 900 0028 13       		.uleb128 0x13
 901 0029 00       		.byte	0
 902 002a 00       		.byte	0
 903 002b 04       		.uleb128 0x4
 904 002c 24       		.uleb128 0x24
 905 002d 00       		.byte	0
 906 002e 0B       		.uleb128 0xb
 907 002f 0B       		.uleb128 0xb
 908 0030 3E       		.uleb128 0x3e
 909 0031 0B       		.uleb128 0xb
 910 0032 03       		.uleb128 0x3
 911 0033 0E       		.uleb128 0xe
 912 0034 00       		.byte	0
 913 0035 00       		.byte	0
 914 0036 05       		.uleb128 0x5
 915 0037 0F       		.uleb128 0xf
 916 0038 00       		.byte	0
 917 0039 0B       		.uleb128 0xb
 918 003a 0B       		.uleb128 0xb
 919 003b 00       		.byte	0
 920 003c 00       		.byte	0
 921 003d 06       		.uleb128 0x6
 922 003e 16       		.uleb128 0x16
 923 003f 00       		.byte	0
 924 0040 03       		.uleb128 0x3
 925 0041 0E       		.uleb128 0xe
 926 0042 3A       		.uleb128 0x3a
 927 0043 0B       		.uleb128 0xb
 928 0044 3B       		.uleb128 0x3b
 929 0045 05       		.uleb128 0x5
 930 0046 49       		.uleb128 0x49
ARM GAS  C:\Users\latao\AppData\Local\Temp\ccA51lKs.s 			page 24


 931 0047 13       		.uleb128 0x13
 932 0048 00       		.byte	0
 933 0049 00       		.byte	0
 934 004a 07       		.uleb128 0x7
 935 004b 35       		.uleb128 0x35
 936 004c 00       		.byte	0
 937 004d 49       		.uleb128 0x49
 938 004e 13       		.uleb128 0x13
 939 004f 00       		.byte	0
 940 0050 00       		.byte	0
 941 0051 08       		.uleb128 0x8
 942 0052 13       		.uleb128 0x13
 943 0053 01       		.byte	0x1
 944 0054 0B       		.uleb128 0xb
 945 0055 0B       		.uleb128 0xb
 946 0056 3A       		.uleb128 0x3a
 947 0057 0B       		.uleb128 0xb
 948 0058 3B       		.uleb128 0x3b
 949 0059 0B       		.uleb128 0xb
 950 005a 01       		.uleb128 0x1
 951 005b 13       		.uleb128 0x13
 952 005c 00       		.byte	0
 953 005d 00       		.byte	0
 954 005e 09       		.uleb128 0x9
 955 005f 0D       		.uleb128 0xd
 956 0060 00       		.byte	0
 957 0061 03       		.uleb128 0x3
 958 0062 0E       		.uleb128 0xe
 959 0063 3A       		.uleb128 0x3a
 960 0064 0B       		.uleb128 0xb
 961 0065 3B       		.uleb128 0x3b
 962 0066 0B       		.uleb128 0xb
 963 0067 49       		.uleb128 0x49
 964 0068 13       		.uleb128 0x13
 965 0069 38       		.uleb128 0x38
 966 006a 0B       		.uleb128 0xb
 967 006b 00       		.byte	0
 968 006c 00       		.byte	0
 969 006d 0A       		.uleb128 0xa
 970 006e 2E       		.uleb128 0x2e
 971 006f 01       		.byte	0x1
 972 0070 03       		.uleb128 0x3
 973 0071 0E       		.uleb128 0xe
 974 0072 3A       		.uleb128 0x3a
 975 0073 0B       		.uleb128 0xb
 976 0074 3B       		.uleb128 0x3b
 977 0075 0B       		.uleb128 0xb
 978 0076 27       		.uleb128 0x27
 979 0077 19       		.uleb128 0x19
 980 0078 11       		.uleb128 0x11
 981 0079 01       		.uleb128 0x1
 982 007a 12       		.uleb128 0x12
 983 007b 06       		.uleb128 0x6
 984 007c 40       		.uleb128 0x40
 985 007d 18       		.uleb128 0x18
 986 007e 9742     		.uleb128 0x2117
 987 0080 19       		.uleb128 0x19
ARM GAS  C:\Users\latao\AppData\Local\Temp\ccA51lKs.s 			page 25


 988 0081 01       		.uleb128 0x1
 989 0082 13       		.uleb128 0x13
 990 0083 00       		.byte	0
 991 0084 00       		.byte	0
 992 0085 0B       		.uleb128 0xb
 993 0086 05       		.uleb128 0x5
 994 0087 00       		.byte	0
 995 0088 03       		.uleb128 0x3
 996 0089 0E       		.uleb128 0xe
 997 008a 3A       		.uleb128 0x3a
 998 008b 0B       		.uleb128 0xb
 999 008c 3B       		.uleb128 0x3b
 1000 008d 0B       		.uleb128 0xb
 1001 008e 49       		.uleb128 0x49
 1002 008f 13       		.uleb128 0x13
 1003 0090 02       		.uleb128 0x2
 1004 0091 18       		.uleb128 0x18
 1005 0092 00       		.byte	0
 1006 0093 00       		.byte	0
 1007 0094 0C       		.uleb128 0xc
 1008 0095 34       		.uleb128 0x34
 1009 0096 00       		.byte	0
 1010 0097 03       		.uleb128 0x3
 1011 0098 08       		.uleb128 0x8
 1012 0099 3A       		.uleb128 0x3a
 1013 009a 0B       		.uleb128 0xb
 1014 009b 3B       		.uleb128 0x3b
 1015 009c 0B       		.uleb128 0xb
 1016 009d 49       		.uleb128 0x49
 1017 009e 13       		.uleb128 0x13
 1018 009f 02       		.uleb128 0x2
 1019 00a0 17       		.uleb128 0x17
 1020 00a1 00       		.byte	0
 1021 00a2 00       		.byte	0
 1022 00a3 0D       		.uleb128 0xd
 1023 00a4 0B       		.uleb128 0xb
 1024 00a5 01       		.byte	0x1
 1025 00a6 11       		.uleb128 0x11
 1026 00a7 01       		.uleb128 0x1
 1027 00a8 12       		.uleb128 0x12
 1028 00a9 06       		.uleb128 0x6
 1029 00aa 00       		.byte	0
 1030 00ab 00       		.byte	0
 1031 00ac 0E       		.uleb128 0xe
 1032 00ad 34       		.uleb128 0x34
 1033 00ae 00       		.byte	0
 1034 00af 03       		.uleb128 0x3
 1035 00b0 0E       		.uleb128 0xe
 1036 00b1 3A       		.uleb128 0x3a
 1037 00b2 0B       		.uleb128 0xb
 1038 00b3 3B       		.uleb128 0x3b
 1039 00b4 0B       		.uleb128 0xb
 1040 00b5 49       		.uleb128 0x49
 1041 00b6 13       		.uleb128 0x13
 1042 00b7 02       		.uleb128 0x2
 1043 00b8 17       		.uleb128 0x17
 1044 00b9 00       		.byte	0
ARM GAS  C:\Users\latao\AppData\Local\Temp\ccA51lKs.s 			page 26


 1045 00ba 00       		.byte	0
 1046 00bb 0F       		.uleb128 0xf
 1047 00bc 0F       		.uleb128 0xf
 1048 00bd 00       		.byte	0
 1049 00be 0B       		.uleb128 0xb
 1050 00bf 0B       		.uleb128 0xb
 1051 00c0 49       		.uleb128 0x49
 1052 00c1 13       		.uleb128 0x13
 1053 00c2 00       		.byte	0
 1054 00c3 00       		.byte	0
 1055 00c4 10       		.uleb128 0x10
 1056 00c5 26       		.uleb128 0x26
 1057 00c6 00       		.byte	0
 1058 00c7 49       		.uleb128 0x49
 1059 00c8 13       		.uleb128 0x13
 1060 00c9 00       		.byte	0
 1061 00ca 00       		.byte	0
 1062 00cb 11       		.uleb128 0x11
 1063 00cc 05       		.uleb128 0x5
 1064 00cd 00       		.byte	0
 1065 00ce 03       		.uleb128 0x3
 1066 00cf 08       		.uleb128 0x8
 1067 00d0 3A       		.uleb128 0x3a
 1068 00d1 0B       		.uleb128 0xb
 1069 00d2 3B       		.uleb128 0x3b
 1070 00d3 0B       		.uleb128 0xb
 1071 00d4 49       		.uleb128 0x49
 1072 00d5 13       		.uleb128 0x13
 1073 00d6 02       		.uleb128 0x2
 1074 00d7 17       		.uleb128 0x17
 1075 00d8 00       		.byte	0
 1076 00d9 00       		.byte	0
 1077 00da 12       		.uleb128 0x12
 1078 00db 898201   		.uleb128 0x4109
 1079 00de 01       		.byte	0x1
 1080 00df 11       		.uleb128 0x11
 1081 00e0 01       		.uleb128 0x1
 1082 00e1 31       		.uleb128 0x31
 1083 00e2 13       		.uleb128 0x13
 1084 00e3 00       		.byte	0
 1085 00e4 00       		.byte	0
 1086 00e5 13       		.uleb128 0x13
 1087 00e6 8A8201   		.uleb128 0x410a
 1088 00e9 00       		.byte	0
 1089 00ea 02       		.uleb128 0x2
 1090 00eb 18       		.uleb128 0x18
 1091 00ec 9142     		.uleb128 0x2111
 1092 00ee 18       		.uleb128 0x18
 1093 00ef 00       		.byte	0
 1094 00f0 00       		.byte	0
 1095 00f1 14       		.uleb128 0x14
 1096 00f2 898201   		.uleb128 0x4109
 1097 00f5 01       		.byte	0x1
 1098 00f6 11       		.uleb128 0x11
 1099 00f7 01       		.uleb128 0x1
 1100 00f8 31       		.uleb128 0x31
 1101 00f9 13       		.uleb128 0x13
ARM GAS  C:\Users\latao\AppData\Local\Temp\ccA51lKs.s 			page 27


 1102 00fa 01       		.uleb128 0x1
 1103 00fb 13       		.uleb128 0x13
 1104 00fc 00       		.byte	0
 1105 00fd 00       		.byte	0
 1106 00fe 15       		.uleb128 0x15
 1107 00ff 2E       		.uleb128 0x2e
 1108 0100 01       		.byte	0x1
 1109 0101 3F       		.uleb128 0x3f
 1110 0102 19       		.uleb128 0x19
 1111 0103 03       		.uleb128 0x3
 1112 0104 0E       		.uleb128 0xe
 1113 0105 3A       		.uleb128 0x3a
 1114 0106 0B       		.uleb128 0xb
 1115 0107 3B       		.uleb128 0x3b
 1116 0108 05       		.uleb128 0x5
 1117 0109 27       		.uleb128 0x27
 1118 010a 19       		.uleb128 0x19
 1119 010b 11       		.uleb128 0x11
 1120 010c 01       		.uleb128 0x1
 1121 010d 12       		.uleb128 0x12
 1122 010e 06       		.uleb128 0x6
 1123 010f 40       		.uleb128 0x40
 1124 0110 18       		.uleb128 0x18
 1125 0111 9742     		.uleb128 0x2117
 1126 0113 19       		.uleb128 0x19
 1127 0114 01       		.uleb128 0x1
 1128 0115 13       		.uleb128 0x13
 1129 0116 00       		.byte	0
 1130 0117 00       		.byte	0
 1131 0118 16       		.uleb128 0x16
 1132 0119 0B       		.uleb128 0xb
 1133 011a 01       		.byte	0x1
 1134 011b 11       		.uleb128 0x11
 1135 011c 01       		.uleb128 0x1
 1136 011d 12       		.uleb128 0x12
 1137 011e 06       		.uleb128 0x6
 1138 011f 01       		.uleb128 0x1
 1139 0120 13       		.uleb128 0x13
 1140 0121 00       		.byte	0
 1141 0122 00       		.byte	0
 1142 0123 17       		.uleb128 0x17
 1143 0124 34       		.uleb128 0x34
 1144 0125 00       		.byte	0
 1145 0126 03       		.uleb128 0x3
 1146 0127 0E       		.uleb128 0xe
 1147 0128 3A       		.uleb128 0x3a
 1148 0129 0B       		.uleb128 0xb
 1149 012a 3B       		.uleb128 0x3b
 1150 012b 05       		.uleb128 0x5
 1151 012c 49       		.uleb128 0x49
 1152 012d 13       		.uleb128 0x13
 1153 012e 02       		.uleb128 0x2
 1154 012f 18       		.uleb128 0x18
 1155 0130 00       		.byte	0
 1156 0131 00       		.byte	0
 1157 0132 18       		.uleb128 0x18
 1158 0133 13       		.uleb128 0x13
ARM GAS  C:\Users\latao\AppData\Local\Temp\ccA51lKs.s 			page 28


 1159 0134 01       		.byte	0x1
 1160 0135 0B       		.uleb128 0xb
 1161 0136 0B       		.uleb128 0xb
 1162 0137 3A       		.uleb128 0x3a
 1163 0138 0B       		.uleb128 0xb
 1164 0139 3B       		.uleb128 0x3b
 1165 013a 05       		.uleb128 0x5
 1166 013b 01       		.uleb128 0x1
 1167 013c 13       		.uleb128 0x13
 1168 013d 00       		.byte	0
 1169 013e 00       		.byte	0
 1170 013f 19       		.uleb128 0x19
 1171 0140 0D       		.uleb128 0xd
 1172 0141 00       		.byte	0
 1173 0142 03       		.uleb128 0x3
 1174 0143 0E       		.uleb128 0xe
 1175 0144 3A       		.uleb128 0x3a
 1176 0145 0B       		.uleb128 0xb
 1177 0146 3B       		.uleb128 0x3b
 1178 0147 05       		.uleb128 0x5
 1179 0148 49       		.uleb128 0x49
 1180 0149 13       		.uleb128 0x13
 1181 014a 38       		.uleb128 0x38
 1182 014b 0B       		.uleb128 0xb
 1183 014c 00       		.byte	0
 1184 014d 00       		.byte	0
 1185 014e 1A       		.uleb128 0x1a
 1186 014f 01       		.uleb128 0x1
 1187 0150 01       		.byte	0x1
 1188 0151 49       		.uleb128 0x49
 1189 0152 13       		.uleb128 0x13
 1190 0153 01       		.uleb128 0x1
 1191 0154 13       		.uleb128 0x13
 1192 0155 00       		.byte	0
 1193 0156 00       		.byte	0
 1194 0157 1B       		.uleb128 0x1b
 1195 0158 21       		.uleb128 0x21
 1196 0159 00       		.byte	0
 1197 015a 49       		.uleb128 0x49
 1198 015b 13       		.uleb128 0x13
 1199 015c 2F       		.uleb128 0x2f
 1200 015d 0B       		.uleb128 0xb
 1201 015e 00       		.byte	0
 1202 015f 00       		.byte	0
 1203 0160 1C       		.uleb128 0x1c
 1204 0161 34       		.uleb128 0x34
 1205 0162 00       		.byte	0
 1206 0163 03       		.uleb128 0x3
 1207 0164 08       		.uleb128 0x8
 1208 0165 3A       		.uleb128 0x3a
 1209 0166 0B       		.uleb128 0xb
 1210 0167 3B       		.uleb128 0x3b
 1211 0168 05       		.uleb128 0x5
 1212 0169 49       		.uleb128 0x49
 1213 016a 13       		.uleb128 0x13
 1214 016b 02       		.uleb128 0x2
 1215 016c 17       		.uleb128 0x17
ARM GAS  C:\Users\latao\AppData\Local\Temp\ccA51lKs.s 			page 29


 1216 016d 00       		.byte	0
 1217 016e 00       		.byte	0
 1218 016f 1D       		.uleb128 0x1d
 1219 0170 898201   		.uleb128 0x4109
 1220 0173 00       		.byte	0
 1221 0174 11       		.uleb128 0x11
 1222 0175 01       		.uleb128 0x1
 1223 0176 31       		.uleb128 0x31
 1224 0177 13       		.uleb128 0x13
 1225 0178 00       		.byte	0
 1226 0179 00       		.byte	0
 1227 017a 1E       		.uleb128 0x1e
 1228 017b 2E       		.uleb128 0x2e
 1229 017c 00       		.byte	0
 1230 017d 3F       		.uleb128 0x3f
 1231 017e 19       		.uleb128 0x19
 1232 017f 3C       		.uleb128 0x3c
 1233 0180 19       		.uleb128 0x19
 1234 0181 6E       		.uleb128 0x6e
 1235 0182 0E       		.uleb128 0xe
 1236 0183 03       		.uleb128 0x3
 1237 0184 0E       		.uleb128 0xe
 1238 0185 00       		.byte	0
 1239 0186 00       		.byte	0
 1240 0187 1F       		.uleb128 0x1f
 1241 0188 2E       		.uleb128 0x2e
 1242 0189 00       		.byte	0
 1243 018a 3F       		.uleb128 0x3f
 1244 018b 19       		.uleb128 0x19
 1245 018c 3C       		.uleb128 0x3c
 1246 018d 19       		.uleb128 0x19
 1247 018e 6E       		.uleb128 0x6e
 1248 018f 0E       		.uleb128 0xe
 1249 0190 03       		.uleb128 0x3
 1250 0191 0E       		.uleb128 0xe
 1251 0192 3A       		.uleb128 0x3a
 1252 0193 0B       		.uleb128 0xb
 1253 0194 3B       		.uleb128 0x3b
 1254 0195 0B       		.uleb128 0xb
 1255 0196 00       		.byte	0
 1256 0197 00       		.byte	0
 1257 0198 00       		.byte	0
 1258              		.section	.debug_loc,"",%progbits
 1259              	.Ldebug_loc0:
 1260              	.LLST0:
 1261 0000 02000000 		.4byte	.LVL1
 1262 0004 08000000 		.4byte	.LVL2
 1263 0008 0200     		.2byte	0x2
 1264 000a 30       		.byte	0x30
 1265 000b 9F       		.byte	0x9f
 1266 000c 08000000 		.4byte	.LVL2
 1267 0010 30000000 		.4byte	.LVL11
 1268 0014 0100     		.2byte	0x1
 1269 0016 57       		.byte	0x57
 1270 0017 00000000 		.4byte	0
 1271 001b 00000000 		.4byte	0
 1272              	.LLST1:
ARM GAS  C:\Users\latao\AppData\Local\Temp\ccA51lKs.s 			page 30


 1273 001f 02000000 		.4byte	.LVL1
 1274 0023 08000000 		.4byte	.LVL2
 1275 0027 0200     		.2byte	0x2
 1276 0029 30       		.byte	0x30
 1277 002a 9F       		.byte	0x9f
 1278 002b 08000000 		.4byte	.LVL2
 1279 002f 30000000 		.4byte	.LVL10
 1280 0033 0100     		.2byte	0x1
 1281 0035 55       		.byte	0x55
 1282 0036 00000000 		.4byte	0
 1283 003a 00000000 		.4byte	0
 1284              	.LLST2:
 1285 003e 0C000000 		.4byte	.LVL3
 1286 0042 2C000000 		.4byte	.LVL9
 1287 0046 0100     		.2byte	0x1
 1288 0048 56       		.byte	0x56
 1289 0049 00000000 		.4byte	0
 1290 004d 00000000 		.4byte	0
 1291              	.LLST3:
 1292 0051 0E000000 		.4byte	.LVL4
 1293 0055 24000000 		.4byte	.LVL7
 1294 0059 0100     		.2byte	0x1
 1295 005b 53       		.byte	0x53
 1296 005c 26000000 		.4byte	.LVL8
 1297 0060 2C000000 		.4byte	.LVL9
 1298 0064 0100     		.2byte	0x1
 1299 0066 53       		.byte	0x53
 1300 0067 00000000 		.4byte	0
 1301 006b 00000000 		.4byte	0
 1302              	.LLST4:
 1303 006f 00000000 		.4byte	.LVL12
 1304 0073 09000000 		.4byte	.LVL14-1
 1305 0077 0100     		.2byte	0x1
 1306 0079 50       		.byte	0x50
 1307 007a 09000000 		.4byte	.LVL14-1
 1308 007e 0C000000 		.4byte	.LFE0
 1309 0082 0400     		.2byte	0x4
 1310 0084 F3       		.byte	0xf3
 1311 0085 01       		.uleb128 0x1
 1312 0086 50       		.byte	0x50
 1313 0087 9F       		.byte	0x9f
 1314 0088 00000000 		.4byte	0
 1315 008c 00000000 		.4byte	0
 1316              	.LLST5:
 1317 0090 00000000 		.4byte	.LVL12
 1318 0094 06000000 		.4byte	.LVL13
 1319 0098 0100     		.2byte	0x1
 1320 009a 51       		.byte	0x51
 1321 009b 06000000 		.4byte	.LVL13
 1322 009f 09000000 		.4byte	.LVL14-1
 1323 00a3 0100     		.2byte	0x1
 1324 00a5 52       		.byte	0x52
 1325 00a6 09000000 		.4byte	.LVL14-1
 1326 00aa 0C000000 		.4byte	.LFE0
 1327 00ae 0400     		.2byte	0x4
 1328 00b0 F3       		.byte	0xf3
 1329 00b1 01       		.uleb128 0x1
ARM GAS  C:\Users\latao\AppData\Local\Temp\ccA51lKs.s 			page 31


 1330 00b2 51       		.byte	0x51
 1331 00b3 9F       		.byte	0x9f
 1332 00b4 00000000 		.4byte	0
 1333 00b8 00000000 		.4byte	0
 1334              	.LLST6:
 1335 00bc 88000000 		.4byte	.LVL18
 1336 00c0 8C000000 		.4byte	.LVL19
 1337 00c4 0200     		.2byte	0x2
 1338 00c6 30       		.byte	0x30
 1339 00c7 9F       		.byte	0x9f
 1340 00c8 8C000000 		.4byte	.LVL19
 1341 00cc AA000000 		.4byte	.LVL21
 1342 00d0 0100     		.2byte	0x1
 1343 00d2 54       		.byte	0x54
 1344 00d3 AC000000 		.4byte	.LVL22
 1345 00d7 16010000 		.4byte	.LVL25
 1346 00db 0100     		.2byte	0x1
 1347 00dd 54       		.byte	0x54
 1348 00de 00000000 		.4byte	0
 1349 00e2 00000000 		.4byte	0
 1350              	.LLST7:
 1351 00e6 8C000000 		.4byte	.LVL19
 1352 00ea AA000000 		.4byte	.LVL21
 1353 00ee 0B00     		.2byte	0xb
 1354 00f0 74       		.byte	0x74
 1355 00f1 00       		.sleb128 0
 1356 00f2 36       		.byte	0x36
 1357 00f3 1E       		.byte	0x1e
 1358 00f4 03       		.byte	0x3
 1359 00f5 00000000 		.4byte	cfg_memset_list.4870
 1360 00f9 22       		.byte	0x22
 1361 00fa 9F       		.byte	0x9f
 1362 00fb AA000000 		.4byte	.LVL21
 1363 00ff AC000000 		.4byte	.LVL22
 1364 0103 0B00     		.2byte	0xb
 1365 0105 74       		.byte	0x74
 1366 0106 7F       		.sleb128 -1
 1367 0107 36       		.byte	0x36
 1368 0108 1E       		.byte	0x1e
 1369 0109 03       		.byte	0x3
 1370 010a 00000000 		.4byte	cfg_memset_list.4870
 1371 010e 22       		.byte	0x22
 1372 010f 9F       		.byte	0x9f
 1373 0110 00000000 		.4byte	0
 1374 0114 00000000 		.4byte	0
 1375              		.section	.debug_aranges,"",%progbits
 1376 0000 34000000 		.4byte	0x34
 1377 0004 0200     		.2byte	0x2
 1378 0006 00000000 		.4byte	.Ldebug_info0
 1379 000a 04       		.byte	0x4
 1380 000b 00       		.byte	0
 1381 000c 0000     		.2byte	0
 1382 000e 0000     		.2byte	0
 1383 0010 00000000 		.4byte	.LFB3
 1384 0014 32000000 		.4byte	.LFE3-.LFB3
 1385 0018 00000000 		.4byte	.LFB0
 1386 001c 0C000000 		.4byte	.LFE0-.LFB0
ARM GAS  C:\Users\latao\AppData\Local\Temp\ccA51lKs.s 			page 32


 1387 0020 00000000 		.4byte	.LFB4
 1388 0024 84000000 		.4byte	.LFE4-.LFB4
 1389 0028 84000000 		.4byte	.LFB6
 1390 002c C0000000 		.4byte	.LFE6-.LFB6
 1391 0030 00000000 		.4byte	0
 1392 0034 00000000 		.4byte	0
 1393              		.section	.debug_ranges,"",%progbits
 1394              	.Ldebug_ranges0:
 1395 0000 00000000 		.4byte	.LFB3
 1396 0004 32000000 		.4byte	.LFE3
 1397 0008 00000000 		.4byte	.LFB0
 1398 000c 0C000000 		.4byte	.LFE0
 1399 0010 00000000 		.4byte	.LFB4
 1400 0014 84000000 		.4byte	.LFE4
 1401 0018 84000000 		.4byte	.LFB6
 1402 001c 44010000 		.4byte	.LFE6
 1403 0020 00000000 		.4byte	0
 1404 0024 00000000 		.4byte	0
 1405              		.section	.debug_line,"",%progbits
 1406              	.Ldebug_line0:
 1407 0000 5A010000 		.section	.debug_str,"MS",%progbits,1
 1407      0200D600 
 1407      00000201 
 1407      FB0E0D00 
 1407      01010101 
 1408              	.LASF41:
 1409 0000 433A5C44 		.ascii	"C:\\DenysProjects\\Workspace01\\Design03.cydsn\000"
 1409      656E7973 
 1409      50726F6A 
 1409      65637473 
 1409      5C576F72 
 1410              	.LASF19:
 1411 002c 72656733 		.ascii	"reg32\000"
 1411      3200
 1412              	.LASF12:
 1413 0032 73697A65 		.ascii	"size_t\000"
 1413      5F7400
 1414              	.LASF37:
 1415 0039 4379496E 		.ascii	"CyIntSetVector\000"
 1415      74536574 
 1415      56656374 
 1415      6F7200
 1416              	.LASF21:
 1417 0048 76616C75 		.ascii	"value\000"
 1417      6500
 1418              	.LASF26:
 1419 004e 636F756E 		.ascii	"count\000"
 1419      7400
 1420              	.LASF29:
 1421 0054 436C6F63 		.ascii	"ClockSetup\000"
 1421      6B536574 
 1421      757000
 1422              	.LASF30:
 1423 005f 63795F63 		.ascii	"cy_cfg_addr_table\000"
 1423      66675F61 
 1423      6464725F 
 1423      7461626C 
ARM GAS  C:\Users\latao\AppData\Local\Temp\ccA51lKs.s 			page 33


 1423      6500
 1424              	.LASF31:
 1425 0071 63795F63 		.ascii	"cy_cfg_data_table\000"
 1425      66675F64 
 1425      6174615F 
 1425      7461626C 
 1425      6500
 1426              	.LASF16:
 1427 0083 666C6F61 		.ascii	"float\000"
 1427      7400
 1428              	.LASF35:
 1429 0089 6366675F 		.ascii	"cfg_memset_list\000"
 1429      6D656D73 
 1429      65745F6C 
 1429      69737400 
 1430              	.LASF33:
 1431 0099 73697A65 		.ascii	"size\000"
 1431      00
 1432              	.LASF18:
 1433 009e 72656738 		.ascii	"reg8\000"
 1433      00
 1434              	.LASF8:
 1435 00a3 6C6F6E67 		.ascii	"long unsigned int\000"
 1435      20756E73 
 1435      69676E65 
 1435      6420696E 
 1435      7400
 1436              	.LASF13:
 1437 00b5 75696E74 		.ascii	"uint8\000"
 1437      3800
 1438              	.LASF28:
 1439 00bb 43594D45 		.ascii	"CYMEMZERO\000"
 1439      4D5A4552 
 1439      4F00
 1440              	.LASF4:
 1441 00c5 756E7369 		.ascii	"unsigned char\000"
 1441      676E6564 
 1441      20636861 
 1441      7200
 1442              	.LASF43:
 1443 00d3 6D656D73 		.ascii	"memset\000"
 1443      657400
 1444              	.LASF17:
 1445 00da 646F7562 		.ascii	"double\000"
 1445      6C6500
 1446              	.LASF27:
 1447 00e1 6366675F 		.ascii	"cfg_write_bytes32\000"
 1447      77726974 
 1447      655F6279 
 1447      74657333 
 1447      3200
 1448              	.LASF38:
 1449 00f3 4379496E 		.ascii	"CyIntEnable\000"
 1449      74456E61 
 1449      626C6500 
 1450              	.LASF23:
 1451 00ff 61646472 		.ascii	"addr_table\000"
ARM GAS  C:\Users\latao\AppData\Local\Temp\ccA51lKs.s 			page 34


 1451      5F746162 
 1451      6C6500
 1452              	.LASF14:
 1453 010a 75696E74 		.ascii	"uint16\000"
 1453      313600
 1454              	.LASF24:
 1455 0111 64617461 		.ascii	"data_table\000"
 1455      5F746162 
 1455      6C6500
 1456              	.LASF15:
 1457 011c 75696E74 		.ascii	"uint32\000"
 1457      333200
 1458              	.LASF0:
 1459 0123 756E7369 		.ascii	"unsigned int\000"
 1459      676E6564 
 1459      20696E74 
 1459      00
 1460              	.LASF42:
 1461 0130 63796669 		.ascii	"cyfitter_cfg\000"
 1461      74746572 
 1461      5F636667 
 1461      00
 1462              	.LASF32:
 1463 013d 61646472 		.ascii	"address\000"
 1463      65737300 
 1464              	.LASF9:
 1465 0145 6C6F6E67 		.ascii	"long long unsigned int\000"
 1465      206C6F6E 
 1465      6720756E 
 1465      7369676E 
 1465      65642069 
 1466              	.LASF39:
 1467 015c 474E5520 		.ascii	"GNU C11 5.4.1 20160609 (release) [ARM/embedded-5-br"
 1467      43313120 
 1467      352E342E 
 1467      31203230 
 1467      31363036 
 1468 018f 616E6368 		.ascii	"anch revision 237715] -mcpu=cortex-m0 -mthumb -g -O"
 1468      20726576 
 1468      6973696F 
 1468      6E203233 
 1468      37373135 
 1469 01c2 67202D66 		.ascii	"g -ffunction-sections -ffat-lto-objects\000"
 1469      66756E63 
 1469      74696F6E 
 1469      2D736563 
 1469      74696F6E 
 1470              	.LASF34:
 1471 01ea 6366675F 		.ascii	"cfg_memset_t\000"
 1471      6D656D73 
 1471      65745F74 
 1471      00
 1472              	.LASF25:
 1473 01f7 62617365 		.ascii	"baseAddr\000"
 1473      41646472 
 1473      00
 1474              	.LASF10:
ARM GAS  C:\Users\latao\AppData\Local\Temp\ccA51lKs.s 			page 35


 1475 0200 73697A65 		.ascii	"sizetype\000"
 1475      74797065 
 1475      00
 1476              	.LASF6:
 1477 0209 73686F72 		.ascii	"short unsigned int\000"
 1477      7420756E 
 1477      7369676E 
 1477      65642069 
 1477      6E7400
 1478              	.LASF1:
 1479 021c 6C6F6E67 		.ascii	"long long int\000"
 1479      206C6F6E 
 1479      6720696E 
 1479      7400
 1480              	.LASF11:
 1481 022a 63686172 		.ascii	"char\000"
 1481      00
 1482              	.LASF22:
 1483 022f 63795F63 		.ascii	"cy_cfg_addrvalue_t\000"
 1483      66675F61 
 1483      64647276 
 1483      616C7565 
 1483      5F7400
 1484              	.LASF20:
 1485 0242 6F666673 		.ascii	"offset\000"
 1485      657400
 1486              	.LASF5:
 1487 0249 73686F72 		.ascii	"short int\000"
 1487      7420696E 
 1487      7400
 1488              	.LASF36:
 1489 0253 43795379 		.ascii	"CySysClkWriteImoFreq\000"
 1489      73436C6B 
 1489      57726974 
 1489      65496D6F 
 1489      46726571 
 1490              	.LASF7:
 1491 0268 6C6F6E67 		.ascii	"long int\000"
 1491      20696E74 
 1491      00
 1492              	.LASF2:
 1493 0271 6C6F6E67 		.ascii	"long double\000"
 1493      20646F75 
 1493      626C6500 
 1494              	.LASF3:
 1495 027d 7369676E 		.ascii	"signed char\000"
 1495      65642063 
 1495      68617200 
 1496              	.LASF40:
 1497 0289 47656E65 		.ascii	"Generated_Source\\PSoC4\\cyfitter_cfg.c\000"
 1497      72617465 
 1497      645F536F 
 1497      75726365 
 1497      5C50536F 
 1498              		.ident	"GCC: (GNU Tools for ARM Embedded Processors) 5.4.1 20160609 (release) [ARM/embedded-5-bran
