ARM GAS  C:\Users\latao\AppData\Local\Temp\ccOBH0fd.s 			page 1


   1              		.syntax unified
   2              		.cpu cortex-m0
   3              		.fpu softvfp
   4              		.eabi_attribute 20, 1
   5              		.eabi_attribute 21, 1
   6              		.eabi_attribute 23, 3
   7              		.eabi_attribute 24, 1
   8              		.eabi_attribute 25, 1
   9              		.eabi_attribute 26, 1
  10              		.eabi_attribute 30, 1
  11              		.eabi_attribute 34, 0
  12              		.eabi_attribute 18, 4
  13              		.thumb
  14              		.syntax unified
  15              		.file	"main.c"
  16              		.text
  17              	.Ltext0:
  18              		.cfi_sections	.debug_frame
  19              		.section	.text.main,"ax",%progbits
  20              		.align	2
  21              		.global	main
  22              		.code	16
  23              		.thumb_func
  24              		.type	main, %function
  25              	main:
  26              	.LFB32:
  27              		.file 1 "main.c"
   1:main.c        **** /* ========================================
   2:main.c        ****  *
   3:main.c        ****  * Copyright YOUR COMPANY, THE YEAR
   4:main.c        ****  * All Rights Reserved
   5:main.c        ****  * UNPUBLISHED, LICENSED SOFTWARE.
   6:main.c        ****  *
   7:main.c        ****  * CONFIDENTIAL AND PROPRIETARY INFORMATION
   8:main.c        ****  * WHICH IS THE PROPERTY OF your company.
   9:main.c        ****  *
  10:main.c        ****  * ========================================
  11:main.c        **** */
  12:main.c        **** #include "project.h"
  13:main.c        **** 
  14:main.c        **** int main(void)
  15:main.c        **** {
  28              		.loc 1 15 0
  29              		.cfi_startproc
  30              		@ Volatile: function does not return.
  31              		@ args = 0, pretend = 0, frame = 0
  32              		@ frame_needed = 0, uses_anonymous_args = 0
  33 0000 10B5     		push	{r4, lr}
  34              		.cfi_def_cfa_offset 8
  35              		.cfi_offset 4, -8
  36              		.cfi_offset 14, -4
  16:main.c        ****     CyGlobalIntEnable; /* Enable global interrupts. */
  37              		.loc 1 16 0
  38              		.syntax divided
  39              	@ 16 "main.c" 1
  40 0002 62B6     		CPSIE   i
  41              	@ 0 "" 2
ARM GAS  C:\Users\latao\AppData\Local\Temp\ccOBH0fd.s 			page 2


  17:main.c        ****     LCD_Start();
  42              		.loc 1 17 0
  43              		.thumb
  44              		.syntax unified
  45 0004 FFF7FEFF 		bl	LCD_Start
  46              	.LVL0:
  47              	.L2:
  18:main.c        ****     /* Place your initialization/startup code here (e.g. MyInst_Start()) */
  19:main.c        **** 
  20:main.c        ****     for(;;)
  21:main.c        ****     {
  22:main.c        ****         /* Place your application code here. */
  23:main.c        ****     
  24:main.c        ****         LCD_Position(0,0);
  48              		.loc 1 24 0 discriminator 1
  49 0008 0021     		movs	r1, #0
  50 000a 0020     		movs	r0, #0
  51 000c FFF7FEFF 		bl	LCD_Position
  52              	.LVL1:
  25:main.c        ****         LCD_PrintInt8(Status_Reg_1_Read());
  53              		.loc 1 25 0 discriminator 1
  54 0010 FFF7FEFF 		bl	Status_Reg_1_Read
  55              	.LVL2:
  56 0014 FFF7FEFF 		bl	LCD_PrintInt8
  57              	.LVL3:
  58 0018 F6E7     		b	.L2
  59              		.cfi_endproc
  60              	.LFE32:
  61              		.size	main, .-main
  62 001a C046     		.text
  63              	.Letext0:
  64              		.file 2 "Generated_Source\\PSoC4/LCD.h"
  65              		.file 3 "Generated_Source\\PSoC4/Status_Reg_1.h"
  66              		.section	.debug_info,"",%progbits
  67              	.Ldebug_info0:
  68 0000 04010000 		.4byte	0x104
  69 0004 0400     		.2byte	0x4
  70 0006 00000000 		.4byte	.Ldebug_abbrev0
  71 000a 04       		.byte	0x4
  72 000b 01       		.uleb128 0x1
  73 000c 9E000000 		.4byte	.LASF18
  74 0010 0C       		.byte	0xc
  75 0011 1B000000 		.4byte	.LASF19
  76 0015 4B010000 		.4byte	.LASF20
  77 0019 00000000 		.4byte	.Ldebug_ranges0+0
  78 001d 00000000 		.4byte	0
  79 0021 00000000 		.4byte	.Ldebug_line0
  80 0025 02       		.uleb128 0x2
  81 0026 01       		.byte	0x1
  82 0027 06       		.byte	0x6
  83 0028 3F010000 		.4byte	.LASF0
  84 002c 02       		.uleb128 0x2
  85 002d 01       		.byte	0x1
  86 002e 08       		.byte	0x8
  87 002f 6E000000 		.4byte	.LASF1
  88 0033 02       		.uleb128 0x2
  89 0034 02       		.byte	0x2
ARM GAS  C:\Users\latao\AppData\Local\Temp\ccOBH0fd.s 			page 3


  90 0035 05       		.byte	0x5
  91 0036 95010000 		.4byte	.LASF2
  92 003a 02       		.uleb128 0x2
  93 003b 02       		.byte	0x2
  94 003c 07       		.byte	0x7
  95 003d 2C010000 		.4byte	.LASF3
  96 0041 02       		.uleb128 0x2
  97 0042 04       		.byte	0x4
  98 0043 05       		.byte	0x5
  99 0044 81000000 		.4byte	.LASF4
 100 0048 02       		.uleb128 0x2
 101 0049 04       		.byte	0x4
 102 004a 07       		.byte	0x7
 103 004b 27000000 		.4byte	.LASF5
 104 004f 02       		.uleb128 0x2
 105 0050 08       		.byte	0x8
 106 0051 05       		.byte	0x5
 107 0052 00000000 		.4byte	.LASF6
 108 0056 02       		.uleb128 0x2
 109 0057 08       		.byte	0x8
 110 0058 07       		.byte	0x7
 111 0059 39000000 		.4byte	.LASF7
 112 005d 03       		.uleb128 0x3
 113 005e 04       		.byte	0x4
 114 005f 05       		.byte	0x5
 115 0060 696E7400 		.ascii	"int\000"
 116 0064 02       		.uleb128 0x2
 117 0065 04       		.byte	0x4
 118 0066 07       		.byte	0x7
 119 0067 0E000000 		.4byte	.LASF8
 120 006b 02       		.uleb128 0x2
 121 006c 04       		.byte	0x4
 122 006d 04       		.byte	0x4
 123 006e 5A000000 		.4byte	.LASF9
 124 0072 02       		.uleb128 0x2
 125 0073 08       		.byte	0x8
 126 0074 04       		.byte	0x4
 127 0075 8A000000 		.4byte	.LASF10
 128 0079 02       		.uleb128 0x2
 129 007a 01       		.byte	0x1
 130 007b 08       		.byte	0x8
 131 007c 7C000000 		.4byte	.LASF11
 132 0080 02       		.uleb128 0x2
 133 0081 08       		.byte	0x8
 134 0082 04       		.byte	0x4
 135 0083 89010000 		.4byte	.LASF12
 136 0087 02       		.uleb128 0x2
 137 0088 04       		.byte	0x4
 138 0089 07       		.byte	0x7
 139 008a 9F010000 		.4byte	.LASF13
 140 008e 04       		.uleb128 0x4
 141 008f 22000000 		.4byte	.LASF21
 142 0093 01       		.byte	0x1
 143 0094 0E       		.byte	0xe
 144 0095 5D000000 		.4byte	0x5d
 145 0099 00000000 		.4byte	.LFB32
 146 009d 1A000000 		.4byte	.LFE32-.LFB32
ARM GAS  C:\Users\latao\AppData\Local\Temp\ccOBH0fd.s 			page 4


 147 00a1 01       		.uleb128 0x1
 148 00a2 9C       		.byte	0x9c
 149 00a3 DB000000 		.4byte	0xdb
 150 00a7 05       		.uleb128 0x5
 151 00a8 08000000 		.4byte	.LVL0
 152 00ac DB000000 		.4byte	0xdb
 153 00b0 06       		.uleb128 0x6
 154 00b1 10000000 		.4byte	.LVL1
 155 00b5 E6000000 		.4byte	0xe6
 156 00b9 C8000000 		.4byte	0xc8
 157 00bd 07       		.uleb128 0x7
 158 00be 01       		.uleb128 0x1
 159 00bf 50       		.byte	0x50
 160 00c0 01       		.uleb128 0x1
 161 00c1 30       		.byte	0x30
 162 00c2 07       		.uleb128 0x7
 163 00c3 01       		.uleb128 0x1
 164 00c4 51       		.byte	0x51
 165 00c5 01       		.uleb128 0x1
 166 00c6 30       		.byte	0x30
 167 00c7 00       		.byte	0
 168 00c8 05       		.uleb128 0x5
 169 00c9 14000000 		.4byte	.LVL2
 170 00cd F1000000 		.4byte	0xf1
 171 00d1 05       		.uleb128 0x5
 172 00d2 18000000 		.4byte	.LVL3
 173 00d6 FC000000 		.4byte	0xfc
 174 00da 00       		.byte	0
 175 00db 08       		.uleb128 0x8
 176 00dc 50000000 		.4byte	.LASF14
 177 00e0 50000000 		.4byte	.LASF14
 178 00e4 02       		.byte	0x2
 179 00e5 38       		.byte	0x38
 180 00e6 08       		.uleb128 0x8
 181 00e7 91000000 		.4byte	.LASF15
 182 00eb 91000000 		.4byte	.LASF15
 183 00ef 02       		.byte	0x2
 184 00f0 3D       		.byte	0x3d
 185 00f1 08       		.uleb128 0x8
 186 00f2 77010000 		.4byte	.LASF16
 187 00f6 77010000 		.4byte	.LASF16
 188 00fa 03       		.byte	0x3
 189 00fb 30       		.byte	0x30
 190 00fc 08       		.uleb128 0x8
 191 00fd 60000000 		.4byte	.LASF17
 192 0101 60000000 		.4byte	.LASF17
 193 0105 02       		.byte	0x2
 194 0106 5D       		.byte	0x5d
 195 0107 00       		.byte	0
 196              		.section	.debug_abbrev,"",%progbits
 197              	.Ldebug_abbrev0:
 198 0000 01       		.uleb128 0x1
 199 0001 11       		.uleb128 0x11
 200 0002 01       		.byte	0x1
 201 0003 25       		.uleb128 0x25
 202 0004 0E       		.uleb128 0xe
 203 0005 13       		.uleb128 0x13
ARM GAS  C:\Users\latao\AppData\Local\Temp\ccOBH0fd.s 			page 5


 204 0006 0B       		.uleb128 0xb
 205 0007 03       		.uleb128 0x3
 206 0008 0E       		.uleb128 0xe
 207 0009 1B       		.uleb128 0x1b
 208 000a 0E       		.uleb128 0xe
 209 000b 55       		.uleb128 0x55
 210 000c 17       		.uleb128 0x17
 211 000d 11       		.uleb128 0x11
 212 000e 01       		.uleb128 0x1
 213 000f 10       		.uleb128 0x10
 214 0010 17       		.uleb128 0x17
 215 0011 00       		.byte	0
 216 0012 00       		.byte	0
 217 0013 02       		.uleb128 0x2
 218 0014 24       		.uleb128 0x24
 219 0015 00       		.byte	0
 220 0016 0B       		.uleb128 0xb
 221 0017 0B       		.uleb128 0xb
 222 0018 3E       		.uleb128 0x3e
 223 0019 0B       		.uleb128 0xb
 224 001a 03       		.uleb128 0x3
 225 001b 0E       		.uleb128 0xe
 226 001c 00       		.byte	0
 227 001d 00       		.byte	0
 228 001e 03       		.uleb128 0x3
 229 001f 24       		.uleb128 0x24
 230 0020 00       		.byte	0
 231 0021 0B       		.uleb128 0xb
 232 0022 0B       		.uleb128 0xb
 233 0023 3E       		.uleb128 0x3e
 234 0024 0B       		.uleb128 0xb
 235 0025 03       		.uleb128 0x3
 236 0026 08       		.uleb128 0x8
 237 0027 00       		.byte	0
 238 0028 00       		.byte	0
 239 0029 04       		.uleb128 0x4
 240 002a 2E       		.uleb128 0x2e
 241 002b 01       		.byte	0x1
 242 002c 3F       		.uleb128 0x3f
 243 002d 19       		.uleb128 0x19
 244 002e 03       		.uleb128 0x3
 245 002f 0E       		.uleb128 0xe
 246 0030 3A       		.uleb128 0x3a
 247 0031 0B       		.uleb128 0xb
 248 0032 3B       		.uleb128 0x3b
 249 0033 0B       		.uleb128 0xb
 250 0034 27       		.uleb128 0x27
 251 0035 19       		.uleb128 0x19
 252 0036 49       		.uleb128 0x49
 253 0037 13       		.uleb128 0x13
 254 0038 8701     		.uleb128 0x87
 255 003a 19       		.uleb128 0x19
 256 003b 11       		.uleb128 0x11
 257 003c 01       		.uleb128 0x1
 258 003d 12       		.uleb128 0x12
 259 003e 06       		.uleb128 0x6
 260 003f 40       		.uleb128 0x40
ARM GAS  C:\Users\latao\AppData\Local\Temp\ccOBH0fd.s 			page 6


 261 0040 18       		.uleb128 0x18
 262 0041 9742     		.uleb128 0x2117
 263 0043 19       		.uleb128 0x19
 264 0044 01       		.uleb128 0x1
 265 0045 13       		.uleb128 0x13
 266 0046 00       		.byte	0
 267 0047 00       		.byte	0
 268 0048 05       		.uleb128 0x5
 269 0049 898201   		.uleb128 0x4109
 270 004c 00       		.byte	0
 271 004d 11       		.uleb128 0x11
 272 004e 01       		.uleb128 0x1
 273 004f 31       		.uleb128 0x31
 274 0050 13       		.uleb128 0x13
 275 0051 00       		.byte	0
 276 0052 00       		.byte	0
 277 0053 06       		.uleb128 0x6
 278 0054 898201   		.uleb128 0x4109
 279 0057 01       		.byte	0x1
 280 0058 11       		.uleb128 0x11
 281 0059 01       		.uleb128 0x1
 282 005a 31       		.uleb128 0x31
 283 005b 13       		.uleb128 0x13
 284 005c 01       		.uleb128 0x1
 285 005d 13       		.uleb128 0x13
 286 005e 00       		.byte	0
 287 005f 00       		.byte	0
 288 0060 07       		.uleb128 0x7
 289 0061 8A8201   		.uleb128 0x410a
 290 0064 00       		.byte	0
 291 0065 02       		.uleb128 0x2
 292 0066 18       		.uleb128 0x18
 293 0067 9142     		.uleb128 0x2111
 294 0069 18       		.uleb128 0x18
 295 006a 00       		.byte	0
 296 006b 00       		.byte	0
 297 006c 08       		.uleb128 0x8
 298 006d 2E       		.uleb128 0x2e
 299 006e 00       		.byte	0
 300 006f 3F       		.uleb128 0x3f
 301 0070 19       		.uleb128 0x19
 302 0071 3C       		.uleb128 0x3c
 303 0072 19       		.uleb128 0x19
 304 0073 6E       		.uleb128 0x6e
 305 0074 0E       		.uleb128 0xe
 306 0075 03       		.uleb128 0x3
 307 0076 0E       		.uleb128 0xe
 308 0077 3A       		.uleb128 0x3a
 309 0078 0B       		.uleb128 0xb
 310 0079 3B       		.uleb128 0x3b
 311 007a 0B       		.uleb128 0xb
 312 007b 00       		.byte	0
 313 007c 00       		.byte	0
 314 007d 00       		.byte	0
 315              		.section	.debug_aranges,"",%progbits
 316 0000 1C000000 		.4byte	0x1c
 317 0004 0200     		.2byte	0x2
ARM GAS  C:\Users\latao\AppData\Local\Temp\ccOBH0fd.s 			page 7


 318 0006 00000000 		.4byte	.Ldebug_info0
 319 000a 04       		.byte	0x4
 320 000b 00       		.byte	0
 321 000c 0000     		.2byte	0
 322 000e 0000     		.2byte	0
 323 0010 00000000 		.4byte	.LFB32
 324 0014 1A000000 		.4byte	.LFE32-.LFB32
 325 0018 00000000 		.4byte	0
 326 001c 00000000 		.4byte	0
 327              		.section	.debug_ranges,"",%progbits
 328              	.Ldebug_ranges0:
 329 0000 00000000 		.4byte	.LFB32
 330 0004 1A000000 		.4byte	.LFE32
 331 0008 00000000 		.4byte	0
 332 000c 00000000 		.4byte	0
 333              		.section	.debug_line,"",%progbits
 334              	.Ldebug_line0:
 335 0000 70000000 		.section	.debug_str,"MS",%progbits,1
 335      02004F00 
 335      00000201 
 335      FB0E0D00 
 335      01010101 
 336              	.LASF6:
 337 0000 6C6F6E67 		.ascii	"long long int\000"
 337      206C6F6E 
 337      6720696E 
 337      7400
 338              	.LASF8:
 339 000e 756E7369 		.ascii	"unsigned int\000"
 339      676E6564 
 339      20696E74 
 339      00
 340              	.LASF19:
 341 001b 6D61696E 		.ascii	"main.c\000"
 341      2E6300
 342              	.LASF21:
 343 0022 6D61696E 		.ascii	"main\000"
 343      00
 344              	.LASF5:
 345 0027 6C6F6E67 		.ascii	"long unsigned int\000"
 345      20756E73 
 345      69676E65 
 345      6420696E 
 345      7400
 346              	.LASF7:
 347 0039 6C6F6E67 		.ascii	"long long unsigned int\000"
 347      206C6F6E 
 347      6720756E 
 347      7369676E 
 347      65642069 
 348              	.LASF14:
 349 0050 4C43445F 		.ascii	"LCD_Start\000"
 349      53746172 
 349      7400
 350              	.LASF9:
 351 005a 666C6F61 		.ascii	"float\000"
 351      7400
ARM GAS  C:\Users\latao\AppData\Local\Temp\ccOBH0fd.s 			page 8


 352              	.LASF17:
 353 0060 4C43445F 		.ascii	"LCD_PrintInt8\000"
 353      5072696E 
 353      74496E74 
 353      3800
 354              	.LASF1:
 355 006e 756E7369 		.ascii	"unsigned char\000"
 355      676E6564 
 355      20636861 
 355      7200
 356              	.LASF11:
 357 007c 63686172 		.ascii	"char\000"
 357      00
 358              	.LASF4:
 359 0081 6C6F6E67 		.ascii	"long int\000"
 359      20696E74 
 359      00
 360              	.LASF10:
 361 008a 646F7562 		.ascii	"double\000"
 361      6C6500
 362              	.LASF15:
 363 0091 4C43445F 		.ascii	"LCD_Position\000"
 363      506F7369 
 363      74696F6E 
 363      00
 364              	.LASF18:
 365 009e 474E5520 		.ascii	"GNU C11 5.4.1 20160609 (release) [ARM/embedded-5-br"
 365      43313120 
 365      352E342E 
 365      31203230 
 365      31363036 
 366 00d1 616E6368 		.ascii	"anch revision 237715] -mcpu=cortex-m0 -mthumb -g -O"
 366      20726576 
 366      6973696F 
 366      6E203233 
 366      37373135 
 367 0104 67202D66 		.ascii	"g -ffunction-sections -ffat-lto-objects\000"
 367      66756E63 
 367      74696F6E 
 367      2D736563 
 367      74696F6E 
 368              	.LASF3:
 369 012c 73686F72 		.ascii	"short unsigned int\000"
 369      7420756E 
 369      7369676E 
 369      65642069 
 369      6E7400
 370              	.LASF0:
 371 013f 7369676E 		.ascii	"signed char\000"
 371      65642063 
 371      68617200 
 372              	.LASF20:
 373 014b 433A5C44 		.ascii	"C:\\DenysProjects\\Workspace01\\Design08.cydsn\000"
 373      656E7973 
 373      50726F6A 
 373      65637473 
 373      5C576F72 
ARM GAS  C:\Users\latao\AppData\Local\Temp\ccOBH0fd.s 			page 9


 374              	.LASF16:
 375 0177 53746174 		.ascii	"Status_Reg_1_Read\000"
 375      75735F52 
 375      65675F31 
 375      5F526561 
 375      6400
 376              	.LASF12:
 377 0189 6C6F6E67 		.ascii	"long double\000"
 377      20646F75 
 377      626C6500 
 378              	.LASF2:
 379 0195 73686F72 		.ascii	"short int\000"
 379      7420696E 
 379      7400
 380              	.LASF13:
 381 019f 73697A65 		.ascii	"sizetype\000"
 381      74797065 
 381      00
 382              		.ident	"GCC: (GNU Tools for ARM Embedded Processors) 5.4.1 20160609 (release) [ARM/embedded-5-bran
