ARM GAS  C:\Users\latao\AppData\Local\Temp\ccK18xZs.s 			page 1


   1              		.syntax unified
   2              		.cpu cortex-m0
   3              		.fpu softvfp
   4              		.eabi_attribute 20, 1
   5              		.eabi_attribute 21, 1
   6              		.eabi_attribute 23, 3
   7              		.eabi_attribute 24, 1
   8              		.eabi_attribute 25, 1
   9              		.eabi_attribute 26, 1
  10              		.eabi_attribute 30, 1
  11              		.eabi_attribute 34, 0
  12              		.eabi_attribute 18, 4
  13              		.thumb
  14              		.syntax unified
  15              		.file	"cyfitter_cfg.c"
  16              		.text
  17              	.Ltext0:
  18              		.cfi_sections	.debug_frame
  19              		.section	.text.cfg_write_bytes32,"ax",%progbits
  20              		.align	2
  21              		.code	16
  22              		.thumb_func
  23              		.type	cfg_write_bytes32, %function
  24              	cfg_write_bytes32:
  25              	.LFB3:
  26              		.file 1 "Generated_Source\\PSoC4\\cyfitter_cfg.c"
   1:Generated_Source\PSoC4/cyfitter_cfg.c **** 
   2:Generated_Source\PSoC4/cyfitter_cfg.c **** /*******************************************************************************
   3:Generated_Source\PSoC4/cyfitter_cfg.c **** * File Name: cyfitter_cfg.c
   4:Generated_Source\PSoC4/cyfitter_cfg.c **** * 
   5:Generated_Source\PSoC4/cyfitter_cfg.c **** * PSoC Creator  4.4
   6:Generated_Source\PSoC4/cyfitter_cfg.c **** *
   7:Generated_Source\PSoC4/cyfitter_cfg.c **** * Description:
   8:Generated_Source\PSoC4/cyfitter_cfg.c **** * This file contains device initialization code.
   9:Generated_Source\PSoC4/cyfitter_cfg.c **** * Except for the user defined sections in CyClockStartupError(), this file should not be modified.
  10:Generated_Source\PSoC4/cyfitter_cfg.c **** * This file is automatically generated by PSoC Creator.
  11:Generated_Source\PSoC4/cyfitter_cfg.c **** *
  12:Generated_Source\PSoC4/cyfitter_cfg.c **** ********************************************************************************
  13:Generated_Source\PSoC4/cyfitter_cfg.c **** * Copyright (c) 2007-2020 Cypress Semiconductor.  All rights reserved.
  14:Generated_Source\PSoC4/cyfitter_cfg.c **** * You may use this file only in accordance with the license, terms, conditions, 
  15:Generated_Source\PSoC4/cyfitter_cfg.c **** * disclaimers, and limitations in the end user license agreement accompanying 
  16:Generated_Source\PSoC4/cyfitter_cfg.c **** * the software package with which this file was provided.
  17:Generated_Source\PSoC4/cyfitter_cfg.c **** ********************************************************************************/
  18:Generated_Source\PSoC4/cyfitter_cfg.c **** 
  19:Generated_Source\PSoC4/cyfitter_cfg.c **** #include <string.h>
  20:Generated_Source\PSoC4/cyfitter_cfg.c **** #include "cytypes.h"
  21:Generated_Source\PSoC4/cyfitter_cfg.c **** #include "cydevice_trm.h"
  22:Generated_Source\PSoC4/cyfitter_cfg.c **** #include "cyfitter.h"
  23:Generated_Source\PSoC4/cyfitter_cfg.c **** #include "CyLib.h"
  24:Generated_Source\PSoC4/cyfitter_cfg.c **** #include "CyLFClk.h"
  25:Generated_Source\PSoC4/cyfitter_cfg.c **** #include "cyfitter_cfg.h"
  26:Generated_Source\PSoC4/cyfitter_cfg.c **** #include "cyapicallbacks.h"
  27:Generated_Source\PSoC4/cyfitter_cfg.c **** 
  28:Generated_Source\PSoC4/cyfitter_cfg.c **** 
  29:Generated_Source\PSoC4/cyfitter_cfg.c **** #if defined(__GNUC__) || defined(__ARMCC_VERSION)
  30:Generated_Source\PSoC4/cyfitter_cfg.c ****     #define CYPACKED 
  31:Generated_Source\PSoC4/cyfitter_cfg.c ****     #define CYPACKED_ATTR __attribute__ ((packed))
ARM GAS  C:\Users\latao\AppData\Local\Temp\ccK18xZs.s 			page 2


  32:Generated_Source\PSoC4/cyfitter_cfg.c ****     #define CYALIGNED __attribute__ ((aligned))
  33:Generated_Source\PSoC4/cyfitter_cfg.c ****     #define CY_CFG_UNUSED __attribute__ ((unused))
  34:Generated_Source\PSoC4/cyfitter_cfg.c ****     #ifndef CY_CFG_SECTION
  35:Generated_Source\PSoC4/cyfitter_cfg.c ****         #define CY_CFG_SECTION __attribute__ ((section(".psocinit")))
  36:Generated_Source\PSoC4/cyfitter_cfg.c ****     #endif
  37:Generated_Source\PSoC4/cyfitter_cfg.c ****     
  38:Generated_Source\PSoC4/cyfitter_cfg.c ****     #if defined(__ARMCC_VERSION)
  39:Generated_Source\PSoC4/cyfitter_cfg.c ****         #define CY_CFG_MEMORY_BARRIER() __memory_changed()
  40:Generated_Source\PSoC4/cyfitter_cfg.c ****     #else
  41:Generated_Source\PSoC4/cyfitter_cfg.c ****         #define CY_CFG_MEMORY_BARRIER() __sync_synchronize()
  42:Generated_Source\PSoC4/cyfitter_cfg.c ****     #endif
  43:Generated_Source\PSoC4/cyfitter_cfg.c ****     
  44:Generated_Source\PSoC4/cyfitter_cfg.c **** #elif defined(__ICCARM__)
  45:Generated_Source\PSoC4/cyfitter_cfg.c ****     #include <intrinsics.h>
  46:Generated_Source\PSoC4/cyfitter_cfg.c **** 
  47:Generated_Source\PSoC4/cyfitter_cfg.c ****     #define CYPACKED __packed
  48:Generated_Source\PSoC4/cyfitter_cfg.c ****     #define CYPACKED_ATTR 
  49:Generated_Source\PSoC4/cyfitter_cfg.c ****     #define CYALIGNED _Pragma("data_alignment=4")
  50:Generated_Source\PSoC4/cyfitter_cfg.c ****     #define CY_CFG_UNUSED _Pragma("diag_suppress=Pe177")
  51:Generated_Source\PSoC4/cyfitter_cfg.c ****     #define CY_CFG_SECTION _Pragma("location=\".psocinit\"")
  52:Generated_Source\PSoC4/cyfitter_cfg.c ****     
  53:Generated_Source\PSoC4/cyfitter_cfg.c ****     #define CY_CFG_MEMORY_BARRIER() __DMB()
  54:Generated_Source\PSoC4/cyfitter_cfg.c ****     
  55:Generated_Source\PSoC4/cyfitter_cfg.c **** #else
  56:Generated_Source\PSoC4/cyfitter_cfg.c ****     #error Unsupported toolchain
  57:Generated_Source\PSoC4/cyfitter_cfg.c **** #endif
  58:Generated_Source\PSoC4/cyfitter_cfg.c **** 
  59:Generated_Source\PSoC4/cyfitter_cfg.c **** #ifndef CYCODE
  60:Generated_Source\PSoC4/cyfitter_cfg.c ****     #define CYCODE
  61:Generated_Source\PSoC4/cyfitter_cfg.c **** #endif
  62:Generated_Source\PSoC4/cyfitter_cfg.c **** #ifndef CYDATA
  63:Generated_Source\PSoC4/cyfitter_cfg.c ****     #define CYDATA
  64:Generated_Source\PSoC4/cyfitter_cfg.c **** #endif
  65:Generated_Source\PSoC4/cyfitter_cfg.c **** #ifndef CYFAR
  66:Generated_Source\PSoC4/cyfitter_cfg.c ****     #define CYFAR
  67:Generated_Source\PSoC4/cyfitter_cfg.c **** #endif
  68:Generated_Source\PSoC4/cyfitter_cfg.c **** #ifndef CYXDATA
  69:Generated_Source\PSoC4/cyfitter_cfg.c ****     #define CYXDATA
  70:Generated_Source\PSoC4/cyfitter_cfg.c **** #endif
  71:Generated_Source\PSoC4/cyfitter_cfg.c **** 
  72:Generated_Source\PSoC4/cyfitter_cfg.c **** 
  73:Generated_Source\PSoC4/cyfitter_cfg.c **** CY_CFG_UNUSED
  74:Generated_Source\PSoC4/cyfitter_cfg.c **** static void CYMEMZERO(void *s, size_t n);
  75:Generated_Source\PSoC4/cyfitter_cfg.c **** CY_CFG_UNUSED
  76:Generated_Source\PSoC4/cyfitter_cfg.c **** static void CYMEMZERO(void *s, size_t n)
  77:Generated_Source\PSoC4/cyfitter_cfg.c **** {
  78:Generated_Source\PSoC4/cyfitter_cfg.c **** 	(void)memset(s, 0, n);
  79:Generated_Source\PSoC4/cyfitter_cfg.c **** }
  80:Generated_Source\PSoC4/cyfitter_cfg.c **** CY_CFG_UNUSED
  81:Generated_Source\PSoC4/cyfitter_cfg.c **** static void CYCONFIGCPY(void *dest, const void *src, size_t n);
  82:Generated_Source\PSoC4/cyfitter_cfg.c **** CY_CFG_UNUSED
  83:Generated_Source\PSoC4/cyfitter_cfg.c **** static void CYCONFIGCPY(void *dest, const void *src, size_t n)
  84:Generated_Source\PSoC4/cyfitter_cfg.c **** {
  85:Generated_Source\PSoC4/cyfitter_cfg.c **** 	(void)memcpy(dest, src, n);
  86:Generated_Source\PSoC4/cyfitter_cfg.c **** }
  87:Generated_Source\PSoC4/cyfitter_cfg.c **** CY_CFG_UNUSED
  88:Generated_Source\PSoC4/cyfitter_cfg.c **** static void CYCONFIGCPYCODE(void *dest, const void *src, size_t n);
ARM GAS  C:\Users\latao\AppData\Local\Temp\ccK18xZs.s 			page 3


  89:Generated_Source\PSoC4/cyfitter_cfg.c **** CY_CFG_UNUSED
  90:Generated_Source\PSoC4/cyfitter_cfg.c **** static void CYCONFIGCPYCODE(void *dest, const void *src, size_t n)
  91:Generated_Source\PSoC4/cyfitter_cfg.c **** {
  92:Generated_Source\PSoC4/cyfitter_cfg.c **** 	(void)memcpy(dest, src, n);
  93:Generated_Source\PSoC4/cyfitter_cfg.c **** }
  94:Generated_Source\PSoC4/cyfitter_cfg.c **** 
  95:Generated_Source\PSoC4/cyfitter_cfg.c **** 
  96:Generated_Source\PSoC4/cyfitter_cfg.c **** 
  97:Generated_Source\PSoC4/cyfitter_cfg.c **** 
  98:Generated_Source\PSoC4/cyfitter_cfg.c **** /* Clock startup error codes                                                   */
  99:Generated_Source\PSoC4/cyfitter_cfg.c **** #define CYCLOCKSTART_NO_ERROR    0u
 100:Generated_Source\PSoC4/cyfitter_cfg.c **** #define CYCLOCKSTART_XTAL_ERROR  1u
 101:Generated_Source\PSoC4/cyfitter_cfg.c **** #define CYCLOCKSTART_32KHZ_ERROR 2u
 102:Generated_Source\PSoC4/cyfitter_cfg.c **** #define CYCLOCKSTART_PLL_ERROR   3u
 103:Generated_Source\PSoC4/cyfitter_cfg.c **** #define CYCLOCKSTART_FLL_ERROR   4u
 104:Generated_Source\PSoC4/cyfitter_cfg.c **** #define CYCLOCKSTART_WCO_ERROR   5u
 105:Generated_Source\PSoC4/cyfitter_cfg.c **** 
 106:Generated_Source\PSoC4/cyfitter_cfg.c **** 
 107:Generated_Source\PSoC4/cyfitter_cfg.c **** #ifdef CY_NEED_CYCLOCKSTARTUPERROR
 108:Generated_Source\PSoC4/cyfitter_cfg.c **** /*******************************************************************************
 109:Generated_Source\PSoC4/cyfitter_cfg.c **** * Function Name: CyClockStartupError
 110:Generated_Source\PSoC4/cyfitter_cfg.c **** ********************************************************************************
 111:Generated_Source\PSoC4/cyfitter_cfg.c **** * Summary:
 112:Generated_Source\PSoC4/cyfitter_cfg.c **** *  If an error is encountered during clock configuration (crystal startup error,
 113:Generated_Source\PSoC4/cyfitter_cfg.c **** *  PLL lock error, etc.), the system will end up here.  Unless reimplemented by
 114:Generated_Source\PSoC4/cyfitter_cfg.c **** *  the customer, this function will stop in an infinite loop.
 115:Generated_Source\PSoC4/cyfitter_cfg.c **** *
 116:Generated_Source\PSoC4/cyfitter_cfg.c **** * Parameters:
 117:Generated_Source\PSoC4/cyfitter_cfg.c **** *   void
 118:Generated_Source\PSoC4/cyfitter_cfg.c **** *
 119:Generated_Source\PSoC4/cyfitter_cfg.c **** * Return:
 120:Generated_Source\PSoC4/cyfitter_cfg.c **** *   void
 121:Generated_Source\PSoC4/cyfitter_cfg.c **** *
 122:Generated_Source\PSoC4/cyfitter_cfg.c **** *******************************************************************************/
 123:Generated_Source\PSoC4/cyfitter_cfg.c **** CY_CFG_UNUSED
 124:Generated_Source\PSoC4/cyfitter_cfg.c **** static void CyClockStartupError(uint8 errorCode);
 125:Generated_Source\PSoC4/cyfitter_cfg.c **** CY_CFG_UNUSED
 126:Generated_Source\PSoC4/cyfitter_cfg.c **** static void CyClockStartupError(uint8 errorCode)
 127:Generated_Source\PSoC4/cyfitter_cfg.c **** {
 128:Generated_Source\PSoC4/cyfitter_cfg.c ****     /* To remove the compiler warning if errorCode not used.                */
 129:Generated_Source\PSoC4/cyfitter_cfg.c ****     errorCode = errorCode;
 130:Generated_Source\PSoC4/cyfitter_cfg.c **** 
 131:Generated_Source\PSoC4/cyfitter_cfg.c ****     /* If we have a clock startup error (bad MHz crystal, PLL lock, etc.),  */
 132:Generated_Source\PSoC4/cyfitter_cfg.c ****     /* we will end up here to allow the customer to implement something to  */
 133:Generated_Source\PSoC4/cyfitter_cfg.c ****     /* deal with the clock condition.                                       */
 134:Generated_Source\PSoC4/cyfitter_cfg.c **** 
 135:Generated_Source\PSoC4/cyfitter_cfg.c **** #ifdef CY_CFG_CLOCK_STARTUP_ERROR_CALLBACK
 136:Generated_Source\PSoC4/cyfitter_cfg.c ****     CY_CFG_Clock_Startup_ErrorCallback();
 137:Generated_Source\PSoC4/cyfitter_cfg.c **** #else
 138:Generated_Source\PSoC4/cyfitter_cfg.c ****     /*  If not using CY_CFG_CLOCK_STARTUP_ERROR_CALLBACK, place your clock startup code here. */
 139:Generated_Source\PSoC4/cyfitter_cfg.c ****     /* `#START CyClockStartupError` */
 140:Generated_Source\PSoC4/cyfitter_cfg.c **** 
 141:Generated_Source\PSoC4/cyfitter_cfg.c **** 
 142:Generated_Source\PSoC4/cyfitter_cfg.c **** 
 143:Generated_Source\PSoC4/cyfitter_cfg.c ****     /* `#END` */
 144:Generated_Source\PSoC4/cyfitter_cfg.c **** 
 145:Generated_Source\PSoC4/cyfitter_cfg.c ****     while(1) {}
ARM GAS  C:\Users\latao\AppData\Local\Temp\ccK18xZs.s 			page 4


 146:Generated_Source\PSoC4/cyfitter_cfg.c **** #endif /* CY_CFG_CLOCK_STARTUP_ERROR_CALLBACK */
 147:Generated_Source\PSoC4/cyfitter_cfg.c **** }
 148:Generated_Source\PSoC4/cyfitter_cfg.c **** #endif
 149:Generated_Source\PSoC4/cyfitter_cfg.c **** 
 150:Generated_Source\PSoC4/cyfitter_cfg.c **** #define CY_CFG_BASE_ADDR_COUNT 5u
 151:Generated_Source\PSoC4/cyfitter_cfg.c **** CYPACKED typedef struct
 152:Generated_Source\PSoC4/cyfitter_cfg.c **** {
 153:Generated_Source\PSoC4/cyfitter_cfg.c **** 	uint8 offset;
 154:Generated_Source\PSoC4/cyfitter_cfg.c **** 	uint8 value;
 155:Generated_Source\PSoC4/cyfitter_cfg.c **** } CYPACKED_ATTR cy_cfg_addrvalue_t;
 156:Generated_Source\PSoC4/cyfitter_cfg.c **** 
 157:Generated_Source\PSoC4/cyfitter_cfg.c **** 
 158:Generated_Source\PSoC4/cyfitter_cfg.c **** 
 159:Generated_Source\PSoC4/cyfitter_cfg.c **** /*******************************************************************************
 160:Generated_Source\PSoC4/cyfitter_cfg.c **** * Function Name: cfg_write_bytes32
 161:Generated_Source\PSoC4/cyfitter_cfg.c **** ********************************************************************************
 162:Generated_Source\PSoC4/cyfitter_cfg.c **** * Summary:
 163:Generated_Source\PSoC4/cyfitter_cfg.c **** *  This function is used for setting up the chip configuration areas that
 164:Generated_Source\PSoC4/cyfitter_cfg.c **** *  contain relatively sparse data.
 165:Generated_Source\PSoC4/cyfitter_cfg.c **** *
 166:Generated_Source\PSoC4/cyfitter_cfg.c **** * Parameters:
 167:Generated_Source\PSoC4/cyfitter_cfg.c **** *   void
 168:Generated_Source\PSoC4/cyfitter_cfg.c **** *
 169:Generated_Source\PSoC4/cyfitter_cfg.c **** * Return:
 170:Generated_Source\PSoC4/cyfitter_cfg.c **** *   void
 171:Generated_Source\PSoC4/cyfitter_cfg.c **** *
 172:Generated_Source\PSoC4/cyfitter_cfg.c **** *******************************************************************************/
 173:Generated_Source\PSoC4/cyfitter_cfg.c **** static void cfg_write_bytes32(const uint32 addr_table[], const cy_cfg_addrvalue_t data_table[]);
 174:Generated_Source\PSoC4/cyfitter_cfg.c **** static void cfg_write_bytes32(const uint32 addr_table[], const cy_cfg_addrvalue_t data_table[])
 175:Generated_Source\PSoC4/cyfitter_cfg.c **** {
  27              		.loc 1 175 0
  28              		.cfi_startproc
  29              		@ args = 0, pretend = 0, frame = 0
  30              		@ frame_needed = 0, uses_anonymous_args = 0
  31              	.LVL0:
  32 0000 F0B5     		push	{r4, r5, r6, r7, lr}
  33              		.cfi_def_cfa_offset 20
  34              		.cfi_offset 4, -20
  35              		.cfi_offset 5, -16
  36              		.cfi_offset 6, -12
  37              		.cfi_offset 7, -8
  38              		.cfi_offset 14, -4
  39              	.LVL1:
 176:Generated_Source\PSoC4/cyfitter_cfg.c **** 	/* For 32-bit little-endian architectures */
 177:Generated_Source\PSoC4/cyfitter_cfg.c **** 	uint32 i, j = 0u;
  40              		.loc 1 177 0
  41 0002 0025     		movs	r5, #0
 178:Generated_Source\PSoC4/cyfitter_cfg.c **** 	for (i = 0u; i < CY_CFG_BASE_ADDR_COUNT; i++)
  42              		.loc 1 178 0
  43 0004 0027     		movs	r7, #0
  44 0006 11E0     		b	.L2
  45              	.LVL2:
  46              	.L5:
  47              	.LBB2:
 179:Generated_Source\PSoC4/cyfitter_cfg.c **** 	{
 180:Generated_Source\PSoC4/cyfitter_cfg.c **** 		uint32 baseAddr = addr_table[i];
  48              		.loc 1 180 0
ARM GAS  C:\Users\latao\AppData\Local\Temp\ccK18xZs.s 			page 5


  49 0008 BB00     		lsls	r3, r7, #2
  50 000a C658     		ldr	r6, [r0, r3]
  51              	.LVL3:
 181:Generated_Source\PSoC4/cyfitter_cfg.c **** 		uint8 count = (uint8)baseAddr;
  52              		.loc 1 181 0
  53 000c F3B2     		uxtb	r3, r6
  54              	.LVL4:
 182:Generated_Source\PSoC4/cyfitter_cfg.c **** 		baseAddr &= 0xFFFFFF00u;
  55              		.loc 1 182 0
  56 000e FF22     		movs	r2, #255
  57 0010 9643     		bics	r6, r2
  58              	.LVL5:
 183:Generated_Source\PSoC4/cyfitter_cfg.c **** 		while (count != 0u)
  59              		.loc 1 183 0
  60 0012 08E0     		b	.L3
  61              	.L4:
 184:Generated_Source\PSoC4/cyfitter_cfg.c **** 		{
 185:Generated_Source\PSoC4/cyfitter_cfg.c **** 			CY_SET_REG8((void *)(baseAddr + data_table[j].offset), data_table[j].value);
  62              		.loc 1 185 0
  63 0014 6A00     		lsls	r2, r5, #1
  64 0016 8A18     		adds	r2, r1, r2
  65 0018 1478     		ldrb	r4, [r2]
  66 001a A419     		adds	r4, r4, r6
  67 001c 5278     		ldrb	r2, [r2, #1]
  68 001e 2270     		strb	r2, [r4]
 186:Generated_Source\PSoC4/cyfitter_cfg.c **** 			j++;
  69              		.loc 1 186 0
  70 0020 0135     		adds	r5, r5, #1
  71              	.LVL6:
 187:Generated_Source\PSoC4/cyfitter_cfg.c **** 			count--;
  72              		.loc 1 187 0
  73 0022 013B     		subs	r3, r3, #1
  74              	.LVL7:
  75 0024 DBB2     		uxtb	r3, r3
  76              	.LVL8:
  77              	.L3:
 183:Generated_Source\PSoC4/cyfitter_cfg.c **** 		{
  78              		.loc 1 183 0
  79 0026 002B     		cmp	r3, #0
  80 0028 F4D1     		bne	.L4
  81              	.LBE2:
 178:Generated_Source\PSoC4/cyfitter_cfg.c **** 	{
  82              		.loc 1 178 0 discriminator 2
  83 002a 0137     		adds	r7, r7, #1
  84              	.LVL9:
  85              	.L2:
 178:Generated_Source\PSoC4/cyfitter_cfg.c **** 	{
  86              		.loc 1 178 0 is_stmt 0 discriminator 1
  87 002c 042F     		cmp	r7, #4
  88 002e EBD9     		bls	.L5
 188:Generated_Source\PSoC4/cyfitter_cfg.c **** 		}
 189:Generated_Source\PSoC4/cyfitter_cfg.c **** 	}
 190:Generated_Source\PSoC4/cyfitter_cfg.c **** }
  89              		.loc 1 190 0 is_stmt 1
  90              		@ sp needed
  91              	.LVL10:
  92              	.LVL11:
ARM GAS  C:\Users\latao\AppData\Local\Temp\ccK18xZs.s 			page 6


  93 0030 F0BD     		pop	{r4, r5, r6, r7, pc}
  94              		.cfi_endproc
  95              	.LFE3:
  96              		.size	cfg_write_bytes32, .-cfg_write_bytes32
  97 0032 C046     		.section	.text.CYMEMZERO,"ax",%progbits
  98              		.align	2
  99              		.code	16
 100              		.thumb_func
 101              		.type	CYMEMZERO, %function
 102              	CYMEMZERO:
 103              	.LFB0:
  77:Generated_Source\PSoC4/cyfitter_cfg.c **** 	(void)memset(s, 0, n);
 104              		.loc 1 77 0
 105              		.cfi_startproc
 106              		@ args = 0, pretend = 0, frame = 0
 107              		@ frame_needed = 0, uses_anonymous_args = 0
 108              	.LVL12:
 109 0000 10B5     		push	{r4, lr}
 110              		.cfi_def_cfa_offset 8
 111              		.cfi_offset 4, -8
 112              		.cfi_offset 14, -4
 113 0002 0A00     		movs	r2, r1
  78:Generated_Source\PSoC4/cyfitter_cfg.c **** }
 114              		.loc 1 78 0
 115 0004 0021     		movs	r1, #0
 116              	.LVL13:
 117 0006 FFF7FEFF 		bl	memset
 118              	.LVL14:
  79:Generated_Source\PSoC4/cyfitter_cfg.c **** CY_CFG_UNUSED
 119              		.loc 1 79 0
 120              		@ sp needed
 121 000a 10BD     		pop	{r4, pc}
 122              		.cfi_endproc
 123              	.LFE0:
 124              		.size	CYMEMZERO, .-CYMEMZERO
 125              		.section	.psocinit,"ax",%progbits
 126              		.align	2
 127              		.code	16
 128              		.thumb_func
 129              		.type	ClockSetup, %function
 130              	ClockSetup:
 131              	.LFB4:
 191:Generated_Source\PSoC4/cyfitter_cfg.c **** 
 192:Generated_Source\PSoC4/cyfitter_cfg.c **** 
 193:Generated_Source\PSoC4/cyfitter_cfg.c **** /*******************************************************************************
 194:Generated_Source\PSoC4/cyfitter_cfg.c **** * Function Name: ClockSetup
 195:Generated_Source\PSoC4/cyfitter_cfg.c **** ********************************************************************************
 196:Generated_Source\PSoC4/cyfitter_cfg.c **** *
 197:Generated_Source\PSoC4/cyfitter_cfg.c **** * Summary:
 198:Generated_Source\PSoC4/cyfitter_cfg.c **** *   Performs the initialization of all of the clocks in the device based on the
 199:Generated_Source\PSoC4/cyfitter_cfg.c **** *   settings in the Clock tab of the DWR.  This includes enabling the requested
 200:Generated_Source\PSoC4/cyfitter_cfg.c **** *   clocks and setting the necessary dividers to produce the desired frequency. 
 201:Generated_Source\PSoC4/cyfitter_cfg.c **** *
 202:Generated_Source\PSoC4/cyfitter_cfg.c **** * Parameters:
 203:Generated_Source\PSoC4/cyfitter_cfg.c **** *   void
 204:Generated_Source\PSoC4/cyfitter_cfg.c **** *
 205:Generated_Source\PSoC4/cyfitter_cfg.c **** * Return:
ARM GAS  C:\Users\latao\AppData\Local\Temp\ccK18xZs.s 			page 7


 206:Generated_Source\PSoC4/cyfitter_cfg.c **** *   void
 207:Generated_Source\PSoC4/cyfitter_cfg.c **** *
 208:Generated_Source\PSoC4/cyfitter_cfg.c **** *******************************************************************************/
 209:Generated_Source\PSoC4/cyfitter_cfg.c **** static void ClockSetup(void);
 210:Generated_Source\PSoC4/cyfitter_cfg.c **** CY_CFG_SECTION
 211:Generated_Source\PSoC4/cyfitter_cfg.c **** static void ClockSetup(void)
 212:Generated_Source\PSoC4/cyfitter_cfg.c **** {
 132              		.loc 1 212 0
 133              		.cfi_startproc
 134              		@ args = 0, pretend = 0, frame = 0
 135              		@ frame_needed = 0, uses_anonymous_args = 0
 136 0000 70B5     		push	{r4, r5, r6, lr}
 137              		.cfi_def_cfa_offset 16
 138              		.cfi_offset 4, -16
 139              		.cfi_offset 5, -12
 140              		.cfi_offset 6, -8
 141              		.cfi_offset 14, -4
 213:Generated_Source\PSoC4/cyfitter_cfg.c **** 	/* Enable HALF_EN before trimming for the flash accelerator. */
 214:Generated_Source\PSoC4/cyfitter_cfg.c **** 	CY_SET_REG32((void CYXDATA *)(CYREG_CLK_SELECT), (CY_GET_REG32((void *)CYREG_CLK_SELECT) | 0x00040
 142              		.loc 1 214 0
 143 0002 164C     		ldr	r4, .L8
 144 0004 2368     		ldr	r3, [r4]
 145 0006 8022     		movs	r2, #128
 146 0008 D202     		lsls	r2, r2, #11
 147 000a 1343     		orrs	r3, r2
 148 000c 2360     		str	r3, [r4]
 215:Generated_Source\PSoC4/cyfitter_cfg.c **** 
 216:Generated_Source\PSoC4/cyfitter_cfg.c **** 	/* Setup and trim IMO based on desired frequency. */
 217:Generated_Source\PSoC4/cyfitter_cfg.c **** 	CySysClkWriteImoFreq(24u);
 149              		.loc 1 217 0
 150 000e 1820     		movs	r0, #24
 151 0010 FFF7FEFF 		bl	CySysClkWriteImoFreq
 152              	.LVL15:
 218:Generated_Source\PSoC4/cyfitter_cfg.c **** 
 219:Generated_Source\PSoC4/cyfitter_cfg.c **** 	/* Disable HALF_EN since it is not required at this IMO frequency. */
 220:Generated_Source\PSoC4/cyfitter_cfg.c **** 	CY_SET_REG32((void CYXDATA *)(CYREG_CLK_SELECT), (CY_GET_REG32((void *)CYREG_CLK_SELECT) & 0xFFFBF
 153              		.loc 1 220 0
 154 0014 2268     		ldr	r2, [r4]
 155 0016 124B     		ldr	r3, .L8+4
 156 0018 1340     		ands	r3, r2
 157 001a 2360     		str	r3, [r4]
 221:Generated_Source\PSoC4/cyfitter_cfg.c **** 	/* CYDEV_CLK_ILO_CONFIG Starting address: CYDEV_CLK_ILO_CONFIG */
 222:Generated_Source\PSoC4/cyfitter_cfg.c **** 	CY_SET_REG32((void *)(CYREG_CLK_ILO_CONFIG), 0x80000006u);
 158              		.loc 1 222 0
 159 001c 114A     		ldr	r2, .L8+8
 160 001e 124B     		ldr	r3, .L8+12
 161 0020 1A60     		str	r2, [r3]
 223:Generated_Source\PSoC4/cyfitter_cfg.c **** 
 224:Generated_Source\PSoC4/cyfitter_cfg.c **** 
 225:Generated_Source\PSoC4/cyfitter_cfg.c **** 	/* CYDEV_CLK_SELECT00 Starting address: CYDEV_CLK_SELECT00 */
 226:Generated_Source\PSoC4/cyfitter_cfg.c **** 	CY_SET_REG32((void *)(CYREG_CLK_SELECT05), 0x00000020u);
 162              		.loc 1 226 0
 163 0022 2022     		movs	r2, #32
 164 0024 114B     		ldr	r3, .L8+16
 165 0026 1A60     		str	r2, [r3]
 227:Generated_Source\PSoC4/cyfitter_cfg.c **** 	CY_SET_REG32((void *)(CYREG_CLK_SELECT06), 0x00000010u);
 166              		.loc 1 227 0
ARM GAS  C:\Users\latao\AppData\Local\Temp\ccK18xZs.s 			page 8


 167 0028 103A     		subs	r2, r2, #16
 168 002a 114B     		ldr	r3, .L8+20
 169 002c 1A60     		str	r2, [r3]
 228:Generated_Source\PSoC4/cyfitter_cfg.c **** 
 229:Generated_Source\PSoC4/cyfitter_cfg.c **** 	/* CYDEV_CLK_IMO_CONFIG Starting address: CYDEV_CLK_IMO_CONFIG */
 230:Generated_Source\PSoC4/cyfitter_cfg.c **** 	CY_SET_REG32((void *)(CYREG_CLK_IMO_CONFIG), 0x80000000u);
 170              		.loc 1 230 0
 171 002e 8022     		movs	r2, #128
 172 0030 1206     		lsls	r2, r2, #24
 173 0032 104B     		ldr	r3, .L8+24
 174 0034 1A60     		str	r2, [r3]
 231:Generated_Source\PSoC4/cyfitter_cfg.c **** 
 232:Generated_Source\PSoC4/cyfitter_cfg.c **** 	/* CYDEV_CLK_SELECT Starting address: CYDEV_CLK_SELECT */
 233:Generated_Source\PSoC4/cyfitter_cfg.c **** 	CY_SET_REG32((void *)(CYREG_CLK_SELECT), 0x00000000u);
 175              		.loc 1 233 0
 176 0036 0025     		movs	r5, #0
 177 0038 2560     		str	r5, [r4]
 234:Generated_Source\PSoC4/cyfitter_cfg.c **** 
 235:Generated_Source\PSoC4/cyfitter_cfg.c **** 	/* CYDEV_CLK_DIVIDER_A00 Starting address: CYDEV_CLK_DIVIDER_A00 */
 236:Generated_Source\PSoC4/cyfitter_cfg.c **** 	CY_SET_REG32((void *)(CYREG_CLK_DIVIDER_A00), 0x800000FEu);
 178              		.loc 1 236 0
 179 003a 0F4A     		ldr	r2, .L8+28
 180 003c 0F4B     		ldr	r3, .L8+32
 181 003e 1A60     		str	r2, [r3]
 237:Generated_Source\PSoC4/cyfitter_cfg.c **** 
 238:Generated_Source\PSoC4/cyfitter_cfg.c **** 	/* CYDEV_CLK_DIVIDER_B00 Starting address: CYDEV_CLK_DIVIDER_B00 */
 239:Generated_Source\PSoC4/cyfitter_cfg.c **** 	CY_SET_REG32((void *)(CYREG_CLK_DIVIDER_B00), 0xC00000FEu);
 182              		.loc 1 239 0
 183 0040 0F4A     		ldr	r2, .L8+36
 184 0042 104B     		ldr	r3, .L8+40
 185 0044 1A60     		str	r2, [r3]
 240:Generated_Source\PSoC4/cyfitter_cfg.c **** 
 241:Generated_Source\PSoC4/cyfitter_cfg.c **** 	(void)CyIntSetVector(9u, &CySysWdtIsr);
 186              		.loc 1 241 0
 187 0046 1049     		ldr	r1, .L8+44
 188 0048 0920     		movs	r0, #9
 189 004a FFF7FEFF 		bl	CyIntSetVector
 190              	.LVL16:
 242:Generated_Source\PSoC4/cyfitter_cfg.c **** 	CyIntEnable(9u);
 191              		.loc 1 242 0
 192 004e 0920     		movs	r0, #9
 193 0050 FFF7FEFF 		bl	CyIntEnable
 194              	.LVL17:
 243:Generated_Source\PSoC4/cyfitter_cfg.c **** 	CY_SET_REG32((void *)(CYREG_WDT_CONFIG), 0x00000000u);
 195              		.loc 1 243 0
 196 0054 0D4B     		ldr	r3, .L8+48
 197 0056 1D60     		str	r5, [r3]
 244:Generated_Source\PSoC4/cyfitter_cfg.c **** }
 198              		.loc 1 244 0
 199              		@ sp needed
 200 0058 70BD     		pop	{r4, r5, r6, pc}
 201              	.L9:
 202 005a C046     		.align	2
 203              	.L8:
 204 005c 00010B40 		.word	1074462976
 205 0060 FFFFFBFF 		.word	-262145
 206 0064 06000080 		.word	-2147483642
ARM GAS  C:\Users\latao\AppData\Local\Temp\ccK18xZs.s 			page 9


 207 0068 04010B40 		.word	1074462980
 208 006c 14020240 		.word	1073873428
 209 0070 18020240 		.word	1073873432
 210 0074 08010B40 		.word	1074462984
 211 0078 FE000080 		.word	-2147483394
 212 007c 00000240 		.word	1073872896
 213 0080 FE0000C0 		.word	-1073741570
 214 0084 40000240 		.word	1073872960
 215 0088 00000000 		.word	CySysWdtIsr
 216 008c 0C020B40 		.word	1074463244
 217              		.cfi_endproc
 218              	.LFE4:
 219              		.size	ClockSetup, .-ClockSetup
 220              		.section	.text.SetAnalogRoutingPumps,"ax",%progbits
 221              		.align	2
 222              		.global	SetAnalogRoutingPumps
 223              		.code	16
 224              		.thumb_func
 225              		.type	SetAnalogRoutingPumps, %function
 226              	SetAnalogRoutingPumps:
 227              	.LFB6:
 245:Generated_Source\PSoC4/cyfitter_cfg.c **** 
 246:Generated_Source\PSoC4/cyfitter_cfg.c **** 
 247:Generated_Source\PSoC4/cyfitter_cfg.c **** /* Analog API Functions */
 248:Generated_Source\PSoC4/cyfitter_cfg.c **** 
 249:Generated_Source\PSoC4/cyfitter_cfg.c **** 
 250:Generated_Source\PSoC4/cyfitter_cfg.c **** /*******************************************************************************
 251:Generated_Source\PSoC4/cyfitter_cfg.c **** * Function Name: AnalogSetDefault
 252:Generated_Source\PSoC4/cyfitter_cfg.c **** ********************************************************************************
 253:Generated_Source\PSoC4/cyfitter_cfg.c **** *
 254:Generated_Source\PSoC4/cyfitter_cfg.c **** * Summary:
 255:Generated_Source\PSoC4/cyfitter_cfg.c **** *  Sets up the analog portions of the chip to default values based on chip
 256:Generated_Source\PSoC4/cyfitter_cfg.c **** *  configuration options from the project.
 257:Generated_Source\PSoC4/cyfitter_cfg.c **** *
 258:Generated_Source\PSoC4/cyfitter_cfg.c **** * Parameters:
 259:Generated_Source\PSoC4/cyfitter_cfg.c **** *  void
 260:Generated_Source\PSoC4/cyfitter_cfg.c **** *
 261:Generated_Source\PSoC4/cyfitter_cfg.c **** * Return:
 262:Generated_Source\PSoC4/cyfitter_cfg.c **** *  void
 263:Generated_Source\PSoC4/cyfitter_cfg.c **** *
 264:Generated_Source\PSoC4/cyfitter_cfg.c **** *******************************************************************************/
 265:Generated_Source\PSoC4/cyfitter_cfg.c **** static void AnalogSetDefault(void);
 266:Generated_Source\PSoC4/cyfitter_cfg.c **** static void AnalogSetDefault(void)
 267:Generated_Source\PSoC4/cyfitter_cfg.c **** {
 268:Generated_Source\PSoC4/cyfitter_cfg.c **** 	SetAnalogRoutingPumps(1);
 269:Generated_Source\PSoC4/cyfitter_cfg.c **** }
 270:Generated_Source\PSoC4/cyfitter_cfg.c **** 
 271:Generated_Source\PSoC4/cyfitter_cfg.c **** 
 272:Generated_Source\PSoC4/cyfitter_cfg.c **** /*******************************************************************************
 273:Generated_Source\PSoC4/cyfitter_cfg.c **** * Function Name: SetAnalogRoutingPumps
 274:Generated_Source\PSoC4/cyfitter_cfg.c **** ********************************************************************************
 275:Generated_Source\PSoC4/cyfitter_cfg.c **** *
 276:Generated_Source\PSoC4/cyfitter_cfg.c **** * Summary:
 277:Generated_Source\PSoC4/cyfitter_cfg.c **** * Enables or disables the analog pumps feeding analog routing switches.
 278:Generated_Source\PSoC4/cyfitter_cfg.c **** * Intended to be called at startup, based on the Vdda system configuration;
 279:Generated_Source\PSoC4/cyfitter_cfg.c **** * may be called during operation when the user informs us that the Vdda voltage crossed the pump th
 280:Generated_Source\PSoC4/cyfitter_cfg.c **** *
ARM GAS  C:\Users\latao\AppData\Local\Temp\ccK18xZs.s 			page 10


 281:Generated_Source\PSoC4/cyfitter_cfg.c **** * Parameters:
 282:Generated_Source\PSoC4/cyfitter_cfg.c **** *  enabled - 1 to enable the pumps, 0 to disable the pumps
 283:Generated_Source\PSoC4/cyfitter_cfg.c **** *
 284:Generated_Source\PSoC4/cyfitter_cfg.c **** * Return:
 285:Generated_Source\PSoC4/cyfitter_cfg.c **** *  void
 286:Generated_Source\PSoC4/cyfitter_cfg.c **** *
 287:Generated_Source\PSoC4/cyfitter_cfg.c **** *******************************************************************************/
 288:Generated_Source\PSoC4/cyfitter_cfg.c **** void SetAnalogRoutingPumps(uint8 enabled)
 289:Generated_Source\PSoC4/cyfitter_cfg.c **** {
 228              		.loc 1 289 0
 229              		.cfi_startproc
 230              		@ args = 0, pretend = 0, frame = 0
 231              		@ frame_needed = 0, uses_anonymous_args = 0
 232              		@ link register save eliminated.
 233              	.LVL18:
 290:Generated_Source\PSoC4/cyfitter_cfg.c **** 	uint32 regValue = CY_GET_XTND_REG32((void *)(CYREG_SAR_PUMP_CTRL));
 234              		.loc 1 290 0
 235 0000 0C4B     		ldr	r3, .L15
 236 0002 1B68     		ldr	r3, [r3]
 237              	.LVL19:
 291:Generated_Source\PSoC4/cyfitter_cfg.c **** 	if (enabled != 0u)
 238              		.loc 1 291 0
 239 0004 0028     		cmp	r0, #0
 240 0006 03D0     		beq	.L11
 292:Generated_Source\PSoC4/cyfitter_cfg.c **** 	{
 293:Generated_Source\PSoC4/cyfitter_cfg.c **** 		regValue |= 0x80000000u;
 241              		.loc 1 293 0
 242 0008 8022     		movs	r2, #128
 243 000a 1206     		lsls	r2, r2, #24
 244 000c 1343     		orrs	r3, r2
 245              	.LVL20:
 246 000e 01E0     		b	.L12
 247              	.L11:
 294:Generated_Source\PSoC4/cyfitter_cfg.c **** 	}
 295:Generated_Source\PSoC4/cyfitter_cfg.c **** 	else
 296:Generated_Source\PSoC4/cyfitter_cfg.c **** 	{
 297:Generated_Source\PSoC4/cyfitter_cfg.c **** 		regValue &= ~0x80000000u;
 248              		.loc 1 297 0
 249 0010 5B00     		lsls	r3, r3, #1
 250              	.LVL21:
 251 0012 5B08     		lsrs	r3, r3, #1
 252              	.LVL22:
 253              	.L12:
 298:Generated_Source\PSoC4/cyfitter_cfg.c **** 	}
 299:Generated_Source\PSoC4/cyfitter_cfg.c **** 	CY_SET_XTND_REG32((void *)(CYREG_SAR_PUMP_CTRL), regValue);
 254              		.loc 1 299 0
 255 0014 074A     		ldr	r2, .L15
 256 0016 1360     		str	r3, [r2]
 300:Generated_Source\PSoC4/cyfitter_cfg.c **** 	regValue = CY_GET_XTND_REG32((void *)(CYREG_CLK_IMO_CONFIG));
 257              		.loc 1 300 0
 258 0018 074B     		ldr	r3, .L15+4
 259              	.LVL23:
 260 001a 1B68     		ldr	r3, [r3]
 261              	.LVL24:
 301:Generated_Source\PSoC4/cyfitter_cfg.c **** 	if (enabled != 0u)
 262              		.loc 1 301 0
 263 001c 0028     		cmp	r0, #0
ARM GAS  C:\Users\latao\AppData\Local\Temp\ccK18xZs.s 			page 11


 264 001e 03D0     		beq	.L13
 302:Generated_Source\PSoC4/cyfitter_cfg.c **** 	{
 303:Generated_Source\PSoC4/cyfitter_cfg.c **** 		regValue |= 0x02000000u;
 265              		.loc 1 303 0
 266 0020 8022     		movs	r2, #128
 267 0022 9204     		lsls	r2, r2, #18
 268 0024 1343     		orrs	r3, r2
 269              	.LVL25:
 270 0026 01E0     		b	.L14
 271              	.L13:
 304:Generated_Source\PSoC4/cyfitter_cfg.c **** 	}
 305:Generated_Source\PSoC4/cyfitter_cfg.c **** 	else
 306:Generated_Source\PSoC4/cyfitter_cfg.c **** 	{
 307:Generated_Source\PSoC4/cyfitter_cfg.c **** 		regValue &= ~0x02000000u;
 272              		.loc 1 307 0
 273 0028 044A     		ldr	r2, .L15+8
 274 002a 1340     		ands	r3, r2
 275              	.LVL26:
 276              	.L14:
 308:Generated_Source\PSoC4/cyfitter_cfg.c **** 	}
 309:Generated_Source\PSoC4/cyfitter_cfg.c **** 	CY_SET_XTND_REG32((void *)(CYREG_CLK_IMO_CONFIG), regValue);
 277              		.loc 1 309 0
 278 002c 024A     		ldr	r2, .L15+4
 279 002e 1360     		str	r3, [r2]
 310:Generated_Source\PSoC4/cyfitter_cfg.c **** }
 280              		.loc 1 310 0
 281              		@ sp needed
 282 0030 7047     		bx	lr
 283              	.L16:
 284 0032 C046     		.align	2
 285              	.L15:
 286 0034 80031A40 		.word	1075446656
 287 0038 08010B40 		.word	1074462984
 288 003c FFFFFFFD 		.word	-33554433
 289              		.cfi_endproc
 290              	.LFE6:
 291              		.size	SetAnalogRoutingPumps, .-SetAnalogRoutingPumps
 292              		.section	.text.AnalogSetDefault,"ax",%progbits
 293              		.align	2
 294              		.code	16
 295              		.thumb_func
 296              		.type	AnalogSetDefault, %function
 297              	AnalogSetDefault:
 298              	.LFB5:
 267:Generated_Source\PSoC4/cyfitter_cfg.c **** 	SetAnalogRoutingPumps(1);
 299              		.loc 1 267 0
 300              		.cfi_startproc
 301              		@ args = 0, pretend = 0, frame = 0
 302              		@ frame_needed = 0, uses_anonymous_args = 0
 303 0000 10B5     		push	{r4, lr}
 304              		.cfi_def_cfa_offset 8
 305              		.cfi_offset 4, -8
 306              		.cfi_offset 14, -4
 268:Generated_Source\PSoC4/cyfitter_cfg.c **** }
 307              		.loc 1 268 0
 308 0002 0120     		movs	r0, #1
 309 0004 FFF7FEFF 		bl	SetAnalogRoutingPumps
ARM GAS  C:\Users\latao\AppData\Local\Temp\ccK18xZs.s 			page 12


 310              	.LVL27:
 269:Generated_Source\PSoC4/cyfitter_cfg.c **** 
 311              		.loc 1 269 0
 312              		@ sp needed
 313 0008 10BD     		pop	{r4, pc}
 314              		.cfi_endproc
 315              	.LFE5:
 316              		.size	AnalogSetDefault, .-AnalogSetDefault
 317              		.section	.psocinit
 318              		.align	2
 319              		.global	cyfitter_cfg
 320              		.code	16
 321              		.thumb_func
 322              		.type	cyfitter_cfg, %function
 323              	cyfitter_cfg:
 324              	.LFB7:
 311:Generated_Source\PSoC4/cyfitter_cfg.c **** 
 312:Generated_Source\PSoC4/cyfitter_cfg.c **** 
 313:Generated_Source\PSoC4/cyfitter_cfg.c **** 
 314:Generated_Source\PSoC4/cyfitter_cfg.c **** 
 315:Generated_Source\PSoC4/cyfitter_cfg.c **** /*******************************************************************************
 316:Generated_Source\PSoC4/cyfitter_cfg.c **** * Function Name: cyfitter_cfg
 317:Generated_Source\PSoC4/cyfitter_cfg.c **** ********************************************************************************
 318:Generated_Source\PSoC4/cyfitter_cfg.c **** * Summary:
 319:Generated_Source\PSoC4/cyfitter_cfg.c **** *  This function is called by the start-up code for the selected device. It
 320:Generated_Source\PSoC4/cyfitter_cfg.c **** *  performs all of the necessary device configuration based on the design
 321:Generated_Source\PSoC4/cyfitter_cfg.c **** *  settings.  This includes settings from the Design Wide Resources (DWR) such
 322:Generated_Source\PSoC4/cyfitter_cfg.c **** *  as Clocks and Pins as well as any component configuration that is necessary.
 323:Generated_Source\PSoC4/cyfitter_cfg.c **** *
 324:Generated_Source\PSoC4/cyfitter_cfg.c **** * Parameters:
 325:Generated_Source\PSoC4/cyfitter_cfg.c **** *   void
 326:Generated_Source\PSoC4/cyfitter_cfg.c **** *
 327:Generated_Source\PSoC4/cyfitter_cfg.c **** * Return:
 328:Generated_Source\PSoC4/cyfitter_cfg.c **** *   void
 329:Generated_Source\PSoC4/cyfitter_cfg.c **** *
 330:Generated_Source\PSoC4/cyfitter_cfg.c **** *******************************************************************************/
 331:Generated_Source\PSoC4/cyfitter_cfg.c **** CY_CFG_SECTION
 332:Generated_Source\PSoC4/cyfitter_cfg.c **** void cyfitter_cfg(void)
 333:Generated_Source\PSoC4/cyfitter_cfg.c **** {
 325              		.loc 1 333 0
 326              		.cfi_startproc
 327              		@ args = 0, pretend = 0, frame = 0
 328              		@ frame_needed = 0, uses_anonymous_args = 0
 329 0090 10B5     		push	{r4, lr}
 330              		.cfi_def_cfa_offset 8
 331              		.cfi_offset 4, -8
 332              		.cfi_offset 14, -4
 334:Generated_Source\PSoC4/cyfitter_cfg.c **** 	/* Disable interrupts by default. Let user enable if/when they want. */
 335:Generated_Source\PSoC4/cyfitter_cfg.c **** 	CyGlobalIntDisable;
 333              		.loc 1 335 0
 334              		.syntax divided
 335              	@ 335 "Generated_Source\PSoC4\cyfitter_cfg.c" 1
 336 0092 72B6     		CPSID   i
 337              	@ 0 "" 2
 338              	.LVL28:
 339              		.thumb
 340              		.syntax unified
ARM GAS  C:\Users\latao\AppData\Local\Temp\ccK18xZs.s 			page 13


 341              	.LBB3:
 336:Generated_Source\PSoC4/cyfitter_cfg.c **** 
 337:Generated_Source\PSoC4/cyfitter_cfg.c **** 	{
 338:Generated_Source\PSoC4/cyfitter_cfg.c **** 		static const uint32 CYCODE cy_cfg_addr_table[] = {
 339:Generated_Source\PSoC4/cyfitter_cfg.c **** 			0x400F3004u, /* Base address: 0x400F3000 Count: 4 */
 340:Generated_Source\PSoC4/cyfitter_cfg.c **** 			0x400F3101u, /* Base address: 0x400F3100 Count: 1 */
 341:Generated_Source\PSoC4/cyfitter_cfg.c **** 			0x400F3301u, /* Base address: 0x400F3300 Count: 1 */
 342:Generated_Source\PSoC4/cyfitter_cfg.c **** 			0x400F4203u, /* Base address: 0x400F4200 Count: 3 */
 343:Generated_Source\PSoC4/cyfitter_cfg.c **** 			0x400F4306u, /* Base address: 0x400F4300 Count: 6 */
 344:Generated_Source\PSoC4/cyfitter_cfg.c **** 		};
 345:Generated_Source\PSoC4/cyfitter_cfg.c **** 
 346:Generated_Source\PSoC4/cyfitter_cfg.c **** 		static const cy_cfg_addrvalue_t CYCODE cy_cfg_data_table[] = {
 347:Generated_Source\PSoC4/cyfitter_cfg.c **** 			{0x38u, 0x80u},
 348:Generated_Source\PSoC4/cyfitter_cfg.c **** 			{0x3Eu, 0x40u},
 349:Generated_Source\PSoC4/cyfitter_cfg.c **** 			{0x58u, 0x04u},
 350:Generated_Source\PSoC4/cyfitter_cfg.c **** 			{0x5Fu, 0x01u},
 351:Generated_Source\PSoC4/cyfitter_cfg.c **** 			{0x18u, 0x01u},
 352:Generated_Source\PSoC4/cyfitter_cfg.c **** 			{0xB4u, 0x01u},
 353:Generated_Source\PSoC4/cyfitter_cfg.c **** 			{0x6Cu, 0x40u},
 354:Generated_Source\PSoC4/cyfitter_cfg.c **** 			{0x70u, 0x08u},
 355:Generated_Source\PSoC4/cyfitter_cfg.c **** 			{0xDCu, 0x03u},
 356:Generated_Source\PSoC4/cyfitter_cfg.c **** 			{0x61u, 0x02u},
 357:Generated_Source\PSoC4/cyfitter_cfg.c **** 			{0xA1u, 0x02u},
 358:Generated_Source\PSoC4/cyfitter_cfg.c **** 			{0xB4u, 0x48u},
 359:Generated_Source\PSoC4/cyfitter_cfg.c **** 			{0xB5u, 0x02u},
 360:Generated_Source\PSoC4/cyfitter_cfg.c **** 			{0xD8u, 0x02u},
 361:Generated_Source\PSoC4/cyfitter_cfg.c **** 			{0xECu, 0x08u},
 362:Generated_Source\PSoC4/cyfitter_cfg.c **** 		};
 363:Generated_Source\PSoC4/cyfitter_cfg.c **** 
 364:Generated_Source\PSoC4/cyfitter_cfg.c **** 
 365:Generated_Source\PSoC4/cyfitter_cfg.c **** 
 366:Generated_Source\PSoC4/cyfitter_cfg.c **** 		CYPACKED typedef struct {
 367:Generated_Source\PSoC4/cyfitter_cfg.c **** 			void CYFAR *address;
 368:Generated_Source\PSoC4/cyfitter_cfg.c **** 			uint16 size;
 369:Generated_Source\PSoC4/cyfitter_cfg.c **** 		} CYPACKED_ATTR cfg_memset_t;
 370:Generated_Source\PSoC4/cyfitter_cfg.c **** 
 371:Generated_Source\PSoC4/cyfitter_cfg.c **** 		static const cfg_memset_t CYCODE cfg_memset_list[] = {
 372:Generated_Source\PSoC4/cyfitter_cfg.c **** 			/* address, size */
 373:Generated_Source\PSoC4/cyfitter_cfg.c **** 			{(void CYFAR *)(CYDEV_UDB_P0_U0_BASE), 1024u},
 374:Generated_Source\PSoC4/cyfitter_cfg.c **** 			{(void CYFAR *)(CYDEV_UDB_DSI0_BASE), 1024u},
 375:Generated_Source\PSoC4/cyfitter_cfg.c **** 		};
 376:Generated_Source\PSoC4/cyfitter_cfg.c **** 
 377:Generated_Source\PSoC4/cyfitter_cfg.c **** 		uint8 CYDATA i;
 378:Generated_Source\PSoC4/cyfitter_cfg.c **** 
 379:Generated_Source\PSoC4/cyfitter_cfg.c **** 		/* Zero out critical memory blocks before beginning configuration */
 380:Generated_Source\PSoC4/cyfitter_cfg.c **** 		for (i = 0u; i < (sizeof(cfg_memset_list)/sizeof(cfg_memset_list[0])); i++)
 342              		.loc 1 380 0
 343 0094 0024     		movs	r4, #0
 344 0096 0FE0     		b	.L19
 345              	.LVL29:
 346              	.L20:
 347              	.LBB4:
 381:Generated_Source\PSoC4/cyfitter_cfg.c **** 		{
 382:Generated_Source\PSoC4/cyfitter_cfg.c **** 			const cfg_memset_t CYCODE * CYDATA ms = &cfg_memset_list[i];
 383:Generated_Source\PSoC4/cyfitter_cfg.c **** 			CYMEMZERO(ms->address, (size_t)(uint32)(ms->size));
 348              		.loc 1 383 0 discriminator 3
 349 0098 2248     		ldr	r0, .L21
ARM GAS  C:\Users\latao\AppData\Local\Temp\ccK18xZs.s 			page 14


 350 009a 6200     		lsls	r2, r4, #1
 351 009c 1319     		adds	r3, r2, r4
 352 009e 5900     		lsls	r1, r3, #1
 353 00a0 0B00     		movs	r3, r1
 354 00a2 4118     		adds	r1, r0, r1
 355 00a4 8988     		ldrh	r1, [r1, #4]
 356 00a6 1A5A     		ldrh	r2, [r3, r0]
 357 00a8 C318     		adds	r3, r0, r3
 358 00aa 5888     		ldrh	r0, [r3, #2]
 359 00ac 0004     		lsls	r0, r0, #16
 360 00ae 1043     		orrs	r0, r2
 361 00b0 FFF7FEFF 		bl	CYMEMZERO
 362              	.LVL30:
 363              	.LBE4:
 380:Generated_Source\PSoC4/cyfitter_cfg.c **** 		{
 364              		.loc 1 380 0 discriminator 3
 365 00b4 0134     		adds	r4, r4, #1
 366              	.LVL31:
 367 00b6 E4B2     		uxtb	r4, r4
 368              	.LVL32:
 369              	.L19:
 380:Generated_Source\PSoC4/cyfitter_cfg.c **** 		{
 370              		.loc 1 380 0 is_stmt 0 discriminator 1
 371 00b8 012C     		cmp	r4, #1
 372 00ba EDD9     		bls	.L20
 384:Generated_Source\PSoC4/cyfitter_cfg.c **** 		}
 385:Generated_Source\PSoC4/cyfitter_cfg.c **** 
 386:Generated_Source\PSoC4/cyfitter_cfg.c **** 		cfg_write_bytes32(cy_cfg_addr_table, cy_cfg_data_table);
 373              		.loc 1 386 0 is_stmt 1
 374 00bc 1948     		ldr	r0, .L21
 375 00be 0100     		movs	r1, r0
 376 00c0 0C31     		adds	r1, r1, #12
 377 00c2 2C30     		adds	r0, r0, #44
 378 00c4 FFF7FEFF 		bl	cfg_write_bytes32
 379              	.LVL33:
 387:Generated_Source\PSoC4/cyfitter_cfg.c **** 
 388:Generated_Source\PSoC4/cyfitter_cfg.c **** 		/* HSIOM Starting address: CYDEV_HSIOM_BASE */
 389:Generated_Source\PSoC4/cyfitter_cfg.c **** 		CY_SET_REG32((void *)(CYREG_HSIOM_PORT_SEL3), 0x0000EE00u);
 380              		.loc 1 389 0
 381 00c8 EE22     		movs	r2, #238
 382 00ca 1202     		lsls	r2, r2, #8
 383 00cc 164B     		ldr	r3, .L21+4
 384 00ce 1A60     		str	r2, [r3]
 390:Generated_Source\PSoC4/cyfitter_cfg.c **** 
 391:Generated_Source\PSoC4/cyfitter_cfg.c **** 		/* UDB_PA_0 Starting address: CYDEV_UDB_PA0_BASE */
 392:Generated_Source\PSoC4/cyfitter_cfg.c **** 		CY_SET_REG32((void *)(CYDEV_UDB_PA0_BASE), 0x00990000u);
 385              		.loc 1 392 0
 386 00d0 9923     		movs	r3, #153
 387 00d2 1B04     		lsls	r3, r3, #16
 388 00d4 154A     		ldr	r2, .L21+8
 389 00d6 1360     		str	r3, [r2]
 393:Generated_Source\PSoC4/cyfitter_cfg.c **** 
 394:Generated_Source\PSoC4/cyfitter_cfg.c **** 		/* UDB_PA_3 Starting address: CYDEV_UDB_PA3_BASE */
 395:Generated_Source\PSoC4/cyfitter_cfg.c **** 		CY_SET_REG32((void *)(CYDEV_UDB_PA3_BASE), 0x00990000u);
 390              		.loc 1 395 0
 391 00d8 154A     		ldr	r2, .L21+12
 392 00da 1360     		str	r3, [r2]
ARM GAS  C:\Users\latao\AppData\Local\Temp\ccK18xZs.s 			page 15


 396:Generated_Source\PSoC4/cyfitter_cfg.c **** 		CY_SET_REG32((void *)(CYREG_UDB_PA3_CFG8), 0x20000000u);
 393              		.loc 1 396 0
 394 00dc 8022     		movs	r2, #128
 395 00de 9205     		lsls	r2, r2, #22
 396 00e0 144B     		ldr	r3, .L21+16
 397 00e2 1A60     		str	r2, [r3]
 397:Generated_Source\PSoC4/cyfitter_cfg.c **** 
 398:Generated_Source\PSoC4/cyfitter_cfg.c **** 		/* Enable UDB array and digital routing */
 399:Generated_Source\PSoC4/cyfitter_cfg.c **** 		CY_SET_XTND_REG8((void *)CYREG_UDB_UDBIF_WAIT_CFG, (uint8)((CY_GET_XTND_REG8((void *)CYREG_UDB_UD
 398              		.loc 1 399 0
 399 00e4 1449     		ldr	r1, .L21+20
 400 00e6 0B78     		ldrb	r3, [r1]
 401 00e8 3C22     		movs	r2, #60
 402 00ea 9343     		bics	r3, r2
 403 00ec 1422     		movs	r2, #20
 404 00ee 1343     		orrs	r3, r2
 405 00f0 DBB2     		uxtb	r3, r3
 406 00f2 0B70     		strb	r3, [r1]
 400:Generated_Source\PSoC4/cyfitter_cfg.c **** 		CY_SET_XTND_REG8((void *)CYREG_UDB_UDBIF_BANK_CTL, (uint8)(CY_GET_XTND_REG8((void *)CYREG_UDB_UDB
 407              		.loc 1 400 0
 408 00f4 114A     		ldr	r2, .L21+24
 409 00f6 1178     		ldrb	r1, [r2]
 410 00f8 1623     		movs	r3, #22
 411 00fa 0B43     		orrs	r3, r1
 412 00fc DBB2     		uxtb	r3, r3
 413 00fe 1370     		strb	r3, [r2]
 414              	.LBE3:
 401:Generated_Source\PSoC4/cyfitter_cfg.c **** 	}
 402:Generated_Source\PSoC4/cyfitter_cfg.c **** 
 403:Generated_Source\PSoC4/cyfitter_cfg.c **** 	/* Perform second pass device configuration. These items must be configured in specific order afte
 404:Generated_Source\PSoC4/cyfitter_cfg.c **** 	/* IOPINS0_0 Starting address: CYDEV_PRT0_BASE */
 405:Generated_Source\PSoC4/cyfitter_cfg.c **** 	CY_SET_REG32((void *)(CYREG_PRT0_PC), 0x00000006u);
 415              		.loc 1 405 0
 416 0100 0622     		movs	r2, #6
 417 0102 0F4B     		ldr	r3, .L21+28
 418 0104 1A60     		str	r2, [r3]
 406:Generated_Source\PSoC4/cyfitter_cfg.c **** 
 407:Generated_Source\PSoC4/cyfitter_cfg.c **** 	/* IOPINS0_3 Starting address: CYDEV_PRT3_BASE */
 408:Generated_Source\PSoC4/cyfitter_cfg.c **** 	CY_SET_REG32((void *)(CYREG_PRT3_PC), 0x00000D80u);
 419              		.loc 1 408 0
 420 0106 D822     		movs	r2, #216
 421 0108 1201     		lsls	r2, r2, #4
 422 010a 0E4B     		ldr	r3, .L21+32
 423 010c 1A60     		str	r2, [r3]
 409:Generated_Source\PSoC4/cyfitter_cfg.c **** 	CY_SET_REG32((void *)(CYREG_PRT3_PC2), 0x00000010u);
 424              		.loc 1 409 0
 425 010e 1022     		movs	r2, #16
 426 0110 0D4B     		ldr	r3, .L21+36
 427 0112 1A60     		str	r2, [r3]
 410:Generated_Source\PSoC4/cyfitter_cfg.c **** 
 411:Generated_Source\PSoC4/cyfitter_cfg.c **** 	/* IOPINS0_4 Starting address: CYDEV_PRT4_BASE */
 412:Generated_Source\PSoC4/cyfitter_cfg.c **** 	CY_SET_REG32((void *)(CYREG_PRT4_PC2), 0x00000004u);
 428              		.loc 1 412 0
 429 0114 0C3A     		subs	r2, r2, #12
 430 0116 0D4B     		ldr	r3, .L21+40
 431 0118 1A60     		str	r2, [r3]
 413:Generated_Source\PSoC4/cyfitter_cfg.c **** 
ARM GAS  C:\Users\latao\AppData\Local\Temp\ccK18xZs.s 			page 16


 414:Generated_Source\PSoC4/cyfitter_cfg.c **** 
 415:Generated_Source\PSoC4/cyfitter_cfg.c **** 	/* Setup clocks based on selections from Clock DWR */
 416:Generated_Source\PSoC4/cyfitter_cfg.c **** 	ClockSetup();
 432              		.loc 1 416 0
 433 011a FFF771FF 		bl	ClockSetup
 434              	.LVL34:
 417:Generated_Source\PSoC4/cyfitter_cfg.c **** 
 418:Generated_Source\PSoC4/cyfitter_cfg.c **** 	/* Perform basic analog initialization to defaults */
 419:Generated_Source\PSoC4/cyfitter_cfg.c **** 	AnalogSetDefault();
 435              		.loc 1 419 0
 436 011e FFF7FEFF 		bl	AnalogSetDefault
 437              	.LVL35:
 420:Generated_Source\PSoC4/cyfitter_cfg.c **** 
 421:Generated_Source\PSoC4/cyfitter_cfg.c **** }
 438              		.loc 1 421 0
 439              		@ sp needed
 440              	.LVL36:
 441 0122 10BD     		pop	{r4, pc}
 442              	.L22:
 443              		.align	2
 444              	.L21:
 445 0124 00000000 		.word	.LANCHOR0
 446 0128 0C000140 		.word	1073807372
 447 012c 00500F40 		.word	1074745344
 448 0130 30500F40 		.word	1074745392
 449 0134 38500F40 		.word	1074745400
 450 0138 01700F40 		.word	1074753537
 451 013c 00700F40 		.word	1074753536
 452 0140 08000440 		.word	1074003976
 453 0144 08030440 		.word	1074004744
 454 0148 18030440 		.word	1074004760
 455 014c 18040440 		.word	1074005016
 456              		.cfi_endproc
 457              	.LFE7:
 458              		.size	cyfitter_cfg, .-cyfitter_cfg
 459              		.section	.rodata
 460              		.align	2
 461              		.set	.LANCHOR0,. + 0
 462              		.type	cfg_memset_list.4876, %object
 463              		.size	cfg_memset_list.4876, 12
 464              	cfg_memset_list.4876:
 465 0000 00300F40 		.word	1074737152
 466 0004 0004     		.short	1024
 467 0006 00400F40 		.4byte	1074741248
 468 000a 0004     		.short	1024
 469              		.type	cy_cfg_data_table.4871, %object
 470              		.size	cy_cfg_data_table.4871, 30
 471              	cy_cfg_data_table.4871:
 472 000c 38       		.byte	56
 473 000d 80       		.byte	-128
 474 000e 3E       		.byte	62
 475 000f 40       		.byte	64
 476 0010 58       		.byte	88
 477 0011 04       		.byte	4
 478 0012 5F       		.byte	95
 479 0013 01       		.byte	1
 480 0014 18       		.byte	24
ARM GAS  C:\Users\latao\AppData\Local\Temp\ccK18xZs.s 			page 17


 481 0015 01       		.byte	1
 482 0016 B4       		.byte	-76
 483 0017 01       		.byte	1
 484 0018 6C       		.byte	108
 485 0019 40       		.byte	64
 486 001a 70       		.byte	112
 487 001b 08       		.byte	8
 488 001c DC       		.byte	-36
 489 001d 03       		.byte	3
 490 001e 61       		.byte	97
 491 001f 02       		.byte	2
 492 0020 A1       		.byte	-95
 493 0021 02       		.byte	2
 494 0022 B4       		.byte	-76
 495 0023 48       		.byte	72
 496 0024 B5       		.byte	-75
 497 0025 02       		.byte	2
 498 0026 D8       		.byte	-40
 499 0027 02       		.byte	2
 500 0028 EC       		.byte	-20
 501 0029 08       		.byte	8
 502 002a 0000     		.space	2
 503              		.type	cy_cfg_addr_table.4870, %object
 504              		.size	cy_cfg_addr_table.4870, 20
 505              	cy_cfg_addr_table.4870:
 506 002c 04300F40 		.word	1074737156
 507 0030 01310F40 		.word	1074737409
 508 0034 01330F40 		.word	1074737921
 509 0038 03420F40 		.word	1074741763
 510 003c 06430F40 		.word	1074742022
 511              		.text
 512              	.Letext0:
 513              		.file 2 "c:\\program files (x86)\\cypress\\psoc creator\\4.4\\psoc creator\\import\\gnu\\arm\\5.4.
 514              		.file 3 "Generated_Source\\PSoC4\\cytypes.h"
 515              		.file 4 "Generated_Source\\PSoC4\\CyLib.h"
 516              		.section	.debug_info,"",%progbits
 517              	.Ldebug_info0:
 518 0000 00040000 		.4byte	0x400
 519 0004 0400     		.2byte	0x4
 520 0006 00000000 		.4byte	.Ldebug_abbrev0
 521 000a 04       		.byte	0x4
 522 000b 01       		.uleb128 0x1
 523 000c 83010000 		.4byte	.LASF44
 524 0010 0C       		.byte	0xc
 525 0011 B8020000 		.4byte	.LASF45
 526 0015 57010000 		.4byte	.LASF46
 527 0019 00000000 		.4byte	.Ldebug_ranges0+0
 528 001d 00000000 		.4byte	0
 529 0021 00000000 		.4byte	.Ldebug_line0
 530 0025 02       		.uleb128 0x2
 531 0026 04       		.byte	0x4
 532 0027 05       		.byte	0x5
 533 0028 696E7400 		.ascii	"int\000"
 534 002c 03       		.uleb128 0x3
 535 002d 06000000 		.4byte	.LASF12
 536 0031 02       		.byte	0x2
 537 0032 D8       		.byte	0xd8
ARM GAS  C:\Users\latao\AppData\Local\Temp\ccK18xZs.s 			page 18


 538 0033 37000000 		.4byte	0x37
 539 0037 04       		.uleb128 0x4
 540 0038 04       		.byte	0x4
 541 0039 07       		.byte	0x7
 542 003a 1E010000 		.4byte	.LASF0
 543 003e 04       		.uleb128 0x4
 544 003f 08       		.byte	0x8
 545 0040 05       		.byte	0x5
 546 0041 43020000 		.4byte	.LASF1
 547 0045 04       		.uleb128 0x4
 548 0046 08       		.byte	0x8
 549 0047 04       		.byte	0x4
 550 0048 A0020000 		.4byte	.LASF2
 551 004c 04       		.uleb128 0x4
 552 004d 01       		.byte	0x1
 553 004e 06       		.byte	0x6
 554 004f AC020000 		.4byte	.LASF3
 555 0053 04       		.uleb128 0x4
 556 0054 01       		.byte	0x1
 557 0055 08       		.byte	0x8
 558 0056 C0000000 		.4byte	.LASF4
 559 005a 04       		.uleb128 0x4
 560 005b 02       		.byte	0x2
 561 005c 05       		.byte	0x5
 562 005d 78020000 		.4byte	.LASF5
 563 0061 04       		.uleb128 0x4
 564 0062 02       		.byte	0x2
 565 0063 07       		.byte	0x7
 566 0064 30020000 		.4byte	.LASF6
 567 0068 04       		.uleb128 0x4
 568 0069 04       		.byte	0x4
 569 006a 05       		.byte	0x5
 570 006b 97020000 		.4byte	.LASF7
 571 006f 04       		.uleb128 0x4
 572 0070 04       		.byte	0x4
 573 0071 07       		.byte	0x7
 574 0072 88000000 		.4byte	.LASF8
 575 0076 04       		.uleb128 0x4
 576 0077 08       		.byte	0x8
 577 0078 07       		.byte	0x7
 578 0079 40010000 		.4byte	.LASF9
 579 007d 04       		.uleb128 0x4
 580 007e 04       		.byte	0x4
 581 007f 07       		.byte	0x7
 582 0080 27020000 		.4byte	.LASF10
 583 0084 05       		.uleb128 0x5
 584 0085 04       		.byte	0x4
 585 0086 04       		.uleb128 0x4
 586 0087 01       		.byte	0x1
 587 0088 08       		.byte	0x8
 588 0089 51020000 		.4byte	.LASF11
 589 008d 06       		.uleb128 0x6
 590 008e 9A000000 		.4byte	.LASF13
 591 0092 03       		.byte	0x3
 592 0093 FB01     		.2byte	0x1fb
 593 0095 53000000 		.4byte	0x53
 594 0099 06       		.uleb128 0x6
ARM GAS  C:\Users\latao\AppData\Local\Temp\ccK18xZs.s 			page 19


 595 009a 05010000 		.4byte	.LASF14
 596 009e 03       		.byte	0x3
 597 009f FC01     		.2byte	0x1fc
 598 00a1 61000000 		.4byte	0x61
 599 00a5 06       		.uleb128 0x6
 600 00a6 17010000 		.4byte	.LASF15
 601 00aa 03       		.byte	0x3
 602 00ab FD01     		.2byte	0x1fd
 603 00ad 6F000000 		.4byte	0x6f
 604 00b1 04       		.uleb128 0x4
 605 00b2 04       		.byte	0x4
 606 00b3 04       		.byte	0x4
 607 00b4 68000000 		.4byte	.LASF16
 608 00b8 04       		.uleb128 0x4
 609 00b9 08       		.byte	0x8
 610 00ba 04       		.byte	0x4
 611 00bb D5000000 		.4byte	.LASF17
 612 00bf 06       		.uleb128 0x6
 613 00c0 83000000 		.4byte	.LASF18
 614 00c4 03       		.byte	0x3
 615 00c5 A502     		.2byte	0x2a5
 616 00c7 CB000000 		.4byte	0xcb
 617 00cb 07       		.uleb128 0x7
 618 00cc 8D000000 		.4byte	0x8d
 619 00d0 06       		.uleb128 0x6
 620 00d1 00000000 		.4byte	.LASF19
 621 00d5 03       		.byte	0x3
 622 00d6 A702     		.2byte	0x2a7
 623 00d8 DC000000 		.4byte	0xdc
 624 00dc 07       		.uleb128 0x7
 625 00dd A5000000 		.4byte	0xa5
 626 00e1 08       		.uleb128 0x8
 627 00e2 02       		.byte	0x2
 628 00e3 01       		.byte	0x1
 629 00e4 97       		.byte	0x97
 630 00e5 02010000 		.4byte	0x102
 631 00e9 09       		.uleb128 0x9
 632 00ea 69020000 		.4byte	.LASF20
 633 00ee 01       		.byte	0x1
 634 00ef 99       		.byte	0x99
 635 00f0 8D000000 		.4byte	0x8d
 636 00f4 00       		.byte	0
 637 00f5 09       		.uleb128 0x9
 638 00f6 2D000000 		.4byte	.LASF21
 639 00fa 01       		.byte	0x1
 640 00fb 9A       		.byte	0x9a
 641 00fc 8D000000 		.4byte	0x8d
 642 0100 01       		.byte	0x1
 643 0101 00       		.byte	0
 644 0102 03       		.uleb128 0x3
 645 0103 56020000 		.4byte	.LASF22
 646 0107 01       		.byte	0x1
 647 0108 9B       		.byte	0x9b
 648 0109 E1000000 		.4byte	0xe1
 649 010d 0A       		.uleb128 0xa
 650 010e DC000000 		.4byte	.LASF27
 651 0112 01       		.byte	0x1
ARM GAS  C:\Users\latao\AppData\Local\Temp\ccK18xZs.s 			page 20


 652 0113 AE       		.byte	0xae
 653 0114 00000000 		.4byte	.LFB3
 654 0118 32000000 		.4byte	.LFE3-.LFB3
 655 011c 01       		.uleb128 0x1
 656 011d 9C       		.byte	0x9c
 657 011e 7F010000 		.4byte	0x17f
 658 0122 0B       		.uleb128 0xb
 659 0123 FA000000 		.4byte	.LASF23
 660 0127 01       		.byte	0x1
 661 0128 AE       		.byte	0xae
 662 0129 7F010000 		.4byte	0x17f
 663 012d 01       		.uleb128 0x1
 664 012e 50       		.byte	0x50
 665 012f 0B       		.uleb128 0xb
 666 0130 0C010000 		.4byte	.LASF24
 667 0134 01       		.byte	0x1
 668 0135 AE       		.byte	0xae
 669 0136 8A010000 		.4byte	0x18a
 670 013a 01       		.uleb128 0x1
 671 013b 51       		.byte	0x51
 672 013c 0C       		.uleb128 0xc
 673 013d 6900     		.ascii	"i\000"
 674 013f 01       		.byte	0x1
 675 0140 B1       		.byte	0xb1
 676 0141 A5000000 		.4byte	0xa5
 677 0145 00000000 		.4byte	.LLST0
 678 0149 0C       		.uleb128 0xc
 679 014a 6A00     		.ascii	"j\000"
 680 014c 01       		.byte	0x1
 681 014d B1       		.byte	0xb1
 682 014e A5000000 		.4byte	0xa5
 683 0152 1F000000 		.4byte	.LLST1
 684 0156 0D       		.uleb128 0xd
 685 0157 08000000 		.4byte	.LBB2
 686 015b 22000000 		.4byte	.LBE2-.LBB2
 687 015f 0E       		.uleb128 0xe
 688 0160 1E020000 		.4byte	.LASF25
 689 0164 01       		.byte	0x1
 690 0165 B4       		.byte	0xb4
 691 0166 A5000000 		.4byte	0xa5
 692 016a 3E000000 		.4byte	.LLST2
 693 016e 0E       		.uleb128 0xe
 694 016f 33000000 		.4byte	.LASF26
 695 0173 01       		.byte	0x1
 696 0174 B5       		.byte	0xb5
 697 0175 8D000000 		.4byte	0x8d
 698 0179 51000000 		.4byte	.LLST3
 699 017d 00       		.byte	0
 700 017e 00       		.byte	0
 701 017f 0F       		.uleb128 0xf
 702 0180 04       		.byte	0x4
 703 0181 85010000 		.4byte	0x185
 704 0185 10       		.uleb128 0x10
 705 0186 A5000000 		.4byte	0xa5
 706 018a 0F       		.uleb128 0xf
 707 018b 04       		.byte	0x4
 708 018c 90010000 		.4byte	0x190
ARM GAS  C:\Users\latao\AppData\Local\Temp\ccK18xZs.s 			page 21


 709 0190 10       		.uleb128 0x10
 710 0191 02010000 		.4byte	0x102
 711 0195 0A       		.uleb128 0xa
 712 0196 A0000000 		.4byte	.LASF28
 713 019a 01       		.byte	0x1
 714 019b 4C       		.byte	0x4c
 715 019c 00000000 		.4byte	.LFB0
 716 01a0 0C000000 		.4byte	.LFE0-.LFB0
 717 01a4 01       		.uleb128 0x1
 718 01a5 9C       		.byte	0x9c
 719 01a6 E2010000 		.4byte	0x1e2
 720 01aa 11       		.uleb128 0x11
 721 01ab 7300     		.ascii	"s\000"
 722 01ad 01       		.byte	0x1
 723 01ae 4C       		.byte	0x4c
 724 01af 84000000 		.4byte	0x84
 725 01b3 6F000000 		.4byte	.LLST4
 726 01b7 11       		.uleb128 0x11
 727 01b8 6E00     		.ascii	"n\000"
 728 01ba 01       		.byte	0x1
 729 01bb 4C       		.byte	0x4c
 730 01bc 2C000000 		.4byte	0x2c
 731 01c0 90000000 		.4byte	.LLST5
 732 01c4 12       		.uleb128 0x12
 733 01c5 0A000000 		.4byte	.LVL14
 734 01c9 D9030000 		.4byte	0x3d9
 735 01cd 13       		.uleb128 0x13
 736 01ce 01       		.uleb128 0x1
 737 01cf 50       		.byte	0x50
 738 01d0 03       		.uleb128 0x3
 739 01d1 F3       		.byte	0xf3
 740 01d2 01       		.uleb128 0x1
 741 01d3 50       		.byte	0x50
 742 01d4 13       		.uleb128 0x13
 743 01d5 01       		.uleb128 0x1
 744 01d6 51       		.byte	0x51
 745 01d7 01       		.uleb128 0x1
 746 01d8 30       		.byte	0x30
 747 01d9 13       		.uleb128 0x13
 748 01da 01       		.uleb128 0x1
 749 01db 52       		.byte	0x52
 750 01dc 03       		.uleb128 0x3
 751 01dd F3       		.byte	0xf3
 752 01de 01       		.uleb128 0x1
 753 01df 51       		.byte	0x51
 754 01e0 00       		.byte	0
 755 01e1 00       		.byte	0
 756 01e2 0A       		.uleb128 0xa
 757 01e3 39000000 		.4byte	.LASF29
 758 01e7 01       		.byte	0x1
 759 01e8 D3       		.byte	0xd3
 760 01e9 00000000 		.4byte	.LFB4
 761 01ed 90000000 		.4byte	.LFE4-.LFB4
 762 01f1 01       		.uleb128 0x1
 763 01f2 9C       		.byte	0x9c
 764 01f3 2D020000 		.4byte	0x22d
 765 01f7 14       		.uleb128 0x14
ARM GAS  C:\Users\latao\AppData\Local\Temp\ccK18xZs.s 			page 22


 766 01f8 14000000 		.4byte	.LVL15
 767 01fc E2030000 		.4byte	0x3e2
 768 0200 0A020000 		.4byte	0x20a
 769 0204 13       		.uleb128 0x13
 770 0205 01       		.uleb128 0x1
 771 0206 50       		.byte	0x50
 772 0207 01       		.uleb128 0x1
 773 0208 48       		.byte	0x48
 774 0209 00       		.byte	0
 775 020a 14       		.uleb128 0x14
 776 020b 4E000000 		.4byte	.LVL16
 777 020f ED030000 		.4byte	0x3ed
 778 0213 1D020000 		.4byte	0x21d
 779 0217 13       		.uleb128 0x13
 780 0218 01       		.uleb128 0x1
 781 0219 50       		.byte	0x50
 782 021a 01       		.uleb128 0x1
 783 021b 39       		.byte	0x39
 784 021c 00       		.byte	0
 785 021d 12       		.uleb128 0x12
 786 021e 54000000 		.4byte	.LVL17
 787 0222 F8030000 		.4byte	0x3f8
 788 0226 13       		.uleb128 0x13
 789 0227 01       		.uleb128 0x1
 790 0228 50       		.byte	0x50
 791 0229 01       		.uleb128 0x1
 792 022a 39       		.byte	0x39
 793 022b 00       		.byte	0
 794 022c 00       		.byte	0
 795 022d 15       		.uleb128 0x15
 796 022e AA000000 		.4byte	.LASF33
 797 0232 01       		.byte	0x1
 798 0233 2001     		.2byte	0x120
 799 0235 00000000 		.4byte	.LFB6
 800 0239 40000000 		.4byte	.LFE6-.LFB6
 801 023d 01       		.uleb128 0x1
 802 023e 9C       		.byte	0x9c
 803 023f 62020000 		.4byte	0x262
 804 0243 16       		.uleb128 0x16
 805 0244 70020000 		.4byte	.LASF30
 806 0248 01       		.byte	0x1
 807 0249 2001     		.2byte	0x120
 808 024b 8D000000 		.4byte	0x8d
 809 024f 01       		.uleb128 0x1
 810 0250 50       		.byte	0x50
 811 0251 17       		.uleb128 0x17
 812 0252 DE020000 		.4byte	.LASF31
 813 0256 01       		.byte	0x1
 814 0257 2201     		.2byte	0x122
 815 0259 A5000000 		.4byte	0xa5
 816 025d BC000000 		.4byte	.LLST6
 817 0261 00       		.byte	0
 818 0262 18       		.uleb128 0x18
 819 0263 0D000000 		.4byte	.LASF32
 820 0267 01       		.byte	0x1
 821 0268 0A01     		.2byte	0x10a
 822 026a 00000000 		.4byte	.LFB5
ARM GAS  C:\Users\latao\AppData\Local\Temp\ccK18xZs.s 			page 23


 823 026e 0A000000 		.4byte	.LFE5-.LFB5
 824 0272 01       		.uleb128 0x1
 825 0273 9C       		.byte	0x9c
 826 0274 88020000 		.4byte	0x288
 827 0278 12       		.uleb128 0x12
 828 0279 08000000 		.4byte	.LVL27
 829 027d 2D020000 		.4byte	0x22d
 830 0281 13       		.uleb128 0x13
 831 0282 01       		.uleb128 0x1
 832 0283 50       		.byte	0x50
 833 0284 01       		.uleb128 0x1
 834 0285 31       		.byte	0x31
 835 0286 00       		.byte	0
 836 0287 00       		.byte	0
 837 0288 15       		.uleb128 0x15
 838 0289 2B010000 		.4byte	.LASF34
 839 028d 01       		.byte	0x1
 840 028e 4C01     		.2byte	0x14c
 841 0290 90000000 		.4byte	.LFB7
 842 0294 C0000000 		.4byte	.LFE7-.LFB7
 843 0298 01       		.uleb128 0x1
 844 0299 9C       		.byte	0x9c
 845 029a AF030000 		.4byte	0x3af
 846 029e 19       		.uleb128 0x19
 847 029f 94000000 		.4byte	.LBB3
 848 02a3 6C000000 		.4byte	.LBE3-.LBB3
 849 02a7 9C030000 		.4byte	0x39c
 850 02ab 1A       		.uleb128 0x1a
 851 02ac 44000000 		.4byte	.LASF35
 852 02b0 01       		.byte	0x1
 853 02b1 5201     		.2byte	0x152
 854 02b3 BF030000 		.4byte	0x3bf
 855 02b7 05       		.uleb128 0x5
 856 02b8 03       		.byte	0x3
 857 02b9 2C000000 		.4byte	cy_cfg_addr_table.4870
 858 02bd 1A       		.uleb128 0x1a
 859 02be 56000000 		.4byte	.LASF36
 860 02c2 01       		.byte	0x1
 861 02c3 5A01     		.2byte	0x15a
 862 02c5 D4030000 		.4byte	0x3d4
 863 02c9 05       		.uleb128 0x5
 864 02ca 03       		.byte	0x3
 865 02cb 0C000000 		.4byte	cy_cfg_data_table.4871
 866 02cf 1B       		.uleb128 0x1b
 867 02d0 06       		.byte	0x6
 868 02d1 01       		.byte	0x1
 869 02d2 6E01     		.2byte	0x16e
 870 02d4 F3020000 		.4byte	0x2f3
 871 02d8 1C       		.uleb128 0x1c
 872 02d9 38010000 		.4byte	.LASF37
 873 02dd 01       		.byte	0x1
 874 02de 6F01     		.2byte	0x16f
 875 02e0 84000000 		.4byte	0x84
 876 02e4 00       		.byte	0
 877 02e5 1C       		.uleb128 0x1c
 878 02e6 7E000000 		.4byte	.LASF38
 879 02ea 01       		.byte	0x1
ARM GAS  C:\Users\latao\AppData\Local\Temp\ccK18xZs.s 			page 24


 880 02eb 7001     		.2byte	0x170
 881 02ed 99000000 		.4byte	0x99
 882 02f1 04       		.byte	0x4
 883 02f2 00       		.byte	0
 884 02f3 06       		.uleb128 0x6
 885 02f4 11020000 		.4byte	.LASF39
 886 02f8 01       		.byte	0x1
 887 02f9 7101     		.2byte	0x171
 888 02fb CF020000 		.4byte	0x2cf
 889 02ff 1D       		.uleb128 0x1d
 890 0300 0F030000 		.4byte	0x30f
 891 0304 0F030000 		.4byte	0x30f
 892 0308 1E       		.uleb128 0x1e
 893 0309 7D000000 		.4byte	0x7d
 894 030d 01       		.byte	0x1
 895 030e 00       		.byte	0
 896 030f 10       		.uleb128 0x10
 897 0310 F3020000 		.4byte	0x2f3
 898 0314 1A       		.uleb128 0x1a
 899 0315 6E000000 		.4byte	.LASF40
 900 0319 01       		.byte	0x1
 901 031a 7301     		.2byte	0x173
 902 031c 26030000 		.4byte	0x326
 903 0320 05       		.uleb128 0x5
 904 0321 03       		.byte	0x3
 905 0322 00000000 		.4byte	cfg_memset_list.4876
 906 0326 10       		.uleb128 0x10
 907 0327 FF020000 		.4byte	0x2ff
 908 032b 1F       		.uleb128 0x1f
 909 032c 6900     		.ascii	"i\000"
 910 032e 01       		.byte	0x1
 911 032f 7901     		.2byte	0x179
 912 0331 8D000000 		.4byte	0x8d
 913 0335 F1000000 		.4byte	.LLST7
 914 0339 19       		.uleb128 0x19
 915 033a 98000000 		.4byte	.LBB4
 916 033e 1C000000 		.4byte	.LBE4-.LBB4
 917 0342 7F030000 		.4byte	0x37f
 918 0346 1F       		.uleb128 0x1f
 919 0347 6D7300   		.ascii	"ms\000"
 920 034a 01       		.byte	0x1
 921 034b 7E01     		.2byte	0x17e
 922 034d 55030000 		.4byte	0x355
 923 0351 1B010000 		.4byte	.LLST8
 924 0355 0F       		.uleb128 0xf
 925 0356 04       		.byte	0x4
 926 0357 0F030000 		.4byte	0x30f
 927 035b 12       		.uleb128 0x12
 928 035c B4000000 		.4byte	.LVL30
 929 0360 95010000 		.4byte	0x195
 930 0364 13       		.uleb128 0x13
 931 0365 01       		.uleb128 0x1
 932 0366 51       		.byte	0x51
 933 0367 15       		.uleb128 0x15
 934 0368 74       		.byte	0x74
 935 0369 00       		.sleb128 0
 936 036a 31       		.byte	0x31
ARM GAS  C:\Users\latao\AppData\Local\Temp\ccK18xZs.s 			page 25


 937 036b 24       		.byte	0x24
 938 036c 74       		.byte	0x74
 939 036d 00       		.sleb128 0
 940 036e 22       		.byte	0x22
 941 036f 31       		.byte	0x31
 942 0370 24       		.byte	0x24
 943 0371 03       		.byte	0x3
 944 0372 04000000 		.4byte	.LANCHOR0+4
 945 0376 22       		.byte	0x22
 946 0377 94       		.byte	0x94
 947 0378 02       		.byte	0x2
 948 0379 0A       		.byte	0xa
 949 037a FFFF     		.2byte	0xffff
 950 037c 1A       		.byte	0x1a
 951 037d 00       		.byte	0
 952 037e 00       		.byte	0
 953 037f 12       		.uleb128 0x12
 954 0380 C8000000 		.4byte	.LVL33
 955 0384 0D010000 		.4byte	0x10d
 956 0388 13       		.uleb128 0x13
 957 0389 01       		.uleb128 0x1
 958 038a 50       		.byte	0x50
 959 038b 05       		.uleb128 0x5
 960 038c 03       		.byte	0x3
 961 038d 2C000000 		.4byte	.LANCHOR0+44
 962 0391 13       		.uleb128 0x13
 963 0392 01       		.uleb128 0x1
 964 0393 51       		.byte	0x51
 965 0394 05       		.uleb128 0x5
 966 0395 03       		.byte	0x3
 967 0396 0C000000 		.4byte	.LANCHOR0+12
 968 039a 00       		.byte	0
 969 039b 00       		.byte	0
 970 039c 20       		.uleb128 0x20
 971 039d 1E010000 		.4byte	.LVL34
 972 03a1 E2010000 		.4byte	0x1e2
 973 03a5 20       		.uleb128 0x20
 974 03a6 22010000 		.4byte	.LVL35
 975 03aa 62020000 		.4byte	0x262
 976 03ae 00       		.byte	0
 977 03af 1D       		.uleb128 0x1d
 978 03b0 85010000 		.4byte	0x185
 979 03b4 BF030000 		.4byte	0x3bf
 980 03b8 1E       		.uleb128 0x1e
 981 03b9 7D000000 		.4byte	0x7d
 982 03bd 04       		.byte	0x4
 983 03be 00       		.byte	0
 984 03bf 10       		.uleb128 0x10
 985 03c0 AF030000 		.4byte	0x3af
 986 03c4 1D       		.uleb128 0x1d
 987 03c5 90010000 		.4byte	0x190
 988 03c9 D4030000 		.4byte	0x3d4
 989 03cd 1E       		.uleb128 0x1e
 990 03ce 7D000000 		.4byte	0x7d
 991 03d2 0E       		.byte	0xe
 992 03d3 00       		.byte	0
 993 03d4 10       		.uleb128 0x10
ARM GAS  C:\Users\latao\AppData\Local\Temp\ccK18xZs.s 			page 26


 994 03d5 C4030000 		.4byte	0x3c4
 995 03d9 21       		.uleb128 0x21
 996 03da CE000000 		.4byte	.LASF47
 997 03de CE000000 		.4byte	.LASF47
 998 03e2 22       		.uleb128 0x22
 999 03e3 82020000 		.4byte	.LASF41
 1000 03e7 82020000 		.4byte	.LASF41
 1001 03eb 04       		.byte	0x4
 1002 03ec 6C       		.byte	0x6c
 1003 03ed 22       		.uleb128 0x22
 1004 03ee 1E000000 		.4byte	.LASF42
 1005 03f2 1E000000 		.4byte	.LASF42
 1006 03f6 04       		.byte	0x4
 1007 03f7 D0       		.byte	0xd0
 1008 03f8 22       		.uleb128 0x22
 1009 03f9 EE000000 		.4byte	.LASF43
 1010 03fd EE000000 		.4byte	.LASF43
 1011 0401 04       		.byte	0x4
 1012 0402 D6       		.byte	0xd6
 1013 0403 00       		.byte	0
 1014              		.section	.debug_abbrev,"",%progbits
 1015              	.Ldebug_abbrev0:
 1016 0000 01       		.uleb128 0x1
 1017 0001 11       		.uleb128 0x11
 1018 0002 01       		.byte	0x1
 1019 0003 25       		.uleb128 0x25
 1020 0004 0E       		.uleb128 0xe
 1021 0005 13       		.uleb128 0x13
 1022 0006 0B       		.uleb128 0xb
 1023 0007 03       		.uleb128 0x3
 1024 0008 0E       		.uleb128 0xe
 1025 0009 1B       		.uleb128 0x1b
 1026 000a 0E       		.uleb128 0xe
 1027 000b 55       		.uleb128 0x55
 1028 000c 17       		.uleb128 0x17
 1029 000d 11       		.uleb128 0x11
 1030 000e 01       		.uleb128 0x1
 1031 000f 10       		.uleb128 0x10
 1032 0010 17       		.uleb128 0x17
 1033 0011 00       		.byte	0
 1034 0012 00       		.byte	0
 1035 0013 02       		.uleb128 0x2
 1036 0014 24       		.uleb128 0x24
 1037 0015 00       		.byte	0
 1038 0016 0B       		.uleb128 0xb
 1039 0017 0B       		.uleb128 0xb
 1040 0018 3E       		.uleb128 0x3e
 1041 0019 0B       		.uleb128 0xb
 1042 001a 03       		.uleb128 0x3
 1043 001b 08       		.uleb128 0x8
 1044 001c 00       		.byte	0
 1045 001d 00       		.byte	0
 1046 001e 03       		.uleb128 0x3
 1047 001f 16       		.uleb128 0x16
 1048 0020 00       		.byte	0
 1049 0021 03       		.uleb128 0x3
 1050 0022 0E       		.uleb128 0xe
ARM GAS  C:\Users\latao\AppData\Local\Temp\ccK18xZs.s 			page 27


 1051 0023 3A       		.uleb128 0x3a
 1052 0024 0B       		.uleb128 0xb
 1053 0025 3B       		.uleb128 0x3b
 1054 0026 0B       		.uleb128 0xb
 1055 0027 49       		.uleb128 0x49
 1056 0028 13       		.uleb128 0x13
 1057 0029 00       		.byte	0
 1058 002a 00       		.byte	0
 1059 002b 04       		.uleb128 0x4
 1060 002c 24       		.uleb128 0x24
 1061 002d 00       		.byte	0
 1062 002e 0B       		.uleb128 0xb
 1063 002f 0B       		.uleb128 0xb
 1064 0030 3E       		.uleb128 0x3e
 1065 0031 0B       		.uleb128 0xb
 1066 0032 03       		.uleb128 0x3
 1067 0033 0E       		.uleb128 0xe
 1068 0034 00       		.byte	0
 1069 0035 00       		.byte	0
 1070 0036 05       		.uleb128 0x5
 1071 0037 0F       		.uleb128 0xf
 1072 0038 00       		.byte	0
 1073 0039 0B       		.uleb128 0xb
 1074 003a 0B       		.uleb128 0xb
 1075 003b 00       		.byte	0
 1076 003c 00       		.byte	0
 1077 003d 06       		.uleb128 0x6
 1078 003e 16       		.uleb128 0x16
 1079 003f 00       		.byte	0
 1080 0040 03       		.uleb128 0x3
 1081 0041 0E       		.uleb128 0xe
 1082 0042 3A       		.uleb128 0x3a
 1083 0043 0B       		.uleb128 0xb
 1084 0044 3B       		.uleb128 0x3b
 1085 0045 05       		.uleb128 0x5
 1086 0046 49       		.uleb128 0x49
 1087 0047 13       		.uleb128 0x13
 1088 0048 00       		.byte	0
 1089 0049 00       		.byte	0
 1090 004a 07       		.uleb128 0x7
 1091 004b 35       		.uleb128 0x35
 1092 004c 00       		.byte	0
 1093 004d 49       		.uleb128 0x49
 1094 004e 13       		.uleb128 0x13
 1095 004f 00       		.byte	0
 1096 0050 00       		.byte	0
 1097 0051 08       		.uleb128 0x8
 1098 0052 13       		.uleb128 0x13
 1099 0053 01       		.byte	0x1
 1100 0054 0B       		.uleb128 0xb
 1101 0055 0B       		.uleb128 0xb
 1102 0056 3A       		.uleb128 0x3a
 1103 0057 0B       		.uleb128 0xb
 1104 0058 3B       		.uleb128 0x3b
 1105 0059 0B       		.uleb128 0xb
 1106 005a 01       		.uleb128 0x1
 1107 005b 13       		.uleb128 0x13
ARM GAS  C:\Users\latao\AppData\Local\Temp\ccK18xZs.s 			page 28


 1108 005c 00       		.byte	0
 1109 005d 00       		.byte	0
 1110 005e 09       		.uleb128 0x9
 1111 005f 0D       		.uleb128 0xd
 1112 0060 00       		.byte	0
 1113 0061 03       		.uleb128 0x3
 1114 0062 0E       		.uleb128 0xe
 1115 0063 3A       		.uleb128 0x3a
 1116 0064 0B       		.uleb128 0xb
 1117 0065 3B       		.uleb128 0x3b
 1118 0066 0B       		.uleb128 0xb
 1119 0067 49       		.uleb128 0x49
 1120 0068 13       		.uleb128 0x13
 1121 0069 38       		.uleb128 0x38
 1122 006a 0B       		.uleb128 0xb
 1123 006b 00       		.byte	0
 1124 006c 00       		.byte	0
 1125 006d 0A       		.uleb128 0xa
 1126 006e 2E       		.uleb128 0x2e
 1127 006f 01       		.byte	0x1
 1128 0070 03       		.uleb128 0x3
 1129 0071 0E       		.uleb128 0xe
 1130 0072 3A       		.uleb128 0x3a
 1131 0073 0B       		.uleb128 0xb
 1132 0074 3B       		.uleb128 0x3b
 1133 0075 0B       		.uleb128 0xb
 1134 0076 27       		.uleb128 0x27
 1135 0077 19       		.uleb128 0x19
 1136 0078 11       		.uleb128 0x11
 1137 0079 01       		.uleb128 0x1
 1138 007a 12       		.uleb128 0x12
 1139 007b 06       		.uleb128 0x6
 1140 007c 40       		.uleb128 0x40
 1141 007d 18       		.uleb128 0x18
 1142 007e 9742     		.uleb128 0x2117
 1143 0080 19       		.uleb128 0x19
 1144 0081 01       		.uleb128 0x1
 1145 0082 13       		.uleb128 0x13
 1146 0083 00       		.byte	0
 1147 0084 00       		.byte	0
 1148 0085 0B       		.uleb128 0xb
 1149 0086 05       		.uleb128 0x5
 1150 0087 00       		.byte	0
 1151 0088 03       		.uleb128 0x3
 1152 0089 0E       		.uleb128 0xe
 1153 008a 3A       		.uleb128 0x3a
 1154 008b 0B       		.uleb128 0xb
 1155 008c 3B       		.uleb128 0x3b
 1156 008d 0B       		.uleb128 0xb
 1157 008e 49       		.uleb128 0x49
 1158 008f 13       		.uleb128 0x13
 1159 0090 02       		.uleb128 0x2
 1160 0091 18       		.uleb128 0x18
 1161 0092 00       		.byte	0
 1162 0093 00       		.byte	0
 1163 0094 0C       		.uleb128 0xc
 1164 0095 34       		.uleb128 0x34
ARM GAS  C:\Users\latao\AppData\Local\Temp\ccK18xZs.s 			page 29


 1165 0096 00       		.byte	0
 1166 0097 03       		.uleb128 0x3
 1167 0098 08       		.uleb128 0x8
 1168 0099 3A       		.uleb128 0x3a
 1169 009a 0B       		.uleb128 0xb
 1170 009b 3B       		.uleb128 0x3b
 1171 009c 0B       		.uleb128 0xb
 1172 009d 49       		.uleb128 0x49
 1173 009e 13       		.uleb128 0x13
 1174 009f 02       		.uleb128 0x2
 1175 00a0 17       		.uleb128 0x17
 1176 00a1 00       		.byte	0
 1177 00a2 00       		.byte	0
 1178 00a3 0D       		.uleb128 0xd
 1179 00a4 0B       		.uleb128 0xb
 1180 00a5 01       		.byte	0x1
 1181 00a6 11       		.uleb128 0x11
 1182 00a7 01       		.uleb128 0x1
 1183 00a8 12       		.uleb128 0x12
 1184 00a9 06       		.uleb128 0x6
 1185 00aa 00       		.byte	0
 1186 00ab 00       		.byte	0
 1187 00ac 0E       		.uleb128 0xe
 1188 00ad 34       		.uleb128 0x34
 1189 00ae 00       		.byte	0
 1190 00af 03       		.uleb128 0x3
 1191 00b0 0E       		.uleb128 0xe
 1192 00b1 3A       		.uleb128 0x3a
 1193 00b2 0B       		.uleb128 0xb
 1194 00b3 3B       		.uleb128 0x3b
 1195 00b4 0B       		.uleb128 0xb
 1196 00b5 49       		.uleb128 0x49
 1197 00b6 13       		.uleb128 0x13
 1198 00b7 02       		.uleb128 0x2
 1199 00b8 17       		.uleb128 0x17
 1200 00b9 00       		.byte	0
 1201 00ba 00       		.byte	0
 1202 00bb 0F       		.uleb128 0xf
 1203 00bc 0F       		.uleb128 0xf
 1204 00bd 00       		.byte	0
 1205 00be 0B       		.uleb128 0xb
 1206 00bf 0B       		.uleb128 0xb
 1207 00c0 49       		.uleb128 0x49
 1208 00c1 13       		.uleb128 0x13
 1209 00c2 00       		.byte	0
 1210 00c3 00       		.byte	0
 1211 00c4 10       		.uleb128 0x10
 1212 00c5 26       		.uleb128 0x26
 1213 00c6 00       		.byte	0
 1214 00c7 49       		.uleb128 0x49
 1215 00c8 13       		.uleb128 0x13
 1216 00c9 00       		.byte	0
 1217 00ca 00       		.byte	0
 1218 00cb 11       		.uleb128 0x11
 1219 00cc 05       		.uleb128 0x5
 1220 00cd 00       		.byte	0
 1221 00ce 03       		.uleb128 0x3
ARM GAS  C:\Users\latao\AppData\Local\Temp\ccK18xZs.s 			page 30


 1222 00cf 08       		.uleb128 0x8
 1223 00d0 3A       		.uleb128 0x3a
 1224 00d1 0B       		.uleb128 0xb
 1225 00d2 3B       		.uleb128 0x3b
 1226 00d3 0B       		.uleb128 0xb
 1227 00d4 49       		.uleb128 0x49
 1228 00d5 13       		.uleb128 0x13
 1229 00d6 02       		.uleb128 0x2
 1230 00d7 17       		.uleb128 0x17
 1231 00d8 00       		.byte	0
 1232 00d9 00       		.byte	0
 1233 00da 12       		.uleb128 0x12
 1234 00db 898201   		.uleb128 0x4109
 1235 00de 01       		.byte	0x1
 1236 00df 11       		.uleb128 0x11
 1237 00e0 01       		.uleb128 0x1
 1238 00e1 31       		.uleb128 0x31
 1239 00e2 13       		.uleb128 0x13
 1240 00e3 00       		.byte	0
 1241 00e4 00       		.byte	0
 1242 00e5 13       		.uleb128 0x13
 1243 00e6 8A8201   		.uleb128 0x410a
 1244 00e9 00       		.byte	0
 1245 00ea 02       		.uleb128 0x2
 1246 00eb 18       		.uleb128 0x18
 1247 00ec 9142     		.uleb128 0x2111
 1248 00ee 18       		.uleb128 0x18
 1249 00ef 00       		.byte	0
 1250 00f0 00       		.byte	0
 1251 00f1 14       		.uleb128 0x14
 1252 00f2 898201   		.uleb128 0x4109
 1253 00f5 01       		.byte	0x1
 1254 00f6 11       		.uleb128 0x11
 1255 00f7 01       		.uleb128 0x1
 1256 00f8 31       		.uleb128 0x31
 1257 00f9 13       		.uleb128 0x13
 1258 00fa 01       		.uleb128 0x1
 1259 00fb 13       		.uleb128 0x13
 1260 00fc 00       		.byte	0
 1261 00fd 00       		.byte	0
 1262 00fe 15       		.uleb128 0x15
 1263 00ff 2E       		.uleb128 0x2e
 1264 0100 01       		.byte	0x1
 1265 0101 3F       		.uleb128 0x3f
 1266 0102 19       		.uleb128 0x19
 1267 0103 03       		.uleb128 0x3
 1268 0104 0E       		.uleb128 0xe
 1269 0105 3A       		.uleb128 0x3a
 1270 0106 0B       		.uleb128 0xb
 1271 0107 3B       		.uleb128 0x3b
 1272 0108 05       		.uleb128 0x5
 1273 0109 27       		.uleb128 0x27
 1274 010a 19       		.uleb128 0x19
 1275 010b 11       		.uleb128 0x11
 1276 010c 01       		.uleb128 0x1
 1277 010d 12       		.uleb128 0x12
 1278 010e 06       		.uleb128 0x6
ARM GAS  C:\Users\latao\AppData\Local\Temp\ccK18xZs.s 			page 31


 1279 010f 40       		.uleb128 0x40
 1280 0110 18       		.uleb128 0x18
 1281 0111 9742     		.uleb128 0x2117
 1282 0113 19       		.uleb128 0x19
 1283 0114 01       		.uleb128 0x1
 1284 0115 13       		.uleb128 0x13
 1285 0116 00       		.byte	0
 1286 0117 00       		.byte	0
 1287 0118 16       		.uleb128 0x16
 1288 0119 05       		.uleb128 0x5
 1289 011a 00       		.byte	0
 1290 011b 03       		.uleb128 0x3
 1291 011c 0E       		.uleb128 0xe
 1292 011d 3A       		.uleb128 0x3a
 1293 011e 0B       		.uleb128 0xb
 1294 011f 3B       		.uleb128 0x3b
 1295 0120 05       		.uleb128 0x5
 1296 0121 49       		.uleb128 0x49
 1297 0122 13       		.uleb128 0x13
 1298 0123 02       		.uleb128 0x2
 1299 0124 18       		.uleb128 0x18
 1300 0125 00       		.byte	0
 1301 0126 00       		.byte	0
 1302 0127 17       		.uleb128 0x17
 1303 0128 34       		.uleb128 0x34
 1304 0129 00       		.byte	0
 1305 012a 03       		.uleb128 0x3
 1306 012b 0E       		.uleb128 0xe
 1307 012c 3A       		.uleb128 0x3a
 1308 012d 0B       		.uleb128 0xb
 1309 012e 3B       		.uleb128 0x3b
 1310 012f 05       		.uleb128 0x5
 1311 0130 49       		.uleb128 0x49
 1312 0131 13       		.uleb128 0x13
 1313 0132 02       		.uleb128 0x2
 1314 0133 17       		.uleb128 0x17
 1315 0134 00       		.byte	0
 1316 0135 00       		.byte	0
 1317 0136 18       		.uleb128 0x18
 1318 0137 2E       		.uleb128 0x2e
 1319 0138 01       		.byte	0x1
 1320 0139 03       		.uleb128 0x3
 1321 013a 0E       		.uleb128 0xe
 1322 013b 3A       		.uleb128 0x3a
 1323 013c 0B       		.uleb128 0xb
 1324 013d 3B       		.uleb128 0x3b
 1325 013e 05       		.uleb128 0x5
 1326 013f 27       		.uleb128 0x27
 1327 0140 19       		.uleb128 0x19
 1328 0141 11       		.uleb128 0x11
 1329 0142 01       		.uleb128 0x1
 1330 0143 12       		.uleb128 0x12
 1331 0144 06       		.uleb128 0x6
 1332 0145 40       		.uleb128 0x40
 1333 0146 18       		.uleb128 0x18
 1334 0147 9742     		.uleb128 0x2117
 1335 0149 19       		.uleb128 0x19
ARM GAS  C:\Users\latao\AppData\Local\Temp\ccK18xZs.s 			page 32


 1336 014a 01       		.uleb128 0x1
 1337 014b 13       		.uleb128 0x13
 1338 014c 00       		.byte	0
 1339 014d 00       		.byte	0
 1340 014e 19       		.uleb128 0x19
 1341 014f 0B       		.uleb128 0xb
 1342 0150 01       		.byte	0x1
 1343 0151 11       		.uleb128 0x11
 1344 0152 01       		.uleb128 0x1
 1345 0153 12       		.uleb128 0x12
 1346 0154 06       		.uleb128 0x6
 1347 0155 01       		.uleb128 0x1
 1348 0156 13       		.uleb128 0x13
 1349 0157 00       		.byte	0
 1350 0158 00       		.byte	0
 1351 0159 1A       		.uleb128 0x1a
 1352 015a 34       		.uleb128 0x34
 1353 015b 00       		.byte	0
 1354 015c 03       		.uleb128 0x3
 1355 015d 0E       		.uleb128 0xe
 1356 015e 3A       		.uleb128 0x3a
 1357 015f 0B       		.uleb128 0xb
 1358 0160 3B       		.uleb128 0x3b
 1359 0161 05       		.uleb128 0x5
 1360 0162 49       		.uleb128 0x49
 1361 0163 13       		.uleb128 0x13
 1362 0164 02       		.uleb128 0x2
 1363 0165 18       		.uleb128 0x18
 1364 0166 00       		.byte	0
 1365 0167 00       		.byte	0
 1366 0168 1B       		.uleb128 0x1b
 1367 0169 13       		.uleb128 0x13
 1368 016a 01       		.byte	0x1
 1369 016b 0B       		.uleb128 0xb
 1370 016c 0B       		.uleb128 0xb
 1371 016d 3A       		.uleb128 0x3a
 1372 016e 0B       		.uleb128 0xb
 1373 016f 3B       		.uleb128 0x3b
 1374 0170 05       		.uleb128 0x5
 1375 0171 01       		.uleb128 0x1
 1376 0172 13       		.uleb128 0x13
 1377 0173 00       		.byte	0
 1378 0174 00       		.byte	0
 1379 0175 1C       		.uleb128 0x1c
 1380 0176 0D       		.uleb128 0xd
 1381 0177 00       		.byte	0
 1382 0178 03       		.uleb128 0x3
 1383 0179 0E       		.uleb128 0xe
 1384 017a 3A       		.uleb128 0x3a
 1385 017b 0B       		.uleb128 0xb
 1386 017c 3B       		.uleb128 0x3b
 1387 017d 05       		.uleb128 0x5
 1388 017e 49       		.uleb128 0x49
 1389 017f 13       		.uleb128 0x13
 1390 0180 38       		.uleb128 0x38
 1391 0181 0B       		.uleb128 0xb
 1392 0182 00       		.byte	0
ARM GAS  C:\Users\latao\AppData\Local\Temp\ccK18xZs.s 			page 33


 1393 0183 00       		.byte	0
 1394 0184 1D       		.uleb128 0x1d
 1395 0185 01       		.uleb128 0x1
 1396 0186 01       		.byte	0x1
 1397 0187 49       		.uleb128 0x49
 1398 0188 13       		.uleb128 0x13
 1399 0189 01       		.uleb128 0x1
 1400 018a 13       		.uleb128 0x13
 1401 018b 00       		.byte	0
 1402 018c 00       		.byte	0
 1403 018d 1E       		.uleb128 0x1e
 1404 018e 21       		.uleb128 0x21
 1405 018f 00       		.byte	0
 1406 0190 49       		.uleb128 0x49
 1407 0191 13       		.uleb128 0x13
 1408 0192 2F       		.uleb128 0x2f
 1409 0193 0B       		.uleb128 0xb
 1410 0194 00       		.byte	0
 1411 0195 00       		.byte	0
 1412 0196 1F       		.uleb128 0x1f
 1413 0197 34       		.uleb128 0x34
 1414 0198 00       		.byte	0
 1415 0199 03       		.uleb128 0x3
 1416 019a 08       		.uleb128 0x8
 1417 019b 3A       		.uleb128 0x3a
 1418 019c 0B       		.uleb128 0xb
 1419 019d 3B       		.uleb128 0x3b
 1420 019e 05       		.uleb128 0x5
 1421 019f 49       		.uleb128 0x49
 1422 01a0 13       		.uleb128 0x13
 1423 01a1 02       		.uleb128 0x2
 1424 01a2 17       		.uleb128 0x17
 1425 01a3 00       		.byte	0
 1426 01a4 00       		.byte	0
 1427 01a5 20       		.uleb128 0x20
 1428 01a6 898201   		.uleb128 0x4109
 1429 01a9 00       		.byte	0
 1430 01aa 11       		.uleb128 0x11
 1431 01ab 01       		.uleb128 0x1
 1432 01ac 31       		.uleb128 0x31
 1433 01ad 13       		.uleb128 0x13
 1434 01ae 00       		.byte	0
 1435 01af 00       		.byte	0
 1436 01b0 21       		.uleb128 0x21
 1437 01b1 2E       		.uleb128 0x2e
 1438 01b2 00       		.byte	0
 1439 01b3 3F       		.uleb128 0x3f
 1440 01b4 19       		.uleb128 0x19
 1441 01b5 3C       		.uleb128 0x3c
 1442 01b6 19       		.uleb128 0x19
 1443 01b7 6E       		.uleb128 0x6e
 1444 01b8 0E       		.uleb128 0xe
 1445 01b9 03       		.uleb128 0x3
 1446 01ba 0E       		.uleb128 0xe
 1447 01bb 00       		.byte	0
 1448 01bc 00       		.byte	0
 1449 01bd 22       		.uleb128 0x22
ARM GAS  C:\Users\latao\AppData\Local\Temp\ccK18xZs.s 			page 34


 1450 01be 2E       		.uleb128 0x2e
 1451 01bf 00       		.byte	0
 1452 01c0 3F       		.uleb128 0x3f
 1453 01c1 19       		.uleb128 0x19
 1454 01c2 3C       		.uleb128 0x3c
 1455 01c3 19       		.uleb128 0x19
 1456 01c4 6E       		.uleb128 0x6e
 1457 01c5 0E       		.uleb128 0xe
 1458 01c6 03       		.uleb128 0x3
 1459 01c7 0E       		.uleb128 0xe
 1460 01c8 3A       		.uleb128 0x3a
 1461 01c9 0B       		.uleb128 0xb
 1462 01ca 3B       		.uleb128 0x3b
 1463 01cb 0B       		.uleb128 0xb
 1464 01cc 00       		.byte	0
 1465 01cd 00       		.byte	0
 1466 01ce 00       		.byte	0
 1467              		.section	.debug_loc,"",%progbits
 1468              	.Ldebug_loc0:
 1469              	.LLST0:
 1470 0000 02000000 		.4byte	.LVL1
 1471 0004 08000000 		.4byte	.LVL2
 1472 0008 0200     		.2byte	0x2
 1473 000a 30       		.byte	0x30
 1474 000b 9F       		.byte	0x9f
 1475 000c 08000000 		.4byte	.LVL2
 1476 0010 30000000 		.4byte	.LVL11
 1477 0014 0100     		.2byte	0x1
 1478 0016 57       		.byte	0x57
 1479 0017 00000000 		.4byte	0
 1480 001b 00000000 		.4byte	0
 1481              	.LLST1:
 1482 001f 02000000 		.4byte	.LVL1
 1483 0023 08000000 		.4byte	.LVL2
 1484 0027 0200     		.2byte	0x2
 1485 0029 30       		.byte	0x30
 1486 002a 9F       		.byte	0x9f
 1487 002b 08000000 		.4byte	.LVL2
 1488 002f 30000000 		.4byte	.LVL10
 1489 0033 0100     		.2byte	0x1
 1490 0035 55       		.byte	0x55
 1491 0036 00000000 		.4byte	0
 1492 003a 00000000 		.4byte	0
 1493              	.LLST2:
 1494 003e 0C000000 		.4byte	.LVL3
 1495 0042 2C000000 		.4byte	.LVL9
 1496 0046 0100     		.2byte	0x1
 1497 0048 56       		.byte	0x56
 1498 0049 00000000 		.4byte	0
 1499 004d 00000000 		.4byte	0
 1500              	.LLST3:
 1501 0051 0E000000 		.4byte	.LVL4
 1502 0055 24000000 		.4byte	.LVL7
 1503 0059 0100     		.2byte	0x1
 1504 005b 53       		.byte	0x53
 1505 005c 26000000 		.4byte	.LVL8
 1506 0060 2C000000 		.4byte	.LVL9
ARM GAS  C:\Users\latao\AppData\Local\Temp\ccK18xZs.s 			page 35


 1507 0064 0100     		.2byte	0x1
 1508 0066 53       		.byte	0x53
 1509 0067 00000000 		.4byte	0
 1510 006b 00000000 		.4byte	0
 1511              	.LLST4:
 1512 006f 00000000 		.4byte	.LVL12
 1513 0073 09000000 		.4byte	.LVL14-1
 1514 0077 0100     		.2byte	0x1
 1515 0079 50       		.byte	0x50
 1516 007a 09000000 		.4byte	.LVL14-1
 1517 007e 0C000000 		.4byte	.LFE0
 1518 0082 0400     		.2byte	0x4
 1519 0084 F3       		.byte	0xf3
 1520 0085 01       		.uleb128 0x1
 1521 0086 50       		.byte	0x50
 1522 0087 9F       		.byte	0x9f
 1523 0088 00000000 		.4byte	0
 1524 008c 00000000 		.4byte	0
 1525              	.LLST5:
 1526 0090 00000000 		.4byte	.LVL12
 1527 0094 06000000 		.4byte	.LVL13
 1528 0098 0100     		.2byte	0x1
 1529 009a 51       		.byte	0x51
 1530 009b 06000000 		.4byte	.LVL13
 1531 009f 09000000 		.4byte	.LVL14-1
 1532 00a3 0100     		.2byte	0x1
 1533 00a5 52       		.byte	0x52
 1534 00a6 09000000 		.4byte	.LVL14-1
 1535 00aa 0C000000 		.4byte	.LFE0
 1536 00ae 0400     		.2byte	0x4
 1537 00b0 F3       		.byte	0xf3
 1538 00b1 01       		.uleb128 0x1
 1539 00b2 51       		.byte	0x51
 1540 00b3 9F       		.byte	0x9f
 1541 00b4 00000000 		.4byte	0
 1542 00b8 00000000 		.4byte	0
 1543              	.LLST6:
 1544 00bc 04000000 		.4byte	.LVL19
 1545 00c0 12000000 		.4byte	.LVL21
 1546 00c4 0100     		.2byte	0x1
 1547 00c6 53       		.byte	0x53
 1548 00c7 14000000 		.4byte	.LVL22
 1549 00cb 1A000000 		.4byte	.LVL23
 1550 00cf 0100     		.2byte	0x1
 1551 00d1 53       		.byte	0x53
 1552 00d2 1A000000 		.4byte	.LVL23
 1553 00d6 1C000000 		.4byte	.LVL24
 1554 00da 0200     		.2byte	0x2
 1555 00dc 72       		.byte	0x72
 1556 00dd 00       		.sleb128 0
 1557 00de 1C000000 		.4byte	.LVL24
 1558 00e2 40000000 		.4byte	.LFE6
 1559 00e6 0100     		.2byte	0x1
 1560 00e8 53       		.byte	0x53
 1561 00e9 00000000 		.4byte	0
 1562 00ed 00000000 		.4byte	0
 1563              	.LLST7:
ARM GAS  C:\Users\latao\AppData\Local\Temp\ccK18xZs.s 			page 36


 1564 00f1 94000000 		.4byte	.LVL28
 1565 00f5 98000000 		.4byte	.LVL29
 1566 00f9 0200     		.2byte	0x2
 1567 00fb 30       		.byte	0x30
 1568 00fc 9F       		.byte	0x9f
 1569 00fd 98000000 		.4byte	.LVL29
 1570 0101 B6000000 		.4byte	.LVL31
 1571 0105 0100     		.2byte	0x1
 1572 0107 54       		.byte	0x54
 1573 0108 B8000000 		.4byte	.LVL32
 1574 010c 22010000 		.4byte	.LVL36
 1575 0110 0100     		.2byte	0x1
 1576 0112 54       		.byte	0x54
 1577 0113 00000000 		.4byte	0
 1578 0117 00000000 		.4byte	0
 1579              	.LLST8:
 1580 011b 98000000 		.4byte	.LVL29
 1581 011f B6000000 		.4byte	.LVL31
 1582 0123 0B00     		.2byte	0xb
 1583 0125 74       		.byte	0x74
 1584 0126 00       		.sleb128 0
 1585 0127 36       		.byte	0x36
 1586 0128 1E       		.byte	0x1e
 1587 0129 03       		.byte	0x3
 1588 012a 00000000 		.4byte	cfg_memset_list.4876
 1589 012e 22       		.byte	0x22
 1590 012f 9F       		.byte	0x9f
 1591 0130 B6000000 		.4byte	.LVL31
 1592 0134 B8000000 		.4byte	.LVL32
 1593 0138 0B00     		.2byte	0xb
 1594 013a 74       		.byte	0x74
 1595 013b 7F       		.sleb128 -1
 1596 013c 36       		.byte	0x36
 1597 013d 1E       		.byte	0x1e
 1598 013e 03       		.byte	0x3
 1599 013f 00000000 		.4byte	cfg_memset_list.4876
 1600 0143 22       		.byte	0x22
 1601 0144 9F       		.byte	0x9f
 1602 0145 00000000 		.4byte	0
 1603 0149 00000000 		.4byte	0
 1604              		.section	.debug_aranges,"",%progbits
 1605 0000 44000000 		.4byte	0x44
 1606 0004 0200     		.2byte	0x2
 1607 0006 00000000 		.4byte	.Ldebug_info0
 1608 000a 04       		.byte	0x4
 1609 000b 00       		.byte	0
 1610 000c 0000     		.2byte	0
 1611 000e 0000     		.2byte	0
 1612 0010 00000000 		.4byte	.LFB3
 1613 0014 32000000 		.4byte	.LFE3-.LFB3
 1614 0018 00000000 		.4byte	.LFB0
 1615 001c 0C000000 		.4byte	.LFE0-.LFB0
 1616 0020 00000000 		.4byte	.LFB4
 1617 0024 90000000 		.4byte	.LFE4-.LFB4
 1618 0028 00000000 		.4byte	.LFB6
 1619 002c 40000000 		.4byte	.LFE6-.LFB6
 1620 0030 00000000 		.4byte	.LFB5
ARM GAS  C:\Users\latao\AppData\Local\Temp\ccK18xZs.s 			page 37


 1621 0034 0A000000 		.4byte	.LFE5-.LFB5
 1622 0038 90000000 		.4byte	.LFB7
 1623 003c C0000000 		.4byte	.LFE7-.LFB7
 1624 0040 00000000 		.4byte	0
 1625 0044 00000000 		.4byte	0
 1626              		.section	.debug_ranges,"",%progbits
 1627              	.Ldebug_ranges0:
 1628 0000 00000000 		.4byte	.LFB3
 1629 0004 32000000 		.4byte	.LFE3
 1630 0008 00000000 		.4byte	.LFB0
 1631 000c 0C000000 		.4byte	.LFE0
 1632 0010 00000000 		.4byte	.LFB4
 1633 0014 90000000 		.4byte	.LFE4
 1634 0018 00000000 		.4byte	.LFB6
 1635 001c 40000000 		.4byte	.LFE6
 1636 0020 00000000 		.4byte	.LFB5
 1637 0024 0A000000 		.4byte	.LFE5
 1638 0028 90000000 		.4byte	.LFB7
 1639 002c 50010000 		.4byte	.LFE7
 1640 0030 00000000 		.4byte	0
 1641 0034 00000000 		.4byte	0
 1642              		.section	.debug_line,"",%progbits
 1643              	.Ldebug_line0:
 1644 0000 8A010000 		.section	.debug_str,"MS",%progbits,1
 1644      0200D600 
 1644      00000201 
 1644      FB0E0D00 
 1644      01010101 
 1645              	.LASF19:
 1646 0000 72656733 		.ascii	"reg32\000"
 1646      3200
 1647              	.LASF12:
 1648 0006 73697A65 		.ascii	"size_t\000"
 1648      5F7400
 1649              	.LASF32:
 1650 000d 416E616C 		.ascii	"AnalogSetDefault\000"
 1650      6F675365 
 1650      74446566 
 1650      61756C74 
 1650      00
 1651              	.LASF42:
 1652 001e 4379496E 		.ascii	"CyIntSetVector\000"
 1652      74536574 
 1652      56656374 
 1652      6F7200
 1653              	.LASF21:
 1654 002d 76616C75 		.ascii	"value\000"
 1654      6500
 1655              	.LASF26:
 1656 0033 636F756E 		.ascii	"count\000"
 1656      7400
 1657              	.LASF29:
 1658 0039 436C6F63 		.ascii	"ClockSetup\000"
 1658      6B536574 
 1658      757000
 1659              	.LASF35:
 1660 0044 63795F63 		.ascii	"cy_cfg_addr_table\000"
ARM GAS  C:\Users\latao\AppData\Local\Temp\ccK18xZs.s 			page 38


 1660      66675F61 
 1660      6464725F 
 1660      7461626C 
 1660      6500
 1661              	.LASF36:
 1662 0056 63795F63 		.ascii	"cy_cfg_data_table\000"
 1662      66675F64 
 1662      6174615F 
 1662      7461626C 
 1662      6500
 1663              	.LASF16:
 1664 0068 666C6F61 		.ascii	"float\000"
 1664      7400
 1665              	.LASF40:
 1666 006e 6366675F 		.ascii	"cfg_memset_list\000"
 1666      6D656D73 
 1666      65745F6C 
 1666      69737400 
 1667              	.LASF38:
 1668 007e 73697A65 		.ascii	"size\000"
 1668      00
 1669              	.LASF18:
 1670 0083 72656738 		.ascii	"reg8\000"
 1670      00
 1671              	.LASF8:
 1672 0088 6C6F6E67 		.ascii	"long unsigned int\000"
 1672      20756E73 
 1672      69676E65 
 1672      6420696E 
 1672      7400
 1673              	.LASF13:
 1674 009a 75696E74 		.ascii	"uint8\000"
 1674      3800
 1675              	.LASF28:
 1676 00a0 43594D45 		.ascii	"CYMEMZERO\000"
 1676      4D5A4552 
 1676      4F00
 1677              	.LASF33:
 1678 00aa 53657441 		.ascii	"SetAnalogRoutingPumps\000"
 1678      6E616C6F 
 1678      67526F75 
 1678      74696E67 
 1678      50756D70 
 1679              	.LASF4:
 1680 00c0 756E7369 		.ascii	"unsigned char\000"
 1680      676E6564 
 1680      20636861 
 1680      7200
 1681              	.LASF47:
 1682 00ce 6D656D73 		.ascii	"memset\000"
 1682      657400
 1683              	.LASF17:
 1684 00d5 646F7562 		.ascii	"double\000"
 1684      6C6500
 1685              	.LASF27:
 1686 00dc 6366675F 		.ascii	"cfg_write_bytes32\000"
 1686      77726974 
ARM GAS  C:\Users\latao\AppData\Local\Temp\ccK18xZs.s 			page 39


 1686      655F6279 
 1686      74657333 
 1686      3200
 1687              	.LASF43:
 1688 00ee 4379496E 		.ascii	"CyIntEnable\000"
 1688      74456E61 
 1688      626C6500 
 1689              	.LASF23:
 1690 00fa 61646472 		.ascii	"addr_table\000"
 1690      5F746162 
 1690      6C6500
 1691              	.LASF14:
 1692 0105 75696E74 		.ascii	"uint16\000"
 1692      313600
 1693              	.LASF24:
 1694 010c 64617461 		.ascii	"data_table\000"
 1694      5F746162 
 1694      6C6500
 1695              	.LASF15:
 1696 0117 75696E74 		.ascii	"uint32\000"
 1696      333200
 1697              	.LASF0:
 1698 011e 756E7369 		.ascii	"unsigned int\000"
 1698      676E6564 
 1698      20696E74 
 1698      00
 1699              	.LASF34:
 1700 012b 63796669 		.ascii	"cyfitter_cfg\000"
 1700      74746572 
 1700      5F636667 
 1700      00
 1701              	.LASF37:
 1702 0138 61646472 		.ascii	"address\000"
 1702      65737300 
 1703              	.LASF9:
 1704 0140 6C6F6E67 		.ascii	"long long unsigned int\000"
 1704      206C6F6E 
 1704      6720756E 
 1704      7369676E 
 1704      65642069 
 1705              	.LASF46:
 1706 0157 433A5C44 		.ascii	"C:\\DenysProjects\\Workspace01\\Design11.cydsn\000"
 1706      656E7973 
 1706      50726F6A 
 1706      65637473 
 1706      5C576F72 
 1707              	.LASF44:
 1708 0183 474E5520 		.ascii	"GNU C11 5.4.1 20160609 (release) [ARM/embedded-5-br"
 1708      43313120 
 1708      352E342E 
 1708      31203230 
 1708      31363036 
 1709 01b6 616E6368 		.ascii	"anch revision 237715] -mcpu=cortex-m0 -mthumb -g -O"
 1709      20726576 
 1709      6973696F 
 1709      6E203233 
 1709      37373135 
ARM GAS  C:\Users\latao\AppData\Local\Temp\ccK18xZs.s 			page 40


 1710 01e9 67202D66 		.ascii	"g -ffunction-sections -ffat-lto-objects\000"
 1710      66756E63 
 1710      74696F6E 
 1710      2D736563 
 1710      74696F6E 
 1711              	.LASF39:
 1712 0211 6366675F 		.ascii	"cfg_memset_t\000"
 1712      6D656D73 
 1712      65745F74 
 1712      00
 1713              	.LASF25:
 1714 021e 62617365 		.ascii	"baseAddr\000"
 1714      41646472 
 1714      00
 1715              	.LASF10:
 1716 0227 73697A65 		.ascii	"sizetype\000"
 1716      74797065 
 1716      00
 1717              	.LASF6:
 1718 0230 73686F72 		.ascii	"short unsigned int\000"
 1718      7420756E 
 1718      7369676E 
 1718      65642069 
 1718      6E7400
 1719              	.LASF1:
 1720 0243 6C6F6E67 		.ascii	"long long int\000"
 1720      206C6F6E 
 1720      6720696E 
 1720      7400
 1721              	.LASF11:
 1722 0251 63686172 		.ascii	"char\000"
 1722      00
 1723              	.LASF22:
 1724 0256 63795F63 		.ascii	"cy_cfg_addrvalue_t\000"
 1724      66675F61 
 1724      64647276 
 1724      616C7565 
 1724      5F7400
 1725              	.LASF20:
 1726 0269 6F666673 		.ascii	"offset\000"
 1726      657400
 1727              	.LASF30:
 1728 0270 656E6162 		.ascii	"enabled\000"
 1728      6C656400 
 1729              	.LASF5:
 1730 0278 73686F72 		.ascii	"short int\000"
 1730      7420696E 
 1730      7400
 1731              	.LASF41:
 1732 0282 43795379 		.ascii	"CySysClkWriteImoFreq\000"
 1732      73436C6B 
 1732      57726974 
 1732      65496D6F 
 1732      46726571 
 1733              	.LASF7:
 1734 0297 6C6F6E67 		.ascii	"long int\000"
 1734      20696E74 
ARM GAS  C:\Users\latao\AppData\Local\Temp\ccK18xZs.s 			page 41


 1734      00
 1735              	.LASF2:
 1736 02a0 6C6F6E67 		.ascii	"long double\000"
 1736      20646F75 
 1736      626C6500 
 1737              	.LASF3:
 1738 02ac 7369676E 		.ascii	"signed char\000"
 1738      65642063 
 1738      68617200 
 1739              	.LASF45:
 1740 02b8 47656E65 		.ascii	"Generated_Source\\PSoC4\\cyfitter_cfg.c\000"
 1740      72617465 
 1740      645F536F 
 1740      75726365 
 1740      5C50536F 
 1741              	.LASF31:
 1742 02de 72656756 		.ascii	"regValue\000"
 1742      616C7565 
 1742      00
 1743              		.ident	"GCC: (GNU Tools for ARM Embedded Processors) 5.4.1 20160609 (release) [ARM/embedded-5-bran
