ARM GAS  C:\Users\latao\AppData\Local\Temp\ccCfIvrN.s 			page 1


   1              		.syntax unified
   2              		.cpu cortex-m0
   3              		.fpu softvfp
   4              		.eabi_attribute 20, 1
   5              		.eabi_attribute 21, 1
   6              		.eabi_attribute 23, 3
   7              		.eabi_attribute 24, 1
   8              		.eabi_attribute 25, 1
   9              		.eabi_attribute 26, 1
  10              		.eabi_attribute 30, 1
  11              		.eabi_attribute 34, 0
  12              		.eabi_attribute 18, 4
  13              		.thumb
  14              		.syntax unified
  15              		.file	"cyfitter_cfg.c"
  16              		.text
  17              	.Ltext0:
  18              		.cfi_sections	.debug_frame
  19              		.section	.text.cfg_write_bytes32,"ax",%progbits
  20              		.align	2
  21              		.code	16
  22              		.thumb_func
  23              		.type	cfg_write_bytes32, %function
  24              	cfg_write_bytes32:
  25              	.LFB3:
  26              		.file 1 "Generated_Source\\PSoC4\\cyfitter_cfg.c"
   1:Generated_Source\PSoC4/cyfitter_cfg.c **** 
   2:Generated_Source\PSoC4/cyfitter_cfg.c **** /*******************************************************************************
   3:Generated_Source\PSoC4/cyfitter_cfg.c **** * File Name: cyfitter_cfg.c
   4:Generated_Source\PSoC4/cyfitter_cfg.c **** * 
   5:Generated_Source\PSoC4/cyfitter_cfg.c **** * PSoC Creator  4.4
   6:Generated_Source\PSoC4/cyfitter_cfg.c **** *
   7:Generated_Source\PSoC4/cyfitter_cfg.c **** * Description:
   8:Generated_Source\PSoC4/cyfitter_cfg.c **** * This file contains device initialization code.
   9:Generated_Source\PSoC4/cyfitter_cfg.c **** * Except for the user defined sections in CyClockStartupError(), this file should not be modified.
  10:Generated_Source\PSoC4/cyfitter_cfg.c **** * This file is automatically generated by PSoC Creator.
  11:Generated_Source\PSoC4/cyfitter_cfg.c **** *
  12:Generated_Source\PSoC4/cyfitter_cfg.c **** ********************************************************************************
  13:Generated_Source\PSoC4/cyfitter_cfg.c **** * Copyright (c) 2007-2020 Cypress Semiconductor.  All rights reserved.
  14:Generated_Source\PSoC4/cyfitter_cfg.c **** * You may use this file only in accordance with the license, terms, conditions, 
  15:Generated_Source\PSoC4/cyfitter_cfg.c **** * disclaimers, and limitations in the end user license agreement accompanying 
  16:Generated_Source\PSoC4/cyfitter_cfg.c **** * the software package with which this file was provided.
  17:Generated_Source\PSoC4/cyfitter_cfg.c **** ********************************************************************************/
  18:Generated_Source\PSoC4/cyfitter_cfg.c **** 
  19:Generated_Source\PSoC4/cyfitter_cfg.c **** #include <string.h>
  20:Generated_Source\PSoC4/cyfitter_cfg.c **** #include "cytypes.h"
  21:Generated_Source\PSoC4/cyfitter_cfg.c **** #include "cydevice_trm.h"
  22:Generated_Source\PSoC4/cyfitter_cfg.c **** #include "cyfitter.h"
  23:Generated_Source\PSoC4/cyfitter_cfg.c **** #include "CyLib.h"
  24:Generated_Source\PSoC4/cyfitter_cfg.c **** #include "CyLFClk.h"
  25:Generated_Source\PSoC4/cyfitter_cfg.c **** #include "cyfitter_cfg.h"
  26:Generated_Source\PSoC4/cyfitter_cfg.c **** #include "cyapicallbacks.h"
  27:Generated_Source\PSoC4/cyfitter_cfg.c **** 
  28:Generated_Source\PSoC4/cyfitter_cfg.c **** 
  29:Generated_Source\PSoC4/cyfitter_cfg.c **** #if defined(__GNUC__) || defined(__ARMCC_VERSION)
  30:Generated_Source\PSoC4/cyfitter_cfg.c ****     #define CYPACKED 
  31:Generated_Source\PSoC4/cyfitter_cfg.c ****     #define CYPACKED_ATTR __attribute__ ((packed))
ARM GAS  C:\Users\latao\AppData\Local\Temp\ccCfIvrN.s 			page 2


  32:Generated_Source\PSoC4/cyfitter_cfg.c ****     #define CYALIGNED __attribute__ ((aligned))
  33:Generated_Source\PSoC4/cyfitter_cfg.c ****     #define CY_CFG_UNUSED __attribute__ ((unused))
  34:Generated_Source\PSoC4/cyfitter_cfg.c ****     #ifndef CY_CFG_SECTION
  35:Generated_Source\PSoC4/cyfitter_cfg.c ****         #define CY_CFG_SECTION __attribute__ ((section(".psocinit")))
  36:Generated_Source\PSoC4/cyfitter_cfg.c ****     #endif
  37:Generated_Source\PSoC4/cyfitter_cfg.c ****     
  38:Generated_Source\PSoC4/cyfitter_cfg.c ****     #if defined(__ARMCC_VERSION)
  39:Generated_Source\PSoC4/cyfitter_cfg.c ****         #define CY_CFG_MEMORY_BARRIER() __memory_changed()
  40:Generated_Source\PSoC4/cyfitter_cfg.c ****     #else
  41:Generated_Source\PSoC4/cyfitter_cfg.c ****         #define CY_CFG_MEMORY_BARRIER() __sync_synchronize()
  42:Generated_Source\PSoC4/cyfitter_cfg.c ****     #endif
  43:Generated_Source\PSoC4/cyfitter_cfg.c ****     
  44:Generated_Source\PSoC4/cyfitter_cfg.c **** #elif defined(__ICCARM__)
  45:Generated_Source\PSoC4/cyfitter_cfg.c ****     #include <intrinsics.h>
  46:Generated_Source\PSoC4/cyfitter_cfg.c **** 
  47:Generated_Source\PSoC4/cyfitter_cfg.c ****     #define CYPACKED __packed
  48:Generated_Source\PSoC4/cyfitter_cfg.c ****     #define CYPACKED_ATTR 
  49:Generated_Source\PSoC4/cyfitter_cfg.c ****     #define CYALIGNED _Pragma("data_alignment=4")
  50:Generated_Source\PSoC4/cyfitter_cfg.c ****     #define CY_CFG_UNUSED _Pragma("diag_suppress=Pe177")
  51:Generated_Source\PSoC4/cyfitter_cfg.c ****     #define CY_CFG_SECTION _Pragma("location=\".psocinit\"")
  52:Generated_Source\PSoC4/cyfitter_cfg.c ****     
  53:Generated_Source\PSoC4/cyfitter_cfg.c ****     #define CY_CFG_MEMORY_BARRIER() __DMB()
  54:Generated_Source\PSoC4/cyfitter_cfg.c ****     
  55:Generated_Source\PSoC4/cyfitter_cfg.c **** #else
  56:Generated_Source\PSoC4/cyfitter_cfg.c ****     #error Unsupported toolchain
  57:Generated_Source\PSoC4/cyfitter_cfg.c **** #endif
  58:Generated_Source\PSoC4/cyfitter_cfg.c **** 
  59:Generated_Source\PSoC4/cyfitter_cfg.c **** #ifndef CYCODE
  60:Generated_Source\PSoC4/cyfitter_cfg.c ****     #define CYCODE
  61:Generated_Source\PSoC4/cyfitter_cfg.c **** #endif
  62:Generated_Source\PSoC4/cyfitter_cfg.c **** #ifndef CYDATA
  63:Generated_Source\PSoC4/cyfitter_cfg.c ****     #define CYDATA
  64:Generated_Source\PSoC4/cyfitter_cfg.c **** #endif
  65:Generated_Source\PSoC4/cyfitter_cfg.c **** #ifndef CYFAR
  66:Generated_Source\PSoC4/cyfitter_cfg.c ****     #define CYFAR
  67:Generated_Source\PSoC4/cyfitter_cfg.c **** #endif
  68:Generated_Source\PSoC4/cyfitter_cfg.c **** #ifndef CYXDATA
  69:Generated_Source\PSoC4/cyfitter_cfg.c ****     #define CYXDATA
  70:Generated_Source\PSoC4/cyfitter_cfg.c **** #endif
  71:Generated_Source\PSoC4/cyfitter_cfg.c **** 
  72:Generated_Source\PSoC4/cyfitter_cfg.c **** 
  73:Generated_Source\PSoC4/cyfitter_cfg.c **** CY_CFG_UNUSED
  74:Generated_Source\PSoC4/cyfitter_cfg.c **** static void CYMEMZERO(void *s, size_t n);
  75:Generated_Source\PSoC4/cyfitter_cfg.c **** CY_CFG_UNUSED
  76:Generated_Source\PSoC4/cyfitter_cfg.c **** static void CYMEMZERO(void *s, size_t n)
  77:Generated_Source\PSoC4/cyfitter_cfg.c **** {
  78:Generated_Source\PSoC4/cyfitter_cfg.c **** 	(void)memset(s, 0, n);
  79:Generated_Source\PSoC4/cyfitter_cfg.c **** }
  80:Generated_Source\PSoC4/cyfitter_cfg.c **** CY_CFG_UNUSED
  81:Generated_Source\PSoC4/cyfitter_cfg.c **** static void CYCONFIGCPY(void *dest, const void *src, size_t n);
  82:Generated_Source\PSoC4/cyfitter_cfg.c **** CY_CFG_UNUSED
  83:Generated_Source\PSoC4/cyfitter_cfg.c **** static void CYCONFIGCPY(void *dest, const void *src, size_t n)
  84:Generated_Source\PSoC4/cyfitter_cfg.c **** {
  85:Generated_Source\PSoC4/cyfitter_cfg.c **** 	(void)memcpy(dest, src, n);
  86:Generated_Source\PSoC4/cyfitter_cfg.c **** }
  87:Generated_Source\PSoC4/cyfitter_cfg.c **** CY_CFG_UNUSED
  88:Generated_Source\PSoC4/cyfitter_cfg.c **** static void CYCONFIGCPYCODE(void *dest, const void *src, size_t n);
ARM GAS  C:\Users\latao\AppData\Local\Temp\ccCfIvrN.s 			page 3


  89:Generated_Source\PSoC4/cyfitter_cfg.c **** CY_CFG_UNUSED
  90:Generated_Source\PSoC4/cyfitter_cfg.c **** static void CYCONFIGCPYCODE(void *dest, const void *src, size_t n)
  91:Generated_Source\PSoC4/cyfitter_cfg.c **** {
  92:Generated_Source\PSoC4/cyfitter_cfg.c **** 	(void)memcpy(dest, src, n);
  93:Generated_Source\PSoC4/cyfitter_cfg.c **** }
  94:Generated_Source\PSoC4/cyfitter_cfg.c **** 
  95:Generated_Source\PSoC4/cyfitter_cfg.c **** 
  96:Generated_Source\PSoC4/cyfitter_cfg.c **** 
  97:Generated_Source\PSoC4/cyfitter_cfg.c **** 
  98:Generated_Source\PSoC4/cyfitter_cfg.c **** /* Clock startup error codes                                                   */
  99:Generated_Source\PSoC4/cyfitter_cfg.c **** #define CYCLOCKSTART_NO_ERROR    0u
 100:Generated_Source\PSoC4/cyfitter_cfg.c **** #define CYCLOCKSTART_XTAL_ERROR  1u
 101:Generated_Source\PSoC4/cyfitter_cfg.c **** #define CYCLOCKSTART_32KHZ_ERROR 2u
 102:Generated_Source\PSoC4/cyfitter_cfg.c **** #define CYCLOCKSTART_PLL_ERROR   3u
 103:Generated_Source\PSoC4/cyfitter_cfg.c **** #define CYCLOCKSTART_FLL_ERROR   4u
 104:Generated_Source\PSoC4/cyfitter_cfg.c **** #define CYCLOCKSTART_WCO_ERROR   5u
 105:Generated_Source\PSoC4/cyfitter_cfg.c **** 
 106:Generated_Source\PSoC4/cyfitter_cfg.c **** 
 107:Generated_Source\PSoC4/cyfitter_cfg.c **** #ifdef CY_NEED_CYCLOCKSTARTUPERROR
 108:Generated_Source\PSoC4/cyfitter_cfg.c **** /*******************************************************************************
 109:Generated_Source\PSoC4/cyfitter_cfg.c **** * Function Name: CyClockStartupError
 110:Generated_Source\PSoC4/cyfitter_cfg.c **** ********************************************************************************
 111:Generated_Source\PSoC4/cyfitter_cfg.c **** * Summary:
 112:Generated_Source\PSoC4/cyfitter_cfg.c **** *  If an error is encountered during clock configuration (crystal startup error,
 113:Generated_Source\PSoC4/cyfitter_cfg.c **** *  PLL lock error, etc.), the system will end up here.  Unless reimplemented by
 114:Generated_Source\PSoC4/cyfitter_cfg.c **** *  the customer, this function will stop in an infinite loop.
 115:Generated_Source\PSoC4/cyfitter_cfg.c **** *
 116:Generated_Source\PSoC4/cyfitter_cfg.c **** * Parameters:
 117:Generated_Source\PSoC4/cyfitter_cfg.c **** *   void
 118:Generated_Source\PSoC4/cyfitter_cfg.c **** *
 119:Generated_Source\PSoC4/cyfitter_cfg.c **** * Return:
 120:Generated_Source\PSoC4/cyfitter_cfg.c **** *   void
 121:Generated_Source\PSoC4/cyfitter_cfg.c **** *
 122:Generated_Source\PSoC4/cyfitter_cfg.c **** *******************************************************************************/
 123:Generated_Source\PSoC4/cyfitter_cfg.c **** CY_CFG_UNUSED
 124:Generated_Source\PSoC4/cyfitter_cfg.c **** static void CyClockStartupError(uint8 errorCode);
 125:Generated_Source\PSoC4/cyfitter_cfg.c **** CY_CFG_UNUSED
 126:Generated_Source\PSoC4/cyfitter_cfg.c **** static void CyClockStartupError(uint8 errorCode)
 127:Generated_Source\PSoC4/cyfitter_cfg.c **** {
 128:Generated_Source\PSoC4/cyfitter_cfg.c ****     /* To remove the compiler warning if errorCode not used.                */
 129:Generated_Source\PSoC4/cyfitter_cfg.c ****     errorCode = errorCode;
 130:Generated_Source\PSoC4/cyfitter_cfg.c **** 
 131:Generated_Source\PSoC4/cyfitter_cfg.c ****     /* If we have a clock startup error (bad MHz crystal, PLL lock, etc.),  */
 132:Generated_Source\PSoC4/cyfitter_cfg.c ****     /* we will end up here to allow the customer to implement something to  */
 133:Generated_Source\PSoC4/cyfitter_cfg.c ****     /* deal with the clock condition.                                       */
 134:Generated_Source\PSoC4/cyfitter_cfg.c **** 
 135:Generated_Source\PSoC4/cyfitter_cfg.c **** #ifdef CY_CFG_CLOCK_STARTUP_ERROR_CALLBACK
 136:Generated_Source\PSoC4/cyfitter_cfg.c ****     CY_CFG_Clock_Startup_ErrorCallback();
 137:Generated_Source\PSoC4/cyfitter_cfg.c **** #else
 138:Generated_Source\PSoC4/cyfitter_cfg.c ****     /*  If not using CY_CFG_CLOCK_STARTUP_ERROR_CALLBACK, place your clock startup code here. */
 139:Generated_Source\PSoC4/cyfitter_cfg.c ****     /* `#START CyClockStartupError` */
 140:Generated_Source\PSoC4/cyfitter_cfg.c **** 
 141:Generated_Source\PSoC4/cyfitter_cfg.c **** 
 142:Generated_Source\PSoC4/cyfitter_cfg.c **** 
 143:Generated_Source\PSoC4/cyfitter_cfg.c ****     /* `#END` */
 144:Generated_Source\PSoC4/cyfitter_cfg.c **** 
 145:Generated_Source\PSoC4/cyfitter_cfg.c ****     while(1) {}
ARM GAS  C:\Users\latao\AppData\Local\Temp\ccCfIvrN.s 			page 4


 146:Generated_Source\PSoC4/cyfitter_cfg.c **** #endif /* CY_CFG_CLOCK_STARTUP_ERROR_CALLBACK */
 147:Generated_Source\PSoC4/cyfitter_cfg.c **** }
 148:Generated_Source\PSoC4/cyfitter_cfg.c **** #endif
 149:Generated_Source\PSoC4/cyfitter_cfg.c **** 
 150:Generated_Source\PSoC4/cyfitter_cfg.c **** #define CY_CFG_BASE_ADDR_COUNT 7u
 151:Generated_Source\PSoC4/cyfitter_cfg.c **** CYPACKED typedef struct
 152:Generated_Source\PSoC4/cyfitter_cfg.c **** {
 153:Generated_Source\PSoC4/cyfitter_cfg.c **** 	uint8 offset;
 154:Generated_Source\PSoC4/cyfitter_cfg.c **** 	uint8 value;
 155:Generated_Source\PSoC4/cyfitter_cfg.c **** } CYPACKED_ATTR cy_cfg_addrvalue_t;
 156:Generated_Source\PSoC4/cyfitter_cfg.c **** 
 157:Generated_Source\PSoC4/cyfitter_cfg.c **** 
 158:Generated_Source\PSoC4/cyfitter_cfg.c **** 
 159:Generated_Source\PSoC4/cyfitter_cfg.c **** /*******************************************************************************
 160:Generated_Source\PSoC4/cyfitter_cfg.c **** * Function Name: cfg_write_bytes32
 161:Generated_Source\PSoC4/cyfitter_cfg.c **** ********************************************************************************
 162:Generated_Source\PSoC4/cyfitter_cfg.c **** * Summary:
 163:Generated_Source\PSoC4/cyfitter_cfg.c **** *  This function is used for setting up the chip configuration areas that
 164:Generated_Source\PSoC4/cyfitter_cfg.c **** *  contain relatively sparse data.
 165:Generated_Source\PSoC4/cyfitter_cfg.c **** *
 166:Generated_Source\PSoC4/cyfitter_cfg.c **** * Parameters:
 167:Generated_Source\PSoC4/cyfitter_cfg.c **** *   void
 168:Generated_Source\PSoC4/cyfitter_cfg.c **** *
 169:Generated_Source\PSoC4/cyfitter_cfg.c **** * Return:
 170:Generated_Source\PSoC4/cyfitter_cfg.c **** *   void
 171:Generated_Source\PSoC4/cyfitter_cfg.c **** *
 172:Generated_Source\PSoC4/cyfitter_cfg.c **** *******************************************************************************/
 173:Generated_Source\PSoC4/cyfitter_cfg.c **** static void cfg_write_bytes32(const uint32 addr_table[], const cy_cfg_addrvalue_t data_table[]);
 174:Generated_Source\PSoC4/cyfitter_cfg.c **** static void cfg_write_bytes32(const uint32 addr_table[], const cy_cfg_addrvalue_t data_table[])
 175:Generated_Source\PSoC4/cyfitter_cfg.c **** {
  27              		.loc 1 175 0
  28              		.cfi_startproc
  29              		@ args = 0, pretend = 0, frame = 0
  30              		@ frame_needed = 0, uses_anonymous_args = 0
  31              	.LVL0:
  32 0000 F0B5     		push	{r4, r5, r6, r7, lr}
  33              		.cfi_def_cfa_offset 20
  34              		.cfi_offset 4, -20
  35              		.cfi_offset 5, -16
  36              		.cfi_offset 6, -12
  37              		.cfi_offset 7, -8
  38              		.cfi_offset 14, -4
  39              	.LVL1:
 176:Generated_Source\PSoC4/cyfitter_cfg.c **** 	/* For 32-bit little-endian architectures */
 177:Generated_Source\PSoC4/cyfitter_cfg.c **** 	uint32 i, j = 0u;
  40              		.loc 1 177 0
  41 0002 0025     		movs	r5, #0
 178:Generated_Source\PSoC4/cyfitter_cfg.c **** 	for (i = 0u; i < CY_CFG_BASE_ADDR_COUNT; i++)
  42              		.loc 1 178 0
  43 0004 0027     		movs	r7, #0
  44 0006 11E0     		b	.L2
  45              	.LVL2:
  46              	.L5:
  47              	.LBB2:
 179:Generated_Source\PSoC4/cyfitter_cfg.c **** 	{
 180:Generated_Source\PSoC4/cyfitter_cfg.c **** 		uint32 baseAddr = addr_table[i];
  48              		.loc 1 180 0
ARM GAS  C:\Users\latao\AppData\Local\Temp\ccCfIvrN.s 			page 5


  49 0008 BB00     		lsls	r3, r7, #2
  50 000a C658     		ldr	r6, [r0, r3]
  51              	.LVL3:
 181:Generated_Source\PSoC4/cyfitter_cfg.c **** 		uint8 count = (uint8)baseAddr;
  52              		.loc 1 181 0
  53 000c F3B2     		uxtb	r3, r6
  54              	.LVL4:
 182:Generated_Source\PSoC4/cyfitter_cfg.c **** 		baseAddr &= 0xFFFFFF00u;
  55              		.loc 1 182 0
  56 000e FF22     		movs	r2, #255
  57 0010 9643     		bics	r6, r2
  58              	.LVL5:
 183:Generated_Source\PSoC4/cyfitter_cfg.c **** 		while (count != 0u)
  59              		.loc 1 183 0
  60 0012 08E0     		b	.L3
  61              	.L4:
 184:Generated_Source\PSoC4/cyfitter_cfg.c **** 		{
 185:Generated_Source\PSoC4/cyfitter_cfg.c **** 			CY_SET_REG8((void *)(baseAddr + data_table[j].offset), data_table[j].value);
  62              		.loc 1 185 0
  63 0014 6A00     		lsls	r2, r5, #1
  64 0016 8A18     		adds	r2, r1, r2
  65 0018 1478     		ldrb	r4, [r2]
  66 001a A419     		adds	r4, r4, r6
  67 001c 5278     		ldrb	r2, [r2, #1]
  68 001e 2270     		strb	r2, [r4]
 186:Generated_Source\PSoC4/cyfitter_cfg.c **** 			j++;
  69              		.loc 1 186 0
  70 0020 0135     		adds	r5, r5, #1
  71              	.LVL6:
 187:Generated_Source\PSoC4/cyfitter_cfg.c **** 			count--;
  72              		.loc 1 187 0
  73 0022 013B     		subs	r3, r3, #1
  74              	.LVL7:
  75 0024 DBB2     		uxtb	r3, r3
  76              	.LVL8:
  77              	.L3:
 183:Generated_Source\PSoC4/cyfitter_cfg.c **** 		{
  78              		.loc 1 183 0
  79 0026 002B     		cmp	r3, #0
  80 0028 F4D1     		bne	.L4
  81              	.LBE2:
 178:Generated_Source\PSoC4/cyfitter_cfg.c **** 	{
  82              		.loc 1 178 0 discriminator 2
  83 002a 0137     		adds	r7, r7, #1
  84              	.LVL9:
  85              	.L2:
 178:Generated_Source\PSoC4/cyfitter_cfg.c **** 	{
  86              		.loc 1 178 0 is_stmt 0 discriminator 1
  87 002c 062F     		cmp	r7, #6
  88 002e EBD9     		bls	.L5
 188:Generated_Source\PSoC4/cyfitter_cfg.c **** 		}
 189:Generated_Source\PSoC4/cyfitter_cfg.c **** 	}
 190:Generated_Source\PSoC4/cyfitter_cfg.c **** }
  89              		.loc 1 190 0 is_stmt 1
  90              		@ sp needed
  91              	.LVL10:
  92              	.LVL11:
ARM GAS  C:\Users\latao\AppData\Local\Temp\ccCfIvrN.s 			page 6


  93 0030 F0BD     		pop	{r4, r5, r6, r7, pc}
  94              		.cfi_endproc
  95              	.LFE3:
  96              		.size	cfg_write_bytes32, .-cfg_write_bytes32
  97 0032 C046     		.section	.text.CYMEMZERO,"ax",%progbits
  98              		.align	2
  99              		.code	16
 100              		.thumb_func
 101              		.type	CYMEMZERO, %function
 102              	CYMEMZERO:
 103              	.LFB0:
  77:Generated_Source\PSoC4/cyfitter_cfg.c **** 	(void)memset(s, 0, n);
 104              		.loc 1 77 0
 105              		.cfi_startproc
 106              		@ args = 0, pretend = 0, frame = 0
 107              		@ frame_needed = 0, uses_anonymous_args = 0
 108              	.LVL12:
 109 0000 10B5     		push	{r4, lr}
 110              		.cfi_def_cfa_offset 8
 111              		.cfi_offset 4, -8
 112              		.cfi_offset 14, -4
 113 0002 0A00     		movs	r2, r1
  78:Generated_Source\PSoC4/cyfitter_cfg.c **** }
 114              		.loc 1 78 0
 115 0004 0021     		movs	r1, #0
 116              	.LVL13:
 117 0006 FFF7FEFF 		bl	memset
 118              	.LVL14:
  79:Generated_Source\PSoC4/cyfitter_cfg.c **** CY_CFG_UNUSED
 119              		.loc 1 79 0
 120              		@ sp needed
 121 000a 10BD     		pop	{r4, pc}
 122              		.cfi_endproc
 123              	.LFE0:
 124              		.size	CYMEMZERO, .-CYMEMZERO
 125              		.section	.psocinit,"ax",%progbits
 126              		.align	2
 127              		.code	16
 128              		.thumb_func
 129              		.type	ClockSetup, %function
 130              	ClockSetup:
 131              	.LFB4:
 191:Generated_Source\PSoC4/cyfitter_cfg.c **** 
 192:Generated_Source\PSoC4/cyfitter_cfg.c **** 
 193:Generated_Source\PSoC4/cyfitter_cfg.c **** /*******************************************************************************
 194:Generated_Source\PSoC4/cyfitter_cfg.c **** * Function Name: ClockSetup
 195:Generated_Source\PSoC4/cyfitter_cfg.c **** ********************************************************************************
 196:Generated_Source\PSoC4/cyfitter_cfg.c **** *
 197:Generated_Source\PSoC4/cyfitter_cfg.c **** * Summary:
 198:Generated_Source\PSoC4/cyfitter_cfg.c **** *   Performs the initialization of all of the clocks in the device based on the
 199:Generated_Source\PSoC4/cyfitter_cfg.c **** *   settings in the Clock tab of the DWR.  This includes enabling the requested
 200:Generated_Source\PSoC4/cyfitter_cfg.c **** *   clocks and setting the necessary dividers to produce the desired frequency. 
 201:Generated_Source\PSoC4/cyfitter_cfg.c **** *
 202:Generated_Source\PSoC4/cyfitter_cfg.c **** * Parameters:
 203:Generated_Source\PSoC4/cyfitter_cfg.c **** *   void
 204:Generated_Source\PSoC4/cyfitter_cfg.c **** *
 205:Generated_Source\PSoC4/cyfitter_cfg.c **** * Return:
ARM GAS  C:\Users\latao\AppData\Local\Temp\ccCfIvrN.s 			page 7


 206:Generated_Source\PSoC4/cyfitter_cfg.c **** *   void
 207:Generated_Source\PSoC4/cyfitter_cfg.c **** *
 208:Generated_Source\PSoC4/cyfitter_cfg.c **** *******************************************************************************/
 209:Generated_Source\PSoC4/cyfitter_cfg.c **** static void ClockSetup(void);
 210:Generated_Source\PSoC4/cyfitter_cfg.c **** CY_CFG_SECTION
 211:Generated_Source\PSoC4/cyfitter_cfg.c **** static void ClockSetup(void)
 212:Generated_Source\PSoC4/cyfitter_cfg.c **** {
 132              		.loc 1 212 0
 133              		.cfi_startproc
 134              		@ args = 0, pretend = 0, frame = 0
 135              		@ frame_needed = 0, uses_anonymous_args = 0
 136 0000 70B5     		push	{r4, r5, r6, lr}
 137              		.cfi_def_cfa_offset 16
 138              		.cfi_offset 4, -16
 139              		.cfi_offset 5, -12
 140              		.cfi_offset 6, -8
 141              		.cfi_offset 14, -4
 213:Generated_Source\PSoC4/cyfitter_cfg.c **** 	/* Enable HALF_EN before trimming for the flash accelerator. */
 214:Generated_Source\PSoC4/cyfitter_cfg.c **** 	CY_SET_REG32((void CYXDATA *)(CYREG_CLK_SELECT), (CY_GET_REG32((void *)CYREG_CLK_SELECT) | 0x00040
 142              		.loc 1 214 0
 143 0002 134C     		ldr	r4, .L8
 144 0004 2368     		ldr	r3, [r4]
 145 0006 8022     		movs	r2, #128
 146 0008 D202     		lsls	r2, r2, #11
 147 000a 1343     		orrs	r3, r2
 148 000c 2360     		str	r3, [r4]
 215:Generated_Source\PSoC4/cyfitter_cfg.c **** 
 216:Generated_Source\PSoC4/cyfitter_cfg.c **** 	/* Setup and trim IMO based on desired frequency. */
 217:Generated_Source\PSoC4/cyfitter_cfg.c **** 	CySysClkWriteImoFreq(24u);
 149              		.loc 1 217 0
 150 000e 1820     		movs	r0, #24
 151 0010 FFF7FEFF 		bl	CySysClkWriteImoFreq
 152              	.LVL15:
 218:Generated_Source\PSoC4/cyfitter_cfg.c **** 
 219:Generated_Source\PSoC4/cyfitter_cfg.c **** 	/* Disable HALF_EN since it is not required at this IMO frequency. */
 220:Generated_Source\PSoC4/cyfitter_cfg.c **** 	CY_SET_REG32((void CYXDATA *)(CYREG_CLK_SELECT), (CY_GET_REG32((void *)CYREG_CLK_SELECT) & 0xFFFBF
 153              		.loc 1 220 0
 154 0014 2268     		ldr	r2, [r4]
 155 0016 0F4B     		ldr	r3, .L8+4
 156 0018 1340     		ands	r3, r2
 157 001a 2360     		str	r3, [r4]
 221:Generated_Source\PSoC4/cyfitter_cfg.c **** 	/* CYDEV_CLK_ILO_CONFIG Starting address: CYDEV_CLK_ILO_CONFIG */
 222:Generated_Source\PSoC4/cyfitter_cfg.c **** 	CY_SET_REG32((void *)(CYREG_CLK_ILO_CONFIG), 0x80000006u);
 158              		.loc 1 222 0
 159 001c 0E4A     		ldr	r2, .L8+8
 160 001e 0F4B     		ldr	r3, .L8+12
 161 0020 1A60     		str	r2, [r3]
 223:Generated_Source\PSoC4/cyfitter_cfg.c **** 
 224:Generated_Source\PSoC4/cyfitter_cfg.c **** 
 225:Generated_Source\PSoC4/cyfitter_cfg.c **** 	/* CYDEV_CLK_SELECT00 Starting address: CYDEV_CLK_SELECT00 */
 226:Generated_Source\PSoC4/cyfitter_cfg.c **** 	CY_SET_REG32((void *)(CYREG_CLK_SELECT12), 0x00000013u);
 162              		.loc 1 226 0
 163 0022 1322     		movs	r2, #19
 164 0024 0E4B     		ldr	r3, .L8+16
 165 0026 1A60     		str	r2, [r3]
 227:Generated_Source\PSoC4/cyfitter_cfg.c **** 
 228:Generated_Source\PSoC4/cyfitter_cfg.c **** 	/* CYDEV_CLK_IMO_CONFIG Starting address: CYDEV_CLK_IMO_CONFIG */
ARM GAS  C:\Users\latao\AppData\Local\Temp\ccCfIvrN.s 			page 8


 229:Generated_Source\PSoC4/cyfitter_cfg.c **** 	CY_SET_REG32((void *)(CYREG_CLK_IMO_CONFIG), 0x80000000u);
 166              		.loc 1 229 0
 167 0028 8022     		movs	r2, #128
 168 002a 1206     		lsls	r2, r2, #24
 169 002c 0D4B     		ldr	r3, .L8+20
 170 002e 1A60     		str	r2, [r3]
 230:Generated_Source\PSoC4/cyfitter_cfg.c **** 
 231:Generated_Source\PSoC4/cyfitter_cfg.c **** 	/* CYDEV_CLK_SELECT Starting address: CYDEV_CLK_SELECT */
 232:Generated_Source\PSoC4/cyfitter_cfg.c **** 	CY_SET_REG32((void *)(CYREG_CLK_SELECT), 0x00000000u);
 171              		.loc 1 232 0
 172 0030 0025     		movs	r5, #0
 173 0032 2560     		str	r5, [r4]
 233:Generated_Source\PSoC4/cyfitter_cfg.c **** 
 234:Generated_Source\PSoC4/cyfitter_cfg.c **** 	/* CYDEV_CLK_DIVIDER_FRAC_A00 Starting address: CYDEV_CLK_DIVIDER_FRAC_A00 */
 235:Generated_Source\PSoC4/cyfitter_cfg.c **** 	CY_SET_REG32((void *)(CYREG_CLK_DIVIDER_FRAC_A00), 0x80000001u);
 174              		.loc 1 235 0
 175 0034 0C4A     		ldr	r2, .L8+24
 176 0036 0D4B     		ldr	r3, .L8+28
 177 0038 1A60     		str	r2, [r3]
 236:Generated_Source\PSoC4/cyfitter_cfg.c **** 
 237:Generated_Source\PSoC4/cyfitter_cfg.c **** 	(void)CyIntSetVector(9u, &CySysWdtIsr);
 178              		.loc 1 237 0
 179 003a 0D49     		ldr	r1, .L8+32
 180 003c 0920     		movs	r0, #9
 181 003e FFF7FEFF 		bl	CyIntSetVector
 182              	.LVL16:
 238:Generated_Source\PSoC4/cyfitter_cfg.c **** 	CyIntEnable(9u);
 183              		.loc 1 238 0
 184 0042 0920     		movs	r0, #9
 185 0044 FFF7FEFF 		bl	CyIntEnable
 186              	.LVL17:
 239:Generated_Source\PSoC4/cyfitter_cfg.c **** 	CY_SET_REG32((void *)(CYREG_WDT_CONFIG), 0x00000000u);
 187              		.loc 1 239 0
 188 0048 0A4B     		ldr	r3, .L8+36
 189 004a 1D60     		str	r5, [r3]
 240:Generated_Source\PSoC4/cyfitter_cfg.c **** }
 190              		.loc 1 240 0
 191              		@ sp needed
 192 004c 70BD     		pop	{r4, r5, r6, pc}
 193              	.L9:
 194 004e C046     		.align	2
 195              	.L8:
 196 0050 00010B40 		.word	1074462976
 197 0054 FFFFFBFF 		.word	-262145
 198 0058 06000080 		.word	-2147483642
 199 005c 04010B40 		.word	1074462980
 200 0060 30020240 		.word	1073873456
 201 0064 08010B40 		.word	1074462984
 202 0068 01000080 		.word	-2147483647
 203 006c 00010240 		.word	1073873152
 204 0070 00000000 		.word	CySysWdtIsr
 205 0074 0C020B40 		.word	1074463244
 206              		.cfi_endproc
 207              	.LFE4:
 208              		.size	ClockSetup, .-ClockSetup
 209              		.align	2
 210              		.global	cyfitter_cfg
ARM GAS  C:\Users\latao\AppData\Local\Temp\ccCfIvrN.s 			page 9


 211              		.code	16
 212              		.thumb_func
 213              		.type	cyfitter_cfg, %function
 214              	cyfitter_cfg:
 215              	.LFB6:
 241:Generated_Source\PSoC4/cyfitter_cfg.c **** 
 242:Generated_Source\PSoC4/cyfitter_cfg.c **** 
 243:Generated_Source\PSoC4/cyfitter_cfg.c **** /* Analog API Functions */
 244:Generated_Source\PSoC4/cyfitter_cfg.c **** 
 245:Generated_Source\PSoC4/cyfitter_cfg.c **** 
 246:Generated_Source\PSoC4/cyfitter_cfg.c **** /*******************************************************************************
 247:Generated_Source\PSoC4/cyfitter_cfg.c **** * Function Name: AnalogSetDefault
 248:Generated_Source\PSoC4/cyfitter_cfg.c **** ********************************************************************************
 249:Generated_Source\PSoC4/cyfitter_cfg.c **** *
 250:Generated_Source\PSoC4/cyfitter_cfg.c **** * Summary:
 251:Generated_Source\PSoC4/cyfitter_cfg.c **** *  Sets up the analog portions of the chip to default values based on chip
 252:Generated_Source\PSoC4/cyfitter_cfg.c **** *  configuration options from the project.
 253:Generated_Source\PSoC4/cyfitter_cfg.c **** *
 254:Generated_Source\PSoC4/cyfitter_cfg.c **** * Parameters:
 255:Generated_Source\PSoC4/cyfitter_cfg.c **** *  void
 256:Generated_Source\PSoC4/cyfitter_cfg.c **** *
 257:Generated_Source\PSoC4/cyfitter_cfg.c **** * Return:
 258:Generated_Source\PSoC4/cyfitter_cfg.c **** *  void
 259:Generated_Source\PSoC4/cyfitter_cfg.c **** *
 260:Generated_Source\PSoC4/cyfitter_cfg.c **** *******************************************************************************/
 261:Generated_Source\PSoC4/cyfitter_cfg.c **** static void AnalogSetDefault(void);
 262:Generated_Source\PSoC4/cyfitter_cfg.c **** static void AnalogSetDefault(void)
 263:Generated_Source\PSoC4/cyfitter_cfg.c **** {
 264:Generated_Source\PSoC4/cyfitter_cfg.c **** }
 265:Generated_Source\PSoC4/cyfitter_cfg.c **** 
 266:Generated_Source\PSoC4/cyfitter_cfg.c **** 
 267:Generated_Source\PSoC4/cyfitter_cfg.c **** 
 268:Generated_Source\PSoC4/cyfitter_cfg.c **** 
 269:Generated_Source\PSoC4/cyfitter_cfg.c **** /*******************************************************************************
 270:Generated_Source\PSoC4/cyfitter_cfg.c **** * Function Name: cyfitter_cfg
 271:Generated_Source\PSoC4/cyfitter_cfg.c **** ********************************************************************************
 272:Generated_Source\PSoC4/cyfitter_cfg.c **** * Summary:
 273:Generated_Source\PSoC4/cyfitter_cfg.c **** *  This function is called by the start-up code for the selected device. It
 274:Generated_Source\PSoC4/cyfitter_cfg.c **** *  performs all of the necessary device configuration based on the design
 275:Generated_Source\PSoC4/cyfitter_cfg.c **** *  settings.  This includes settings from the Design Wide Resources (DWR) such
 276:Generated_Source\PSoC4/cyfitter_cfg.c **** *  as Clocks and Pins as well as any component configuration that is necessary.
 277:Generated_Source\PSoC4/cyfitter_cfg.c **** *
 278:Generated_Source\PSoC4/cyfitter_cfg.c **** * Parameters:
 279:Generated_Source\PSoC4/cyfitter_cfg.c **** *   void
 280:Generated_Source\PSoC4/cyfitter_cfg.c **** *
 281:Generated_Source\PSoC4/cyfitter_cfg.c **** * Return:
 282:Generated_Source\PSoC4/cyfitter_cfg.c **** *   void
 283:Generated_Source\PSoC4/cyfitter_cfg.c **** *
 284:Generated_Source\PSoC4/cyfitter_cfg.c **** *******************************************************************************/
 285:Generated_Source\PSoC4/cyfitter_cfg.c **** CY_CFG_SECTION
 286:Generated_Source\PSoC4/cyfitter_cfg.c **** void cyfitter_cfg(void)
 287:Generated_Source\PSoC4/cyfitter_cfg.c **** {
 216              		.loc 1 287 0
 217              		.cfi_startproc
 218              		@ args = 0, pretend = 0, frame = 0
 219              		@ frame_needed = 0, uses_anonymous_args = 0
 220 0078 10B5     		push	{r4, lr}
ARM GAS  C:\Users\latao\AppData\Local\Temp\ccCfIvrN.s 			page 10


 221              		.cfi_def_cfa_offset 8
 222              		.cfi_offset 4, -8
 223              		.cfi_offset 14, -4
 288:Generated_Source\PSoC4/cyfitter_cfg.c **** 	/* Disable interrupts by default. Let user enable if/when they want. */
 289:Generated_Source\PSoC4/cyfitter_cfg.c **** 	CyGlobalIntDisable;
 224              		.loc 1 289 0
 225              		.syntax divided
 226              	@ 289 "Generated_Source\PSoC4\cyfitter_cfg.c" 1
 227 007a 72B6     		CPSID   i
 228              	@ 0 "" 2
 229              	.LVL18:
 230              		.thumb
 231              		.syntax unified
 232              	.LBB3:
 290:Generated_Source\PSoC4/cyfitter_cfg.c **** 
 291:Generated_Source\PSoC4/cyfitter_cfg.c **** 	{
 292:Generated_Source\PSoC4/cyfitter_cfg.c **** 		static const uint32 CYCODE cy_cfg_addr_table[] = {
 293:Generated_Source\PSoC4/cyfitter_cfg.c **** 			0x400F0001u, /* Base address: 0x400F0000 Count: 1 */
 294:Generated_Source\PSoC4/cyfitter_cfg.c **** 			0x400F3027u, /* Base address: 0x400F3000 Count: 39 */
 295:Generated_Source\PSoC4/cyfitter_cfg.c **** 			0x400F3118u, /* Base address: 0x400F3100 Count: 24 */
 296:Generated_Source\PSoC4/cyfitter_cfg.c **** 			0x400F3302u, /* Base address: 0x400F3300 Count: 2 */
 297:Generated_Source\PSoC4/cyfitter_cfg.c **** 			0x400F4002u, /* Base address: 0x400F4000 Count: 2 */
 298:Generated_Source\PSoC4/cyfitter_cfg.c **** 			0x400F4101u, /* Base address: 0x400F4100 Count: 1 */
 299:Generated_Source\PSoC4/cyfitter_cfg.c **** 			0x400F6002u, /* Base address: 0x400F6000 Count: 2 */
 300:Generated_Source\PSoC4/cyfitter_cfg.c **** 		};
 301:Generated_Source\PSoC4/cyfitter_cfg.c **** 
 302:Generated_Source\PSoC4/cyfitter_cfg.c **** 		static const cy_cfg_addrvalue_t CYCODE cy_cfg_data_table[] = {
 303:Generated_Source\PSoC4/cyfitter_cfg.c **** 			{0x81u, 0x0Du},
 304:Generated_Source\PSoC4/cyfitter_cfg.c **** 			{0x8Au, 0x04u},
 305:Generated_Source\PSoC4/cyfitter_cfg.c **** 			{0x8Fu, 0x01u},
 306:Generated_Source\PSoC4/cyfitter_cfg.c **** 			{0x94u, 0x01u},
 307:Generated_Source\PSoC4/cyfitter_cfg.c **** 			{0x9Au, 0x07u},
 308:Generated_Source\PSoC4/cyfitter_cfg.c **** 			{0xA7u, 0x01u},
 309:Generated_Source\PSoC4/cyfitter_cfg.c **** 			{0xAEu, 0x08u},
 310:Generated_Source\PSoC4/cyfitter_cfg.c **** 			{0xB0u, 0x01u},
 311:Generated_Source\PSoC4/cyfitter_cfg.c **** 			{0xB2u, 0x02u},
 312:Generated_Source\PSoC4/cyfitter_cfg.c **** 			{0xB4u, 0x08u},
 313:Generated_Source\PSoC4/cyfitter_cfg.c **** 			{0xB5u, 0x01u},
 314:Generated_Source\PSoC4/cyfitter_cfg.c **** 			{0xB6u, 0x04u},
 315:Generated_Source\PSoC4/cyfitter_cfg.c **** 			{0xBFu, 0x10u},
 316:Generated_Source\PSoC4/cyfitter_cfg.c **** 			{0xC0u, 0x20u},
 317:Generated_Source\PSoC4/cyfitter_cfg.c **** 			{0xC1u, 0x05u},
 318:Generated_Source\PSoC4/cyfitter_cfg.c **** 			{0xC5u, 0xD1u},
 319:Generated_Source\PSoC4/cyfitter_cfg.c **** 			{0xC6u, 0x02u},
 320:Generated_Source\PSoC4/cyfitter_cfg.c **** 			{0xC8u, 0x07u},
 321:Generated_Source\PSoC4/cyfitter_cfg.c **** 			{0xC9u, 0xFFu},
 322:Generated_Source\PSoC4/cyfitter_cfg.c **** 			{0xCAu, 0xFFu},
 323:Generated_Source\PSoC4/cyfitter_cfg.c **** 			{0xCBu, 0xFFu},
 324:Generated_Source\PSoC4/cyfitter_cfg.c **** 			{0xCDu, 0xA0u},
 325:Generated_Source\PSoC4/cyfitter_cfg.c **** 			{0xCFu, 0x04u},
 326:Generated_Source\PSoC4/cyfitter_cfg.c **** 			{0xD0u, 0x18u},
 327:Generated_Source\PSoC4/cyfitter_cfg.c **** 			{0xD2u, 0x80u},
 328:Generated_Source\PSoC4/cyfitter_cfg.c **** 			{0xD4u, 0x05u},
 329:Generated_Source\PSoC4/cyfitter_cfg.c **** 			{0xD8u, 0x04u},
 330:Generated_Source\PSoC4/cyfitter_cfg.c **** 			{0xD9u, 0x04u},
 331:Generated_Source\PSoC4/cyfitter_cfg.c **** 			{0xDAu, 0x04u},
 332:Generated_Source\PSoC4/cyfitter_cfg.c **** 			{0xDBu, 0x04u},
ARM GAS  C:\Users\latao\AppData\Local\Temp\ccCfIvrN.s 			page 11


 333:Generated_Source\PSoC4/cyfitter_cfg.c **** 			{0xDFu, 0x01u},
 334:Generated_Source\PSoC4/cyfitter_cfg.c **** 			{0xE0u, 0x40u},
 335:Generated_Source\PSoC4/cyfitter_cfg.c **** 			{0xE2u, 0xC0u},
 336:Generated_Source\PSoC4/cyfitter_cfg.c **** 			{0xE4u, 0x40u},
 337:Generated_Source\PSoC4/cyfitter_cfg.c **** 			{0xE5u, 0x40u},
 338:Generated_Source\PSoC4/cyfitter_cfg.c **** 			{0xE6u, 0xC0u},
 339:Generated_Source\PSoC4/cyfitter_cfg.c **** 			{0xE8u, 0xC0u},
 340:Generated_Source\PSoC4/cyfitter_cfg.c **** 			{0xEAu, 0xC0u},
 341:Generated_Source\PSoC4/cyfitter_cfg.c **** 			{0xECu, 0xC0u},
 342:Generated_Source\PSoC4/cyfitter_cfg.c **** 			{0xEEu, 0xC0u},
 343:Generated_Source\PSoC4/cyfitter_cfg.c **** 			{0x05u, 0x10u},
 344:Generated_Source\PSoC4/cyfitter_cfg.c **** 			{0x0Eu, 0x20u},
 345:Generated_Source\PSoC4/cyfitter_cfg.c **** 			{0x0Fu, 0x08u},
 346:Generated_Source\PSoC4/cyfitter_cfg.c **** 			{0x17u, 0x80u},
 347:Generated_Source\PSoC4/cyfitter_cfg.c **** 			{0x1Du, 0x30u},
 348:Generated_Source\PSoC4/cyfitter_cfg.c **** 			{0x1Eu, 0x62u},
 349:Generated_Source\PSoC4/cyfitter_cfg.c **** 			{0x1Fu, 0x20u},
 350:Generated_Source\PSoC4/cyfitter_cfg.c **** 			{0x27u, 0x08u},
 351:Generated_Source\PSoC4/cyfitter_cfg.c **** 			{0x2Fu, 0x20u},
 352:Generated_Source\PSoC4/cyfitter_cfg.c **** 			{0x3Fu, 0x80u},
 353:Generated_Source\PSoC4/cyfitter_cfg.c **** 			{0x45u, 0x20u},
 354:Generated_Source\PSoC4/cyfitter_cfg.c **** 			{0x4Fu, 0x89u},
 355:Generated_Source\PSoC4/cyfitter_cfg.c **** 			{0x57u, 0x40u},
 356:Generated_Source\PSoC4/cyfitter_cfg.c **** 			{0x5Eu, 0x40u},
 357:Generated_Source\PSoC4/cyfitter_cfg.c **** 			{0x5Fu, 0x09u},
 358:Generated_Source\PSoC4/cyfitter_cfg.c **** 			{0x77u, 0x80u},
 359:Generated_Source\PSoC4/cyfitter_cfg.c **** 			{0xC0u, 0x40u},
 360:Generated_Source\PSoC4/cyfitter_cfg.c **** 			{0xC2u, 0x60u},
 361:Generated_Source\PSoC4/cyfitter_cfg.c **** 			{0xC4u, 0x80u},
 362:Generated_Source\PSoC4/cyfitter_cfg.c **** 			{0xCAu, 0x40u},
 363:Generated_Source\PSoC4/cyfitter_cfg.c **** 			{0xCEu, 0x10u},
 364:Generated_Source\PSoC4/cyfitter_cfg.c **** 			{0xD0u, 0x20u},
 365:Generated_Source\PSoC4/cyfitter_cfg.c **** 			{0xD2u, 0x10u},
 366:Generated_Source\PSoC4/cyfitter_cfg.c **** 			{0xD6u, 0xD0u},
 367:Generated_Source\PSoC4/cyfitter_cfg.c **** 			{0xB6u, 0x01u},
 368:Generated_Source\PSoC4/cyfitter_cfg.c **** 			{0xEAu, 0x10u},
 369:Generated_Source\PSoC4/cyfitter_cfg.c **** 			{0x50u, 0x04u},
 370:Generated_Source\PSoC4/cyfitter_cfg.c **** 			{0xD4u, 0x20u},
 371:Generated_Source\PSoC4/cyfitter_cfg.c **** 			{0xB4u, 0x04u},
 372:Generated_Source\PSoC4/cyfitter_cfg.c **** 			{0x01u, 0x01u},
 373:Generated_Source\PSoC4/cyfitter_cfg.c **** 			{0x10u, 0x01u},
 374:Generated_Source\PSoC4/cyfitter_cfg.c **** 		};
 375:Generated_Source\PSoC4/cyfitter_cfg.c **** 
 376:Generated_Source\PSoC4/cyfitter_cfg.c **** 
 377:Generated_Source\PSoC4/cyfitter_cfg.c **** 
 378:Generated_Source\PSoC4/cyfitter_cfg.c **** 		CYPACKED typedef struct {
 379:Generated_Source\PSoC4/cyfitter_cfg.c **** 			void CYFAR *address;
 380:Generated_Source\PSoC4/cyfitter_cfg.c **** 			uint16 size;
 381:Generated_Source\PSoC4/cyfitter_cfg.c **** 		} CYPACKED_ATTR cfg_memset_t;
 382:Generated_Source\PSoC4/cyfitter_cfg.c **** 
 383:Generated_Source\PSoC4/cyfitter_cfg.c **** 		static const cfg_memset_t CYCODE cfg_memset_list[] = {
 384:Generated_Source\PSoC4/cyfitter_cfg.c **** 			/* address, size */
 385:Generated_Source\PSoC4/cyfitter_cfg.c **** 			{(void CYFAR *)(CYDEV_UDB_P0_U0_BASE), 1024u},
 386:Generated_Source\PSoC4/cyfitter_cfg.c **** 			{(void CYFAR *)(CYDEV_UDB_DSI0_BASE), 1024u},
 387:Generated_Source\PSoC4/cyfitter_cfg.c **** 		};
 388:Generated_Source\PSoC4/cyfitter_cfg.c **** 
 389:Generated_Source\PSoC4/cyfitter_cfg.c **** 		uint8 CYDATA i;
ARM GAS  C:\Users\latao\AppData\Local\Temp\ccCfIvrN.s 			page 12


 390:Generated_Source\PSoC4/cyfitter_cfg.c **** 
 391:Generated_Source\PSoC4/cyfitter_cfg.c **** 		/* Zero out critical memory blocks before beginning configuration */
 392:Generated_Source\PSoC4/cyfitter_cfg.c **** 		for (i = 0u; i < (sizeof(cfg_memset_list)/sizeof(cfg_memset_list[0])); i++)
 233              		.loc 1 392 0
 234 007c 0024     		movs	r4, #0
 235 007e 0FE0     		b	.L11
 236              	.LVL19:
 237              	.L12:
 238              	.LBB4:
 393:Generated_Source\PSoC4/cyfitter_cfg.c **** 		{
 394:Generated_Source\PSoC4/cyfitter_cfg.c **** 			const cfg_memset_t CYCODE * CYDATA ms = &cfg_memset_list[i];
 395:Generated_Source\PSoC4/cyfitter_cfg.c **** 			CYMEMZERO(ms->address, (size_t)(uint32)(ms->size));
 239              		.loc 1 395 0 discriminator 3
 240 0080 2248     		ldr	r0, .L13
 241 0082 6200     		lsls	r2, r4, #1
 242 0084 1319     		adds	r3, r2, r4
 243 0086 5900     		lsls	r1, r3, #1
 244 0088 0B00     		movs	r3, r1
 245 008a 4118     		adds	r1, r0, r1
 246 008c 8988     		ldrh	r1, [r1, #4]
 247 008e 1A5A     		ldrh	r2, [r3, r0]
 248 0090 C318     		adds	r3, r0, r3
 249 0092 5888     		ldrh	r0, [r3, #2]
 250 0094 0004     		lsls	r0, r0, #16
 251 0096 1043     		orrs	r0, r2
 252 0098 FFF7FEFF 		bl	CYMEMZERO
 253              	.LVL20:
 254              	.LBE4:
 392:Generated_Source\PSoC4/cyfitter_cfg.c **** 		{
 255              		.loc 1 392 0 discriminator 3
 256 009c 0134     		adds	r4, r4, #1
 257              	.LVL21:
 258 009e E4B2     		uxtb	r4, r4
 259              	.LVL22:
 260              	.L11:
 392:Generated_Source\PSoC4/cyfitter_cfg.c **** 		{
 261              		.loc 1 392 0 is_stmt 0 discriminator 1
 262 00a0 012C     		cmp	r4, #1
 263 00a2 EDD9     		bls	.L12
 396:Generated_Source\PSoC4/cyfitter_cfg.c **** 		}
 397:Generated_Source\PSoC4/cyfitter_cfg.c **** 
 398:Generated_Source\PSoC4/cyfitter_cfg.c **** 		cfg_write_bytes32(cy_cfg_addr_table, cy_cfg_data_table);
 264              		.loc 1 398 0 is_stmt 1
 265 00a4 1949     		ldr	r1, .L13
 266 00a6 0C31     		adds	r1, r1, #12
 267 00a8 1948     		ldr	r0, .L13+4
 268 00aa 1C30     		adds	r0, r0, #28
 269 00ac FFF7FEFF 		bl	cfg_write_bytes32
 270              	.LVL23:
 399:Generated_Source\PSoC4/cyfitter_cfg.c **** 
 400:Generated_Source\PSoC4/cyfitter_cfg.c **** 		/* HSIOM Starting address: CYDEV_HSIOM_BASE */
 401:Generated_Source\PSoC4/cyfitter_cfg.c **** 		CY_SET_REG32((void *)(CYDEV_HSIOM_BASE), 0x00003000u);
 271              		.loc 1 401 0
 272 00b0 C022     		movs	r2, #192
 273 00b2 9201     		lsls	r2, r2, #6
 274 00b4 174B     		ldr	r3, .L13+8
 275 00b6 1A60     		str	r2, [r3]
ARM GAS  C:\Users\latao\AppData\Local\Temp\ccCfIvrN.s 			page 13


 402:Generated_Source\PSoC4/cyfitter_cfg.c **** 		CY_SET_REG32((void *)(CYREG_HSIOM_PORT_SEL3), 0x0000EE00u);
 276              		.loc 1 402 0
 277 00b8 EE22     		movs	r2, #238
 278 00ba 1202     		lsls	r2, r2, #8
 279 00bc 164B     		ldr	r3, .L13+12
 280 00be 1A60     		str	r2, [r3]
 403:Generated_Source\PSoC4/cyfitter_cfg.c **** 
 404:Generated_Source\PSoC4/cyfitter_cfg.c **** 		/* UDB_PA_0 Starting address: CYDEV_UDB_PA0_BASE */
 405:Generated_Source\PSoC4/cyfitter_cfg.c **** 		CY_SET_REG32((void *)(CYDEV_UDB_PA0_BASE), 0x00990000u);
 281              		.loc 1 405 0
 282 00c0 9923     		movs	r3, #153
 283 00c2 1B04     		lsls	r3, r3, #16
 284 00c4 154A     		ldr	r2, .L13+16
 285 00c6 1360     		str	r3, [r2]
 406:Generated_Source\PSoC4/cyfitter_cfg.c **** 		CY_SET_REG32((void *)(CYREG_UDB_PA0_CFG8), 0x00150000u);
 286              		.loc 1 406 0
 287 00c8 A821     		movs	r1, #168
 288 00ca 4903     		lsls	r1, r1, #13
 289 00cc 144A     		ldr	r2, .L13+20
 290 00ce 1160     		str	r1, [r2]
 407:Generated_Source\PSoC4/cyfitter_cfg.c **** 
 408:Generated_Source\PSoC4/cyfitter_cfg.c **** 		/* UDB_PA_3 Starting address: CYDEV_UDB_PA3_BASE */
 409:Generated_Source\PSoC4/cyfitter_cfg.c **** 		CY_SET_REG32((void *)(CYDEV_UDB_PA3_BASE), 0x00990000u);
 291              		.loc 1 409 0
 292 00d0 144A     		ldr	r2, .L13+24
 293 00d2 1360     		str	r3, [r2]
 410:Generated_Source\PSoC4/cyfitter_cfg.c **** 
 411:Generated_Source\PSoC4/cyfitter_cfg.c **** 		/* Enable UDB array and digital routing */
 412:Generated_Source\PSoC4/cyfitter_cfg.c **** 		CY_SET_XTND_REG8((void *)CYREG_UDB_UDBIF_WAIT_CFG, (uint8)((CY_GET_XTND_REG8((void *)CYREG_UDB_UD
 294              		.loc 1 412 0
 295 00d4 1449     		ldr	r1, .L13+28
 296 00d6 0B78     		ldrb	r3, [r1]
 297 00d8 3C22     		movs	r2, #60
 298 00da 9343     		bics	r3, r2
 299 00dc 1422     		movs	r2, #20
 300 00de 1343     		orrs	r3, r2
 301 00e0 DBB2     		uxtb	r3, r3
 302 00e2 0B70     		strb	r3, [r1]
 413:Generated_Source\PSoC4/cyfitter_cfg.c **** 		CY_SET_XTND_REG8((void *)CYREG_UDB_UDBIF_BANK_CTL, (uint8)(CY_GET_XTND_REG8((void *)CYREG_UDB_UDB
 303              		.loc 1 413 0
 304 00e4 114A     		ldr	r2, .L13+32
 305 00e6 1178     		ldrb	r1, [r2]
 306 00e8 1623     		movs	r3, #22
 307 00ea 0B43     		orrs	r3, r1
 308 00ec DBB2     		uxtb	r3, r3
 309 00ee 1370     		strb	r3, [r2]
 310              	.LBE3:
 414:Generated_Source\PSoC4/cyfitter_cfg.c **** 	}
 415:Generated_Source\PSoC4/cyfitter_cfg.c **** 
 416:Generated_Source\PSoC4/cyfitter_cfg.c **** 	/* Perform second pass device configuration. These items must be configured in specific order afte
 417:Generated_Source\PSoC4/cyfitter_cfg.c **** 	/* IOPINS0_0 Starting address: CYDEV_PRT0_BASE */
 418:Generated_Source\PSoC4/cyfitter_cfg.c **** 	CY_SET_REG32((void *)(CYDEV_PRT0_BASE), 0x00000008u);
 311              		.loc 1 418 0
 312 00f0 0822     		movs	r2, #8
 313 00f2 0F4B     		ldr	r3, .L13+36
 314 00f4 1A60     		str	r2, [r3]
 419:Generated_Source\PSoC4/cyfitter_cfg.c **** 	CY_SET_REG32((void *)(CYREG_PRT0_PC), 0x00000C00u);
ARM GAS  C:\Users\latao\AppData\Local\Temp\ccCfIvrN.s 			page 14


 315              		.loc 1 419 0
 316 00f6 C022     		movs	r2, #192
 317 00f8 1201     		lsls	r2, r2, #4
 318 00fa 0E4B     		ldr	r3, .L13+40
 319 00fc 1A60     		str	r2, [r3]
 420:Generated_Source\PSoC4/cyfitter_cfg.c **** 
 421:Generated_Source\PSoC4/cyfitter_cfg.c **** 	/* IOPINS0_3 Starting address: CYDEV_PRT3_BASE */
 422:Generated_Source\PSoC4/cyfitter_cfg.c **** 	CY_SET_REG32((void *)(CYREG_PRT3_PC), 0x00000D80u);
 320              		.loc 1 422 0
 321 00fe 8132     		adds	r2, r2, #129
 322 0100 FF32     		adds	r2, r2, #255
 323 0102 0D4B     		ldr	r3, .L13+44
 324 0104 1A60     		str	r2, [r3]
 423:Generated_Source\PSoC4/cyfitter_cfg.c **** 
 424:Generated_Source\PSoC4/cyfitter_cfg.c **** 
 425:Generated_Source\PSoC4/cyfitter_cfg.c **** 	/* Setup clocks based on selections from Clock DWR */
 426:Generated_Source\PSoC4/cyfitter_cfg.c **** 	ClockSetup();
 325              		.loc 1 426 0
 326 0106 FFF77BFF 		bl	ClockSetup
 327              	.LVL24:
 427:Generated_Source\PSoC4/cyfitter_cfg.c **** 
 428:Generated_Source\PSoC4/cyfitter_cfg.c **** 	/* Perform basic analog initialization to defaults */
 429:Generated_Source\PSoC4/cyfitter_cfg.c **** 	AnalogSetDefault();
 430:Generated_Source\PSoC4/cyfitter_cfg.c **** 
 431:Generated_Source\PSoC4/cyfitter_cfg.c **** }
 328              		.loc 1 431 0
 329              		@ sp needed
 330              	.LVL25:
 331 010a 10BD     		pop	{r4, pc}
 332              	.L14:
 333              		.align	2
 334              	.L13:
 335 010c 00000000 		.word	.LANCHOR0
 336 0110 80000000 		.word	.LANCHOR1
 337 0114 00000140 		.word	1073807360
 338 0118 0C000140 		.word	1073807372
 339 011c 00500F40 		.word	1074745344
 340 0120 08500F40 		.word	1074745352
 341 0124 30500F40 		.word	1074745392
 342 0128 01700F40 		.word	1074753537
 343 012c 00700F40 		.word	1074753536
 344 0130 00000440 		.word	1074003968
 345 0134 08000440 		.word	1074003976
 346 0138 08030440 		.word	1074004744
 347              		.cfi_endproc
 348              	.LFE6:
 349              		.size	cyfitter_cfg, .-cyfitter_cfg
 350              		.section	.rodata
 351              		.align	2
 352              		.set	.LANCHOR0,. + 0
 353              		.set	.LANCHOR1,. + 128
 354              		.type	cfg_memset_list.4870, %object
 355              		.size	cfg_memset_list.4870, 12
 356              	cfg_memset_list.4870:
 357 0000 00300F40 		.word	1074737152
 358 0004 0004     		.short	1024
 359 0006 00400F40 		.4byte	1074741248
ARM GAS  C:\Users\latao\AppData\Local\Temp\ccCfIvrN.s 			page 15


 360 000a 0004     		.short	1024
 361              		.type	cy_cfg_data_table.4865, %object
 362              		.size	cy_cfg_data_table.4865, 142
 363              	cy_cfg_data_table.4865:
 364 000c 81       		.byte	-127
 365 000d 0D       		.byte	13
 366 000e 8A       		.byte	-118
 367 000f 04       		.byte	4
 368 0010 8F       		.byte	-113
 369 0011 01       		.byte	1
 370 0012 94       		.byte	-108
 371 0013 01       		.byte	1
 372 0014 9A       		.byte	-102
 373 0015 07       		.byte	7
 374 0016 A7       		.byte	-89
 375 0017 01       		.byte	1
 376 0018 AE       		.byte	-82
 377 0019 08       		.byte	8
 378 001a B0       		.byte	-80
 379 001b 01       		.byte	1
 380 001c B2       		.byte	-78
 381 001d 02       		.byte	2
 382 001e B4       		.byte	-76
 383 001f 08       		.byte	8
 384 0020 B5       		.byte	-75
 385 0021 01       		.byte	1
 386 0022 B6       		.byte	-74
 387 0023 04       		.byte	4
 388 0024 BF       		.byte	-65
 389 0025 10       		.byte	16
 390 0026 C0       		.byte	-64
 391 0027 20       		.byte	32
 392 0028 C1       		.byte	-63
 393 0029 05       		.byte	5
 394 002a C5       		.byte	-59
 395 002b D1       		.byte	-47
 396 002c C6       		.byte	-58
 397 002d 02       		.byte	2
 398 002e C8       		.byte	-56
 399 002f 07       		.byte	7
 400 0030 C9       		.byte	-55
 401 0031 FF       		.byte	-1
 402 0032 CA       		.byte	-54
 403 0033 FF       		.byte	-1
 404 0034 CB       		.byte	-53
 405 0035 FF       		.byte	-1
 406 0036 CD       		.byte	-51
 407 0037 A0       		.byte	-96
 408 0038 CF       		.byte	-49
 409 0039 04       		.byte	4
 410 003a D0       		.byte	-48
 411 003b 18       		.byte	24
 412 003c D2       		.byte	-46
 413 003d 80       		.byte	-128
 414 003e D4       		.byte	-44
 415 003f 05       		.byte	5
 416 0040 D8       		.byte	-40
ARM GAS  C:\Users\latao\AppData\Local\Temp\ccCfIvrN.s 			page 16


 417 0041 04       		.byte	4
 418 0042 D9       		.byte	-39
 419 0043 04       		.byte	4
 420 0044 DA       		.byte	-38
 421 0045 04       		.byte	4
 422 0046 DB       		.byte	-37
 423 0047 04       		.byte	4
 424 0048 DF       		.byte	-33
 425 0049 01       		.byte	1
 426 004a E0       		.byte	-32
 427 004b 40       		.byte	64
 428 004c E2       		.byte	-30
 429 004d C0       		.byte	-64
 430 004e E4       		.byte	-28
 431 004f 40       		.byte	64
 432 0050 E5       		.byte	-27
 433 0051 40       		.byte	64
 434 0052 E6       		.byte	-26
 435 0053 C0       		.byte	-64
 436 0054 E8       		.byte	-24
 437 0055 C0       		.byte	-64
 438 0056 EA       		.byte	-22
 439 0057 C0       		.byte	-64
 440 0058 EC       		.byte	-20
 441 0059 C0       		.byte	-64
 442 005a EE       		.byte	-18
 443 005b C0       		.byte	-64
 444 005c 05       		.byte	5
 445 005d 10       		.byte	16
 446 005e 0E       		.byte	14
 447 005f 20       		.byte	32
 448 0060 0F       		.byte	15
 449 0061 08       		.byte	8
 450 0062 17       		.byte	23
 451 0063 80       		.byte	-128
 452 0064 1D       		.byte	29
 453 0065 30       		.byte	48
 454 0066 1E       		.byte	30
 455 0067 62       		.byte	98
 456 0068 1F       		.byte	31
 457 0069 20       		.byte	32
 458 006a 27       		.byte	39
 459 006b 08       		.byte	8
 460 006c 2F       		.byte	47
 461 006d 20       		.byte	32
 462 006e 3F       		.byte	63
 463 006f 80       		.byte	-128
 464 0070 45       		.byte	69
 465 0071 20       		.byte	32
 466 0072 4F       		.byte	79
 467 0073 89       		.byte	-119
 468 0074 57       		.byte	87
 469 0075 40       		.byte	64
 470 0076 5E       		.byte	94
 471 0077 40       		.byte	64
 472 0078 5F       		.byte	95
 473 0079 09       		.byte	9
ARM GAS  C:\Users\latao\AppData\Local\Temp\ccCfIvrN.s 			page 17


 474 007a 77       		.byte	119
 475 007b 80       		.byte	-128
 476 007c C0       		.byte	-64
 477 007d 40       		.byte	64
 478 007e C2       		.byte	-62
 479 007f 60       		.byte	96
 480 0080 C4       		.byte	-60
 481 0081 80       		.byte	-128
 482 0082 CA       		.byte	-54
 483 0083 40       		.byte	64
 484 0084 CE       		.byte	-50
 485 0085 10       		.byte	16
 486 0086 D0       		.byte	-48
 487 0087 20       		.byte	32
 488 0088 D2       		.byte	-46
 489 0089 10       		.byte	16
 490 008a D6       		.byte	-42
 491 008b D0       		.byte	-48
 492 008c B6       		.byte	-74
 493 008d 01       		.byte	1
 494 008e EA       		.byte	-22
 495 008f 10       		.byte	16
 496 0090 50       		.byte	80
 497 0091 04       		.byte	4
 498 0092 D4       		.byte	-44
 499 0093 20       		.byte	32
 500 0094 B4       		.byte	-76
 501 0095 04       		.byte	4
 502 0096 01       		.byte	1
 503 0097 01       		.byte	1
 504 0098 10       		.byte	16
 505 0099 01       		.byte	1
 506 009a 0000     		.space	2
 507              		.type	cy_cfg_addr_table.4864, %object
 508              		.size	cy_cfg_addr_table.4864, 28
 509              	cy_cfg_addr_table.4864:
 510 009c 01000F40 		.word	1074724865
 511 00a0 27300F40 		.word	1074737191
 512 00a4 18310F40 		.word	1074737432
 513 00a8 02330F40 		.word	1074737922
 514 00ac 02400F40 		.word	1074741250
 515 00b0 01410F40 		.word	1074741505
 516 00b4 02600F40 		.word	1074749442
 517              		.text
 518              	.Letext0:
 519              		.file 2 "c:\\program files (x86)\\cypress\\psoc creator\\4.4\\psoc creator\\import\\gnu\\arm\\5.4.
 520              		.file 3 "Generated_Source\\PSoC4\\cytypes.h"
 521              		.file 4 "Generated_Source\\PSoC4\\CyLib.h"
 522              		.section	.debug_info,"",%progbits
 523              	.Ldebug_info0:
 524 0000 9C030000 		.4byte	0x39c
 525 0004 0400     		.2byte	0x4
 526 0006 00000000 		.4byte	.Ldebug_abbrev0
 527 000a 04       		.byte	0x4
 528 000b 01       		.uleb128 0x1
 529 000c 6F010000 		.4byte	.LASF39
 530 0010 0C       		.byte	0xc
ARM GAS  C:\Users\latao\AppData\Local\Temp\ccCfIvrN.s 			page 18


 531 0011 89020000 		.4byte	.LASF40
 532 0015 58000000 		.4byte	.LASF41
 533 0019 00000000 		.4byte	.Ldebug_ranges0+0
 534 001d 00000000 		.4byte	0
 535 0021 00000000 		.4byte	.Ldebug_line0
 536 0025 02       		.uleb128 0x2
 537 0026 04       		.byte	0x4
 538 0027 05       		.byte	0x5
 539 0028 696E7400 		.ascii	"int\000"
 540 002c 03       		.uleb128 0x3
 541 002d 06000000 		.4byte	.LASF12
 542 0031 02       		.byte	0x2
 543 0032 D8       		.byte	0xd8
 544 0033 37000000 		.4byte	0x37
 545 0037 04       		.uleb128 0x4
 546 0038 04       		.byte	0x4
 547 0039 07       		.byte	0x7
 548 003a 24010000 		.4byte	.LASF0
 549 003e 04       		.uleb128 0x4
 550 003f 08       		.byte	0x8
 551 0040 05       		.byte	0x5
 552 0041 1C020000 		.4byte	.LASF1
 553 0045 04       		.uleb128 0x4
 554 0046 08       		.byte	0x8
 555 0047 04       		.byte	0x4
 556 0048 71020000 		.4byte	.LASF2
 557 004c 04       		.uleb128 0x4
 558 004d 01       		.byte	0x1
 559 004e 06       		.byte	0x6
 560 004f 7D020000 		.4byte	.LASF3
 561 0053 04       		.uleb128 0x4
 562 0054 01       		.byte	0x1
 563 0055 08       		.byte	0x8
 564 0056 C6000000 		.4byte	.LASF4
 565 005a 04       		.uleb128 0x4
 566 005b 02       		.byte	0x2
 567 005c 05       		.byte	0x5
 568 005d 49020000 		.4byte	.LASF5
 569 0061 04       		.uleb128 0x4
 570 0062 02       		.byte	0x2
 571 0063 07       		.byte	0x7
 572 0064 45000000 		.4byte	.LASF6
 573 0068 04       		.uleb128 0x4
 574 0069 04       		.byte	0x4
 575 006a 05       		.byte	0x5
 576 006b 68020000 		.4byte	.LASF7
 577 006f 04       		.uleb128 0x4
 578 0070 04       		.byte	0x4
 579 0071 07       		.byte	0x7
 580 0072 A4000000 		.4byte	.LASF8
 581 0076 04       		.uleb128 0x4
 582 0077 08       		.byte	0x8
 583 0078 07       		.byte	0x7
 584 0079 46010000 		.4byte	.LASF9
 585 007d 04       		.uleb128 0x4
 586 007e 04       		.byte	0x4
 587 007f 07       		.byte	0x7
ARM GAS  C:\Users\latao\AppData\Local\Temp\ccCfIvrN.s 			page 19


 588 0080 13020000 		.4byte	.LASF10
 589 0084 05       		.uleb128 0x5
 590 0085 04       		.byte	0x4
 591 0086 04       		.uleb128 0x4
 592 0087 01       		.byte	0x1
 593 0088 08       		.byte	0x8
 594 0089 2A020000 		.4byte	.LASF11
 595 008d 06       		.uleb128 0x6
 596 008e B6000000 		.4byte	.LASF13
 597 0092 03       		.byte	0x3
 598 0093 FB01     		.2byte	0x1fb
 599 0095 53000000 		.4byte	0x53
 600 0099 06       		.uleb128 0x6
 601 009a 0B010000 		.4byte	.LASF14
 602 009e 03       		.byte	0x3
 603 009f FC01     		.2byte	0x1fc
 604 00a1 61000000 		.4byte	0x61
 605 00a5 06       		.uleb128 0x6
 606 00a6 1D010000 		.4byte	.LASF15
 607 00aa 03       		.byte	0x3
 608 00ab FD01     		.2byte	0x1fd
 609 00ad 6F000000 		.4byte	0x6f
 610 00b1 04       		.uleb128 0x4
 611 00b2 04       		.byte	0x4
 612 00b3 04       		.byte	0x4
 613 00b4 84000000 		.4byte	.LASF16
 614 00b8 04       		.uleb128 0x4
 615 00b9 08       		.byte	0x8
 616 00ba 04       		.byte	0x4
 617 00bb DB000000 		.4byte	.LASF17
 618 00bf 06       		.uleb128 0x6
 619 00c0 9F000000 		.4byte	.LASF18
 620 00c4 03       		.byte	0x3
 621 00c5 A502     		.2byte	0x2a5
 622 00c7 CB000000 		.4byte	0xcb
 623 00cb 07       		.uleb128 0x7
 624 00cc 8D000000 		.4byte	0x8d
 625 00d0 06       		.uleb128 0x6
 626 00d1 00000000 		.4byte	.LASF19
 627 00d5 03       		.byte	0x3
 628 00d6 A702     		.2byte	0x2a7
 629 00d8 DC000000 		.4byte	0xdc
 630 00dc 07       		.uleb128 0x7
 631 00dd A5000000 		.4byte	0xa5
 632 00e1 08       		.uleb128 0x8
 633 00e2 02       		.byte	0x2
 634 00e3 01       		.byte	0x1
 635 00e4 97       		.byte	0x97
 636 00e5 02010000 		.4byte	0x102
 637 00e9 09       		.uleb128 0x9
 638 00ea 42020000 		.4byte	.LASF20
 639 00ee 01       		.byte	0x1
 640 00ef 99       		.byte	0x99
 641 00f0 8D000000 		.4byte	0x8d
 642 00f4 00       		.byte	0
 643 00f5 09       		.uleb128 0x9
 644 00f6 1C000000 		.4byte	.LASF21
ARM GAS  C:\Users\latao\AppData\Local\Temp\ccCfIvrN.s 			page 20


 645 00fa 01       		.byte	0x1
 646 00fb 9A       		.byte	0x9a
 647 00fc 8D000000 		.4byte	0x8d
 648 0100 01       		.byte	0x1
 649 0101 00       		.byte	0
 650 0102 03       		.uleb128 0x3
 651 0103 2F020000 		.4byte	.LASF22
 652 0107 01       		.byte	0x1
 653 0108 9B       		.byte	0x9b
 654 0109 E1000000 		.4byte	0xe1
 655 010d 0A       		.uleb128 0xa
 656 010e E2000000 		.4byte	.LASF27
 657 0112 01       		.byte	0x1
 658 0113 AE       		.byte	0xae
 659 0114 00000000 		.4byte	.LFB3
 660 0118 32000000 		.4byte	.LFE3-.LFB3
 661 011c 01       		.uleb128 0x1
 662 011d 9C       		.byte	0x9c
 663 011e 7F010000 		.4byte	0x17f
 664 0122 0B       		.uleb128 0xb
 665 0123 00010000 		.4byte	.LASF23
 666 0127 01       		.byte	0x1
 667 0128 AE       		.byte	0xae
 668 0129 7F010000 		.4byte	0x17f
 669 012d 01       		.uleb128 0x1
 670 012e 50       		.byte	0x50
 671 012f 0B       		.uleb128 0xb
 672 0130 12010000 		.4byte	.LASF24
 673 0134 01       		.byte	0x1
 674 0135 AE       		.byte	0xae
 675 0136 8A010000 		.4byte	0x18a
 676 013a 01       		.uleb128 0x1
 677 013b 51       		.byte	0x51
 678 013c 0C       		.uleb128 0xc
 679 013d 6900     		.ascii	"i\000"
 680 013f 01       		.byte	0x1
 681 0140 B1       		.byte	0xb1
 682 0141 A5000000 		.4byte	0xa5
 683 0145 00000000 		.4byte	.LLST0
 684 0149 0C       		.uleb128 0xc
 685 014a 6A00     		.ascii	"j\000"
 686 014c 01       		.byte	0x1
 687 014d B1       		.byte	0xb1
 688 014e A5000000 		.4byte	0xa5
 689 0152 1F000000 		.4byte	.LLST1
 690 0156 0D       		.uleb128 0xd
 691 0157 08000000 		.4byte	.LBB2
 692 015b 22000000 		.4byte	.LBE2-.LBB2
 693 015f 0E       		.uleb128 0xe
 694 0160 0A020000 		.4byte	.LASF25
 695 0164 01       		.byte	0x1
 696 0165 B4       		.byte	0xb4
 697 0166 A5000000 		.4byte	0xa5
 698 016a 3E000000 		.4byte	.LLST2
 699 016e 0E       		.uleb128 0xe
 700 016f 22000000 		.4byte	.LASF26
 701 0173 01       		.byte	0x1
ARM GAS  C:\Users\latao\AppData\Local\Temp\ccCfIvrN.s 			page 21


 702 0174 B5       		.byte	0xb5
 703 0175 8D000000 		.4byte	0x8d
 704 0179 51000000 		.4byte	.LLST3
 705 017d 00       		.byte	0
 706 017e 00       		.byte	0
 707 017f 0F       		.uleb128 0xf
 708 0180 04       		.byte	0x4
 709 0181 85010000 		.4byte	0x185
 710 0185 10       		.uleb128 0x10
 711 0186 A5000000 		.4byte	0xa5
 712 018a 0F       		.uleb128 0xf
 713 018b 04       		.byte	0x4
 714 018c 90010000 		.4byte	0x190
 715 0190 10       		.uleb128 0x10
 716 0191 02010000 		.4byte	0x102
 717 0195 0A       		.uleb128 0xa
 718 0196 BC000000 		.4byte	.LASF28
 719 019a 01       		.byte	0x1
 720 019b 4C       		.byte	0x4c
 721 019c 00000000 		.4byte	.LFB0
 722 01a0 0C000000 		.4byte	.LFE0-.LFB0
 723 01a4 01       		.uleb128 0x1
 724 01a5 9C       		.byte	0x9c
 725 01a6 E2010000 		.4byte	0x1e2
 726 01aa 11       		.uleb128 0x11
 727 01ab 7300     		.ascii	"s\000"
 728 01ad 01       		.byte	0x1
 729 01ae 4C       		.byte	0x4c
 730 01af 84000000 		.4byte	0x84
 731 01b3 6F000000 		.4byte	.LLST4
 732 01b7 11       		.uleb128 0x11
 733 01b8 6E00     		.ascii	"n\000"
 734 01ba 01       		.byte	0x1
 735 01bb 4C       		.byte	0x4c
 736 01bc 2C000000 		.4byte	0x2c
 737 01c0 90000000 		.4byte	.LLST5
 738 01c4 12       		.uleb128 0x12
 739 01c5 0A000000 		.4byte	.LVL14
 740 01c9 75030000 		.4byte	0x375
 741 01cd 13       		.uleb128 0x13
 742 01ce 01       		.uleb128 0x1
 743 01cf 50       		.byte	0x50
 744 01d0 03       		.uleb128 0x3
 745 01d1 F3       		.byte	0xf3
 746 01d2 01       		.uleb128 0x1
 747 01d3 50       		.byte	0x50
 748 01d4 13       		.uleb128 0x13
 749 01d5 01       		.uleb128 0x1
 750 01d6 51       		.byte	0x51
 751 01d7 01       		.uleb128 0x1
 752 01d8 30       		.byte	0x30
 753 01d9 13       		.uleb128 0x13
 754 01da 01       		.uleb128 0x1
 755 01db 52       		.byte	0x52
 756 01dc 03       		.uleb128 0x3
 757 01dd F3       		.byte	0xf3
 758 01de 01       		.uleb128 0x1
ARM GAS  C:\Users\latao\AppData\Local\Temp\ccCfIvrN.s 			page 22


 759 01df 51       		.byte	0x51
 760 01e0 00       		.byte	0
 761 01e1 00       		.byte	0
 762 01e2 0A       		.uleb128 0xa
 763 01e3 28000000 		.4byte	.LASF29
 764 01e7 01       		.byte	0x1
 765 01e8 D3       		.byte	0xd3
 766 01e9 00000000 		.4byte	.LFB4
 767 01ed 78000000 		.4byte	.LFE4-.LFB4
 768 01f1 01       		.uleb128 0x1
 769 01f2 9C       		.byte	0x9c
 770 01f3 2D020000 		.4byte	0x22d
 771 01f7 14       		.uleb128 0x14
 772 01f8 14000000 		.4byte	.LVL15
 773 01fc 7E030000 		.4byte	0x37e
 774 0200 0A020000 		.4byte	0x20a
 775 0204 13       		.uleb128 0x13
 776 0205 01       		.uleb128 0x1
 777 0206 50       		.byte	0x50
 778 0207 01       		.uleb128 0x1
 779 0208 48       		.byte	0x48
 780 0209 00       		.byte	0
 781 020a 14       		.uleb128 0x14
 782 020b 42000000 		.4byte	.LVL16
 783 020f 89030000 		.4byte	0x389
 784 0213 1D020000 		.4byte	0x21d
 785 0217 13       		.uleb128 0x13
 786 0218 01       		.uleb128 0x1
 787 0219 50       		.byte	0x50
 788 021a 01       		.uleb128 0x1
 789 021b 39       		.byte	0x39
 790 021c 00       		.byte	0
 791 021d 12       		.uleb128 0x12
 792 021e 48000000 		.4byte	.LVL17
 793 0222 94030000 		.4byte	0x394
 794 0226 13       		.uleb128 0x13
 795 0227 01       		.uleb128 0x1
 796 0228 50       		.byte	0x50
 797 0229 01       		.uleb128 0x1
 798 022a 39       		.byte	0x39
 799 022b 00       		.byte	0
 800 022c 00       		.byte	0
 801 022d 15       		.uleb128 0x15
 802 022e 31010000 		.4byte	.LASF42
 803 0232 01       		.byte	0x1
 804 0233 1E01     		.2byte	0x11e
 805 0235 78000000 		.4byte	.LFB6
 806 0239 C4000000 		.4byte	.LFE6-.LFB6
 807 023d 01       		.uleb128 0x1
 808 023e 9C       		.byte	0x9c
 809 023f 4B030000 		.4byte	0x34b
 810 0243 16       		.uleb128 0x16
 811 0244 7C000000 		.4byte	.LBB3
 812 0248 74000000 		.4byte	.LBE3-.LBB3
 813 024c 41030000 		.4byte	0x341
 814 0250 17       		.uleb128 0x17
 815 0251 33000000 		.4byte	.LASF30
ARM GAS  C:\Users\latao\AppData\Local\Temp\ccCfIvrN.s 			page 23


 816 0255 01       		.byte	0x1
 817 0256 2401     		.2byte	0x124
 818 0258 5B030000 		.4byte	0x35b
 819 025c 05       		.uleb128 0x5
 820 025d 03       		.byte	0x3
 821 025e 9C000000 		.4byte	cy_cfg_addr_table.4864
 822 0262 17       		.uleb128 0x17
 823 0263 5D010000 		.4byte	.LASF31
 824 0267 01       		.byte	0x1
 825 0268 2E01     		.2byte	0x12e
 826 026a 70030000 		.4byte	0x370
 827 026e 05       		.uleb128 0x5
 828 026f 03       		.byte	0x3
 829 0270 0C000000 		.4byte	cy_cfg_data_table.4865
 830 0274 18       		.uleb128 0x18
 831 0275 06       		.byte	0x6
 832 0276 01       		.byte	0x1
 833 0277 7A01     		.2byte	0x17a
 834 0279 98020000 		.4byte	0x298
 835 027d 19       		.uleb128 0x19
 836 027e 3E010000 		.4byte	.LASF32
 837 0282 01       		.byte	0x1
 838 0283 7B01     		.2byte	0x17b
 839 0285 84000000 		.4byte	0x84
 840 0289 00       		.byte	0
 841 028a 19       		.uleb128 0x19
 842 028b 9A000000 		.4byte	.LASF33
 843 028f 01       		.byte	0x1
 844 0290 7C01     		.2byte	0x17c
 845 0292 99000000 		.4byte	0x99
 846 0296 04       		.byte	0x4
 847 0297 00       		.byte	0
 848 0298 06       		.uleb128 0x6
 849 0299 FD010000 		.4byte	.LASF34
 850 029d 01       		.byte	0x1
 851 029e 7D01     		.2byte	0x17d
 852 02a0 74020000 		.4byte	0x274
 853 02a4 1A       		.uleb128 0x1a
 854 02a5 B4020000 		.4byte	0x2b4
 855 02a9 B4020000 		.4byte	0x2b4
 856 02ad 1B       		.uleb128 0x1b
 857 02ae 7D000000 		.4byte	0x7d
 858 02b2 01       		.byte	0x1
 859 02b3 00       		.byte	0
 860 02b4 10       		.uleb128 0x10
 861 02b5 98020000 		.4byte	0x298
 862 02b9 17       		.uleb128 0x17
 863 02ba 8A000000 		.4byte	.LASF35
 864 02be 01       		.byte	0x1
 865 02bf 7F01     		.2byte	0x17f
 866 02c1 CB020000 		.4byte	0x2cb
 867 02c5 05       		.uleb128 0x5
 868 02c6 03       		.byte	0x3
 869 02c7 00000000 		.4byte	cfg_memset_list.4870
 870 02cb 10       		.uleb128 0x10
 871 02cc A4020000 		.4byte	0x2a4
 872 02d0 1C       		.uleb128 0x1c
ARM GAS  C:\Users\latao\AppData\Local\Temp\ccCfIvrN.s 			page 24


 873 02d1 6900     		.ascii	"i\000"
 874 02d3 01       		.byte	0x1
 875 02d4 8501     		.2byte	0x185
 876 02d6 8D000000 		.4byte	0x8d
 877 02da BC000000 		.4byte	.LLST6
 878 02de 16       		.uleb128 0x16
 879 02df 80000000 		.4byte	.LBB4
 880 02e3 1C000000 		.4byte	.LBE4-.LBB4
 881 02e7 24030000 		.4byte	0x324
 882 02eb 1C       		.uleb128 0x1c
 883 02ec 6D7300   		.ascii	"ms\000"
 884 02ef 01       		.byte	0x1
 885 02f0 8A01     		.2byte	0x18a
 886 02f2 FA020000 		.4byte	0x2fa
 887 02f6 E6000000 		.4byte	.LLST7
 888 02fa 0F       		.uleb128 0xf
 889 02fb 04       		.byte	0x4
 890 02fc B4020000 		.4byte	0x2b4
 891 0300 12       		.uleb128 0x12
 892 0301 9C000000 		.4byte	.LVL20
 893 0305 95010000 		.4byte	0x195
 894 0309 13       		.uleb128 0x13
 895 030a 01       		.uleb128 0x1
 896 030b 51       		.byte	0x51
 897 030c 15       		.uleb128 0x15
 898 030d 74       		.byte	0x74
 899 030e 00       		.sleb128 0
 900 030f 31       		.byte	0x31
 901 0310 24       		.byte	0x24
 902 0311 74       		.byte	0x74
 903 0312 00       		.sleb128 0
 904 0313 22       		.byte	0x22
 905 0314 31       		.byte	0x31
 906 0315 24       		.byte	0x24
 907 0316 03       		.byte	0x3
 908 0317 04000000 		.4byte	.LANCHOR0+4
 909 031b 22       		.byte	0x22
 910 031c 94       		.byte	0x94
 911 031d 02       		.byte	0x2
 912 031e 0A       		.byte	0xa
 913 031f FFFF     		.2byte	0xffff
 914 0321 1A       		.byte	0x1a
 915 0322 00       		.byte	0
 916 0323 00       		.byte	0
 917 0324 12       		.uleb128 0x12
 918 0325 B0000000 		.4byte	.LVL23
 919 0329 0D010000 		.4byte	0x10d
 920 032d 13       		.uleb128 0x13
 921 032e 01       		.uleb128 0x1
 922 032f 50       		.byte	0x50
 923 0330 05       		.uleb128 0x5
 924 0331 03       		.byte	0x3
 925 0332 9C000000 		.4byte	.LANCHOR1+28
 926 0336 13       		.uleb128 0x13
 927 0337 01       		.uleb128 0x1
 928 0338 51       		.byte	0x51
 929 0339 05       		.uleb128 0x5
ARM GAS  C:\Users\latao\AppData\Local\Temp\ccCfIvrN.s 			page 25


 930 033a 03       		.byte	0x3
 931 033b 0C000000 		.4byte	.LANCHOR0+12
 932 033f 00       		.byte	0
 933 0340 00       		.byte	0
 934 0341 1D       		.uleb128 0x1d
 935 0342 0A010000 		.4byte	.LVL24
 936 0346 E2010000 		.4byte	0x1e2
 937 034a 00       		.byte	0
 938 034b 1A       		.uleb128 0x1a
 939 034c 85010000 		.4byte	0x185
 940 0350 5B030000 		.4byte	0x35b
 941 0354 1B       		.uleb128 0x1b
 942 0355 7D000000 		.4byte	0x7d
 943 0359 06       		.byte	0x6
 944 035a 00       		.byte	0
 945 035b 10       		.uleb128 0x10
 946 035c 4B030000 		.4byte	0x34b
 947 0360 1A       		.uleb128 0x1a
 948 0361 90010000 		.4byte	0x190
 949 0365 70030000 		.4byte	0x370
 950 0369 1B       		.uleb128 0x1b
 951 036a 7D000000 		.4byte	0x7d
 952 036e 46       		.byte	0x46
 953 036f 00       		.byte	0
 954 0370 10       		.uleb128 0x10
 955 0371 60030000 		.4byte	0x360
 956 0375 1E       		.uleb128 0x1e
 957 0376 D4000000 		.4byte	.LASF43
 958 037a D4000000 		.4byte	.LASF43
 959 037e 1F       		.uleb128 0x1f
 960 037f 53020000 		.4byte	.LASF36
 961 0383 53020000 		.4byte	.LASF36
 962 0387 04       		.byte	0x4
 963 0388 6C       		.byte	0x6c
 964 0389 1F       		.uleb128 0x1f
 965 038a 0D000000 		.4byte	.LASF37
 966 038e 0D000000 		.4byte	.LASF37
 967 0392 04       		.byte	0x4
 968 0393 D0       		.byte	0xd0
 969 0394 1F       		.uleb128 0x1f
 970 0395 F4000000 		.4byte	.LASF38
 971 0399 F4000000 		.4byte	.LASF38
 972 039d 04       		.byte	0x4
 973 039e D6       		.byte	0xd6
 974 039f 00       		.byte	0
 975              		.section	.debug_abbrev,"",%progbits
 976              	.Ldebug_abbrev0:
 977 0000 01       		.uleb128 0x1
 978 0001 11       		.uleb128 0x11
 979 0002 01       		.byte	0x1
 980 0003 25       		.uleb128 0x25
 981 0004 0E       		.uleb128 0xe
 982 0005 13       		.uleb128 0x13
 983 0006 0B       		.uleb128 0xb
 984 0007 03       		.uleb128 0x3
 985 0008 0E       		.uleb128 0xe
 986 0009 1B       		.uleb128 0x1b
ARM GAS  C:\Users\latao\AppData\Local\Temp\ccCfIvrN.s 			page 26


 987 000a 0E       		.uleb128 0xe
 988 000b 55       		.uleb128 0x55
 989 000c 17       		.uleb128 0x17
 990 000d 11       		.uleb128 0x11
 991 000e 01       		.uleb128 0x1
 992 000f 10       		.uleb128 0x10
 993 0010 17       		.uleb128 0x17
 994 0011 00       		.byte	0
 995 0012 00       		.byte	0
 996 0013 02       		.uleb128 0x2
 997 0014 24       		.uleb128 0x24
 998 0015 00       		.byte	0
 999 0016 0B       		.uleb128 0xb
 1000 0017 0B       		.uleb128 0xb
 1001 0018 3E       		.uleb128 0x3e
 1002 0019 0B       		.uleb128 0xb
 1003 001a 03       		.uleb128 0x3
 1004 001b 08       		.uleb128 0x8
 1005 001c 00       		.byte	0
 1006 001d 00       		.byte	0
 1007 001e 03       		.uleb128 0x3
 1008 001f 16       		.uleb128 0x16
 1009 0020 00       		.byte	0
 1010 0021 03       		.uleb128 0x3
 1011 0022 0E       		.uleb128 0xe
 1012 0023 3A       		.uleb128 0x3a
 1013 0024 0B       		.uleb128 0xb
 1014 0025 3B       		.uleb128 0x3b
 1015 0026 0B       		.uleb128 0xb
 1016 0027 49       		.uleb128 0x49
 1017 0028 13       		.uleb128 0x13
 1018 0029 00       		.byte	0
 1019 002a 00       		.byte	0
 1020 002b 04       		.uleb128 0x4
 1021 002c 24       		.uleb128 0x24
 1022 002d 00       		.byte	0
 1023 002e 0B       		.uleb128 0xb
 1024 002f 0B       		.uleb128 0xb
 1025 0030 3E       		.uleb128 0x3e
 1026 0031 0B       		.uleb128 0xb
 1027 0032 03       		.uleb128 0x3
 1028 0033 0E       		.uleb128 0xe
 1029 0034 00       		.byte	0
 1030 0035 00       		.byte	0
 1031 0036 05       		.uleb128 0x5
 1032 0037 0F       		.uleb128 0xf
 1033 0038 00       		.byte	0
 1034 0039 0B       		.uleb128 0xb
 1035 003a 0B       		.uleb128 0xb
 1036 003b 00       		.byte	0
 1037 003c 00       		.byte	0
 1038 003d 06       		.uleb128 0x6
 1039 003e 16       		.uleb128 0x16
 1040 003f 00       		.byte	0
 1041 0040 03       		.uleb128 0x3
 1042 0041 0E       		.uleb128 0xe
 1043 0042 3A       		.uleb128 0x3a
ARM GAS  C:\Users\latao\AppData\Local\Temp\ccCfIvrN.s 			page 27


 1044 0043 0B       		.uleb128 0xb
 1045 0044 3B       		.uleb128 0x3b
 1046 0045 05       		.uleb128 0x5
 1047 0046 49       		.uleb128 0x49
 1048 0047 13       		.uleb128 0x13
 1049 0048 00       		.byte	0
 1050 0049 00       		.byte	0
 1051 004a 07       		.uleb128 0x7
 1052 004b 35       		.uleb128 0x35
 1053 004c 00       		.byte	0
 1054 004d 49       		.uleb128 0x49
 1055 004e 13       		.uleb128 0x13
 1056 004f 00       		.byte	0
 1057 0050 00       		.byte	0
 1058 0051 08       		.uleb128 0x8
 1059 0052 13       		.uleb128 0x13
 1060 0053 01       		.byte	0x1
 1061 0054 0B       		.uleb128 0xb
 1062 0055 0B       		.uleb128 0xb
 1063 0056 3A       		.uleb128 0x3a
 1064 0057 0B       		.uleb128 0xb
 1065 0058 3B       		.uleb128 0x3b
 1066 0059 0B       		.uleb128 0xb
 1067 005a 01       		.uleb128 0x1
 1068 005b 13       		.uleb128 0x13
 1069 005c 00       		.byte	0
 1070 005d 00       		.byte	0
 1071 005e 09       		.uleb128 0x9
 1072 005f 0D       		.uleb128 0xd
 1073 0060 00       		.byte	0
 1074 0061 03       		.uleb128 0x3
 1075 0062 0E       		.uleb128 0xe
 1076 0063 3A       		.uleb128 0x3a
 1077 0064 0B       		.uleb128 0xb
 1078 0065 3B       		.uleb128 0x3b
 1079 0066 0B       		.uleb128 0xb
 1080 0067 49       		.uleb128 0x49
 1081 0068 13       		.uleb128 0x13
 1082 0069 38       		.uleb128 0x38
 1083 006a 0B       		.uleb128 0xb
 1084 006b 00       		.byte	0
 1085 006c 00       		.byte	0
 1086 006d 0A       		.uleb128 0xa
 1087 006e 2E       		.uleb128 0x2e
 1088 006f 01       		.byte	0x1
 1089 0070 03       		.uleb128 0x3
 1090 0071 0E       		.uleb128 0xe
 1091 0072 3A       		.uleb128 0x3a
 1092 0073 0B       		.uleb128 0xb
 1093 0074 3B       		.uleb128 0x3b
 1094 0075 0B       		.uleb128 0xb
 1095 0076 27       		.uleb128 0x27
 1096 0077 19       		.uleb128 0x19
 1097 0078 11       		.uleb128 0x11
 1098 0079 01       		.uleb128 0x1
 1099 007a 12       		.uleb128 0x12
 1100 007b 06       		.uleb128 0x6
ARM GAS  C:\Users\latao\AppData\Local\Temp\ccCfIvrN.s 			page 28


 1101 007c 40       		.uleb128 0x40
 1102 007d 18       		.uleb128 0x18
 1103 007e 9742     		.uleb128 0x2117
 1104 0080 19       		.uleb128 0x19
 1105 0081 01       		.uleb128 0x1
 1106 0082 13       		.uleb128 0x13
 1107 0083 00       		.byte	0
 1108 0084 00       		.byte	0
 1109 0085 0B       		.uleb128 0xb
 1110 0086 05       		.uleb128 0x5
 1111 0087 00       		.byte	0
 1112 0088 03       		.uleb128 0x3
 1113 0089 0E       		.uleb128 0xe
 1114 008a 3A       		.uleb128 0x3a
 1115 008b 0B       		.uleb128 0xb
 1116 008c 3B       		.uleb128 0x3b
 1117 008d 0B       		.uleb128 0xb
 1118 008e 49       		.uleb128 0x49
 1119 008f 13       		.uleb128 0x13
 1120 0090 02       		.uleb128 0x2
 1121 0091 18       		.uleb128 0x18
 1122 0092 00       		.byte	0
 1123 0093 00       		.byte	0
 1124 0094 0C       		.uleb128 0xc
 1125 0095 34       		.uleb128 0x34
 1126 0096 00       		.byte	0
 1127 0097 03       		.uleb128 0x3
 1128 0098 08       		.uleb128 0x8
 1129 0099 3A       		.uleb128 0x3a
 1130 009a 0B       		.uleb128 0xb
 1131 009b 3B       		.uleb128 0x3b
 1132 009c 0B       		.uleb128 0xb
 1133 009d 49       		.uleb128 0x49
 1134 009e 13       		.uleb128 0x13
 1135 009f 02       		.uleb128 0x2
 1136 00a0 17       		.uleb128 0x17
 1137 00a1 00       		.byte	0
 1138 00a2 00       		.byte	0
 1139 00a3 0D       		.uleb128 0xd
 1140 00a4 0B       		.uleb128 0xb
 1141 00a5 01       		.byte	0x1
 1142 00a6 11       		.uleb128 0x11
 1143 00a7 01       		.uleb128 0x1
 1144 00a8 12       		.uleb128 0x12
 1145 00a9 06       		.uleb128 0x6
 1146 00aa 00       		.byte	0
 1147 00ab 00       		.byte	0
 1148 00ac 0E       		.uleb128 0xe
 1149 00ad 34       		.uleb128 0x34
 1150 00ae 00       		.byte	0
 1151 00af 03       		.uleb128 0x3
 1152 00b0 0E       		.uleb128 0xe
 1153 00b1 3A       		.uleb128 0x3a
 1154 00b2 0B       		.uleb128 0xb
 1155 00b3 3B       		.uleb128 0x3b
 1156 00b4 0B       		.uleb128 0xb
 1157 00b5 49       		.uleb128 0x49
ARM GAS  C:\Users\latao\AppData\Local\Temp\ccCfIvrN.s 			page 29


 1158 00b6 13       		.uleb128 0x13
 1159 00b7 02       		.uleb128 0x2
 1160 00b8 17       		.uleb128 0x17
 1161 00b9 00       		.byte	0
 1162 00ba 00       		.byte	0
 1163 00bb 0F       		.uleb128 0xf
 1164 00bc 0F       		.uleb128 0xf
 1165 00bd 00       		.byte	0
 1166 00be 0B       		.uleb128 0xb
 1167 00bf 0B       		.uleb128 0xb
 1168 00c0 49       		.uleb128 0x49
 1169 00c1 13       		.uleb128 0x13
 1170 00c2 00       		.byte	0
 1171 00c3 00       		.byte	0
 1172 00c4 10       		.uleb128 0x10
 1173 00c5 26       		.uleb128 0x26
 1174 00c6 00       		.byte	0
 1175 00c7 49       		.uleb128 0x49
 1176 00c8 13       		.uleb128 0x13
 1177 00c9 00       		.byte	0
 1178 00ca 00       		.byte	0
 1179 00cb 11       		.uleb128 0x11
 1180 00cc 05       		.uleb128 0x5
 1181 00cd 00       		.byte	0
 1182 00ce 03       		.uleb128 0x3
 1183 00cf 08       		.uleb128 0x8
 1184 00d0 3A       		.uleb128 0x3a
 1185 00d1 0B       		.uleb128 0xb
 1186 00d2 3B       		.uleb128 0x3b
 1187 00d3 0B       		.uleb128 0xb
 1188 00d4 49       		.uleb128 0x49
 1189 00d5 13       		.uleb128 0x13
 1190 00d6 02       		.uleb128 0x2
 1191 00d7 17       		.uleb128 0x17
 1192 00d8 00       		.byte	0
 1193 00d9 00       		.byte	0
 1194 00da 12       		.uleb128 0x12
 1195 00db 898201   		.uleb128 0x4109
 1196 00de 01       		.byte	0x1
 1197 00df 11       		.uleb128 0x11
 1198 00e0 01       		.uleb128 0x1
 1199 00e1 31       		.uleb128 0x31
 1200 00e2 13       		.uleb128 0x13
 1201 00e3 00       		.byte	0
 1202 00e4 00       		.byte	0
 1203 00e5 13       		.uleb128 0x13
 1204 00e6 8A8201   		.uleb128 0x410a
 1205 00e9 00       		.byte	0
 1206 00ea 02       		.uleb128 0x2
 1207 00eb 18       		.uleb128 0x18
 1208 00ec 9142     		.uleb128 0x2111
 1209 00ee 18       		.uleb128 0x18
 1210 00ef 00       		.byte	0
 1211 00f0 00       		.byte	0
 1212 00f1 14       		.uleb128 0x14
 1213 00f2 898201   		.uleb128 0x4109
 1214 00f5 01       		.byte	0x1
ARM GAS  C:\Users\latao\AppData\Local\Temp\ccCfIvrN.s 			page 30


 1215 00f6 11       		.uleb128 0x11
 1216 00f7 01       		.uleb128 0x1
 1217 00f8 31       		.uleb128 0x31
 1218 00f9 13       		.uleb128 0x13
 1219 00fa 01       		.uleb128 0x1
 1220 00fb 13       		.uleb128 0x13
 1221 00fc 00       		.byte	0
 1222 00fd 00       		.byte	0
 1223 00fe 15       		.uleb128 0x15
 1224 00ff 2E       		.uleb128 0x2e
 1225 0100 01       		.byte	0x1
 1226 0101 3F       		.uleb128 0x3f
 1227 0102 19       		.uleb128 0x19
 1228 0103 03       		.uleb128 0x3
 1229 0104 0E       		.uleb128 0xe
 1230 0105 3A       		.uleb128 0x3a
 1231 0106 0B       		.uleb128 0xb
 1232 0107 3B       		.uleb128 0x3b
 1233 0108 05       		.uleb128 0x5
 1234 0109 27       		.uleb128 0x27
 1235 010a 19       		.uleb128 0x19
 1236 010b 11       		.uleb128 0x11
 1237 010c 01       		.uleb128 0x1
 1238 010d 12       		.uleb128 0x12
 1239 010e 06       		.uleb128 0x6
 1240 010f 40       		.uleb128 0x40
 1241 0110 18       		.uleb128 0x18
 1242 0111 9742     		.uleb128 0x2117
 1243 0113 19       		.uleb128 0x19
 1244 0114 01       		.uleb128 0x1
 1245 0115 13       		.uleb128 0x13
 1246 0116 00       		.byte	0
 1247 0117 00       		.byte	0
 1248 0118 16       		.uleb128 0x16
 1249 0119 0B       		.uleb128 0xb
 1250 011a 01       		.byte	0x1
 1251 011b 11       		.uleb128 0x11
 1252 011c 01       		.uleb128 0x1
 1253 011d 12       		.uleb128 0x12
 1254 011e 06       		.uleb128 0x6
 1255 011f 01       		.uleb128 0x1
 1256 0120 13       		.uleb128 0x13
 1257 0121 00       		.byte	0
 1258 0122 00       		.byte	0
 1259 0123 17       		.uleb128 0x17
 1260 0124 34       		.uleb128 0x34
 1261 0125 00       		.byte	0
 1262 0126 03       		.uleb128 0x3
 1263 0127 0E       		.uleb128 0xe
 1264 0128 3A       		.uleb128 0x3a
 1265 0129 0B       		.uleb128 0xb
 1266 012a 3B       		.uleb128 0x3b
 1267 012b 05       		.uleb128 0x5
 1268 012c 49       		.uleb128 0x49
 1269 012d 13       		.uleb128 0x13
 1270 012e 02       		.uleb128 0x2
 1271 012f 18       		.uleb128 0x18
ARM GAS  C:\Users\latao\AppData\Local\Temp\ccCfIvrN.s 			page 31


 1272 0130 00       		.byte	0
 1273 0131 00       		.byte	0
 1274 0132 18       		.uleb128 0x18
 1275 0133 13       		.uleb128 0x13
 1276 0134 01       		.byte	0x1
 1277 0135 0B       		.uleb128 0xb
 1278 0136 0B       		.uleb128 0xb
 1279 0137 3A       		.uleb128 0x3a
 1280 0138 0B       		.uleb128 0xb
 1281 0139 3B       		.uleb128 0x3b
 1282 013a 05       		.uleb128 0x5
 1283 013b 01       		.uleb128 0x1
 1284 013c 13       		.uleb128 0x13
 1285 013d 00       		.byte	0
 1286 013e 00       		.byte	0
 1287 013f 19       		.uleb128 0x19
 1288 0140 0D       		.uleb128 0xd
 1289 0141 00       		.byte	0
 1290 0142 03       		.uleb128 0x3
 1291 0143 0E       		.uleb128 0xe
 1292 0144 3A       		.uleb128 0x3a
 1293 0145 0B       		.uleb128 0xb
 1294 0146 3B       		.uleb128 0x3b
 1295 0147 05       		.uleb128 0x5
 1296 0148 49       		.uleb128 0x49
 1297 0149 13       		.uleb128 0x13
 1298 014a 38       		.uleb128 0x38
 1299 014b 0B       		.uleb128 0xb
 1300 014c 00       		.byte	0
 1301 014d 00       		.byte	0
 1302 014e 1A       		.uleb128 0x1a
 1303 014f 01       		.uleb128 0x1
 1304 0150 01       		.byte	0x1
 1305 0151 49       		.uleb128 0x49
 1306 0152 13       		.uleb128 0x13
 1307 0153 01       		.uleb128 0x1
 1308 0154 13       		.uleb128 0x13
 1309 0155 00       		.byte	0
 1310 0156 00       		.byte	0
 1311 0157 1B       		.uleb128 0x1b
 1312 0158 21       		.uleb128 0x21
 1313 0159 00       		.byte	0
 1314 015a 49       		.uleb128 0x49
 1315 015b 13       		.uleb128 0x13
 1316 015c 2F       		.uleb128 0x2f
 1317 015d 0B       		.uleb128 0xb
 1318 015e 00       		.byte	0
 1319 015f 00       		.byte	0
 1320 0160 1C       		.uleb128 0x1c
 1321 0161 34       		.uleb128 0x34
 1322 0162 00       		.byte	0
 1323 0163 03       		.uleb128 0x3
 1324 0164 08       		.uleb128 0x8
 1325 0165 3A       		.uleb128 0x3a
 1326 0166 0B       		.uleb128 0xb
 1327 0167 3B       		.uleb128 0x3b
 1328 0168 05       		.uleb128 0x5
ARM GAS  C:\Users\latao\AppData\Local\Temp\ccCfIvrN.s 			page 32


 1329 0169 49       		.uleb128 0x49
 1330 016a 13       		.uleb128 0x13
 1331 016b 02       		.uleb128 0x2
 1332 016c 17       		.uleb128 0x17
 1333 016d 00       		.byte	0
 1334 016e 00       		.byte	0
 1335 016f 1D       		.uleb128 0x1d
 1336 0170 898201   		.uleb128 0x4109
 1337 0173 00       		.byte	0
 1338 0174 11       		.uleb128 0x11
 1339 0175 01       		.uleb128 0x1
 1340 0176 31       		.uleb128 0x31
 1341 0177 13       		.uleb128 0x13
 1342 0178 00       		.byte	0
 1343 0179 00       		.byte	0
 1344 017a 1E       		.uleb128 0x1e
 1345 017b 2E       		.uleb128 0x2e
 1346 017c 00       		.byte	0
 1347 017d 3F       		.uleb128 0x3f
 1348 017e 19       		.uleb128 0x19
 1349 017f 3C       		.uleb128 0x3c
 1350 0180 19       		.uleb128 0x19
 1351 0181 6E       		.uleb128 0x6e
 1352 0182 0E       		.uleb128 0xe
 1353 0183 03       		.uleb128 0x3
 1354 0184 0E       		.uleb128 0xe
 1355 0185 00       		.byte	0
 1356 0186 00       		.byte	0
 1357 0187 1F       		.uleb128 0x1f
 1358 0188 2E       		.uleb128 0x2e
 1359 0189 00       		.byte	0
 1360 018a 3F       		.uleb128 0x3f
 1361 018b 19       		.uleb128 0x19
 1362 018c 3C       		.uleb128 0x3c
 1363 018d 19       		.uleb128 0x19
 1364 018e 6E       		.uleb128 0x6e
 1365 018f 0E       		.uleb128 0xe
 1366 0190 03       		.uleb128 0x3
 1367 0191 0E       		.uleb128 0xe
 1368 0192 3A       		.uleb128 0x3a
 1369 0193 0B       		.uleb128 0xb
 1370 0194 3B       		.uleb128 0x3b
 1371 0195 0B       		.uleb128 0xb
 1372 0196 00       		.byte	0
 1373 0197 00       		.byte	0
 1374 0198 00       		.byte	0
 1375              		.section	.debug_loc,"",%progbits
 1376              	.Ldebug_loc0:
 1377              	.LLST0:
 1378 0000 02000000 		.4byte	.LVL1
 1379 0004 08000000 		.4byte	.LVL2
 1380 0008 0200     		.2byte	0x2
 1381 000a 30       		.byte	0x30
 1382 000b 9F       		.byte	0x9f
 1383 000c 08000000 		.4byte	.LVL2
 1384 0010 30000000 		.4byte	.LVL11
 1385 0014 0100     		.2byte	0x1
ARM GAS  C:\Users\latao\AppData\Local\Temp\ccCfIvrN.s 			page 33


 1386 0016 57       		.byte	0x57
 1387 0017 00000000 		.4byte	0
 1388 001b 00000000 		.4byte	0
 1389              	.LLST1:
 1390 001f 02000000 		.4byte	.LVL1
 1391 0023 08000000 		.4byte	.LVL2
 1392 0027 0200     		.2byte	0x2
 1393 0029 30       		.byte	0x30
 1394 002a 9F       		.byte	0x9f
 1395 002b 08000000 		.4byte	.LVL2
 1396 002f 30000000 		.4byte	.LVL10
 1397 0033 0100     		.2byte	0x1
 1398 0035 55       		.byte	0x55
 1399 0036 00000000 		.4byte	0
 1400 003a 00000000 		.4byte	0
 1401              	.LLST2:
 1402 003e 0C000000 		.4byte	.LVL3
 1403 0042 2C000000 		.4byte	.LVL9
 1404 0046 0100     		.2byte	0x1
 1405 0048 56       		.byte	0x56
 1406 0049 00000000 		.4byte	0
 1407 004d 00000000 		.4byte	0
 1408              	.LLST3:
 1409 0051 0E000000 		.4byte	.LVL4
 1410 0055 24000000 		.4byte	.LVL7
 1411 0059 0100     		.2byte	0x1
 1412 005b 53       		.byte	0x53
 1413 005c 26000000 		.4byte	.LVL8
 1414 0060 2C000000 		.4byte	.LVL9
 1415 0064 0100     		.2byte	0x1
 1416 0066 53       		.byte	0x53
 1417 0067 00000000 		.4byte	0
 1418 006b 00000000 		.4byte	0
 1419              	.LLST4:
 1420 006f 00000000 		.4byte	.LVL12
 1421 0073 09000000 		.4byte	.LVL14-1
 1422 0077 0100     		.2byte	0x1
 1423 0079 50       		.byte	0x50
 1424 007a 09000000 		.4byte	.LVL14-1
 1425 007e 0C000000 		.4byte	.LFE0
 1426 0082 0400     		.2byte	0x4
 1427 0084 F3       		.byte	0xf3
 1428 0085 01       		.uleb128 0x1
 1429 0086 50       		.byte	0x50
 1430 0087 9F       		.byte	0x9f
 1431 0088 00000000 		.4byte	0
 1432 008c 00000000 		.4byte	0
 1433              	.LLST5:
 1434 0090 00000000 		.4byte	.LVL12
 1435 0094 06000000 		.4byte	.LVL13
 1436 0098 0100     		.2byte	0x1
 1437 009a 51       		.byte	0x51
 1438 009b 06000000 		.4byte	.LVL13
 1439 009f 09000000 		.4byte	.LVL14-1
 1440 00a3 0100     		.2byte	0x1
 1441 00a5 52       		.byte	0x52
 1442 00a6 09000000 		.4byte	.LVL14-1
ARM GAS  C:\Users\latao\AppData\Local\Temp\ccCfIvrN.s 			page 34


 1443 00aa 0C000000 		.4byte	.LFE0
 1444 00ae 0400     		.2byte	0x4
 1445 00b0 F3       		.byte	0xf3
 1446 00b1 01       		.uleb128 0x1
 1447 00b2 51       		.byte	0x51
 1448 00b3 9F       		.byte	0x9f
 1449 00b4 00000000 		.4byte	0
 1450 00b8 00000000 		.4byte	0
 1451              	.LLST6:
 1452 00bc 7C000000 		.4byte	.LVL18
 1453 00c0 80000000 		.4byte	.LVL19
 1454 00c4 0200     		.2byte	0x2
 1455 00c6 30       		.byte	0x30
 1456 00c7 9F       		.byte	0x9f
 1457 00c8 80000000 		.4byte	.LVL19
 1458 00cc 9E000000 		.4byte	.LVL21
 1459 00d0 0100     		.2byte	0x1
 1460 00d2 54       		.byte	0x54
 1461 00d3 A0000000 		.4byte	.LVL22
 1462 00d7 0A010000 		.4byte	.LVL25
 1463 00db 0100     		.2byte	0x1
 1464 00dd 54       		.byte	0x54
 1465 00de 00000000 		.4byte	0
 1466 00e2 00000000 		.4byte	0
 1467              	.LLST7:
 1468 00e6 80000000 		.4byte	.LVL19
 1469 00ea 9E000000 		.4byte	.LVL21
 1470 00ee 0B00     		.2byte	0xb
 1471 00f0 74       		.byte	0x74
 1472 00f1 00       		.sleb128 0
 1473 00f2 36       		.byte	0x36
 1474 00f3 1E       		.byte	0x1e
 1475 00f4 03       		.byte	0x3
 1476 00f5 00000000 		.4byte	cfg_memset_list.4870
 1477 00f9 22       		.byte	0x22
 1478 00fa 9F       		.byte	0x9f
 1479 00fb 9E000000 		.4byte	.LVL21
 1480 00ff A0000000 		.4byte	.LVL22
 1481 0103 0B00     		.2byte	0xb
 1482 0105 74       		.byte	0x74
 1483 0106 7F       		.sleb128 -1
 1484 0107 36       		.byte	0x36
 1485 0108 1E       		.byte	0x1e
 1486 0109 03       		.byte	0x3
 1487 010a 00000000 		.4byte	cfg_memset_list.4870
 1488 010e 22       		.byte	0x22
 1489 010f 9F       		.byte	0x9f
 1490 0110 00000000 		.4byte	0
 1491 0114 00000000 		.4byte	0
 1492              		.section	.debug_aranges,"",%progbits
 1493 0000 34000000 		.4byte	0x34
 1494 0004 0200     		.2byte	0x2
 1495 0006 00000000 		.4byte	.Ldebug_info0
 1496 000a 04       		.byte	0x4
 1497 000b 00       		.byte	0
 1498 000c 0000     		.2byte	0
 1499 000e 0000     		.2byte	0
ARM GAS  C:\Users\latao\AppData\Local\Temp\ccCfIvrN.s 			page 35


 1500 0010 00000000 		.4byte	.LFB3
 1501 0014 32000000 		.4byte	.LFE3-.LFB3
 1502 0018 00000000 		.4byte	.LFB0
 1503 001c 0C000000 		.4byte	.LFE0-.LFB0
 1504 0020 00000000 		.4byte	.LFB4
 1505 0024 78000000 		.4byte	.LFE4-.LFB4
 1506 0028 78000000 		.4byte	.LFB6
 1507 002c C4000000 		.4byte	.LFE6-.LFB6
 1508 0030 00000000 		.4byte	0
 1509 0034 00000000 		.4byte	0
 1510              		.section	.debug_ranges,"",%progbits
 1511              	.Ldebug_ranges0:
 1512 0000 00000000 		.4byte	.LFB3
 1513 0004 32000000 		.4byte	.LFE3
 1514 0008 00000000 		.4byte	.LFB0
 1515 000c 0C000000 		.4byte	.LFE0
 1516 0010 00000000 		.4byte	.LFB4
 1517 0014 78000000 		.4byte	.LFE4
 1518 0018 78000000 		.4byte	.LFB6
 1519 001c 3C010000 		.4byte	.LFE6
 1520 0020 00000000 		.4byte	0
 1521 0024 00000000 		.4byte	0
 1522              		.section	.debug_line,"",%progbits
 1523              	.Ldebug_line0:
 1524 0000 5A010000 		.section	.debug_str,"MS",%progbits,1
 1524      0200D600 
 1524      00000201 
 1524      FB0E0D00 
 1524      01010101 
 1525              	.LASF19:
 1526 0000 72656733 		.ascii	"reg32\000"
 1526      3200
 1527              	.LASF12:
 1528 0006 73697A65 		.ascii	"size_t\000"
 1528      5F7400
 1529              	.LASF37:
 1530 000d 4379496E 		.ascii	"CyIntSetVector\000"
 1530      74536574 
 1530      56656374 
 1530      6F7200
 1531              	.LASF21:
 1532 001c 76616C75 		.ascii	"value\000"
 1532      6500
 1533              	.LASF26:
 1534 0022 636F756E 		.ascii	"count\000"
 1534      7400
 1535              	.LASF29:
 1536 0028 436C6F63 		.ascii	"ClockSetup\000"
 1536      6B536574 
 1536      757000
 1537              	.LASF30:
 1538 0033 63795F63 		.ascii	"cy_cfg_addr_table\000"
 1538      66675F61 
 1538      6464725F 
 1538      7461626C 
 1538      6500
 1539              	.LASF6:
ARM GAS  C:\Users\latao\AppData\Local\Temp\ccCfIvrN.s 			page 36


 1540 0045 73686F72 		.ascii	"short unsigned int\000"
 1540      7420756E 
 1540      7369676E 
 1540      65642069 
 1540      6E7400
 1541              	.LASF41:
 1542 0058 433A5C44 		.ascii	"C:\\DenysProjects\\Workspace01\\Design05.cydsn\000"
 1542      656E7973 
 1542      50726F6A 
 1542      65637473 
 1542      5C576F72 
 1543              	.LASF16:
 1544 0084 666C6F61 		.ascii	"float\000"
 1544      7400
 1545              	.LASF35:
 1546 008a 6366675F 		.ascii	"cfg_memset_list\000"
 1546      6D656D73 
 1546      65745F6C 
 1546      69737400 
 1547              	.LASF33:
 1548 009a 73697A65 		.ascii	"size\000"
 1548      00
 1549              	.LASF18:
 1550 009f 72656738 		.ascii	"reg8\000"
 1550      00
 1551              	.LASF8:
 1552 00a4 6C6F6E67 		.ascii	"long unsigned int\000"
 1552      20756E73 
 1552      69676E65 
 1552      6420696E 
 1552      7400
 1553              	.LASF13:
 1554 00b6 75696E74 		.ascii	"uint8\000"
 1554      3800
 1555              	.LASF28:
 1556 00bc 43594D45 		.ascii	"CYMEMZERO\000"
 1556      4D5A4552 
 1556      4F00
 1557              	.LASF4:
 1558 00c6 756E7369 		.ascii	"unsigned char\000"
 1558      676E6564 
 1558      20636861 
 1558      7200
 1559              	.LASF43:
 1560 00d4 6D656D73 		.ascii	"memset\000"
 1560      657400
 1561              	.LASF17:
 1562 00db 646F7562 		.ascii	"double\000"
 1562      6C6500
 1563              	.LASF27:
 1564 00e2 6366675F 		.ascii	"cfg_write_bytes32\000"
 1564      77726974 
 1564      655F6279 
 1564      74657333 
 1564      3200
 1565              	.LASF38:
 1566 00f4 4379496E 		.ascii	"CyIntEnable\000"
ARM GAS  C:\Users\latao\AppData\Local\Temp\ccCfIvrN.s 			page 37


 1566      74456E61 
 1566      626C6500 
 1567              	.LASF23:
 1568 0100 61646472 		.ascii	"addr_table\000"
 1568      5F746162 
 1568      6C6500
 1569              	.LASF14:
 1570 010b 75696E74 		.ascii	"uint16\000"
 1570      313600
 1571              	.LASF24:
 1572 0112 64617461 		.ascii	"data_table\000"
 1572      5F746162 
 1572      6C6500
 1573              	.LASF15:
 1574 011d 75696E74 		.ascii	"uint32\000"
 1574      333200
 1575              	.LASF0:
 1576 0124 756E7369 		.ascii	"unsigned int\000"
 1576      676E6564 
 1576      20696E74 
 1576      00
 1577              	.LASF42:
 1578 0131 63796669 		.ascii	"cyfitter_cfg\000"
 1578      74746572 
 1578      5F636667 
 1578      00
 1579              	.LASF32:
 1580 013e 61646472 		.ascii	"address\000"
 1580      65737300 
 1581              	.LASF9:
 1582 0146 6C6F6E67 		.ascii	"long long unsigned int\000"
 1582      206C6F6E 
 1582      6720756E 
 1582      7369676E 
 1582      65642069 
 1583              	.LASF31:
 1584 015d 63795F63 		.ascii	"cy_cfg_data_table\000"
 1584      66675F64 
 1584      6174615F 
 1584      7461626C 
 1584      6500
 1585              	.LASF39:
 1586 016f 474E5520 		.ascii	"GNU C11 5.4.1 20160609 (release) [ARM/embedded-5-br"
 1586      43313120 
 1586      352E342E 
 1586      31203230 
 1586      31363036 
 1587 01a2 616E6368 		.ascii	"anch revision 237715] -mcpu=cortex-m0 -mthumb -g -O"
 1587      20726576 
 1587      6973696F 
 1587      6E203233 
 1587      37373135 
 1588 01d5 67202D66 		.ascii	"g -ffunction-sections -ffat-lto-objects\000"
 1588      66756E63 
 1588      74696F6E 
 1588      2D736563 
 1588      74696F6E 
ARM GAS  C:\Users\latao\AppData\Local\Temp\ccCfIvrN.s 			page 38


 1589              	.LASF34:
 1590 01fd 6366675F 		.ascii	"cfg_memset_t\000"
 1590      6D656D73 
 1590      65745F74 
 1590      00
 1591              	.LASF25:
 1592 020a 62617365 		.ascii	"baseAddr\000"
 1592      41646472 
 1592      00
 1593              	.LASF10:
 1594 0213 73697A65 		.ascii	"sizetype\000"
 1594      74797065 
 1594      00
 1595              	.LASF1:
 1596 021c 6C6F6E67 		.ascii	"long long int\000"
 1596      206C6F6E 
 1596      6720696E 
 1596      7400
 1597              	.LASF11:
 1598 022a 63686172 		.ascii	"char\000"
 1598      00
 1599              	.LASF22:
 1600 022f 63795F63 		.ascii	"cy_cfg_addrvalue_t\000"
 1600      66675F61 
 1600      64647276 
 1600      616C7565 
 1600      5F7400
 1601              	.LASF20:
 1602 0242 6F666673 		.ascii	"offset\000"
 1602      657400
 1603              	.LASF5:
 1604 0249 73686F72 		.ascii	"short int\000"
 1604      7420696E 
 1604      7400
 1605              	.LASF36:
 1606 0253 43795379 		.ascii	"CySysClkWriteImoFreq\000"
 1606      73436C6B 
 1606      57726974 
 1606      65496D6F 
 1606      46726571 
 1607              	.LASF7:
 1608 0268 6C6F6E67 		.ascii	"long int\000"
 1608      20696E74 
 1608      00
 1609              	.LASF2:
 1610 0271 6C6F6E67 		.ascii	"long double\000"
 1610      20646F75 
 1610      626C6500 
 1611              	.LASF3:
 1612 027d 7369676E 		.ascii	"signed char\000"
 1612      65642063 
 1612      68617200 
 1613              	.LASF40:
 1614 0289 47656E65 		.ascii	"Generated_Source\\PSoC4\\cyfitter_cfg.c\000"
 1614      72617465 
 1614      645F536F 
 1614      75726365 
ARM GAS  C:\Users\latao\AppData\Local\Temp\ccCfIvrN.s 			page 39


 1614      5C50536F 
 1615              		.ident	"GCC: (GNU Tools for ARM Embedded Processors) 5.4.1 20160609 (release) [ARM/embedded-5-bran
