--------------- Build Started: 11/02/2023 17:04:43 Project: Design11, Configuration: ARM GCC 5.4-2016-q2-update Debug ---------------
cydsfit.exe -.appdatapath "C:\Users\latao\AppData\Local\Cypress Semiconductor\PSoC Creator\4.4" -.fdsnotice -.fdswarpdepfile=warp_dependencies.txt -.fdselabdepfile=elab_dependencies.txt -.fdsbldfile=generated_files.txt -.fdsreffile=referenced_files.txt -p C:\DenysProjects\Workspace01\Design11.cydsn\Design11.cyprj -d CY8C4245AXI-483 -s C:\DenysProjects\Workspace01\Design11.cydsn\Generated_Source\PSoC4 -- -yv2 -q10 -ygs -o2 -v3 -.fftcfgtype=LE
Elaborating Design...
HDL Generation...
Synthesis...
Tech Mapping...
Analog Placement...
Analog Routing...
Analog Code Generation...
Digital Placement...
Digital Routing...
Bitstream Generation...
Bitstream Verification...
Static timing analysis...
API Generation...
Dependency Generation...
Cleanup...
arm-none-eabi-gcc.exe -mcpu=cortex-m0 -mthumb -I. -IGenerated_Source\PSoC4 -Wa,-alh=.\CortexM0\ARM_GCC_541\Debug/main.lst -g -D DEBUG -D CY_CORE_ID=0 -Wall -ffunction-sections -ffat-lto-objects -Og -c main.c -o .\CortexM0\ARM_GCC_541\Debug\main.o
arm-none-eabi-gcc.exe -mcpu=cortex-m0 -mthumb -I. -IGenerated_Source\PSoC4 -Wa,-alh=.\CortexM0\ARM_GCC_541\Debug/cyfitter_cfg.lst -g -D DEBUG -D CY_CORE_ID=0 -Wall -ffunction-sections -ffat-lto-objects -Og -c Generated_Source\PSoC4\cyfitter_cfg.c -o .\CortexM0\ARM_GCC_541\Debug\cyfitter_cfg.o
arm-none-eabi-gcc.exe -mcpu=cortex-m0 -mthumb -I. -IGenerated_Source\PSoC4 -Wa,-alh=.\CortexM0\ARM_GCC_541\Debug/CapSense_Control.lst -g -D DEBUG -D CY_CORE_ID=0 -Wall -ffunction-sections -ffat-lto-objects -Og -c Generated_Source\PSoC4\CapSense_Control.c -o .\CortexM0\ARM_GCC_541\Debug\CapSense_Control.o
arm-none-eabi-gcc.exe -mcpu=cortex-m0 -mthumb -I. -IGenerated_Source\PSoC4 -Wa,-alh=.\CortexM0\ARM_GCC_541\Debug/CapSense_Processing.lst -g -D DEBUG -D CY_CORE_ID=0 -Wall -ffunction-sections -ffat-lto-objects -Og -c Generated_Source\PSoC4\CapSense_Processing.c -o .\CortexM0\ARM_GCC_541\Debug\CapSense_Processing.o
arm-none-eabi-gcc.exe -mcpu=cortex-m0 -mthumb -I. -IGenerated_Source\PSoC4 -Wa,-alh=.\CortexM0\ARM_GCC_541\Debug/CapSense_Structure.lst -g -D DEBUG -D CY_CORE_ID=0 -Wall -ffunction-sections -ffat-lto-objects -Og -c Generated_Source\PSoC4\CapSense_Structure.c -o .\CortexM0\ARM_GCC_541\Debug\CapSense_Structure.o
arm-none-eabi-gcc.exe -mcpu=cortex-m0 -mthumb -I. -IGenerated_Source\PSoC4 -Wa,-alh=.\CortexM0\ARM_GCC_541\Debug/CapSense_Tuner.lst -g -D DEBUG -D CY_CORE_ID=0 -Wall -ffunction-sections -ffat-lto-objects -Og -c Generated_Source\PSoC4\CapSense_Tuner.c -o .\CortexM0\ARM_GCC_541\Debug\CapSense_Tuner.o
arm-none-eabi-gcc.exe -mcpu=cortex-m0 -mthumb -I. -IGenerated_Source\PSoC4 -Wa,-alh=.\CortexM0\ARM_GCC_541\Debug/CapSense_Filter.lst -g -D DEBUG -D CY_CORE_ID=0 -Wall -ffunction-sections -ffat-lto-objects -Og -c Generated_Source\PSoC4\CapSense_Filter.c -o .\CortexM0\ARM_GCC_541\Debug\CapSense_Filter.o
arm-none-eabi-gcc.exe -mcpu=cortex-m0 -mthumb -I. -IGenerated_Source\PSoC4 -Wa,-alh=.\CortexM0\ARM_GCC_541\Debug/CapSense_Sensing.lst -g -D DEBUG -D CY_CORE_ID=0 -Wall -ffunction-sections -ffat-lto-objects -Og -c Generated_Source\PSoC4\CapSense_Sensing.c -o .\CortexM0\ARM_GCC_541\Debug\CapSense_Sensing.o
arm-none-eabi-gcc.exe -mcpu=cortex-m0 -mthumb -I. -IGenerated_Source\PSoC4 -Wa,-alh=.\CortexM0\ARM_GCC_541\Debug/CapSense_INT.lst -g -D DEBUG -D CY_CORE_ID=0 -Wall -ffunction-sections -ffat-lto-objects -Og -c Generated_Source\PSoC4\CapSense_INT.c -o .\CortexM0\ARM_GCC_541\Debug\CapSense_INT.o
arm-none-eabi-gcc.exe -mcpu=cortex-m0 -mthumb -I. -IGenerated_Source\PSoC4 -Wa,-alh=.\CortexM0\ARM_GCC_541\Debug/CapSense_SensingCSD_LL.lst -g -D DEBUG -D CY_CORE_ID=0 -Wall -ffunction-sections -ffat-lto-objects -Og -c Generated_Source\PSoC4\CapSense_SensingCSD_LL.c -o .\CortexM0\ARM_GCC_541\Debug\CapSense_SensingCSD_LL.o
arm-none-eabi-gcc.exe -mcpu=cortex-m0 -mthumb -I. -IGenerated_Source\PSoC4 -Wa,-alh=.\CortexM0\ARM_GCC_541\Debug/led.lst -g -D DEBUG -D CY_CORE_ID=0 -Wall -ffunction-sections -ffat-lto-objects -Og -c Generated_Source\PSoC4\led.c -o .\CortexM0\ARM_GCC_541\Debug\led.o
arm-none-eabi-gcc.exe -mcpu=cortex-m0 -mthumb -I. -IGenerated_Source\PSoC4 -Wa,-alh=.\CortexM0\ARM_GCC_541\Debug/led_PM.lst -g -D DEBUG -D CY_CORE_ID=0 -Wall -ffunction-sections -ffat-lto-objects -Og -c Generated_Source\PSoC4\led_PM.c -o .\CortexM0\ARM_GCC_541\Debug\led_PM.o
arm-none-eabi-gcc.exe -mcpu=cortex-m0 -mthumb -I. -IGenerated_Source\PSoC4 -Wa,-alh=.\CortexM0\ARM_GCC_541\Debug/CapSense_ISR.lst -g -D DEBUG -D CY_CORE_ID=0 -Wall -ffunction-sections -ffat-lto-objects -Og -c Generated_Source\PSoC4\CapSense_ISR.c -o .\CortexM0\ARM_GCC_541\Debug\CapSense_ISR.o
arm-none-eabi-gcc.exe -mcpu=cortex-m0 -mthumb -I. -IGenerated_Source\PSoC4 -Wa,-alh=.\CortexM0\ARM_GCC_541\Debug/Cm0Start.lst -g -D DEBUG -D CY_CORE_ID=0 -Wall -ffunction-sections -ffat-lto-objects -Og -c Generated_Source\PSoC4\Cm0Start.c -o .\CortexM0\ARM_GCC_541\Debug\Cm0Start.o
arm-none-eabi-gcc.exe -mcpu=cortex-m0 -mthumb -I. -IGenerated_Source\PSoC4 -Wa,-alh=.\CortexM0\ARM_GCC_541\Debug/CyFlash.lst -g -D DEBUG -D CY_CORE_ID=0 -Wall -ffunction-sections -ffat-lto-objects -Og -c Generated_Source\PSoC4\CyFlash.c -o .\CortexM0\ARM_GCC_541\Debug\CyFlash.o
arm-none-eabi-gcc.exe -mcpu=cortex-m0 -mthumb -I. -IGenerated_Source\PSoC4 -Wa,-alh=.\CortexM0\ARM_GCC_541\Debug/CyLib.lst -g -D DEBUG -D CY_CORE_ID=0 -Wall -ffunction-sections -ffat-lto-objects -Og -c Generated_Source\PSoC4\CyLib.c -o .\CortexM0\ARM_GCC_541\Debug\CyLib.o
arm-none-eabi-gcc.exe -mcpu=cortex-m0 -mthumb -I. -IGenerated_Source\PSoC4 -Wa,-alh=.\CortexM0\ARM_GCC_541\Debug/cyPm.lst -g -D DEBUG -D CY_CORE_ID=0 -Wall -ffunction-sections -ffat-lto-objects -Og -c Generated_Source\PSoC4\cyPm.c -o .\CortexM0\ARM_GCC_541\Debug\cyPm.o
arm-none-eabi-gcc.exe -mcpu=cortex-m0 -mthumb -I. -IGenerated_Source\PSoC4 -Wa,-alh=.\CortexM0\ARM_GCC_541\Debug/cyutils.lst -g -D DEBUG -D CY_CORE_ID=0 -Wall -ffunction-sections -ffat-lto-objects -Og -c Generated_Source\PSoC4\cyutils.c -o .\CortexM0\ARM_GCC_541\Debug\cyutils.o
arm-none-eabi-gcc.exe -mcpu=cortex-m0 -mthumb -I. -IGenerated_Source\PSoC4 -Wa,-alh=.\CortexM0\ARM_GCC_541\Debug/CyLFClk.lst -g -D DEBUG -D CY_CORE_ID=0 -Wall -ffunction-sections -ffat-lto-objects -Og -c Generated_Source\PSoC4\CyLFClk.c -o .\CortexM0\ARM_GCC_541\Debug\CyLFClk.o
arm-none-eabi-gcc.exe -mcpu=cortex-m0 -mthumb -I. -IGenerated_Source\PSoC4 -Wa,-alh=.\CortexM0\ARM_GCC_541\Debug/cy_em_eeprom.lst -g -D DEBUG -D CY_CORE_ID=0 -Wall -ffunction-sections -ffat-lto-objects -Og -c Generated_Source\PSoC4\cy_em_eeprom.c -o .\CortexM0\ARM_GCC_541\Debug\cy_em_eeprom.o
arm-none-eabi-as.exe -mcpu=cortex-m0 -mthumb -I. -IGenerated_Source\PSoC4 -alh=.\CortexM0\ARM_GCC_541\Debug/CyBootAsmGnu.lst -g -W -o .\CortexM0\ARM_GCC_541\Debug\CyBootAsmGnu.o Generated_Source\PSoC4\CyBootAsmGnu.s
arm-none-eabi-ar.exe -rs .\CortexM0\ARM_GCC_541\Debug\Design11.a .\CortexM0\ARM_GCC_541\Debug\CapSense_Control.o .\CortexM0\ARM_GCC_541\Debug\CapSense_Processing.o .\CortexM0\ARM_GCC_541\Debug\CapSense_Structure.o .\CortexM0\ARM_GCC_541\Debug\CapSense_Tuner.o .\CortexM0\ARM_GCC_541\Debug\CapSense_Filter.o .\CortexM0\ARM_GCC_541\Debug\CapSense_Sensing.o .\CortexM0\ARM_GCC_541\Debug\CapSense_INT.o .\CortexM0\ARM_GCC_541\Debug\CapSense_SensingCSD_LL.o .\CortexM0\ARM_GCC_541\Debug\led.o .\CortexM0\ARM_GCC_541\Debug\led_PM.o .\CortexM0\ARM_GCC_541\Debug\CapSense_ISR.o .\CortexM0\ARM_GCC_541\Debug\CyFlash.o .\CortexM0\ARM_GCC_541\Debug\CyLib.o .\CortexM0\ARM_GCC_541\Debug\cyPm.o .\CortexM0\ARM_GCC_541\Debug\cyutils.o .\CortexM0\ARM_GCC_541\Debug\CyLFClk.o .\CortexM0\ARM_GCC_541\Debug\cy_em_eeprom.o .\CortexM0\ARM_GCC_541\Debug\CyBootAsmGnu.o
arm-none-eabi-ar.exe: creating .\CortexM0\ARM_GCC_541\Debug\Design11.a
arm-none-eabi-gcc.exe -Wl,--start-group -o C:\DenysProjects\Workspace01\Design11.cydsn\CortexM0\ARM_GCC_541\Debug\Design11.elf .\CortexM0\ARM_GCC_541\Debug\main.o .\CortexM0\ARM_GCC_541\Debug\cyfitter_cfg.o .\CortexM0\ARM_GCC_541\Debug\cymetadata.o .\CortexM0\ARM_GCC_541\Debug\Cm0Start.o .\CortexM0\ARM_GCC_541\Debug\Design11.a "C:\Program Files (x86)\Cypress\PSoC Creator\4.4\PSoC Creator\psoc\content\CyComponentLibrary\CyComponentLibrary.cylib\CapSense_P4_v7_0\PSoC4\Library\Capsense_P4Library_GCC.a" -mcpu=cortex-m0 -mthumb -L Generated_Source\PSoC4 -Wl,-Map,.\CortexM0\ARM_GCC_541\Debug/Design11.map -T Generated_Source\PSoC4\cm0gcc.ld -specs=nano.specs -Wl,--gc-sections -g -ffunction-sections -Og -ffat-lto-objects -Wl,--end-group
cyelftool.exe -C C:\DenysProjects\Workspace01\Design11.cydsn\CortexM0\ARM_GCC_541\Debug\Design11.elf --flash_row_size 128 --flash_size 32768 --flash_offset 0x00000000
No ELF section .cychecksum found, creating one
Application checksum calculated and stored in ELF section .cychecksum
Checksum calculated and stored in ELF section .cymeta
cyelftool.exe -S C:\DenysProjects\Workspace01\Design11.cydsn\CortexM0\ARM_GCC_541\Debug\Design11.elf
Flash used: 7662 of 32768 bytes (23,4%).
SRAM used: 1648 of 4096 bytes (40,2%). Stack: 1024 bytes. Heap: 128 bytes.
--------------- Build Succeeded: 11/02/2023 17:04:54 ---------------
