ARM GAS  C:\Users\latao\AppData\Local\Temp\cckAaJBJ.s 			page 1


   1              		.syntax unified
   2              		.cpu cortex-m0
   3              		.fpu softvfp
   4              		.eabi_attribute 20, 1
   5              		.eabi_attribute 21, 1
   6              		.eabi_attribute 23, 3
   7              		.eabi_attribute 24, 1
   8              		.eabi_attribute 25, 1
   9              		.eabi_attribute 26, 1
  10              		.eabi_attribute 30, 1
  11              		.eabi_attribute 34, 0
  12              		.eabi_attribute 18, 4
  13              		.thumb
  14              		.syntax unified
  15              		.file	"cyfitter_cfg.c"
  16              		.text
  17              	.Ltext0:
  18              		.cfi_sections	.debug_frame
  19              		.section	.text.CYMEMZERO,"ax",%progbits
  20              		.align	2
  21              		.code	16
  22              		.thumb_func
  23              		.type	CYMEMZERO, %function
  24              	CYMEMZERO:
  25              	.LFB0:
  26              		.file 1 "Generated_Source\\PSoC4\\cyfitter_cfg.c"
   1:Generated_Source\PSoC4/cyfitter_cfg.c **** 
   2:Generated_Source\PSoC4/cyfitter_cfg.c **** /*******************************************************************************
   3:Generated_Source\PSoC4/cyfitter_cfg.c **** * File Name: cyfitter_cfg.c
   4:Generated_Source\PSoC4/cyfitter_cfg.c **** * 
   5:Generated_Source\PSoC4/cyfitter_cfg.c **** * PSoC Creator  4.4
   6:Generated_Source\PSoC4/cyfitter_cfg.c **** *
   7:Generated_Source\PSoC4/cyfitter_cfg.c **** * Description:
   8:Generated_Source\PSoC4/cyfitter_cfg.c **** * This file contains device initialization code.
   9:Generated_Source\PSoC4/cyfitter_cfg.c **** * Except for the user defined sections in CyClockStartupError(), this file should not be modified.
  10:Generated_Source\PSoC4/cyfitter_cfg.c **** * This file is automatically generated by PSoC Creator.
  11:Generated_Source\PSoC4/cyfitter_cfg.c **** *
  12:Generated_Source\PSoC4/cyfitter_cfg.c **** ********************************************************************************
  13:Generated_Source\PSoC4/cyfitter_cfg.c **** * Copyright (c) 2007-2020 Cypress Semiconductor.  All rights reserved.
  14:Generated_Source\PSoC4/cyfitter_cfg.c **** * You may use this file only in accordance with the license, terms, conditions, 
  15:Generated_Source\PSoC4/cyfitter_cfg.c **** * disclaimers, and limitations in the end user license agreement accompanying 
  16:Generated_Source\PSoC4/cyfitter_cfg.c **** * the software package with which this file was provided.
  17:Generated_Source\PSoC4/cyfitter_cfg.c **** ********************************************************************************/
  18:Generated_Source\PSoC4/cyfitter_cfg.c **** 
  19:Generated_Source\PSoC4/cyfitter_cfg.c **** #include <string.h>
  20:Generated_Source\PSoC4/cyfitter_cfg.c **** #include "cytypes.h"
  21:Generated_Source\PSoC4/cyfitter_cfg.c **** #include "cydevice_trm.h"
  22:Generated_Source\PSoC4/cyfitter_cfg.c **** #include "cyfitter.h"
  23:Generated_Source\PSoC4/cyfitter_cfg.c **** #include "CyLib.h"
  24:Generated_Source\PSoC4/cyfitter_cfg.c **** #include "CyLFClk.h"
  25:Generated_Source\PSoC4/cyfitter_cfg.c **** #include "cyfitter_cfg.h"
  26:Generated_Source\PSoC4/cyfitter_cfg.c **** #include "cyapicallbacks.h"
  27:Generated_Source\PSoC4/cyfitter_cfg.c **** 
  28:Generated_Source\PSoC4/cyfitter_cfg.c **** 
  29:Generated_Source\PSoC4/cyfitter_cfg.c **** #if defined(__GNUC__) || defined(__ARMCC_VERSION)
  30:Generated_Source\PSoC4/cyfitter_cfg.c ****     #define CYPACKED 
  31:Generated_Source\PSoC4/cyfitter_cfg.c ****     #define CYPACKED_ATTR __attribute__ ((packed))
ARM GAS  C:\Users\latao\AppData\Local\Temp\cckAaJBJ.s 			page 2


  32:Generated_Source\PSoC4/cyfitter_cfg.c ****     #define CYALIGNED __attribute__ ((aligned))
  33:Generated_Source\PSoC4/cyfitter_cfg.c ****     #define CY_CFG_UNUSED __attribute__ ((unused))
  34:Generated_Source\PSoC4/cyfitter_cfg.c ****     #ifndef CY_CFG_SECTION
  35:Generated_Source\PSoC4/cyfitter_cfg.c ****         #define CY_CFG_SECTION __attribute__ ((section(".psocinit")))
  36:Generated_Source\PSoC4/cyfitter_cfg.c ****     #endif
  37:Generated_Source\PSoC4/cyfitter_cfg.c ****     
  38:Generated_Source\PSoC4/cyfitter_cfg.c ****     #if defined(__ARMCC_VERSION)
  39:Generated_Source\PSoC4/cyfitter_cfg.c ****         #define CY_CFG_MEMORY_BARRIER() __memory_changed()
  40:Generated_Source\PSoC4/cyfitter_cfg.c ****     #else
  41:Generated_Source\PSoC4/cyfitter_cfg.c ****         #define CY_CFG_MEMORY_BARRIER() __sync_synchronize()
  42:Generated_Source\PSoC4/cyfitter_cfg.c ****     #endif
  43:Generated_Source\PSoC4/cyfitter_cfg.c ****     
  44:Generated_Source\PSoC4/cyfitter_cfg.c **** #elif defined(__ICCARM__)
  45:Generated_Source\PSoC4/cyfitter_cfg.c ****     #include <intrinsics.h>
  46:Generated_Source\PSoC4/cyfitter_cfg.c **** 
  47:Generated_Source\PSoC4/cyfitter_cfg.c ****     #define CYPACKED __packed
  48:Generated_Source\PSoC4/cyfitter_cfg.c ****     #define CYPACKED_ATTR 
  49:Generated_Source\PSoC4/cyfitter_cfg.c ****     #define CYALIGNED _Pragma("data_alignment=4")
  50:Generated_Source\PSoC4/cyfitter_cfg.c ****     #define CY_CFG_UNUSED _Pragma("diag_suppress=Pe177")
  51:Generated_Source\PSoC4/cyfitter_cfg.c ****     #define CY_CFG_SECTION _Pragma("location=\".psocinit\"")
  52:Generated_Source\PSoC4/cyfitter_cfg.c ****     
  53:Generated_Source\PSoC4/cyfitter_cfg.c ****     #define CY_CFG_MEMORY_BARRIER() __DMB()
  54:Generated_Source\PSoC4/cyfitter_cfg.c ****     
  55:Generated_Source\PSoC4/cyfitter_cfg.c **** #else
  56:Generated_Source\PSoC4/cyfitter_cfg.c ****     #error Unsupported toolchain
  57:Generated_Source\PSoC4/cyfitter_cfg.c **** #endif
  58:Generated_Source\PSoC4/cyfitter_cfg.c **** 
  59:Generated_Source\PSoC4/cyfitter_cfg.c **** #ifndef CYCODE
  60:Generated_Source\PSoC4/cyfitter_cfg.c ****     #define CYCODE
  61:Generated_Source\PSoC4/cyfitter_cfg.c **** #endif
  62:Generated_Source\PSoC4/cyfitter_cfg.c **** #ifndef CYDATA
  63:Generated_Source\PSoC4/cyfitter_cfg.c ****     #define CYDATA
  64:Generated_Source\PSoC4/cyfitter_cfg.c **** #endif
  65:Generated_Source\PSoC4/cyfitter_cfg.c **** #ifndef CYFAR
  66:Generated_Source\PSoC4/cyfitter_cfg.c ****     #define CYFAR
  67:Generated_Source\PSoC4/cyfitter_cfg.c **** #endif
  68:Generated_Source\PSoC4/cyfitter_cfg.c **** #ifndef CYXDATA
  69:Generated_Source\PSoC4/cyfitter_cfg.c ****     #define CYXDATA
  70:Generated_Source\PSoC4/cyfitter_cfg.c **** #endif
  71:Generated_Source\PSoC4/cyfitter_cfg.c **** 
  72:Generated_Source\PSoC4/cyfitter_cfg.c **** 
  73:Generated_Source\PSoC4/cyfitter_cfg.c **** CY_CFG_UNUSED
  74:Generated_Source\PSoC4/cyfitter_cfg.c **** static void CYMEMZERO(void *s, size_t n);
  75:Generated_Source\PSoC4/cyfitter_cfg.c **** CY_CFG_UNUSED
  76:Generated_Source\PSoC4/cyfitter_cfg.c **** static void CYMEMZERO(void *s, size_t n)
  77:Generated_Source\PSoC4/cyfitter_cfg.c **** {
  27              		.loc 1 77 0
  28              		.cfi_startproc
  29              		@ args = 0, pretend = 0, frame = 0
  30              		@ frame_needed = 0, uses_anonymous_args = 0
  31              	.LVL0:
  32 0000 10B5     		push	{r4, lr}
  33              		.cfi_def_cfa_offset 8
  34              		.cfi_offset 4, -8
  35              		.cfi_offset 14, -4
  36 0002 0A00     		movs	r2, r1
  78:Generated_Source\PSoC4/cyfitter_cfg.c **** 	(void)memset(s, 0, n);
ARM GAS  C:\Users\latao\AppData\Local\Temp\cckAaJBJ.s 			page 3


  37              		.loc 1 78 0
  38 0004 0021     		movs	r1, #0
  39              	.LVL1:
  40 0006 FFF7FEFF 		bl	memset
  41              	.LVL2:
  79:Generated_Source\PSoC4/cyfitter_cfg.c **** }
  42              		.loc 1 79 0
  43              		@ sp needed
  44 000a 10BD     		pop	{r4, pc}
  45              		.cfi_endproc
  46              	.LFE0:
  47              		.size	CYMEMZERO, .-CYMEMZERO
  48              		.section	.psocinit,"ax",%progbits
  49              		.align	2
  50              		.code	16
  51              		.thumb_func
  52              		.type	ClockSetup, %function
  53              	ClockSetup:
  54              	.LFB3:
  80:Generated_Source\PSoC4/cyfitter_cfg.c **** CY_CFG_UNUSED
  81:Generated_Source\PSoC4/cyfitter_cfg.c **** static void CYCONFIGCPY(void *dest, const void *src, size_t n);
  82:Generated_Source\PSoC4/cyfitter_cfg.c **** CY_CFG_UNUSED
  83:Generated_Source\PSoC4/cyfitter_cfg.c **** static void CYCONFIGCPY(void *dest, const void *src, size_t n)
  84:Generated_Source\PSoC4/cyfitter_cfg.c **** {
  85:Generated_Source\PSoC4/cyfitter_cfg.c **** 	(void)memcpy(dest, src, n);
  86:Generated_Source\PSoC4/cyfitter_cfg.c **** }
  87:Generated_Source\PSoC4/cyfitter_cfg.c **** CY_CFG_UNUSED
  88:Generated_Source\PSoC4/cyfitter_cfg.c **** static void CYCONFIGCPYCODE(void *dest, const void *src, size_t n);
  89:Generated_Source\PSoC4/cyfitter_cfg.c **** CY_CFG_UNUSED
  90:Generated_Source\PSoC4/cyfitter_cfg.c **** static void CYCONFIGCPYCODE(void *dest, const void *src, size_t n)
  91:Generated_Source\PSoC4/cyfitter_cfg.c **** {
  92:Generated_Source\PSoC4/cyfitter_cfg.c **** 	(void)memcpy(dest, src, n);
  93:Generated_Source\PSoC4/cyfitter_cfg.c **** }
  94:Generated_Source\PSoC4/cyfitter_cfg.c **** 
  95:Generated_Source\PSoC4/cyfitter_cfg.c **** 
  96:Generated_Source\PSoC4/cyfitter_cfg.c **** 
  97:Generated_Source\PSoC4/cyfitter_cfg.c **** 
  98:Generated_Source\PSoC4/cyfitter_cfg.c **** /* Clock startup error codes                                                   */
  99:Generated_Source\PSoC4/cyfitter_cfg.c **** #define CYCLOCKSTART_NO_ERROR    0u
 100:Generated_Source\PSoC4/cyfitter_cfg.c **** #define CYCLOCKSTART_XTAL_ERROR  1u
 101:Generated_Source\PSoC4/cyfitter_cfg.c **** #define CYCLOCKSTART_32KHZ_ERROR 2u
 102:Generated_Source\PSoC4/cyfitter_cfg.c **** #define CYCLOCKSTART_PLL_ERROR   3u
 103:Generated_Source\PSoC4/cyfitter_cfg.c **** #define CYCLOCKSTART_FLL_ERROR   4u
 104:Generated_Source\PSoC4/cyfitter_cfg.c **** #define CYCLOCKSTART_WCO_ERROR   5u
 105:Generated_Source\PSoC4/cyfitter_cfg.c **** 
 106:Generated_Source\PSoC4/cyfitter_cfg.c **** 
 107:Generated_Source\PSoC4/cyfitter_cfg.c **** #ifdef CY_NEED_CYCLOCKSTARTUPERROR
 108:Generated_Source\PSoC4/cyfitter_cfg.c **** /*******************************************************************************
 109:Generated_Source\PSoC4/cyfitter_cfg.c **** * Function Name: CyClockStartupError
 110:Generated_Source\PSoC4/cyfitter_cfg.c **** ********************************************************************************
 111:Generated_Source\PSoC4/cyfitter_cfg.c **** * Summary:
 112:Generated_Source\PSoC4/cyfitter_cfg.c **** *  If an error is encountered during clock configuration (crystal startup error,
 113:Generated_Source\PSoC4/cyfitter_cfg.c **** *  PLL lock error, etc.), the system will end up here.  Unless reimplemented by
 114:Generated_Source\PSoC4/cyfitter_cfg.c **** *  the customer, this function will stop in an infinite loop.
 115:Generated_Source\PSoC4/cyfitter_cfg.c **** *
 116:Generated_Source\PSoC4/cyfitter_cfg.c **** * Parameters:
 117:Generated_Source\PSoC4/cyfitter_cfg.c **** *   void
ARM GAS  C:\Users\latao\AppData\Local\Temp\cckAaJBJ.s 			page 4


 118:Generated_Source\PSoC4/cyfitter_cfg.c **** *
 119:Generated_Source\PSoC4/cyfitter_cfg.c **** * Return:
 120:Generated_Source\PSoC4/cyfitter_cfg.c **** *   void
 121:Generated_Source\PSoC4/cyfitter_cfg.c **** *
 122:Generated_Source\PSoC4/cyfitter_cfg.c **** *******************************************************************************/
 123:Generated_Source\PSoC4/cyfitter_cfg.c **** CY_CFG_UNUSED
 124:Generated_Source\PSoC4/cyfitter_cfg.c **** static void CyClockStartupError(uint8 errorCode);
 125:Generated_Source\PSoC4/cyfitter_cfg.c **** CY_CFG_UNUSED
 126:Generated_Source\PSoC4/cyfitter_cfg.c **** static void CyClockStartupError(uint8 errorCode)
 127:Generated_Source\PSoC4/cyfitter_cfg.c **** {
 128:Generated_Source\PSoC4/cyfitter_cfg.c ****     /* To remove the compiler warning if errorCode not used.                */
 129:Generated_Source\PSoC4/cyfitter_cfg.c ****     errorCode = errorCode;
 130:Generated_Source\PSoC4/cyfitter_cfg.c **** 
 131:Generated_Source\PSoC4/cyfitter_cfg.c ****     /* If we have a clock startup error (bad MHz crystal, PLL lock, etc.),  */
 132:Generated_Source\PSoC4/cyfitter_cfg.c ****     /* we will end up here to allow the customer to implement something to  */
 133:Generated_Source\PSoC4/cyfitter_cfg.c ****     /* deal with the clock condition.                                       */
 134:Generated_Source\PSoC4/cyfitter_cfg.c **** 
 135:Generated_Source\PSoC4/cyfitter_cfg.c **** #ifdef CY_CFG_CLOCK_STARTUP_ERROR_CALLBACK
 136:Generated_Source\PSoC4/cyfitter_cfg.c ****     CY_CFG_Clock_Startup_ErrorCallback();
 137:Generated_Source\PSoC4/cyfitter_cfg.c **** #else
 138:Generated_Source\PSoC4/cyfitter_cfg.c ****     /*  If not using CY_CFG_CLOCK_STARTUP_ERROR_CALLBACK, place your clock startup code here. */
 139:Generated_Source\PSoC4/cyfitter_cfg.c ****     /* `#START CyClockStartupError` */
 140:Generated_Source\PSoC4/cyfitter_cfg.c **** 
 141:Generated_Source\PSoC4/cyfitter_cfg.c **** 
 142:Generated_Source\PSoC4/cyfitter_cfg.c **** 
 143:Generated_Source\PSoC4/cyfitter_cfg.c ****     /* `#END` */
 144:Generated_Source\PSoC4/cyfitter_cfg.c **** 
 145:Generated_Source\PSoC4/cyfitter_cfg.c ****     while(1) {}
 146:Generated_Source\PSoC4/cyfitter_cfg.c **** #endif /* CY_CFG_CLOCK_STARTUP_ERROR_CALLBACK */
 147:Generated_Source\PSoC4/cyfitter_cfg.c **** }
 148:Generated_Source\PSoC4/cyfitter_cfg.c **** #endif
 149:Generated_Source\PSoC4/cyfitter_cfg.c **** 
 150:Generated_Source\PSoC4/cyfitter_cfg.c **** 
 151:Generated_Source\PSoC4/cyfitter_cfg.c **** 
 152:Generated_Source\PSoC4/cyfitter_cfg.c **** /*******************************************************************************
 153:Generated_Source\PSoC4/cyfitter_cfg.c **** * Function Name: ClockSetup
 154:Generated_Source\PSoC4/cyfitter_cfg.c **** ********************************************************************************
 155:Generated_Source\PSoC4/cyfitter_cfg.c **** *
 156:Generated_Source\PSoC4/cyfitter_cfg.c **** * Summary:
 157:Generated_Source\PSoC4/cyfitter_cfg.c **** *   Performs the initialization of all of the clocks in the device based on the
 158:Generated_Source\PSoC4/cyfitter_cfg.c **** *   settings in the Clock tab of the DWR.  This includes enabling the requested
 159:Generated_Source\PSoC4/cyfitter_cfg.c **** *   clocks and setting the necessary dividers to produce the desired frequency. 
 160:Generated_Source\PSoC4/cyfitter_cfg.c **** *
 161:Generated_Source\PSoC4/cyfitter_cfg.c **** * Parameters:
 162:Generated_Source\PSoC4/cyfitter_cfg.c **** *   void
 163:Generated_Source\PSoC4/cyfitter_cfg.c **** *
 164:Generated_Source\PSoC4/cyfitter_cfg.c **** * Return:
 165:Generated_Source\PSoC4/cyfitter_cfg.c **** *   void
 166:Generated_Source\PSoC4/cyfitter_cfg.c **** *
 167:Generated_Source\PSoC4/cyfitter_cfg.c **** *******************************************************************************/
 168:Generated_Source\PSoC4/cyfitter_cfg.c **** static void ClockSetup(void);
 169:Generated_Source\PSoC4/cyfitter_cfg.c **** CY_CFG_SECTION
 170:Generated_Source\PSoC4/cyfitter_cfg.c **** static void ClockSetup(void)
 171:Generated_Source\PSoC4/cyfitter_cfg.c **** {
  55              		.loc 1 171 0
  56              		.cfi_startproc
  57              		@ args = 0, pretend = 0, frame = 0
ARM GAS  C:\Users\latao\AppData\Local\Temp\cckAaJBJ.s 			page 5


  58              		@ frame_needed = 0, uses_anonymous_args = 0
  59 0000 70B5     		push	{r4, r5, r6, lr}
  60              		.cfi_def_cfa_offset 16
  61              		.cfi_offset 4, -16
  62              		.cfi_offset 5, -12
  63              		.cfi_offset 6, -8
  64              		.cfi_offset 14, -4
 172:Generated_Source\PSoC4/cyfitter_cfg.c **** 	/* Enable HALF_EN before trimming for the flash accelerator. */
 173:Generated_Source\PSoC4/cyfitter_cfg.c **** 	CY_SET_REG32((void CYXDATA *)(CYREG_CLK_SELECT), (CY_GET_REG32((void *)CYREG_CLK_SELECT) | 0x00040
  65              		.loc 1 173 0
  66 0002 164C     		ldr	r4, .L3
  67 0004 2368     		ldr	r3, [r4]
  68 0006 8022     		movs	r2, #128
  69 0008 D202     		lsls	r2, r2, #11
  70 000a 1343     		orrs	r3, r2
  71 000c 2360     		str	r3, [r4]
 174:Generated_Source\PSoC4/cyfitter_cfg.c **** 
 175:Generated_Source\PSoC4/cyfitter_cfg.c **** 	/* Setup and trim IMO based on desired frequency. */
 176:Generated_Source\PSoC4/cyfitter_cfg.c **** 	CySysClkWriteImoFreq(24u);
  72              		.loc 1 176 0
  73 000e 1820     		movs	r0, #24
  74 0010 FFF7FEFF 		bl	CySysClkWriteImoFreq
  75              	.LVL3:
 177:Generated_Source\PSoC4/cyfitter_cfg.c **** 
 178:Generated_Source\PSoC4/cyfitter_cfg.c **** 	/* Disable HALF_EN since it is not required at this IMO frequency. */
 179:Generated_Source\PSoC4/cyfitter_cfg.c **** 	CY_SET_REG32((void CYXDATA *)(CYREG_CLK_SELECT), (CY_GET_REG32((void *)CYREG_CLK_SELECT) & 0xFFFBF
  76              		.loc 1 179 0
  77 0014 2268     		ldr	r2, [r4]
  78 0016 124B     		ldr	r3, .L3+4
  79 0018 1340     		ands	r3, r2
  80 001a 2360     		str	r3, [r4]
 180:Generated_Source\PSoC4/cyfitter_cfg.c **** 	/* CYDEV_CLK_ILO_CONFIG Starting address: CYDEV_CLK_ILO_CONFIG */
 181:Generated_Source\PSoC4/cyfitter_cfg.c **** 	CY_SET_REG32((void *)(CYREG_CLK_ILO_CONFIG), 0x80000006u);
  81              		.loc 1 181 0
  82 001c 114A     		ldr	r2, .L3+8
  83 001e 124B     		ldr	r3, .L3+12
  84 0020 1A60     		str	r2, [r3]
 182:Generated_Source\PSoC4/cyfitter_cfg.c **** 
 183:Generated_Source\PSoC4/cyfitter_cfg.c **** 
 184:Generated_Source\PSoC4/cyfitter_cfg.c **** 	/* CYDEV_CLK_SELECT00 Starting address: CYDEV_CLK_SELECT00 */
 185:Generated_Source\PSoC4/cyfitter_cfg.c **** 	CY_SET_REG32((void *)(CYREG_CLK_SELECT03), 0x00000010u);
  85              		.loc 1 185 0
  86 0022 1022     		movs	r2, #16
  87 0024 114B     		ldr	r3, .L3+16
  88 0026 1A60     		str	r2, [r3]
 186:Generated_Source\PSoC4/cyfitter_cfg.c **** 	CY_SET_REG32((void *)(CYREG_CLK_SELECT07), 0x00000020u);
  89              		.loc 1 186 0
  90 0028 1032     		adds	r2, r2, #16
  91 002a 114B     		ldr	r3, .L3+20
  92 002c 1A60     		str	r2, [r3]
 187:Generated_Source\PSoC4/cyfitter_cfg.c **** 
 188:Generated_Source\PSoC4/cyfitter_cfg.c **** 	/* CYDEV_CLK_IMO_CONFIG Starting address: CYDEV_CLK_IMO_CONFIG */
 189:Generated_Source\PSoC4/cyfitter_cfg.c **** 	CY_SET_REG32((void *)(CYREG_CLK_IMO_CONFIG), 0x82000000u);
  93              		.loc 1 189 0
  94 002e 8222     		movs	r2, #130
  95 0030 1206     		lsls	r2, r2, #24
  96 0032 104B     		ldr	r3, .L3+24
ARM GAS  C:\Users\latao\AppData\Local\Temp\cckAaJBJ.s 			page 6


  97 0034 1A60     		str	r2, [r3]
 190:Generated_Source\PSoC4/cyfitter_cfg.c **** 
 191:Generated_Source\PSoC4/cyfitter_cfg.c **** 	/* CYDEV_CLK_SELECT Starting address: CYDEV_CLK_SELECT */
 192:Generated_Source\PSoC4/cyfitter_cfg.c **** 	CY_SET_REG32((void *)(CYREG_CLK_SELECT), 0x00000000u);
  98              		.loc 1 192 0
  99 0036 0025     		movs	r5, #0
 100 0038 2560     		str	r5, [r4]
 193:Generated_Source\PSoC4/cyfitter_cfg.c **** 
 194:Generated_Source\PSoC4/cyfitter_cfg.c **** 	/* CYDEV_CLK_DIVIDER_A00 Starting address: CYDEV_CLK_DIVIDER_A00 */
 195:Generated_Source\PSoC4/cyfitter_cfg.c **** 	CY_SET_REG32((void *)(CYREG_CLK_DIVIDER_A00), 0x8000000Eu);
 101              		.loc 1 195 0
 102 003a 0F4A     		ldr	r2, .L3+28
 103 003c 0F4B     		ldr	r3, .L3+32
 104 003e 1A60     		str	r2, [r3]
 196:Generated_Source\PSoC4/cyfitter_cfg.c **** 
 197:Generated_Source\PSoC4/cyfitter_cfg.c **** 	/* CYDEV_CLK_DIVIDER_B00 Starting address: CYDEV_CLK_DIVIDER_B00 */
 198:Generated_Source\PSoC4/cyfitter_cfg.c **** 	CY_SET_REG32((void *)(CYREG_CLK_DIVIDER_B00), 0x80000014u);
 105              		.loc 1 198 0
 106 0040 0F4A     		ldr	r2, .L3+36
 107 0042 104B     		ldr	r3, .L3+40
 108 0044 1A60     		str	r2, [r3]
 199:Generated_Source\PSoC4/cyfitter_cfg.c **** 
 200:Generated_Source\PSoC4/cyfitter_cfg.c **** 	(void)CyIntSetVector(9u, &CySysWdtIsr);
 109              		.loc 1 200 0
 110 0046 1049     		ldr	r1, .L3+44
 111 0048 0920     		movs	r0, #9
 112 004a FFF7FEFF 		bl	CyIntSetVector
 113              	.LVL4:
 201:Generated_Source\PSoC4/cyfitter_cfg.c **** 	CyIntEnable(9u);
 114              		.loc 1 201 0
 115 004e 0920     		movs	r0, #9
 116 0050 FFF7FEFF 		bl	CyIntEnable
 117              	.LVL5:
 202:Generated_Source\PSoC4/cyfitter_cfg.c **** 	CY_SET_REG32((void *)(CYREG_WDT_CONFIG), 0x00000000u);
 118              		.loc 1 202 0
 119 0054 0D4B     		ldr	r3, .L3+48
 120 0056 1D60     		str	r5, [r3]
 203:Generated_Source\PSoC4/cyfitter_cfg.c **** }
 121              		.loc 1 203 0
 122              		@ sp needed
 123 0058 70BD     		pop	{r4, r5, r6, pc}
 124              	.L4:
 125 005a C046     		.align	2
 126              	.L3:
 127 005c 00010B40 		.word	1074462976
 128 0060 FFFFFBFF 		.word	-262145
 129 0064 06000080 		.word	-2147483642
 130 0068 04010B40 		.word	1074462980
 131 006c 0C020240 		.word	1073873420
 132 0070 1C020240 		.word	1073873436
 133 0074 08010B40 		.word	1074462984
 134 0078 0E000080 		.word	-2147483634
 135 007c 00000240 		.word	1073872896
 136 0080 14000080 		.word	-2147483628
 137 0084 40000240 		.word	1073872960
 138 0088 00000000 		.word	CySysWdtIsr
 139 008c 0C020B40 		.word	1074463244
ARM GAS  C:\Users\latao\AppData\Local\Temp\cckAaJBJ.s 			page 7


 140              		.cfi_endproc
 141              	.LFE3:
 142              		.size	ClockSetup, .-ClockSetup
 143              		.section	.text.SetAnalogRoutingPumps,"ax",%progbits
 144              		.align	2
 145              		.global	SetAnalogRoutingPumps
 146              		.code	16
 147              		.thumb_func
 148              		.type	SetAnalogRoutingPumps, %function
 149              	SetAnalogRoutingPumps:
 150              	.LFB5:
 204:Generated_Source\PSoC4/cyfitter_cfg.c **** 
 205:Generated_Source\PSoC4/cyfitter_cfg.c **** 
 206:Generated_Source\PSoC4/cyfitter_cfg.c **** /* Analog API Functions */
 207:Generated_Source\PSoC4/cyfitter_cfg.c **** 
 208:Generated_Source\PSoC4/cyfitter_cfg.c **** 
 209:Generated_Source\PSoC4/cyfitter_cfg.c **** /*******************************************************************************
 210:Generated_Source\PSoC4/cyfitter_cfg.c **** * Function Name: AnalogSetDefault
 211:Generated_Source\PSoC4/cyfitter_cfg.c **** ********************************************************************************
 212:Generated_Source\PSoC4/cyfitter_cfg.c **** *
 213:Generated_Source\PSoC4/cyfitter_cfg.c **** * Summary:
 214:Generated_Source\PSoC4/cyfitter_cfg.c **** *  Sets up the analog portions of the chip to default values based on chip
 215:Generated_Source\PSoC4/cyfitter_cfg.c **** *  configuration options from the project.
 216:Generated_Source\PSoC4/cyfitter_cfg.c **** *
 217:Generated_Source\PSoC4/cyfitter_cfg.c **** * Parameters:
 218:Generated_Source\PSoC4/cyfitter_cfg.c **** *  void
 219:Generated_Source\PSoC4/cyfitter_cfg.c **** *
 220:Generated_Source\PSoC4/cyfitter_cfg.c **** * Return:
 221:Generated_Source\PSoC4/cyfitter_cfg.c **** *  void
 222:Generated_Source\PSoC4/cyfitter_cfg.c **** *
 223:Generated_Source\PSoC4/cyfitter_cfg.c **** *******************************************************************************/
 224:Generated_Source\PSoC4/cyfitter_cfg.c **** static void AnalogSetDefault(void);
 225:Generated_Source\PSoC4/cyfitter_cfg.c **** static void AnalogSetDefault(void)
 226:Generated_Source\PSoC4/cyfitter_cfg.c **** {
 227:Generated_Source\PSoC4/cyfitter_cfg.c **** 	SetAnalogRoutingPumps(1);
 228:Generated_Source\PSoC4/cyfitter_cfg.c **** }
 229:Generated_Source\PSoC4/cyfitter_cfg.c **** 
 230:Generated_Source\PSoC4/cyfitter_cfg.c **** 
 231:Generated_Source\PSoC4/cyfitter_cfg.c **** /*******************************************************************************
 232:Generated_Source\PSoC4/cyfitter_cfg.c **** * Function Name: SetAnalogRoutingPumps
 233:Generated_Source\PSoC4/cyfitter_cfg.c **** ********************************************************************************
 234:Generated_Source\PSoC4/cyfitter_cfg.c **** *
 235:Generated_Source\PSoC4/cyfitter_cfg.c **** * Summary:
 236:Generated_Source\PSoC4/cyfitter_cfg.c **** * Enables or disables the analog pumps feeding analog routing switches.
 237:Generated_Source\PSoC4/cyfitter_cfg.c **** * Intended to be called at startup, based on the Vdda system configuration;
 238:Generated_Source\PSoC4/cyfitter_cfg.c **** * may be called during operation when the user informs us that the Vdda voltage crossed the pump th
 239:Generated_Source\PSoC4/cyfitter_cfg.c **** *
 240:Generated_Source\PSoC4/cyfitter_cfg.c **** * Parameters:
 241:Generated_Source\PSoC4/cyfitter_cfg.c **** *  enabled - 1 to enable the pumps, 0 to disable the pumps
 242:Generated_Source\PSoC4/cyfitter_cfg.c **** *
 243:Generated_Source\PSoC4/cyfitter_cfg.c **** * Return:
 244:Generated_Source\PSoC4/cyfitter_cfg.c **** *  void
 245:Generated_Source\PSoC4/cyfitter_cfg.c **** *
 246:Generated_Source\PSoC4/cyfitter_cfg.c **** *******************************************************************************/
 247:Generated_Source\PSoC4/cyfitter_cfg.c **** void SetAnalogRoutingPumps(uint8 enabled)
 248:Generated_Source\PSoC4/cyfitter_cfg.c **** {
 151              		.loc 1 248 0
ARM GAS  C:\Users\latao\AppData\Local\Temp\cckAaJBJ.s 			page 8


 152              		.cfi_startproc
 153              		@ args = 0, pretend = 0, frame = 0
 154              		@ frame_needed = 0, uses_anonymous_args = 0
 155              		@ link register save eliminated.
 156              	.LVL6:
 249:Generated_Source\PSoC4/cyfitter_cfg.c **** 	uint32 regValue = CY_GET_XTND_REG32((void *)(CYREG_SAR_PUMP_CTRL));
 157              		.loc 1 249 0
 158 0000 064B     		ldr	r3, .L8
 159 0002 1B68     		ldr	r3, [r3]
 160              	.LVL7:
 250:Generated_Source\PSoC4/cyfitter_cfg.c **** 	if (enabled != 0u)
 161              		.loc 1 250 0
 162 0004 0028     		cmp	r0, #0
 163 0006 03D0     		beq	.L6
 251:Generated_Source\PSoC4/cyfitter_cfg.c **** 	{
 252:Generated_Source\PSoC4/cyfitter_cfg.c **** 		regValue |= 0x80000000u;
 164              		.loc 1 252 0
 165 0008 8022     		movs	r2, #128
 166 000a 1206     		lsls	r2, r2, #24
 167 000c 1343     		orrs	r3, r2
 168              	.LVL8:
 169 000e 01E0     		b	.L7
 170              	.L6:
 253:Generated_Source\PSoC4/cyfitter_cfg.c **** 	}
 254:Generated_Source\PSoC4/cyfitter_cfg.c **** 	else
 255:Generated_Source\PSoC4/cyfitter_cfg.c **** 	{
 256:Generated_Source\PSoC4/cyfitter_cfg.c **** 		regValue &= ~0x80000000u;
 171              		.loc 1 256 0
 172 0010 5B00     		lsls	r3, r3, #1
 173              	.LVL9:
 174 0012 5B08     		lsrs	r3, r3, #1
 175              	.LVL10:
 176              	.L7:
 257:Generated_Source\PSoC4/cyfitter_cfg.c **** 	}
 258:Generated_Source\PSoC4/cyfitter_cfg.c **** 	CY_SET_XTND_REG32((void *)(CYREG_SAR_PUMP_CTRL), regValue);
 177              		.loc 1 258 0
 178 0014 014A     		ldr	r2, .L8
 179 0016 1360     		str	r3, [r2]
 259:Generated_Source\PSoC4/cyfitter_cfg.c **** }
 180              		.loc 1 259 0
 181              		@ sp needed
 182 0018 7047     		bx	lr
 183              	.L9:
 184 001a C046     		.align	2
 185              	.L8:
 186 001c 80031A40 		.word	1075446656
 187              		.cfi_endproc
 188              	.LFE5:
 189              		.size	SetAnalogRoutingPumps, .-SetAnalogRoutingPumps
 190              		.section	.text.AnalogSetDefault,"ax",%progbits
 191              		.align	2
 192              		.code	16
 193              		.thumb_func
 194              		.type	AnalogSetDefault, %function
 195              	AnalogSetDefault:
 196              	.LFB4:
 226:Generated_Source\PSoC4/cyfitter_cfg.c **** 	SetAnalogRoutingPumps(1);
ARM GAS  C:\Users\latao\AppData\Local\Temp\cckAaJBJ.s 			page 9


 197              		.loc 1 226 0
 198              		.cfi_startproc
 199              		@ args = 0, pretend = 0, frame = 0
 200              		@ frame_needed = 0, uses_anonymous_args = 0
 201 0000 10B5     		push	{r4, lr}
 202              		.cfi_def_cfa_offset 8
 203              		.cfi_offset 4, -8
 204              		.cfi_offset 14, -4
 227:Generated_Source\PSoC4/cyfitter_cfg.c **** }
 205              		.loc 1 227 0
 206 0002 0120     		movs	r0, #1
 207 0004 FFF7FEFF 		bl	SetAnalogRoutingPumps
 208              	.LVL11:
 228:Generated_Source\PSoC4/cyfitter_cfg.c **** 
 209              		.loc 1 228 0
 210              		@ sp needed
 211 0008 10BD     		pop	{r4, pc}
 212              		.cfi_endproc
 213              	.LFE4:
 214              		.size	AnalogSetDefault, .-AnalogSetDefault
 215              		.section	.psocinit
 216              		.align	2
 217              		.global	cyfitter_cfg
 218              		.code	16
 219              		.thumb_func
 220              		.type	cyfitter_cfg, %function
 221              	cyfitter_cfg:
 222              	.LFB6:
 260:Generated_Source\PSoC4/cyfitter_cfg.c **** 
 261:Generated_Source\PSoC4/cyfitter_cfg.c **** 
 262:Generated_Source\PSoC4/cyfitter_cfg.c **** 
 263:Generated_Source\PSoC4/cyfitter_cfg.c **** 
 264:Generated_Source\PSoC4/cyfitter_cfg.c **** /*******************************************************************************
 265:Generated_Source\PSoC4/cyfitter_cfg.c **** * Function Name: cyfitter_cfg
 266:Generated_Source\PSoC4/cyfitter_cfg.c **** ********************************************************************************
 267:Generated_Source\PSoC4/cyfitter_cfg.c **** * Summary:
 268:Generated_Source\PSoC4/cyfitter_cfg.c **** *  This function is called by the start-up code for the selected device. It
 269:Generated_Source\PSoC4/cyfitter_cfg.c **** *  performs all of the necessary device configuration based on the design
 270:Generated_Source\PSoC4/cyfitter_cfg.c **** *  settings.  This includes settings from the Design Wide Resources (DWR) such
 271:Generated_Source\PSoC4/cyfitter_cfg.c **** *  as Clocks and Pins as well as any component configuration that is necessary.
 272:Generated_Source\PSoC4/cyfitter_cfg.c **** *
 273:Generated_Source\PSoC4/cyfitter_cfg.c **** * Parameters:
 274:Generated_Source\PSoC4/cyfitter_cfg.c **** *   void
 275:Generated_Source\PSoC4/cyfitter_cfg.c **** *
 276:Generated_Source\PSoC4/cyfitter_cfg.c **** * Return:
 277:Generated_Source\PSoC4/cyfitter_cfg.c **** *   void
 278:Generated_Source\PSoC4/cyfitter_cfg.c **** *
 279:Generated_Source\PSoC4/cyfitter_cfg.c **** *******************************************************************************/
 280:Generated_Source\PSoC4/cyfitter_cfg.c **** CY_CFG_SECTION
 281:Generated_Source\PSoC4/cyfitter_cfg.c **** void cyfitter_cfg(void)
 282:Generated_Source\PSoC4/cyfitter_cfg.c **** {
 223              		.loc 1 282 0
 224              		.cfi_startproc
 225              		@ args = 0, pretend = 0, frame = 0
 226              		@ frame_needed = 0, uses_anonymous_args = 0
 227 0090 10B5     		push	{r4, lr}
 228              		.cfi_def_cfa_offset 8
ARM GAS  C:\Users\latao\AppData\Local\Temp\cckAaJBJ.s 			page 10


 229              		.cfi_offset 4, -8
 230              		.cfi_offset 14, -4
 283:Generated_Source\PSoC4/cyfitter_cfg.c **** 	/* Disable interrupts by default. Let user enable if/when they want. */
 284:Generated_Source\PSoC4/cyfitter_cfg.c **** 	CyGlobalIntDisable;
 231              		.loc 1 284 0
 232              		.syntax divided
 233              	@ 284 "Generated_Source\PSoC4\cyfitter_cfg.c" 1
 234 0092 72B6     		CPSID   i
 235              	@ 0 "" 2
 236              	.LVL12:
 237              		.thumb
 238              		.syntax unified
 239              	.LBB2:
 285:Generated_Source\PSoC4/cyfitter_cfg.c **** 
 286:Generated_Source\PSoC4/cyfitter_cfg.c **** 	{
 287:Generated_Source\PSoC4/cyfitter_cfg.c **** 
 288:Generated_Source\PSoC4/cyfitter_cfg.c **** 		CYPACKED typedef struct {
 289:Generated_Source\PSoC4/cyfitter_cfg.c **** 			void CYFAR *address;
 290:Generated_Source\PSoC4/cyfitter_cfg.c **** 			uint16 size;
 291:Generated_Source\PSoC4/cyfitter_cfg.c **** 		} CYPACKED_ATTR cfg_memset_t;
 292:Generated_Source\PSoC4/cyfitter_cfg.c **** 
 293:Generated_Source\PSoC4/cyfitter_cfg.c **** 		static const cfg_memset_t CYCODE cfg_memset_list[] = {
 294:Generated_Source\PSoC4/cyfitter_cfg.c **** 			/* address, size */
 295:Generated_Source\PSoC4/cyfitter_cfg.c **** 			{(void CYFAR *)(CYDEV_UDB_P0_U0_BASE), 1024u},
 296:Generated_Source\PSoC4/cyfitter_cfg.c **** 			{(void CYFAR *)(CYDEV_UDB_DSI0_BASE), 1024u},
 297:Generated_Source\PSoC4/cyfitter_cfg.c **** 		};
 298:Generated_Source\PSoC4/cyfitter_cfg.c **** 
 299:Generated_Source\PSoC4/cyfitter_cfg.c **** 		uint8 CYDATA i;
 300:Generated_Source\PSoC4/cyfitter_cfg.c **** 
 301:Generated_Source\PSoC4/cyfitter_cfg.c **** 		/* Zero out critical memory blocks before beginning configuration */
 302:Generated_Source\PSoC4/cyfitter_cfg.c **** 		for (i = 0u; i < (sizeof(cfg_memset_list)/sizeof(cfg_memset_list[0])); i++)
 240              		.loc 1 302 0
 241 0094 0024     		movs	r4, #0
 242 0096 0FE0     		b	.L12
 243              	.LVL13:
 244              	.L13:
 245              	.LBB3:
 303:Generated_Source\PSoC4/cyfitter_cfg.c **** 		{
 304:Generated_Source\PSoC4/cyfitter_cfg.c **** 			const cfg_memset_t CYCODE * CYDATA ms = &cfg_memset_list[i];
 305:Generated_Source\PSoC4/cyfitter_cfg.c **** 			CYMEMZERO(ms->address, (size_t)(uint32)(ms->size));
 246              		.loc 1 305 0 discriminator 3
 247 0098 1948     		ldr	r0, .L14
 248 009a 6200     		lsls	r2, r4, #1
 249 009c 1319     		adds	r3, r2, r4
 250 009e 5900     		lsls	r1, r3, #1
 251 00a0 0B00     		movs	r3, r1
 252 00a2 4118     		adds	r1, r0, r1
 253 00a4 8988     		ldrh	r1, [r1, #4]
 254 00a6 1A5A     		ldrh	r2, [r3, r0]
 255 00a8 C318     		adds	r3, r0, r3
 256 00aa 5888     		ldrh	r0, [r3, #2]
 257 00ac 0004     		lsls	r0, r0, #16
 258 00ae 1043     		orrs	r0, r2
 259 00b0 FFF7FEFF 		bl	CYMEMZERO
 260              	.LVL14:
 261              	.LBE3:
 302:Generated_Source\PSoC4/cyfitter_cfg.c **** 		{
ARM GAS  C:\Users\latao\AppData\Local\Temp\cckAaJBJ.s 			page 11


 262              		.loc 1 302 0 discriminator 3
 263 00b4 0134     		adds	r4, r4, #1
 264              	.LVL15:
 265 00b6 E4B2     		uxtb	r4, r4
 266              	.LVL16:
 267              	.L12:
 302:Generated_Source\PSoC4/cyfitter_cfg.c **** 		{
 268              		.loc 1 302 0 is_stmt 0 discriminator 1
 269 00b8 012C     		cmp	r4, #1
 270 00ba EDD9     		bls	.L13
 306:Generated_Source\PSoC4/cyfitter_cfg.c **** 		}
 307:Generated_Source\PSoC4/cyfitter_cfg.c **** 
 308:Generated_Source\PSoC4/cyfitter_cfg.c **** 		/* HSIOM Starting address: CYDEV_HSIOM_BASE */
 309:Generated_Source\PSoC4/cyfitter_cfg.c **** 		CY_SET_REG32((void *)(CYREG_HSIOM_PORT_SEL3), 0x0000EEEEu);
 271              		.loc 1 309 0 is_stmt 1
 272 00bc 114A     		ldr	r2, .L14+4
 273 00be 124B     		ldr	r3, .L14+8
 274 00c0 1A60     		str	r2, [r3]
 310:Generated_Source\PSoC4/cyfitter_cfg.c **** 
 311:Generated_Source\PSoC4/cyfitter_cfg.c **** 		/* UDB_PA_0 Starting address: CYDEV_UDB_PA0_BASE */
 312:Generated_Source\PSoC4/cyfitter_cfg.c **** 		CY_SET_REG32((void *)(CYDEV_UDB_PA0_BASE), 0x00990000u);
 275              		.loc 1 312 0
 276 00c2 9923     		movs	r3, #153
 277 00c4 1B04     		lsls	r3, r3, #16
 278 00c6 114A     		ldr	r2, .L14+12
 279 00c8 1360     		str	r3, [r2]
 313:Generated_Source\PSoC4/cyfitter_cfg.c **** 
 314:Generated_Source\PSoC4/cyfitter_cfg.c **** 		/* UDB_PA_1 Starting address: CYDEV_UDB_PA1_BASE */
 315:Generated_Source\PSoC4/cyfitter_cfg.c **** 		CY_SET_REG32((void *)(CYDEV_UDB_PA1_BASE), 0x00990000u);
 280              		.loc 1 315 0
 281 00ca 114A     		ldr	r2, .L14+16
 282 00cc 1360     		str	r3, [r2]
 316:Generated_Source\PSoC4/cyfitter_cfg.c **** 
 317:Generated_Source\PSoC4/cyfitter_cfg.c **** 		/* UDB_PA_3 Starting address: CYDEV_UDB_PA3_BASE */
 318:Generated_Source\PSoC4/cyfitter_cfg.c **** 		CY_SET_REG32((void *)(CYDEV_UDB_PA3_BASE), 0x00990000u);
 283              		.loc 1 318 0
 284 00ce 114A     		ldr	r2, .L14+20
 285 00d0 1360     		str	r3, [r2]
 319:Generated_Source\PSoC4/cyfitter_cfg.c **** 
 320:Generated_Source\PSoC4/cyfitter_cfg.c **** 		/* Enable digital routing */
 321:Generated_Source\PSoC4/cyfitter_cfg.c **** 		CY_SET_XTND_REG8((void *)CYREG_UDB_UDBIF_BANK_CTL, (uint8)(CY_GET_XTND_REG8((void *)CYREG_UDB_UDB
 286              		.loc 1 321 0
 287 00d2 114A     		ldr	r2, .L14+24
 288 00d4 1178     		ldrb	r1, [r2]
 289 00d6 0623     		movs	r3, #6
 290 00d8 0B43     		orrs	r3, r1
 291 00da DBB2     		uxtb	r3, r3
 292 00dc 1370     		strb	r3, [r2]
 293              	.LBE2:
 322:Generated_Source\PSoC4/cyfitter_cfg.c **** 	}
 323:Generated_Source\PSoC4/cyfitter_cfg.c **** 
 324:Generated_Source\PSoC4/cyfitter_cfg.c **** 	/* Perform second pass device configuration. These items must be configured in specific order afte
 325:Generated_Source\PSoC4/cyfitter_cfg.c **** 	/* IOPINS0_0 Starting address: CYDEV_PRT0_BASE */
 326:Generated_Source\PSoC4/cyfitter_cfg.c **** 	CY_SET_REG32((void *)(CYREG_PRT0_PC), 0x00030006u);
 294              		.loc 1 326 0
 295 00de 0F4A     		ldr	r2, .L14+28
 296 00e0 0F4B     		ldr	r3, .L14+32
ARM GAS  C:\Users\latao\AppData\Local\Temp\cckAaJBJ.s 			page 12


 297 00e2 1A60     		str	r2, [r3]
 327:Generated_Source\PSoC4/cyfitter_cfg.c **** 
 328:Generated_Source\PSoC4/cyfitter_cfg.c **** 	/* IOPINS0_1 Starting address: CYDEV_PRT1_BASE */
 329:Generated_Source\PSoC4/cyfitter_cfg.c **** 	CY_SET_REG32((void *)(CYREG_PRT1_PC), 0x00000006u);
 298              		.loc 1 329 0
 299 00e4 0F4B     		ldr	r3, .L14+36
 300 00e6 0622     		movs	r2, #6
 301 00e8 1A60     		str	r2, [r3]
 330:Generated_Source\PSoC4/cyfitter_cfg.c **** 
 331:Generated_Source\PSoC4/cyfitter_cfg.c **** 	/* IOPINS0_3 Starting address: CYDEV_PRT3_BASE */
 332:Generated_Source\PSoC4/cyfitter_cfg.c **** 	CY_SET_REG32((void *)(CYDEV_PRT3_BASE), 0x00000003u);
 302              		.loc 1 332 0
 303 00ea 033A     		subs	r2, r2, #3
 304 00ec 0E4B     		ldr	r3, .L14+40
 305 00ee 1A60     		str	r2, [r3]
 333:Generated_Source\PSoC4/cyfitter_cfg.c **** 	CY_SET_REG32((void *)(CYREG_PRT3_PC), 0x00C00DA4u);
 306              		.loc 1 333 0
 307 00f0 0E4A     		ldr	r2, .L14+44
 308 00f2 0F4B     		ldr	r3, .L14+48
 309 00f4 1A60     		str	r2, [r3]
 334:Generated_Source\PSoC4/cyfitter_cfg.c **** 
 335:Generated_Source\PSoC4/cyfitter_cfg.c **** 
 336:Generated_Source\PSoC4/cyfitter_cfg.c **** 	/* Setup clocks based on selections from Clock DWR */
 337:Generated_Source\PSoC4/cyfitter_cfg.c **** 	ClockSetup();
 310              		.loc 1 337 0
 311 00f6 FFF783FF 		bl	ClockSetup
 312              	.LVL17:
 338:Generated_Source\PSoC4/cyfitter_cfg.c **** 
 339:Generated_Source\PSoC4/cyfitter_cfg.c **** 	/* Perform basic analog initialization to defaults */
 340:Generated_Source\PSoC4/cyfitter_cfg.c **** 	AnalogSetDefault();
 313              		.loc 1 340 0
 314 00fa FFF7FEFF 		bl	AnalogSetDefault
 315              	.LVL18:
 341:Generated_Source\PSoC4/cyfitter_cfg.c **** 
 342:Generated_Source\PSoC4/cyfitter_cfg.c **** }
 316              		.loc 1 342 0
 317              		@ sp needed
 318              	.LVL19:
 319 00fe 10BD     		pop	{r4, pc}
 320              	.L15:
 321              		.align	2
 322              	.L14:
 323 0100 00000000 		.word	.LANCHOR0
 324 0104 EEEE0000 		.word	61166
 325 0108 0C000140 		.word	1073807372
 326 010c 00500F40 		.word	1074745344
 327 0110 10500F40 		.word	1074745360
 328 0114 30500F40 		.word	1074745392
 329 0118 00700F40 		.word	1074753536
 330 011c 06000300 		.word	196614
 331 0120 08000440 		.word	1074003976
 332 0124 08010440 		.word	1074004232
 333 0128 00030440 		.word	1074004736
 334 012c A40DC000 		.word	12586404
 335 0130 08030440 		.word	1074004744
 336              		.cfi_endproc
 337              	.LFE6:
ARM GAS  C:\Users\latao\AppData\Local\Temp\cckAaJBJ.s 			page 13


 338              		.size	cyfitter_cfg, .-cyfitter_cfg
 339              		.section	.rodata
 340              		.align	2
 341              		.set	.LANCHOR0,. + 0
 342              		.type	cfg_memset_list.4853, %object
 343              		.size	cfg_memset_list.4853, 12
 344              	cfg_memset_list.4853:
 345 0000 00300F40 		.word	1074737152
 346 0004 0004     		.short	1024
 347 0006 00400F40 		.4byte	1074741248
 348 000a 0004     		.short	1024
 349              		.text
 350              	.Letext0:
 351              		.file 2 "c:\\program files (x86)\\cypress\\psoc creator\\4.4\\psoc creator\\import\\gnu\\arm\\5.4.
 352              		.file 3 "Generated_Source\\PSoC4\\cytypes.h"
 353              		.file 4 "Generated_Source\\PSoC4\\CyLib.h"
 354              		.section	.debug_info,"",%progbits
 355              	.Ldebug_info0:
 356 0000 DA020000 		.4byte	0x2da
 357 0004 0400     		.2byte	0x4
 358 0006 00000000 		.4byte	.Ldebug_abbrev0
 359 000a 04       		.byte	0x4
 360 000b 01       		.uleb128 0x1
 361 000c 3E010000 		.4byte	.LASF34
 362 0010 0C       		.byte	0xc
 363 0011 3D020000 		.4byte	.LASF35
 364 0015 D9000000 		.4byte	.LASF36
 365 0019 00000000 		.4byte	.Ldebug_ranges0+0
 366 001d 00000000 		.4byte	0
 367 0021 00000000 		.4byte	.Ldebug_line0
 368 0025 02       		.uleb128 0x2
 369 0026 04       		.byte	0x4
 370 0027 05       		.byte	0x5
 371 0028 696E7400 		.ascii	"int\000"
 372 002c 03       		.uleb128 0x3
 373 002d 06000000 		.4byte	.LASF12
 374 0031 02       		.byte	0x2
 375 0032 D8       		.byte	0xd8
 376 0033 37000000 		.4byte	0x37
 377 0037 04       		.uleb128 0x4
 378 0038 04       		.byte	0x4
 379 0039 07       		.byte	0x7
 380 003a 05010000 		.4byte	.LASF0
 381 003e 04       		.uleb128 0x4
 382 003f 08       		.byte	0x8
 383 0040 05       		.byte	0x5
 384 0041 E2010000 		.4byte	.LASF1
 385 0045 04       		.uleb128 0x4
 386 0046 08       		.byte	0x8
 387 0047 04       		.byte	0x4
 388 0048 25020000 		.4byte	.LASF2
 389 004c 04       		.uleb128 0x4
 390 004d 01       		.byte	0x1
 391 004e 06       		.byte	0x6
 392 004f 31020000 		.4byte	.LASF3
 393 0053 04       		.uleb128 0x4
 394 0054 01       		.byte	0x1
ARM GAS  C:\Users\latao\AppData\Local\Temp\cckAaJBJ.s 			page 14


 395 0055 08       		.byte	0x8
 396 0056 A3000000 		.4byte	.LASF4
 397 005a 04       		.uleb128 0x4
 398 005b 02       		.byte	0x2
 399 005c 05       		.byte	0x5
 400 005d FD010000 		.4byte	.LASF5
 401 0061 04       		.uleb128 0x4
 402 0062 02       		.byte	0x2
 403 0063 07       		.byte	0x7
 404 0064 48000000 		.4byte	.LASF6
 405 0068 04       		.uleb128 0x4
 406 0069 04       		.byte	0x4
 407 006a 05       		.byte	0x5
 408 006b 1C020000 		.4byte	.LASF7
 409 006f 04       		.uleb128 0x4
 410 0070 04       		.byte	0x4
 411 0071 07       		.byte	0x7
 412 0072 6B000000 		.4byte	.LASF8
 413 0076 04       		.uleb128 0x4
 414 0077 08       		.byte	0x8
 415 0078 07       		.byte	0x7
 416 0079 27010000 		.4byte	.LASF9
 417 007d 04       		.uleb128 0x4
 418 007e 04       		.byte	0x4
 419 007f 07       		.byte	0x7
 420 0080 D9010000 		.4byte	.LASF10
 421 0084 05       		.uleb128 0x5
 422 0085 04       		.byte	0x4
 423 0086 04       		.uleb128 0x4
 424 0087 01       		.byte	0x1
 425 0088 08       		.byte	0x8
 426 0089 F0010000 		.4byte	.LASF11
 427 008d 06       		.uleb128 0x6
 428 008e 7D000000 		.4byte	.LASF13
 429 0092 03       		.byte	0x3
 430 0093 FB01     		.2byte	0x1fb
 431 0095 53000000 		.4byte	0x53
 432 0099 06       		.uleb128 0x6
 433 009a CB000000 		.4byte	.LASF14
 434 009e 03       		.byte	0x3
 435 009f FC01     		.2byte	0x1fc
 436 00a1 61000000 		.4byte	0x61
 437 00a5 06       		.uleb128 0x6
 438 00a6 D2000000 		.4byte	.LASF15
 439 00aa 03       		.byte	0x3
 440 00ab FD01     		.2byte	0x1fd
 441 00ad 6F000000 		.4byte	0x6f
 442 00b1 04       		.uleb128 0x4
 443 00b2 04       		.byte	0x4
 444 00b3 04       		.byte	0x4
 445 00b4 5B000000 		.4byte	.LASF16
 446 00b8 04       		.uleb128 0x4
 447 00b9 08       		.byte	0x8
 448 00ba 04       		.byte	0x4
 449 00bb B8000000 		.4byte	.LASF17
 450 00bf 06       		.uleb128 0x6
 451 00c0 66000000 		.4byte	.LASF18
ARM GAS  C:\Users\latao\AppData\Local\Temp\cckAaJBJ.s 			page 15


 452 00c4 03       		.byte	0x3
 453 00c5 A502     		.2byte	0x2a5
 454 00c7 CB000000 		.4byte	0xcb
 455 00cb 07       		.uleb128 0x7
 456 00cc 8D000000 		.4byte	0x8d
 457 00d0 06       		.uleb128 0x6
 458 00d1 00000000 		.4byte	.LASF19
 459 00d5 03       		.byte	0x3
 460 00d6 A702     		.2byte	0x2a7
 461 00d8 DC000000 		.4byte	0xdc
 462 00dc 07       		.uleb128 0x7
 463 00dd A5000000 		.4byte	0xa5
 464 00e1 08       		.uleb128 0x8
 465 00e2 83000000 		.4byte	.LASF20
 466 00e6 01       		.byte	0x1
 467 00e7 4C       		.byte	0x4c
 468 00e8 00000000 		.4byte	.LFB0
 469 00ec 0C000000 		.4byte	.LFE0-.LFB0
 470 00f0 01       		.uleb128 0x1
 471 00f1 9C       		.byte	0x9c
 472 00f2 2E010000 		.4byte	0x12e
 473 00f6 09       		.uleb128 0x9
 474 00f7 7300     		.ascii	"s\000"
 475 00f9 01       		.byte	0x1
 476 00fa 4C       		.byte	0x4c
 477 00fb 84000000 		.4byte	0x84
 478 00ff 00000000 		.4byte	.LLST0
 479 0103 09       		.uleb128 0x9
 480 0104 6E00     		.ascii	"n\000"
 481 0106 01       		.byte	0x1
 482 0107 4C       		.byte	0x4c
 483 0108 2C000000 		.4byte	0x2c
 484 010c 21000000 		.4byte	.LLST1
 485 0110 0A       		.uleb128 0xa
 486 0111 0A000000 		.4byte	.LVL2
 487 0115 B3020000 		.4byte	0x2b3
 488 0119 0B       		.uleb128 0xb
 489 011a 01       		.uleb128 0x1
 490 011b 50       		.byte	0x50
 491 011c 03       		.uleb128 0x3
 492 011d F3       		.byte	0xf3
 493 011e 01       		.uleb128 0x1
 494 011f 50       		.byte	0x50
 495 0120 0B       		.uleb128 0xb
 496 0121 01       		.uleb128 0x1
 497 0122 51       		.byte	0x51
 498 0123 01       		.uleb128 0x1
 499 0124 30       		.byte	0x30
 500 0125 0B       		.uleb128 0xb
 501 0126 01       		.uleb128 0x1
 502 0127 52       		.byte	0x52
 503 0128 03       		.uleb128 0x3
 504 0129 F3       		.byte	0xf3
 505 012a 01       		.uleb128 0x1
 506 012b 51       		.byte	0x51
 507 012c 00       		.byte	0
 508 012d 00       		.byte	0
ARM GAS  C:\Users\latao\AppData\Local\Temp\cckAaJBJ.s 			page 16


 509 012e 08       		.uleb128 0x8
 510 012f 3D000000 		.4byte	.LASF21
 511 0133 01       		.byte	0x1
 512 0134 AA       		.byte	0xaa
 513 0135 00000000 		.4byte	.LFB3
 514 0139 90000000 		.4byte	.LFE3-.LFB3
 515 013d 01       		.uleb128 0x1
 516 013e 9C       		.byte	0x9c
 517 013f 79010000 		.4byte	0x179
 518 0143 0C       		.uleb128 0xc
 519 0144 14000000 		.4byte	.LVL3
 520 0148 BC020000 		.4byte	0x2bc
 521 014c 56010000 		.4byte	0x156
 522 0150 0B       		.uleb128 0xb
 523 0151 01       		.uleb128 0x1
 524 0152 50       		.byte	0x50
 525 0153 01       		.uleb128 0x1
 526 0154 48       		.byte	0x48
 527 0155 00       		.byte	0
 528 0156 0C       		.uleb128 0xc
 529 0157 4E000000 		.4byte	.LVL4
 530 015b C7020000 		.4byte	0x2c7
 531 015f 69010000 		.4byte	0x169
 532 0163 0B       		.uleb128 0xb
 533 0164 01       		.uleb128 0x1
 534 0165 50       		.byte	0x50
 535 0166 01       		.uleb128 0x1
 536 0167 39       		.byte	0x39
 537 0168 00       		.byte	0
 538 0169 0A       		.uleb128 0xa
 539 016a 54000000 		.4byte	.LVL5
 540 016e D2020000 		.4byte	0x2d2
 541 0172 0B       		.uleb128 0xb
 542 0173 01       		.uleb128 0x1
 543 0174 50       		.byte	0x50
 544 0175 01       		.uleb128 0x1
 545 0176 39       		.byte	0x39
 546 0177 00       		.byte	0
 547 0178 00       		.byte	0
 548 0179 0D       		.uleb128 0xd
 549 017a 8D000000 		.4byte	.LASF24
 550 017e 01       		.byte	0x1
 551 017f F7       		.byte	0xf7
 552 0180 00000000 		.4byte	.LFB5
 553 0184 20000000 		.4byte	.LFE5-.LFB5
 554 0188 01       		.uleb128 0x1
 555 0189 9C       		.byte	0x9c
 556 018a AB010000 		.4byte	0x1ab
 557 018e 0E       		.uleb128 0xe
 558 018f F5010000 		.4byte	.LASF22
 559 0193 01       		.byte	0x1
 560 0194 F7       		.byte	0xf7
 561 0195 8D000000 		.4byte	0x8d
 562 0199 01       		.uleb128 0x1
 563 019a 50       		.byte	0x50
 564 019b 0F       		.uleb128 0xf
 565 019c 63020000 		.4byte	.LASF29
ARM GAS  C:\Users\latao\AppData\Local\Temp\cckAaJBJ.s 			page 17


 566 01a0 01       		.byte	0x1
 567 01a1 F9       		.byte	0xf9
 568 01a2 A5000000 		.4byte	0xa5
 569 01a6 4D000000 		.4byte	.LLST2
 570 01aa 00       		.byte	0
 571 01ab 08       		.uleb128 0x8
 572 01ac 0D000000 		.4byte	.LASF23
 573 01b0 01       		.byte	0x1
 574 01b1 E1       		.byte	0xe1
 575 01b2 00000000 		.4byte	.LFB4
 576 01b6 0A000000 		.4byte	.LFE4-.LFB4
 577 01ba 01       		.uleb128 0x1
 578 01bb 9C       		.byte	0x9c
 579 01bc D0010000 		.4byte	0x1d0
 580 01c0 0A       		.uleb128 0xa
 581 01c1 08000000 		.4byte	.LVL11
 582 01c5 79010000 		.4byte	0x179
 583 01c9 0B       		.uleb128 0xb
 584 01ca 01       		.uleb128 0x1
 585 01cb 50       		.byte	0x50
 586 01cc 01       		.uleb128 0x1
 587 01cd 31       		.byte	0x31
 588 01ce 00       		.byte	0
 589 01cf 00       		.byte	0
 590 01d0 10       		.uleb128 0x10
 591 01d1 12010000 		.4byte	.LASF25
 592 01d5 01       		.byte	0x1
 593 01d6 1901     		.2byte	0x119
 594 01d8 90000000 		.4byte	.LFB6
 595 01dc A4000000 		.4byte	.LFE6-.LFB6
 596 01e0 01       		.uleb128 0x1
 597 01e1 9C       		.byte	0x9c
 598 01e2 B3020000 		.4byte	0x2b3
 599 01e6 11       		.uleb128 0x11
 600 01e7 94000000 		.4byte	.LBB2
 601 01eb 4A000000 		.4byte	.LBE2-.LBB2
 602 01ef A0020000 		.4byte	0x2a0
 603 01f3 12       		.uleb128 0x12
 604 01f4 06       		.byte	0x6
 605 01f5 01       		.byte	0x1
 606 01f6 2001     		.2byte	0x120
 607 01f8 17020000 		.4byte	0x217
 608 01fc 13       		.uleb128 0x13
 609 01fd 1F010000 		.4byte	.LASF26
 610 0201 01       		.byte	0x1
 611 0202 2101     		.2byte	0x121
 612 0204 84000000 		.4byte	0x84
 613 0208 00       		.byte	0
 614 0209 13       		.uleb128 0x13
 615 020a 61000000 		.4byte	.LASF27
 616 020e 01       		.byte	0x1
 617 020f 2201     		.2byte	0x122
 618 0211 99000000 		.4byte	0x99
 619 0215 04       		.byte	0x4
 620 0216 00       		.byte	0
 621 0217 06       		.uleb128 0x6
 622 0218 CC010000 		.4byte	.LASF28
ARM GAS  C:\Users\latao\AppData\Local\Temp\cckAaJBJ.s 			page 18


 623 021c 01       		.byte	0x1
 624 021d 2301     		.2byte	0x123
 625 021f F3010000 		.4byte	0x1f3
 626 0223 14       		.uleb128 0x14
 627 0224 33020000 		.4byte	0x233
 628 0228 33020000 		.4byte	0x233
 629 022c 15       		.uleb128 0x15
 630 022d 7D000000 		.4byte	0x7d
 631 0231 01       		.byte	0x1
 632 0232 00       		.byte	0
 633 0233 16       		.uleb128 0x16
 634 0234 17020000 		.4byte	0x217
 635 0238 17       		.uleb128 0x17
 636 0239 2D000000 		.4byte	.LASF30
 637 023d 01       		.byte	0x1
 638 023e 2501     		.2byte	0x125
 639 0240 4A020000 		.4byte	0x24a
 640 0244 05       		.uleb128 0x5
 641 0245 03       		.byte	0x3
 642 0246 00000000 		.4byte	cfg_memset_list.4853
 643 024a 16       		.uleb128 0x16
 644 024b 23020000 		.4byte	0x223
 645 024f 18       		.uleb128 0x18
 646 0250 6900     		.ascii	"i\000"
 647 0252 01       		.byte	0x1
 648 0253 2B01     		.2byte	0x12b
 649 0255 8D000000 		.4byte	0x8d
 650 0259 6B000000 		.4byte	.LLST3
 651 025d 19       		.uleb128 0x19
 652 025e 98000000 		.4byte	.LBB3
 653 0262 1C000000 		.4byte	.LBE3-.LBB3
 654 0266 18       		.uleb128 0x18
 655 0267 6D7300   		.ascii	"ms\000"
 656 026a 01       		.byte	0x1
 657 026b 3001     		.2byte	0x130
 658 026d 75020000 		.4byte	0x275
 659 0271 95000000 		.4byte	.LLST4
 660 0275 1A       		.uleb128 0x1a
 661 0276 04       		.byte	0x4
 662 0277 33020000 		.4byte	0x233
 663 027b 0A       		.uleb128 0xa
 664 027c B4000000 		.4byte	.LVL14
 665 0280 E1000000 		.4byte	0xe1
 666 0284 0B       		.uleb128 0xb
 667 0285 01       		.uleb128 0x1
 668 0286 51       		.byte	0x51
 669 0287 15       		.uleb128 0x15
 670 0288 74       		.byte	0x74
 671 0289 00       		.sleb128 0
 672 028a 31       		.byte	0x31
 673 028b 24       		.byte	0x24
 674 028c 74       		.byte	0x74
 675 028d 00       		.sleb128 0
 676 028e 22       		.byte	0x22
 677 028f 31       		.byte	0x31
 678 0290 24       		.byte	0x24
 679 0291 03       		.byte	0x3
ARM GAS  C:\Users\latao\AppData\Local\Temp\cckAaJBJ.s 			page 19


 680 0292 04000000 		.4byte	.LANCHOR0+4
 681 0296 22       		.byte	0x22
 682 0297 94       		.byte	0x94
 683 0298 02       		.byte	0x2
 684 0299 0A       		.byte	0xa
 685 029a FFFF     		.2byte	0xffff
 686 029c 1A       		.byte	0x1a
 687 029d 00       		.byte	0
 688 029e 00       		.byte	0
 689 029f 00       		.byte	0
 690 02a0 1B       		.uleb128 0x1b
 691 02a1 FA000000 		.4byte	.LVL17
 692 02a5 2E010000 		.4byte	0x12e
 693 02a9 1B       		.uleb128 0x1b
 694 02aa FE000000 		.4byte	.LVL18
 695 02ae AB010000 		.4byte	0x1ab
 696 02b2 00       		.byte	0
 697 02b3 1C       		.uleb128 0x1c
 698 02b4 B1000000 		.4byte	.LASF37
 699 02b8 B1000000 		.4byte	.LASF37
 700 02bc 1D       		.uleb128 0x1d
 701 02bd 07020000 		.4byte	.LASF31
 702 02c1 07020000 		.4byte	.LASF31
 703 02c5 04       		.byte	0x4
 704 02c6 6C       		.byte	0x6c
 705 02c7 1D       		.uleb128 0x1d
 706 02c8 1E000000 		.4byte	.LASF32
 707 02cc 1E000000 		.4byte	.LASF32
 708 02d0 04       		.byte	0x4
 709 02d1 D0       		.byte	0xd0
 710 02d2 1D       		.uleb128 0x1d
 711 02d3 BF000000 		.4byte	.LASF33
 712 02d7 BF000000 		.4byte	.LASF33
 713 02db 04       		.byte	0x4
 714 02dc D6       		.byte	0xd6
 715 02dd 00       		.byte	0
 716              		.section	.debug_abbrev,"",%progbits
 717              	.Ldebug_abbrev0:
 718 0000 01       		.uleb128 0x1
 719 0001 11       		.uleb128 0x11
 720 0002 01       		.byte	0x1
 721 0003 25       		.uleb128 0x25
 722 0004 0E       		.uleb128 0xe
 723 0005 13       		.uleb128 0x13
 724 0006 0B       		.uleb128 0xb
 725 0007 03       		.uleb128 0x3
 726 0008 0E       		.uleb128 0xe
 727 0009 1B       		.uleb128 0x1b
 728 000a 0E       		.uleb128 0xe
 729 000b 55       		.uleb128 0x55
 730 000c 17       		.uleb128 0x17
 731 000d 11       		.uleb128 0x11
 732 000e 01       		.uleb128 0x1
 733 000f 10       		.uleb128 0x10
 734 0010 17       		.uleb128 0x17
 735 0011 00       		.byte	0
 736 0012 00       		.byte	0
ARM GAS  C:\Users\latao\AppData\Local\Temp\cckAaJBJ.s 			page 20


 737 0013 02       		.uleb128 0x2
 738 0014 24       		.uleb128 0x24
 739 0015 00       		.byte	0
 740 0016 0B       		.uleb128 0xb
 741 0017 0B       		.uleb128 0xb
 742 0018 3E       		.uleb128 0x3e
 743 0019 0B       		.uleb128 0xb
 744 001a 03       		.uleb128 0x3
 745 001b 08       		.uleb128 0x8
 746 001c 00       		.byte	0
 747 001d 00       		.byte	0
 748 001e 03       		.uleb128 0x3
 749 001f 16       		.uleb128 0x16
 750 0020 00       		.byte	0
 751 0021 03       		.uleb128 0x3
 752 0022 0E       		.uleb128 0xe
 753 0023 3A       		.uleb128 0x3a
 754 0024 0B       		.uleb128 0xb
 755 0025 3B       		.uleb128 0x3b
 756 0026 0B       		.uleb128 0xb
 757 0027 49       		.uleb128 0x49
 758 0028 13       		.uleb128 0x13
 759 0029 00       		.byte	0
 760 002a 00       		.byte	0
 761 002b 04       		.uleb128 0x4
 762 002c 24       		.uleb128 0x24
 763 002d 00       		.byte	0
 764 002e 0B       		.uleb128 0xb
 765 002f 0B       		.uleb128 0xb
 766 0030 3E       		.uleb128 0x3e
 767 0031 0B       		.uleb128 0xb
 768 0032 03       		.uleb128 0x3
 769 0033 0E       		.uleb128 0xe
 770 0034 00       		.byte	0
 771 0035 00       		.byte	0
 772 0036 05       		.uleb128 0x5
 773 0037 0F       		.uleb128 0xf
 774 0038 00       		.byte	0
 775 0039 0B       		.uleb128 0xb
 776 003a 0B       		.uleb128 0xb
 777 003b 00       		.byte	0
 778 003c 00       		.byte	0
 779 003d 06       		.uleb128 0x6
 780 003e 16       		.uleb128 0x16
 781 003f 00       		.byte	0
 782 0040 03       		.uleb128 0x3
 783 0041 0E       		.uleb128 0xe
 784 0042 3A       		.uleb128 0x3a
 785 0043 0B       		.uleb128 0xb
 786 0044 3B       		.uleb128 0x3b
 787 0045 05       		.uleb128 0x5
 788 0046 49       		.uleb128 0x49
 789 0047 13       		.uleb128 0x13
 790 0048 00       		.byte	0
 791 0049 00       		.byte	0
 792 004a 07       		.uleb128 0x7
 793 004b 35       		.uleb128 0x35
ARM GAS  C:\Users\latao\AppData\Local\Temp\cckAaJBJ.s 			page 21


 794 004c 00       		.byte	0
 795 004d 49       		.uleb128 0x49
 796 004e 13       		.uleb128 0x13
 797 004f 00       		.byte	0
 798 0050 00       		.byte	0
 799 0051 08       		.uleb128 0x8
 800 0052 2E       		.uleb128 0x2e
 801 0053 01       		.byte	0x1
 802 0054 03       		.uleb128 0x3
 803 0055 0E       		.uleb128 0xe
 804 0056 3A       		.uleb128 0x3a
 805 0057 0B       		.uleb128 0xb
 806 0058 3B       		.uleb128 0x3b
 807 0059 0B       		.uleb128 0xb
 808 005a 27       		.uleb128 0x27
 809 005b 19       		.uleb128 0x19
 810 005c 11       		.uleb128 0x11
 811 005d 01       		.uleb128 0x1
 812 005e 12       		.uleb128 0x12
 813 005f 06       		.uleb128 0x6
 814 0060 40       		.uleb128 0x40
 815 0061 18       		.uleb128 0x18
 816 0062 9742     		.uleb128 0x2117
 817 0064 19       		.uleb128 0x19
 818 0065 01       		.uleb128 0x1
 819 0066 13       		.uleb128 0x13
 820 0067 00       		.byte	0
 821 0068 00       		.byte	0
 822 0069 09       		.uleb128 0x9
 823 006a 05       		.uleb128 0x5
 824 006b 00       		.byte	0
 825 006c 03       		.uleb128 0x3
 826 006d 08       		.uleb128 0x8
 827 006e 3A       		.uleb128 0x3a
 828 006f 0B       		.uleb128 0xb
 829 0070 3B       		.uleb128 0x3b
 830 0071 0B       		.uleb128 0xb
 831 0072 49       		.uleb128 0x49
 832 0073 13       		.uleb128 0x13
 833 0074 02       		.uleb128 0x2
 834 0075 17       		.uleb128 0x17
 835 0076 00       		.byte	0
 836 0077 00       		.byte	0
 837 0078 0A       		.uleb128 0xa
 838 0079 898201   		.uleb128 0x4109
 839 007c 01       		.byte	0x1
 840 007d 11       		.uleb128 0x11
 841 007e 01       		.uleb128 0x1
 842 007f 31       		.uleb128 0x31
 843 0080 13       		.uleb128 0x13
 844 0081 00       		.byte	0
 845 0082 00       		.byte	0
 846 0083 0B       		.uleb128 0xb
 847 0084 8A8201   		.uleb128 0x410a
 848 0087 00       		.byte	0
 849 0088 02       		.uleb128 0x2
 850 0089 18       		.uleb128 0x18
ARM GAS  C:\Users\latao\AppData\Local\Temp\cckAaJBJ.s 			page 22


 851 008a 9142     		.uleb128 0x2111
 852 008c 18       		.uleb128 0x18
 853 008d 00       		.byte	0
 854 008e 00       		.byte	0
 855 008f 0C       		.uleb128 0xc
 856 0090 898201   		.uleb128 0x4109
 857 0093 01       		.byte	0x1
 858 0094 11       		.uleb128 0x11
 859 0095 01       		.uleb128 0x1
 860 0096 31       		.uleb128 0x31
 861 0097 13       		.uleb128 0x13
 862 0098 01       		.uleb128 0x1
 863 0099 13       		.uleb128 0x13
 864 009a 00       		.byte	0
 865 009b 00       		.byte	0
 866 009c 0D       		.uleb128 0xd
 867 009d 2E       		.uleb128 0x2e
 868 009e 01       		.byte	0x1
 869 009f 3F       		.uleb128 0x3f
 870 00a0 19       		.uleb128 0x19
 871 00a1 03       		.uleb128 0x3
 872 00a2 0E       		.uleb128 0xe
 873 00a3 3A       		.uleb128 0x3a
 874 00a4 0B       		.uleb128 0xb
 875 00a5 3B       		.uleb128 0x3b
 876 00a6 0B       		.uleb128 0xb
 877 00a7 27       		.uleb128 0x27
 878 00a8 19       		.uleb128 0x19
 879 00a9 11       		.uleb128 0x11
 880 00aa 01       		.uleb128 0x1
 881 00ab 12       		.uleb128 0x12
 882 00ac 06       		.uleb128 0x6
 883 00ad 40       		.uleb128 0x40
 884 00ae 18       		.uleb128 0x18
 885 00af 9742     		.uleb128 0x2117
 886 00b1 19       		.uleb128 0x19
 887 00b2 01       		.uleb128 0x1
 888 00b3 13       		.uleb128 0x13
 889 00b4 00       		.byte	0
 890 00b5 00       		.byte	0
 891 00b6 0E       		.uleb128 0xe
 892 00b7 05       		.uleb128 0x5
 893 00b8 00       		.byte	0
 894 00b9 03       		.uleb128 0x3
 895 00ba 0E       		.uleb128 0xe
 896 00bb 3A       		.uleb128 0x3a
 897 00bc 0B       		.uleb128 0xb
 898 00bd 3B       		.uleb128 0x3b
 899 00be 0B       		.uleb128 0xb
 900 00bf 49       		.uleb128 0x49
 901 00c0 13       		.uleb128 0x13
 902 00c1 02       		.uleb128 0x2
 903 00c2 18       		.uleb128 0x18
 904 00c3 00       		.byte	0
 905 00c4 00       		.byte	0
 906 00c5 0F       		.uleb128 0xf
 907 00c6 34       		.uleb128 0x34
ARM GAS  C:\Users\latao\AppData\Local\Temp\cckAaJBJ.s 			page 23


 908 00c7 00       		.byte	0
 909 00c8 03       		.uleb128 0x3
 910 00c9 0E       		.uleb128 0xe
 911 00ca 3A       		.uleb128 0x3a
 912 00cb 0B       		.uleb128 0xb
 913 00cc 3B       		.uleb128 0x3b
 914 00cd 0B       		.uleb128 0xb
 915 00ce 49       		.uleb128 0x49
 916 00cf 13       		.uleb128 0x13
 917 00d0 02       		.uleb128 0x2
 918 00d1 17       		.uleb128 0x17
 919 00d2 00       		.byte	0
 920 00d3 00       		.byte	0
 921 00d4 10       		.uleb128 0x10
 922 00d5 2E       		.uleb128 0x2e
 923 00d6 01       		.byte	0x1
 924 00d7 3F       		.uleb128 0x3f
 925 00d8 19       		.uleb128 0x19
 926 00d9 03       		.uleb128 0x3
 927 00da 0E       		.uleb128 0xe
 928 00db 3A       		.uleb128 0x3a
 929 00dc 0B       		.uleb128 0xb
 930 00dd 3B       		.uleb128 0x3b
 931 00de 05       		.uleb128 0x5
 932 00df 27       		.uleb128 0x27
 933 00e0 19       		.uleb128 0x19
 934 00e1 11       		.uleb128 0x11
 935 00e2 01       		.uleb128 0x1
 936 00e3 12       		.uleb128 0x12
 937 00e4 06       		.uleb128 0x6
 938 00e5 40       		.uleb128 0x40
 939 00e6 18       		.uleb128 0x18
 940 00e7 9742     		.uleb128 0x2117
 941 00e9 19       		.uleb128 0x19
 942 00ea 01       		.uleb128 0x1
 943 00eb 13       		.uleb128 0x13
 944 00ec 00       		.byte	0
 945 00ed 00       		.byte	0
 946 00ee 11       		.uleb128 0x11
 947 00ef 0B       		.uleb128 0xb
 948 00f0 01       		.byte	0x1
 949 00f1 11       		.uleb128 0x11
 950 00f2 01       		.uleb128 0x1
 951 00f3 12       		.uleb128 0x12
 952 00f4 06       		.uleb128 0x6
 953 00f5 01       		.uleb128 0x1
 954 00f6 13       		.uleb128 0x13
 955 00f7 00       		.byte	0
 956 00f8 00       		.byte	0
 957 00f9 12       		.uleb128 0x12
 958 00fa 13       		.uleb128 0x13
 959 00fb 01       		.byte	0x1
 960 00fc 0B       		.uleb128 0xb
 961 00fd 0B       		.uleb128 0xb
 962 00fe 3A       		.uleb128 0x3a
 963 00ff 0B       		.uleb128 0xb
 964 0100 3B       		.uleb128 0x3b
ARM GAS  C:\Users\latao\AppData\Local\Temp\cckAaJBJ.s 			page 24


 965 0101 05       		.uleb128 0x5
 966 0102 01       		.uleb128 0x1
 967 0103 13       		.uleb128 0x13
 968 0104 00       		.byte	0
 969 0105 00       		.byte	0
 970 0106 13       		.uleb128 0x13
 971 0107 0D       		.uleb128 0xd
 972 0108 00       		.byte	0
 973 0109 03       		.uleb128 0x3
 974 010a 0E       		.uleb128 0xe
 975 010b 3A       		.uleb128 0x3a
 976 010c 0B       		.uleb128 0xb
 977 010d 3B       		.uleb128 0x3b
 978 010e 05       		.uleb128 0x5
 979 010f 49       		.uleb128 0x49
 980 0110 13       		.uleb128 0x13
 981 0111 38       		.uleb128 0x38
 982 0112 0B       		.uleb128 0xb
 983 0113 00       		.byte	0
 984 0114 00       		.byte	0
 985 0115 14       		.uleb128 0x14
 986 0116 01       		.uleb128 0x1
 987 0117 01       		.byte	0x1
 988 0118 49       		.uleb128 0x49
 989 0119 13       		.uleb128 0x13
 990 011a 01       		.uleb128 0x1
 991 011b 13       		.uleb128 0x13
 992 011c 00       		.byte	0
 993 011d 00       		.byte	0
 994 011e 15       		.uleb128 0x15
 995 011f 21       		.uleb128 0x21
 996 0120 00       		.byte	0
 997 0121 49       		.uleb128 0x49
 998 0122 13       		.uleb128 0x13
 999 0123 2F       		.uleb128 0x2f
 1000 0124 0B       		.uleb128 0xb
 1001 0125 00       		.byte	0
 1002 0126 00       		.byte	0
 1003 0127 16       		.uleb128 0x16
 1004 0128 26       		.uleb128 0x26
 1005 0129 00       		.byte	0
 1006 012a 49       		.uleb128 0x49
 1007 012b 13       		.uleb128 0x13
 1008 012c 00       		.byte	0
 1009 012d 00       		.byte	0
 1010 012e 17       		.uleb128 0x17
 1011 012f 34       		.uleb128 0x34
 1012 0130 00       		.byte	0
 1013 0131 03       		.uleb128 0x3
 1014 0132 0E       		.uleb128 0xe
 1015 0133 3A       		.uleb128 0x3a
 1016 0134 0B       		.uleb128 0xb
 1017 0135 3B       		.uleb128 0x3b
 1018 0136 05       		.uleb128 0x5
 1019 0137 49       		.uleb128 0x49
 1020 0138 13       		.uleb128 0x13
 1021 0139 02       		.uleb128 0x2
ARM GAS  C:\Users\latao\AppData\Local\Temp\cckAaJBJ.s 			page 25


 1022 013a 18       		.uleb128 0x18
 1023 013b 00       		.byte	0
 1024 013c 00       		.byte	0
 1025 013d 18       		.uleb128 0x18
 1026 013e 34       		.uleb128 0x34
 1027 013f 00       		.byte	0
 1028 0140 03       		.uleb128 0x3
 1029 0141 08       		.uleb128 0x8
 1030 0142 3A       		.uleb128 0x3a
 1031 0143 0B       		.uleb128 0xb
 1032 0144 3B       		.uleb128 0x3b
 1033 0145 05       		.uleb128 0x5
 1034 0146 49       		.uleb128 0x49
 1035 0147 13       		.uleb128 0x13
 1036 0148 02       		.uleb128 0x2
 1037 0149 17       		.uleb128 0x17
 1038 014a 00       		.byte	0
 1039 014b 00       		.byte	0
 1040 014c 19       		.uleb128 0x19
 1041 014d 0B       		.uleb128 0xb
 1042 014e 01       		.byte	0x1
 1043 014f 11       		.uleb128 0x11
 1044 0150 01       		.uleb128 0x1
 1045 0151 12       		.uleb128 0x12
 1046 0152 06       		.uleb128 0x6
 1047 0153 00       		.byte	0
 1048 0154 00       		.byte	0
 1049 0155 1A       		.uleb128 0x1a
 1050 0156 0F       		.uleb128 0xf
 1051 0157 00       		.byte	0
 1052 0158 0B       		.uleb128 0xb
 1053 0159 0B       		.uleb128 0xb
 1054 015a 49       		.uleb128 0x49
 1055 015b 13       		.uleb128 0x13
 1056 015c 00       		.byte	0
 1057 015d 00       		.byte	0
 1058 015e 1B       		.uleb128 0x1b
 1059 015f 898201   		.uleb128 0x4109
 1060 0162 00       		.byte	0
 1061 0163 11       		.uleb128 0x11
 1062 0164 01       		.uleb128 0x1
 1063 0165 31       		.uleb128 0x31
 1064 0166 13       		.uleb128 0x13
 1065 0167 00       		.byte	0
 1066 0168 00       		.byte	0
 1067 0169 1C       		.uleb128 0x1c
 1068 016a 2E       		.uleb128 0x2e
 1069 016b 00       		.byte	0
 1070 016c 3F       		.uleb128 0x3f
 1071 016d 19       		.uleb128 0x19
 1072 016e 3C       		.uleb128 0x3c
 1073 016f 19       		.uleb128 0x19
 1074 0170 6E       		.uleb128 0x6e
 1075 0171 0E       		.uleb128 0xe
 1076 0172 03       		.uleb128 0x3
 1077 0173 0E       		.uleb128 0xe
 1078 0174 00       		.byte	0
ARM GAS  C:\Users\latao\AppData\Local\Temp\cckAaJBJ.s 			page 26


 1079 0175 00       		.byte	0
 1080 0176 1D       		.uleb128 0x1d
 1081 0177 2E       		.uleb128 0x2e
 1082 0178 00       		.byte	0
 1083 0179 3F       		.uleb128 0x3f
 1084 017a 19       		.uleb128 0x19
 1085 017b 3C       		.uleb128 0x3c
 1086 017c 19       		.uleb128 0x19
 1087 017d 6E       		.uleb128 0x6e
 1088 017e 0E       		.uleb128 0xe
 1089 017f 03       		.uleb128 0x3
 1090 0180 0E       		.uleb128 0xe
 1091 0181 3A       		.uleb128 0x3a
 1092 0182 0B       		.uleb128 0xb
 1093 0183 3B       		.uleb128 0x3b
 1094 0184 0B       		.uleb128 0xb
 1095 0185 00       		.byte	0
 1096 0186 00       		.byte	0
 1097 0187 00       		.byte	0
 1098              		.section	.debug_loc,"",%progbits
 1099              	.Ldebug_loc0:
 1100              	.LLST0:
 1101 0000 00000000 		.4byte	.LVL0
 1102 0004 09000000 		.4byte	.LVL2-1
 1103 0008 0100     		.2byte	0x1
 1104 000a 50       		.byte	0x50
 1105 000b 09000000 		.4byte	.LVL2-1
 1106 000f 0C000000 		.4byte	.LFE0
 1107 0013 0400     		.2byte	0x4
 1108 0015 F3       		.byte	0xf3
 1109 0016 01       		.uleb128 0x1
 1110 0017 50       		.byte	0x50
 1111 0018 9F       		.byte	0x9f
 1112 0019 00000000 		.4byte	0
 1113 001d 00000000 		.4byte	0
 1114              	.LLST1:
 1115 0021 00000000 		.4byte	.LVL0
 1116 0025 06000000 		.4byte	.LVL1
 1117 0029 0100     		.2byte	0x1
 1118 002b 51       		.byte	0x51
 1119 002c 06000000 		.4byte	.LVL1
 1120 0030 09000000 		.4byte	.LVL2-1
 1121 0034 0100     		.2byte	0x1
 1122 0036 52       		.byte	0x52
 1123 0037 09000000 		.4byte	.LVL2-1
 1124 003b 0C000000 		.4byte	.LFE0
 1125 003f 0400     		.2byte	0x4
 1126 0041 F3       		.byte	0xf3
 1127 0042 01       		.uleb128 0x1
 1128 0043 51       		.byte	0x51
 1129 0044 9F       		.byte	0x9f
 1130 0045 00000000 		.4byte	0
 1131 0049 00000000 		.4byte	0
 1132              	.LLST2:
 1133 004d 04000000 		.4byte	.LVL7
 1134 0051 12000000 		.4byte	.LVL9
 1135 0055 0100     		.2byte	0x1
ARM GAS  C:\Users\latao\AppData\Local\Temp\cckAaJBJ.s 			page 27


 1136 0057 53       		.byte	0x53
 1137 0058 14000000 		.4byte	.LVL10
 1138 005c 20000000 		.4byte	.LFE5
 1139 0060 0100     		.2byte	0x1
 1140 0062 53       		.byte	0x53
 1141 0063 00000000 		.4byte	0
 1142 0067 00000000 		.4byte	0
 1143              	.LLST3:
 1144 006b 94000000 		.4byte	.LVL12
 1145 006f 98000000 		.4byte	.LVL13
 1146 0073 0200     		.2byte	0x2
 1147 0075 30       		.byte	0x30
 1148 0076 9F       		.byte	0x9f
 1149 0077 98000000 		.4byte	.LVL13
 1150 007b B6000000 		.4byte	.LVL15
 1151 007f 0100     		.2byte	0x1
 1152 0081 54       		.byte	0x54
 1153 0082 B8000000 		.4byte	.LVL16
 1154 0086 FE000000 		.4byte	.LVL19
 1155 008a 0100     		.2byte	0x1
 1156 008c 54       		.byte	0x54
 1157 008d 00000000 		.4byte	0
 1158 0091 00000000 		.4byte	0
 1159              	.LLST4:
 1160 0095 98000000 		.4byte	.LVL13
 1161 0099 B6000000 		.4byte	.LVL15
 1162 009d 0B00     		.2byte	0xb
 1163 009f 74       		.byte	0x74
 1164 00a0 00       		.sleb128 0
 1165 00a1 36       		.byte	0x36
 1166 00a2 1E       		.byte	0x1e
 1167 00a3 03       		.byte	0x3
 1168 00a4 00000000 		.4byte	cfg_memset_list.4853
 1169 00a8 22       		.byte	0x22
 1170 00a9 9F       		.byte	0x9f
 1171 00aa B6000000 		.4byte	.LVL15
 1172 00ae B8000000 		.4byte	.LVL16
 1173 00b2 0B00     		.2byte	0xb
 1174 00b4 74       		.byte	0x74
 1175 00b5 7F       		.sleb128 -1
 1176 00b6 36       		.byte	0x36
 1177 00b7 1E       		.byte	0x1e
 1178 00b8 03       		.byte	0x3
 1179 00b9 00000000 		.4byte	cfg_memset_list.4853
 1180 00bd 22       		.byte	0x22
 1181 00be 9F       		.byte	0x9f
 1182 00bf 00000000 		.4byte	0
 1183 00c3 00000000 		.4byte	0
 1184              		.section	.debug_aranges,"",%progbits
 1185 0000 3C000000 		.4byte	0x3c
 1186 0004 0200     		.2byte	0x2
 1187 0006 00000000 		.4byte	.Ldebug_info0
 1188 000a 04       		.byte	0x4
 1189 000b 00       		.byte	0
 1190 000c 0000     		.2byte	0
 1191 000e 0000     		.2byte	0
 1192 0010 00000000 		.4byte	.LFB0
ARM GAS  C:\Users\latao\AppData\Local\Temp\cckAaJBJ.s 			page 28


 1193 0014 0C000000 		.4byte	.LFE0-.LFB0
 1194 0018 00000000 		.4byte	.LFB3
 1195 001c 90000000 		.4byte	.LFE3-.LFB3
 1196 0020 00000000 		.4byte	.LFB5
 1197 0024 20000000 		.4byte	.LFE5-.LFB5
 1198 0028 00000000 		.4byte	.LFB4
 1199 002c 0A000000 		.4byte	.LFE4-.LFB4
 1200 0030 90000000 		.4byte	.LFB6
 1201 0034 A4000000 		.4byte	.LFE6-.LFB6
 1202 0038 00000000 		.4byte	0
 1203 003c 00000000 		.4byte	0
 1204              		.section	.debug_ranges,"",%progbits
 1205              	.Ldebug_ranges0:
 1206 0000 00000000 		.4byte	.LFB0
 1207 0004 0C000000 		.4byte	.LFE0
 1208 0008 00000000 		.4byte	.LFB3
 1209 000c 90000000 		.4byte	.LFE3
 1210 0010 00000000 		.4byte	.LFB5
 1211 0014 20000000 		.4byte	.LFE5
 1212 0018 00000000 		.4byte	.LFB4
 1213 001c 0A000000 		.4byte	.LFE4
 1214 0020 90000000 		.4byte	.LFB6
 1215 0024 34010000 		.4byte	.LFE6
 1216 0028 00000000 		.4byte	0
 1217 002c 00000000 		.4byte	0
 1218              		.section	.debug_line,"",%progbits
 1219              	.Ldebug_line0:
 1220 0000 5A010000 		.section	.debug_str,"MS",%progbits,1
 1220      0200D600 
 1220      00000201 
 1220      FB0E0D00 
 1220      01010101 
 1221              	.LASF19:
 1222 0000 72656733 		.ascii	"reg32\000"
 1222      3200
 1223              	.LASF12:
 1224 0006 73697A65 		.ascii	"size_t\000"
 1224      5F7400
 1225              	.LASF23:
 1226 000d 416E616C 		.ascii	"AnalogSetDefault\000"
 1226      6F675365 
 1226      74446566 
 1226      61756C74 
 1226      00
 1227              	.LASF32:
 1228 001e 4379496E 		.ascii	"CyIntSetVector\000"
 1228      74536574 
 1228      56656374 
 1228      6F7200
 1229              	.LASF30:
 1230 002d 6366675F 		.ascii	"cfg_memset_list\000"
 1230      6D656D73 
 1230      65745F6C 
 1230      69737400 
 1231              	.LASF21:
 1232 003d 436C6F63 		.ascii	"ClockSetup\000"
 1232      6B536574 
ARM GAS  C:\Users\latao\AppData\Local\Temp\cckAaJBJ.s 			page 29


 1232      757000
 1233              	.LASF6:
 1234 0048 73686F72 		.ascii	"short unsigned int\000"
 1234      7420756E 
 1234      7369676E 
 1234      65642069 
 1234      6E7400
 1235              	.LASF16:
 1236 005b 666C6F61 		.ascii	"float\000"
 1236      7400
 1237              	.LASF27:
 1238 0061 73697A65 		.ascii	"size\000"
 1238      00
 1239              	.LASF18:
 1240 0066 72656738 		.ascii	"reg8\000"
 1240      00
 1241              	.LASF8:
 1242 006b 6C6F6E67 		.ascii	"long unsigned int\000"
 1242      20756E73 
 1242      69676E65 
 1242      6420696E 
 1242      7400
 1243              	.LASF13:
 1244 007d 75696E74 		.ascii	"uint8\000"
 1244      3800
 1245              	.LASF20:
 1246 0083 43594D45 		.ascii	"CYMEMZERO\000"
 1246      4D5A4552 
 1246      4F00
 1247              	.LASF24:
 1248 008d 53657441 		.ascii	"SetAnalogRoutingPumps\000"
 1248      6E616C6F 
 1248      67526F75 
 1248      74696E67 
 1248      50756D70 
 1249              	.LASF4:
 1250 00a3 756E7369 		.ascii	"unsigned char\000"
 1250      676E6564 
 1250      20636861 
 1250      7200
 1251              	.LASF37:
 1252 00b1 6D656D73 		.ascii	"memset\000"
 1252      657400
 1253              	.LASF17:
 1254 00b8 646F7562 		.ascii	"double\000"
 1254      6C6500
 1255              	.LASF33:
 1256 00bf 4379496E 		.ascii	"CyIntEnable\000"
 1256      74456E61 
 1256      626C6500 
 1257              	.LASF14:
 1258 00cb 75696E74 		.ascii	"uint16\000"
 1258      313600
 1259              	.LASF15:
 1260 00d2 75696E74 		.ascii	"uint32\000"
 1260      333200
 1261              	.LASF36:
ARM GAS  C:\Users\latao\AppData\Local\Temp\cckAaJBJ.s 			page 30


 1262 00d9 433A5C44 		.ascii	"C:\\DenysProjects\\Workspace01\\Design10.cydsn\000"
 1262      656E7973 
 1262      50726F6A 
 1262      65637473 
 1262      5C576F72 
 1263              	.LASF0:
 1264 0105 756E7369 		.ascii	"unsigned int\000"
 1264      676E6564 
 1264      20696E74 
 1264      00
 1265              	.LASF25:
 1266 0112 63796669 		.ascii	"cyfitter_cfg\000"
 1266      74746572 
 1266      5F636667 
 1266      00
 1267              	.LASF26:
 1268 011f 61646472 		.ascii	"address\000"
 1268      65737300 
 1269              	.LASF9:
 1270 0127 6C6F6E67 		.ascii	"long long unsigned int\000"
 1270      206C6F6E 
 1270      6720756E 
 1270      7369676E 
 1270      65642069 
 1271              	.LASF34:
 1272 013e 474E5520 		.ascii	"GNU C11 5.4.1 20160609 (release) [ARM/embedded-5-br"
 1272      43313120 
 1272      352E342E 
 1272      31203230 
 1272      31363036 
 1273 0171 616E6368 		.ascii	"anch revision 237715] -mcpu=cortex-m0 -mthumb -g -O"
 1273      20726576 
 1273      6973696F 
 1273      6E203233 
 1273      37373135 
 1274 01a4 67202D66 		.ascii	"g -ffunction-sections -ffat-lto-objects\000"
 1274      66756E63 
 1274      74696F6E 
 1274      2D736563 
 1274      74696F6E 
 1275              	.LASF28:
 1276 01cc 6366675F 		.ascii	"cfg_memset_t\000"
 1276      6D656D73 
 1276      65745F74 
 1276      00
 1277              	.LASF10:
 1278 01d9 73697A65 		.ascii	"sizetype\000"
 1278      74797065 
 1278      00
 1279              	.LASF1:
 1280 01e2 6C6F6E67 		.ascii	"long long int\000"
 1280      206C6F6E 
 1280      6720696E 
 1280      7400
 1281              	.LASF11:
 1282 01f0 63686172 		.ascii	"char\000"
 1282      00
ARM GAS  C:\Users\latao\AppData\Local\Temp\cckAaJBJ.s 			page 31


 1283              	.LASF22:
 1284 01f5 656E6162 		.ascii	"enabled\000"
 1284      6C656400 
 1285              	.LASF5:
 1286 01fd 73686F72 		.ascii	"short int\000"
 1286      7420696E 
 1286      7400
 1287              	.LASF31:
 1288 0207 43795379 		.ascii	"CySysClkWriteImoFreq\000"
 1288      73436C6B 
 1288      57726974 
 1288      65496D6F 
 1288      46726571 
 1289              	.LASF7:
 1290 021c 6C6F6E67 		.ascii	"long int\000"
 1290      20696E74 
 1290      00
 1291              	.LASF2:
 1292 0225 6C6F6E67 		.ascii	"long double\000"
 1292      20646F75 
 1292      626C6500 
 1293              	.LASF3:
 1294 0231 7369676E 		.ascii	"signed char\000"
 1294      65642063 
 1294      68617200 
 1295              	.LASF35:
 1296 023d 47656E65 		.ascii	"Generated_Source\\PSoC4\\cyfitter_cfg.c\000"
 1296      72617465 
 1296      645F536F 
 1296      75726365 
 1296      5C50536F 
 1297              	.LASF29:
 1298 0263 72656756 		.ascii	"regValue\000"
 1298      616C7565 
 1298      00
 1299              		.ident	"GCC: (GNU Tools for ARM Embedded Processors) 5.4.1 20160609 (release) [ARM/embedded-5-bran
