ARM GAS  C:\Users\latao\AppData\Local\Temp\ccW2gY70.s 			page 1


   1              		.syntax unified
   2              		.cpu cortex-m0
   3              		.fpu softvfp
   4              		.eabi_attribute 20, 1
   5              		.eabi_attribute 21, 1
   6              		.eabi_attribute 23, 3
   7              		.eabi_attribute 24, 1
   8              		.eabi_attribute 25, 1
   9              		.eabi_attribute 26, 1
  10              		.eabi_attribute 30, 1
  11              		.eabi_attribute 34, 0
  12              		.eabi_attribute 18, 4
  13              		.thumb
  14              		.syntax unified
  15              		.file	"main.c"
  16              		.text
  17              	.Ltext0:
  18              		.cfi_sections	.debug_frame
  19              		.section	.text.main,"ax",%progbits
  20              		.align	2
  21              		.global	main
  22              		.code	16
  23              		.thumb_func
  24              		.type	main, %function
  25              	main:
  26              	.LFB32:
  27              		.file 1 "main.c"
   1:main.c        **** /* ========================================
   2:main.c        ****  *
   3:main.c        ****  * Copyright YOUR COMPANY, THE YEAR
   4:main.c        ****  * All Rights Reserved
   5:main.c        ****  * UNPUBLISHED, LICENSED SOFTWARE.
   6:main.c        ****  *
   7:main.c        ****  * CONFIDENTIAL AND PROPRIETARY INFORMATION
   8:main.c        ****  * WHICH IS THE PROPERTY OF your company.
   9:main.c        ****  *
  10:main.c        ****  * ========================================
  11:main.c        **** */
  12:main.c        **** #include "project.h"
  13:main.c        **** 
  14:main.c        **** int main(void)
  15:main.c        **** {
  28              		.loc 1 15 0
  29              		.cfi_startproc
  30              		@ args = 0, pretend = 0, frame = 0
  31              		@ frame_needed = 0, uses_anonymous_args = 0
  32 0000 10B5     		push	{r4, lr}
  33              		.cfi_def_cfa_offset 8
  34              		.cfi_offset 4, -8
  35              		.cfi_offset 14, -4
  16:main.c        ****     CyGlobalIntEnable; /* Enable global interrupts. */
  36              		.loc 1 16 0
  37              		.syntax divided
  38              	@ 16 "main.c" 1
  39 0002 62B6     		CPSIE   i
  40              	@ 0 "" 2
  17:main.c        ****     LCD_Start();
ARM GAS  C:\Users\latao\AppData\Local\Temp\ccW2gY70.s 			page 2


  41              		.loc 1 17 0
  42              		.thumb
  43              		.syntax unified
  44 0004 FFF7FEFF 		bl	LCD_Start
  45              	.LVL0:
  46              	.L2:
  47 0008 FEE7     		b	.L2
  48              		.cfi_endproc
  49              	.LFE32:
  50              		.size	main, .-main
  51 000a C046     		.text
  52              	.Letext0:
  53              		.file 2 "Generated_Source\\PSoC4/LCD.h"
  54              		.section	.debug_info,"",%progbits
  55              	.Ldebug_info0:
  56 0000 C5000000 		.4byte	0xc5
  57 0004 0400     		.2byte	0x4
  58 0006 00000000 		.4byte	.Ldebug_abbrev0
  59 000a 04       		.byte	0x4
  60 000b 01       		.uleb128 0x1
  61 000c B9000000 		.4byte	.LASF14
  62 0010 0C       		.byte	0xc
  63 0011 1B000000 		.4byte	.LASF15
  64 0015 31000000 		.4byte	.LASF16
  65 0019 00000000 		.4byte	.Ldebug_ranges0+0
  66 001d 00000000 		.4byte	0
  67 0021 00000000 		.4byte	.Ldebug_line0
  68 0025 02       		.uleb128 0x2
  69 0026 01       		.byte	0x1
  70 0027 06       		.byte	0x6
  71 0028 5A010000 		.4byte	.LASF0
  72 002c 02       		.uleb128 0x2
  73 002d 01       		.byte	0x1
  74 002e 08       		.byte	0x8
  75 002f 96000000 		.4byte	.LASF1
  76 0033 02       		.uleb128 0x2
  77 0034 02       		.byte	0x2
  78 0035 05       		.byte	0x5
  79 0036 72010000 		.4byte	.LASF2
  80 003a 02       		.uleb128 0x2
  81 003b 02       		.byte	0x2
  82 003c 07       		.byte	0x7
  83 003d 47010000 		.4byte	.LASF3
  84 0041 02       		.uleb128 0x2
  85 0042 04       		.byte	0x4
  86 0043 05       		.byte	0x5
  87 0044 A9000000 		.4byte	.LASF4
  88 0048 02       		.uleb128 0x2
  89 0049 04       		.byte	0x4
  90 004a 07       		.byte	0x7
  91 004b 5D000000 		.4byte	.LASF5
  92 004f 02       		.uleb128 0x2
  93 0050 08       		.byte	0x8
  94 0051 05       		.byte	0x5
  95 0052 00000000 		.4byte	.LASF6
  96 0056 02       		.uleb128 0x2
  97 0057 08       		.byte	0x8
ARM GAS  C:\Users\latao\AppData\Local\Temp\ccW2gY70.s 			page 3


  98 0058 07       		.byte	0x7
  99 0059 6F000000 		.4byte	.LASF7
 100 005d 03       		.uleb128 0x3
 101 005e 04       		.byte	0x4
 102 005f 05       		.byte	0x5
 103 0060 696E7400 		.ascii	"int\000"
 104 0064 02       		.uleb128 0x2
 105 0065 04       		.byte	0x4
 106 0066 07       		.byte	0x7
 107 0067 0E000000 		.4byte	.LASF8
 108 006b 02       		.uleb128 0x2
 109 006c 04       		.byte	0x4
 110 006d 04       		.byte	0x4
 111 006e 90000000 		.4byte	.LASF9
 112 0072 02       		.uleb128 0x2
 113 0073 08       		.byte	0x8
 114 0074 04       		.byte	0x4
 115 0075 B2000000 		.4byte	.LASF10
 116 0079 02       		.uleb128 0x2
 117 007a 01       		.byte	0x1
 118 007b 08       		.byte	0x8
 119 007c A4000000 		.4byte	.LASF11
 120 0080 02       		.uleb128 0x2
 121 0081 04       		.byte	0x4
 122 0082 07       		.byte	0x7
 123 0083 7C010000 		.4byte	.LASF12
 124 0087 02       		.uleb128 0x2
 125 0088 08       		.byte	0x8
 126 0089 04       		.byte	0x4
 127 008a 66010000 		.4byte	.LASF13
 128 008e 04       		.uleb128 0x4
 129 008f 22000000 		.4byte	.LASF17
 130 0093 01       		.byte	0x1
 131 0094 0E       		.byte	0xe
 132 0095 5D000000 		.4byte	0x5d
 133 0099 00000000 		.4byte	.LFB32
 134 009d 0A000000 		.4byte	.LFE32-.LFB32
 135 00a1 01       		.uleb128 0x1
 136 00a2 9C       		.byte	0x9c
 137 00a3 BD000000 		.4byte	0xbd
 138 00a7 05       		.uleb128 0x5
 139 00a8 27000000 		.4byte	.LASF18
 140 00ac 01       		.byte	0x1
 141 00ad 13       		.byte	0x13
 142 00ae 5D000000 		.4byte	0x5d
 143 00b2 00       		.byte	0
 144 00b3 06       		.uleb128 0x6
 145 00b4 08000000 		.4byte	.LVL0
 146 00b8 BD000000 		.4byte	0xbd
 147 00bc 00       		.byte	0
 148 00bd 07       		.uleb128 0x7
 149 00be 86000000 		.4byte	.LASF19
 150 00c2 86000000 		.4byte	.LASF19
 151 00c6 02       		.byte	0x2
 152 00c7 38       		.byte	0x38
 153 00c8 00       		.byte	0
 154              		.section	.debug_abbrev,"",%progbits
ARM GAS  C:\Users\latao\AppData\Local\Temp\ccW2gY70.s 			page 4


 155              	.Ldebug_abbrev0:
 156 0000 01       		.uleb128 0x1
 157 0001 11       		.uleb128 0x11
 158 0002 01       		.byte	0x1
 159 0003 25       		.uleb128 0x25
 160 0004 0E       		.uleb128 0xe
 161 0005 13       		.uleb128 0x13
 162 0006 0B       		.uleb128 0xb
 163 0007 03       		.uleb128 0x3
 164 0008 0E       		.uleb128 0xe
 165 0009 1B       		.uleb128 0x1b
 166 000a 0E       		.uleb128 0xe
 167 000b 55       		.uleb128 0x55
 168 000c 17       		.uleb128 0x17
 169 000d 11       		.uleb128 0x11
 170 000e 01       		.uleb128 0x1
 171 000f 10       		.uleb128 0x10
 172 0010 17       		.uleb128 0x17
 173 0011 00       		.byte	0
 174 0012 00       		.byte	0
 175 0013 02       		.uleb128 0x2
 176 0014 24       		.uleb128 0x24
 177 0015 00       		.byte	0
 178 0016 0B       		.uleb128 0xb
 179 0017 0B       		.uleb128 0xb
 180 0018 3E       		.uleb128 0x3e
 181 0019 0B       		.uleb128 0xb
 182 001a 03       		.uleb128 0x3
 183 001b 0E       		.uleb128 0xe
 184 001c 00       		.byte	0
 185 001d 00       		.byte	0
 186 001e 03       		.uleb128 0x3
 187 001f 24       		.uleb128 0x24
 188 0020 00       		.byte	0
 189 0021 0B       		.uleb128 0xb
 190 0022 0B       		.uleb128 0xb
 191 0023 3E       		.uleb128 0x3e
 192 0024 0B       		.uleb128 0xb
 193 0025 03       		.uleb128 0x3
 194 0026 08       		.uleb128 0x8
 195 0027 00       		.byte	0
 196 0028 00       		.byte	0
 197 0029 04       		.uleb128 0x4
 198 002a 2E       		.uleb128 0x2e
 199 002b 01       		.byte	0x1
 200 002c 3F       		.uleb128 0x3f
 201 002d 19       		.uleb128 0x19
 202 002e 03       		.uleb128 0x3
 203 002f 0E       		.uleb128 0xe
 204 0030 3A       		.uleb128 0x3a
 205 0031 0B       		.uleb128 0xb
 206 0032 3B       		.uleb128 0x3b
 207 0033 0B       		.uleb128 0xb
 208 0034 27       		.uleb128 0x27
 209 0035 19       		.uleb128 0x19
 210 0036 49       		.uleb128 0x49
 211 0037 13       		.uleb128 0x13
ARM GAS  C:\Users\latao\AppData\Local\Temp\ccW2gY70.s 			page 5


 212 0038 8701     		.uleb128 0x87
 213 003a 19       		.uleb128 0x19
 214 003b 11       		.uleb128 0x11
 215 003c 01       		.uleb128 0x1
 216 003d 12       		.uleb128 0x12
 217 003e 06       		.uleb128 0x6
 218 003f 40       		.uleb128 0x40
 219 0040 18       		.uleb128 0x18
 220 0041 9742     		.uleb128 0x2117
 221 0043 19       		.uleb128 0x19
 222 0044 01       		.uleb128 0x1
 223 0045 13       		.uleb128 0x13
 224 0046 00       		.byte	0
 225 0047 00       		.byte	0
 226 0048 05       		.uleb128 0x5
 227 0049 34       		.uleb128 0x34
 228 004a 00       		.byte	0
 229 004b 03       		.uleb128 0x3
 230 004c 0E       		.uleb128 0xe
 231 004d 3A       		.uleb128 0x3a
 232 004e 0B       		.uleb128 0xb
 233 004f 3B       		.uleb128 0x3b
 234 0050 0B       		.uleb128 0xb
 235 0051 49       		.uleb128 0x49
 236 0052 13       		.uleb128 0x13
 237 0053 1C       		.uleb128 0x1c
 238 0054 0B       		.uleb128 0xb
 239 0055 00       		.byte	0
 240 0056 00       		.byte	0
 241 0057 06       		.uleb128 0x6
 242 0058 898201   		.uleb128 0x4109
 243 005b 00       		.byte	0
 244 005c 11       		.uleb128 0x11
 245 005d 01       		.uleb128 0x1
 246 005e 31       		.uleb128 0x31
 247 005f 13       		.uleb128 0x13
 248 0060 00       		.byte	0
 249 0061 00       		.byte	0
 250 0062 07       		.uleb128 0x7
 251 0063 2E       		.uleb128 0x2e
 252 0064 00       		.byte	0
 253 0065 3F       		.uleb128 0x3f
 254 0066 19       		.uleb128 0x19
 255 0067 3C       		.uleb128 0x3c
 256 0068 19       		.uleb128 0x19
 257 0069 6E       		.uleb128 0x6e
 258 006a 0E       		.uleb128 0xe
 259 006b 03       		.uleb128 0x3
 260 006c 0E       		.uleb128 0xe
 261 006d 3A       		.uleb128 0x3a
 262 006e 0B       		.uleb128 0xb
 263 006f 3B       		.uleb128 0x3b
 264 0070 0B       		.uleb128 0xb
 265 0071 00       		.byte	0
 266 0072 00       		.byte	0
 267 0073 00       		.byte	0
 268              		.section	.debug_aranges,"",%progbits
ARM GAS  C:\Users\latao\AppData\Local\Temp\ccW2gY70.s 			page 6


 269 0000 1C000000 		.4byte	0x1c
 270 0004 0200     		.2byte	0x2
 271 0006 00000000 		.4byte	.Ldebug_info0
 272 000a 04       		.byte	0x4
 273 000b 00       		.byte	0
 274 000c 0000     		.2byte	0
 275 000e 0000     		.2byte	0
 276 0010 00000000 		.4byte	.LFB32
 277 0014 0A000000 		.4byte	.LFE32-.LFB32
 278 0018 00000000 		.4byte	0
 279 001c 00000000 		.4byte	0
 280              		.section	.debug_ranges,"",%progbits
 281              	.Ldebug_ranges0:
 282 0000 00000000 		.4byte	.LFB32
 283 0004 0A000000 		.4byte	.LFE32
 284 0008 00000000 		.4byte	0
 285 000c 00000000 		.4byte	0
 286              		.section	.debug_line,"",%progbits
 287              	.Ldebug_line0:
 288 0000 54000000 		.section	.debug_str,"MS",%progbits,1
 288      02003D00 
 288      00000201 
 288      FB0E0D00 
 288      01010101 
 289              	.LASF6:
 290 0000 6C6F6E67 		.ascii	"long long int\000"
 290      206C6F6E 
 290      6720696E 
 290      7400
 291              	.LASF8:
 292 000e 756E7369 		.ascii	"unsigned int\000"
 292      676E6564 
 292      20696E74 
 292      00
 293              	.LASF15:
 294 001b 6D61696E 		.ascii	"main.c\000"
 294      2E6300
 295              	.LASF17:
 296 0022 6D61696E 		.ascii	"main\000"
 296      00
 297              	.LASF18:
 298 0027 73746174 		.ascii	"state_lcd\000"
 298      655F6C63 
 298      6400
 299              	.LASF16:
 300 0031 433A5C44 		.ascii	"C:\\DenysProjects\\Workspace01\\Design13.cydsn\000"
 300      656E7973 
 300      50726F6A 
 300      65637473 
 300      5C576F72 
 301              	.LASF5:
 302 005d 6C6F6E67 		.ascii	"long unsigned int\000"
 302      20756E73 
 302      69676E65 
 302      6420696E 
 302      7400
 303              	.LASF7:
ARM GAS  C:\Users\latao\AppData\Local\Temp\ccW2gY70.s 			page 7


 304 006f 6C6F6E67 		.ascii	"long long unsigned int\000"
 304      206C6F6E 
 304      6720756E 
 304      7369676E 
 304      65642069 
 305              	.LASF19:
 306 0086 4C43445F 		.ascii	"LCD_Start\000"
 306      53746172 
 306      7400
 307              	.LASF9:
 308 0090 666C6F61 		.ascii	"float\000"
 308      7400
 309              	.LASF1:
 310 0096 756E7369 		.ascii	"unsigned char\000"
 310      676E6564 
 310      20636861 
 310      7200
 311              	.LASF11:
 312 00a4 63686172 		.ascii	"char\000"
 312      00
 313              	.LASF4:
 314 00a9 6C6F6E67 		.ascii	"long int\000"
 314      20696E74 
 314      00
 315              	.LASF10:
 316 00b2 646F7562 		.ascii	"double\000"
 316      6C6500
 317              	.LASF14:
 318 00b9 474E5520 		.ascii	"GNU C11 5.4.1 20160609 (release) [ARM/embedded-5-br"
 318      43313120 
 318      352E342E 
 318      31203230 
 318      31363036 
 319 00ec 616E6368 		.ascii	"anch revision 237715] -mcpu=cortex-m0 -mthumb -g -O"
 319      20726576 
 319      6973696F 
 319      6E203233 
 319      37373135 
 320 011f 67202D66 		.ascii	"g -ffunction-sections -ffat-lto-objects\000"
 320      66756E63 
 320      74696F6E 
 320      2D736563 
 320      74696F6E 
 321              	.LASF3:
 322 0147 73686F72 		.ascii	"short unsigned int\000"
 322      7420756E 
 322      7369676E 
 322      65642069 
 322      6E7400
 323              	.LASF0:
 324 015a 7369676E 		.ascii	"signed char\000"
 324      65642063 
 324      68617200 
 325              	.LASF13:
 326 0166 6C6F6E67 		.ascii	"long double\000"
 326      20646F75 
 326      626C6500 
ARM GAS  C:\Users\latao\AppData\Local\Temp\ccW2gY70.s 			page 8


 327              	.LASF2:
 328 0172 73686F72 		.ascii	"short int\000"
 328      7420696E 
 328      7400
 329              	.LASF12:
 330 017c 73697A65 		.ascii	"sizetype\000"
 330      74797065 
 330      00
 331              		.ident	"GCC: (GNU Tools for ARM Embedded Processors) 5.4.1 20160609 (release) [ARM/embedded-5-bran
